#! /usr/bin/vvp
:ivl_version "10.1 (stable)";
:ivl_delay_selection "TYPICAL";
:vpi_time_precision - 12;
:vpi_module "system";
:vpi_module "vhdl_sys";
:vpi_module "v2005_math";
:vpi_module "va_math";
S_0x5635b08be880 .scope module, "SD_SPI_TB" "SD_SPI_TB" 2 6;
 .timescale -9 -12;
v0x5635b08f9e50_0 .var "InputAddress", 15 0;
v0x5635b08f9f60_0 .net "SPI_CLK", 0 0, L_0x5635b090af00;  1 drivers
v0x5635b08fa000_0 .net "SPI_CS", 0 0, v0x5635b08f8ee0_0;  1 drivers
v0x5635b08fa0d0_0 .var "SPI_MISO", 0 0;
v0x5635b08fa1c0_0 .net "SPI_MOSI", 0 0, L_0x5635b090ab50;  1 drivers
v0x5635b08fa300_0 .var *"_s0", 0 0; Local signal
v0x5635b08fa3a0_0 .var "reset", 0 0;
v0x5635b08fa440_0 .var "sys_clk_i", 0 0;
S_0x5635b08d3ee0 .scope begin, "TEST_CASE" "TEST_CASE" 2 73, 2 73 0, S_0x5635b08be880;
 .timescale -9 -12;
S_0x5635b08d4060 .scope module, "uut" "SD_SPI" 2 15, 3 1 0, S_0x5635b08be880;
 .timescale -9 -12;
    .port_info 0 /INPUT 1 "MasterCLK"
    .port_info 1 /INPUT 1 "Reset"
    .port_info 2 /INPUT 1 "SPI_MISO"
    .port_info 3 /OUTPUT 1 "SPI_MOSI"
    .port_info 4 /OUTPUT 1 "SPI_CLK"
    .port_info 5 /OUTPUT 1 "SPI_CS"
    .port_info 6 /OUTPUT 1 "SPI_count"
    .port_info 7 /OUTPUT 1 "SPI_UtilCount"
    .port_info 8 /OUTPUT 8 "InputData"
    .port_info 9 /OUTPUT 1 "EnableVideoRead"
    .port_info 10 /OUTPUT 1 "InputDataClock"
    .port_info 11 /INPUT 16 "InputAddress"
P_0x5635b08d41e0 .param/l "s00" 0 3 88, C4<000000>;
P_0x5635b08d4220 .param/l "s01" 0 3 89, C4<000001>;
P_0x5635b08d4260 .param/l "s02" 0 3 90, C4<000010>;
P_0x5635b08d42a0 .param/l "s03" 0 3 91, C4<000011>;
P_0x5635b08d42e0 .param/l "s04" 0 3 92, C4<000100>;
P_0x5635b08d4320 .param/l "s05" 0 3 93, C4<000101>;
P_0x5635b08d4360 .param/l "s06" 0 3 94, C4<000110>;
P_0x5635b08d43a0 .param/l "s07" 0 3 95, C4<000111>;
P_0x5635b08d43e0 .param/l "s08" 0 3 96, C4<001000>;
P_0x5635b08d4420 .param/l "s09" 0 3 97, C4<001001>;
P_0x5635b08d4460 .param/l "s10" 0 3 98, C4<001010>;
P_0x5635b08d44a0 .param/l "s11" 0 3 99, C4<001011>;
P_0x5635b08d44e0 .param/l "s12" 0 3 100, C4<001100>;
P_0x5635b08d4520 .param/l "s13" 0 3 101, C4<001101>;
P_0x5635b08d4560 .param/l "s14" 0 3 102, C4<001110>;
P_0x5635b08d45a0 .param/l "s15" 0 3 103, C4<001111>;
P_0x5635b08d45e0 .param/l "s16" 0 3 104, C4<010000>;
P_0x5635b08d4620 .param/l "s17" 0 3 105, C4<010001>;
P_0x5635b08d4660 .param/l "s18" 0 3 106, C4<010010>;
P_0x5635b08d46a0 .param/l "s19" 0 3 107, C4<010011>;
P_0x5635b08d46e0 .param/l "s20" 0 3 108, C4<010100>;
P_0x5635b08d4720 .param/l "s21" 0 3 109, C4<010101>;
P_0x5635b08d4760 .param/l "s22" 0 3 110, C4<010110>;
P_0x5635b08d47a0 .param/l "s23" 0 3 111, C4<010111>;
P_0x5635b08d47e0 .param/l "s24" 0 3 112, C4<011000>;
P_0x5635b08d4820 .param/l "s25" 0 3 113, C4<011001>;
P_0x5635b08d4860 .param/l "s26" 0 3 114, C4<011010>;
P_0x5635b08d48a0 .param/l "s27" 0 3 115, C4<011011>;
P_0x5635b08d48e0 .param/l "s28" 0 3 116, C4<011100>;
P_0x5635b08d4920 .param/l "s29" 0 3 117, C4<011101>;
P_0x5635b08d4960 .param/l "s30" 0 3 118, C4<011110>;
P_0x5635b08d49a0 .param/l "s31" 0 3 119, C4<011111>;
P_0x5635b08d49e0 .param/l "s32" 0 3 120, C4<100000>;
P_0x5635b08d4a20 .param/l "s33" 0 3 121, C4<100001>;
P_0x5635b08d4a60 .param/l "s34" 0 3 122, C4<100010>;
L_0x5635b0876a80 .functor NOT 1, v0x5635b08bddb0_0, C4<0>, C4<0>, C4<0>;
v0x5635b08f8610_0 .var "Address", 15 0;
v0x5635b08f86f0_0 .net "DataClock", 0 0, v0x5635b08bddb0_0;  1 drivers
v0x5635b08f87e0_0 .var "EnableUtilCount", 0 0;
v0x5635b08f88b0_0 .var "EnableVideoRead", 0 0;
v0x5635b08f8950_0 .net "InputAddress", 15 0, v0x5635b08f9e50_0;  1 drivers
v0x5635b08f8a60_0 .net "InputData", 7 0, v0x5635b08be340_0;  1 drivers
v0x5635b08f8b20_0 .net "InputDataClock", 0 0, L_0x5635b0876a80;  1 drivers
v0x5635b08f8bc0_0 .net "MasterCLK", 0 0, v0x5635b08fa440_0;  1 drivers
v0x5635b08f8cb0_0 .var "OutputData", 7 0;
v0x5635b08f8d70_0 .net "Reset", 0 0, v0x5635b08fa3a0_0;  1 drivers
v0x5635b08f8e10_0 .net "SPI_CLK", 0 0, L_0x5635b090af00;  alias, 1 drivers
v0x5635b08f8ee0_0 .var "SPI_CS", 0 0;
v0x5635b08f8f80_0 .var "SPI_Enable", 0 0;
v0x5635b08f9020_0 .net "SPI_InitClock", 0 0, v0x5635b08f64d0_0;  1 drivers
v0x5635b08f90f0_0 .net "SPI_InputCLK", 0 0, L_0x5635b090cce0;  1 drivers
v0x5635b08f9190_0 .net "SPI_MISO", 0 0, v0x5635b08fa0d0_0;  1 drivers
v0x5635b08f9260_0 .net "SPI_MOSI", 0 0, L_0x5635b090ab50;  alias, 1 drivers
v0x5635b08f9440_0 .net "SPI_UtilCount", 0 0, L_0x5635b090c450;  1 drivers
v0x5635b08f9510_0 .net "SPI_WorkClock", 0 0, v0x5635b08f8450_0;  1 drivers
v0x5635b08f95e0_0 .net "SPI_count", 0 0, L_0x5635b090b600;  1 drivers
v0x5635b08f96b0_0 .var "UtilCount", 9 0;
L_0x7fa289b3b378 .functor BUFT 1, C4<00>, C4<0>, C4<0>, C4<0>;
v0x5635b08f9750_0 .net/2u *"_s0", 1 0, L_0x7fa289b3b378;  1 drivers
L_0x7fa289b3b5b8 .functor BUFT 1, C4<00000000000000000000000000011000>, C4<0>, C4<0>, C4<0>;
v0x5635b08f97f0_0 .net/2u *"_s10", 31 0, L_0x7fa289b3b5b8;  1 drivers
v0x5635b08f9890_0 .net *"_s12", 0 0, L_0x5635b090cb70;  1 drivers
v0x5635b08f9950_0 .net *"_s6", 31 0, L_0x5635b090ca30;  1 drivers
L_0x7fa289b3b570 .functor BUFT 1, C4<00000000000000000000000000>, C4<0>, C4<0>, C4<0>;
v0x5635b08f9a30_0 .net *"_s9", 25 0, L_0x7fa289b3b570;  1 drivers
v0x5635b08f9b10_0 .var "nextState", 5 0;
v0x5635b08f9bf0_0 .var "state", 5 0;
E_0x5635b089aad0 .event posedge, v0x5635b08f88b0_0;
E_0x5635b089b800 .event edge, v0x5635b08f9bf0_0, v0x5635b08f96b0_0, v0x5635b08be340_0, v0x5635b08f8610_0;
E_0x5635b089ee80 .event posedge, v0x5635b08bddb0_0;
L_0x5635b090baf0 .concat [ 6 2 0 0], v0x5635b08f9bf0_0, L_0x7fa289b3b378;
L_0x5635b090c940 .part v0x5635b08f96b0_0, 0, 8;
L_0x5635b090ca30 .concat [ 6 26 0 0], v0x5635b08f9bf0_0, L_0x7fa289b3b570;
L_0x5635b090cb70 .cmp/gt 32, L_0x7fa289b3b5b8, L_0x5635b090ca30;
L_0x5635b090cce0 .functor MUXZ 1, v0x5635b08f8450_0, v0x5635b08f64d0_0, L_0x5635b090cb70, C4<>;
S_0x5635b08d4ab0 .scope module, "spi" "FullSPI" 3 58, 4 1 0, S_0x5635b08d4060;
 .timescale -9 -12;
    .port_info 0 /OUTPUT 8 "InputData"
    .port_info 1 /INPUT 8 "OutputData"
    .port_info 2 /OUTPUT 1 "SPI_MOSI"
    .port_info 3 /OUTPUT 1 "SPI_CLK"
    .port_info 4 /INPUT 1 "SPI_MISO"
    .port_info 5 /INPUT 1 "SPI_InputCLK"
    .port_info 6 /OUTPUT 1 "DataClk"
    .port_info 7 /INPUT 1 "SPI_Enable"
v0x5635b08af330_0 .var "Data", 7 0;
v0x5635b08bddb0_0 .var "DataClk", 0 0;
v0x5635b08be340_0 .var "InputData", 7 0;
v0x5635b08b8930_0 .net "OutputData", 7 0, v0x5635b08f8cb0_0;  1 drivers
v0x5635b08b8ec0_0 .net "SPI_CLK", 0 0, L_0x5635b090af00;  alias, 1 drivers
v0x5635b08f3900_0 .net "SPI_Enable", 0 0, v0x5635b08f8f80_0;  1 drivers
v0x5635b08f39c0_0 .net "SPI_InputCLK", 0 0, L_0x5635b090cce0;  alias, 1 drivers
v0x5635b08f3a80_0 .net "SPI_MISO", 0 0, v0x5635b08fa0d0_0;  alias, 1 drivers
v0x5635b08f3b40_0 .net "SPI_MOSI", 0 0, L_0x5635b090ab50;  alias, 1 drivers
L_0x7fa289b3b018 .functor BUFT 1, C4<00000000000000000000000000000111>, C4<0>, C4<0>, C4<0>;
v0x5635b08f3c00_0 .net/2u *"_s0", 31 0, L_0x7fa289b3b018;  1 drivers
v0x5635b08f3ce0_0 .net *"_s10", 1 0, L_0x5635b090a8f0;  1 drivers
L_0x7fa289b3b0a8 .functor BUFT 1, C4<0>, C4<0>, C4<0>, C4<0>;
v0x5635b08f3dc0_0 .net *"_s13", 0 0, L_0x7fa289b3b0a8;  1 drivers
L_0x7fa289b3b0f0 .functor BUFT 1, C4<01>, C4<0>, C4<0>, C4<0>;
v0x5635b08f3ea0_0 .net/2u *"_s14", 1 0, L_0x7fa289b3b0f0;  1 drivers
v0x5635b08f3f80_0 .net *"_s16", 1 0, L_0x5635b090aa60;  1 drivers
v0x5635b08f4060_0 .net *"_s2", 31 0, L_0x5635b090a4f0;  1 drivers
v0x5635b08f4140_0 .net *"_s20", 1 0, L_0x5635b090ac80;  1 drivers
L_0x7fa289b3b138 .functor BUFT 1, C4<0>, C4<0>, C4<0>, C4<0>;
v0x5635b08f4220_0 .net *"_s23", 0 0, L_0x7fa289b3b138;  1 drivers
L_0x7fa289b3b180 .functor BUFT 1, C4<01>, C4<0>, C4<0>, C4<0>;
v0x5635b08f4300_0 .net/2u *"_s24", 1 0, L_0x7fa289b3b180;  1 drivers
v0x5635b08f43e0_0 .net *"_s26", 1 0, L_0x5635b090ad70;  1 drivers
L_0x7fa289b3b060 .functor BUFT 1, C4<00000000000000000000000000000>, C4<0>, C4<0>, C4<0>;
v0x5635b08f44c0_0 .net *"_s5", 28 0, L_0x7fa289b3b060;  1 drivers
v0x5635b08f45a0_0 .net *"_s6", 31 0, L_0x5635b090a670;  1 drivers
v0x5635b08f4680_0 .net *"_s9", 0 0, L_0x5635b090a7b0;  1 drivers
v0x5635b08f4760_0 .var "count", 2 0;
E_0x5635b089f120 .event posedge, v0x5635b08f39c0_0;
E_0x5635b089f790 .event negedge, v0x5635b08f39c0_0;
L_0x5635b090a4f0 .concat [ 3 29 0 0], v0x5635b08f4760_0, L_0x7fa289b3b060;
L_0x5635b090a670 .arith/sub 32, L_0x7fa289b3b018, L_0x5635b090a4f0;
L_0x5635b090a7b0 .part/v v0x5635b08f8cb0_0, L_0x5635b090a670, 1;
L_0x5635b090a8f0 .concat [ 1 1 0 0], L_0x5635b090a7b0, L_0x7fa289b3b0a8;
L_0x5635b090aa60 .functor MUXZ 2, L_0x7fa289b3b0f0, L_0x5635b090a8f0, v0x5635b08f8f80_0, C4<>;
L_0x5635b090ab50 .part L_0x5635b090aa60, 0, 1;
L_0x5635b090ac80 .concat [ 1 1 0 0], L_0x5635b090cce0, L_0x7fa289b3b138;
L_0x5635b090ad70 .functor MUXZ 2, L_0x7fa289b3b180, L_0x5635b090ac80, v0x5635b08f8f80_0, C4<>;
L_0x5635b090af00 .part L_0x5635b090ad70, 0, 1;
S_0x5635b08f4940 .scope module, "spiCount" "FullSPI" 3 68, 4 1 0, S_0x5635b08d4060;
 .timescale -9 -12;
    .port_info 0 /OUTPUT 8 "InputData"
    .port_info 1 /INPUT 8 "OutputData"
    .port_info 2 /OUTPUT 1 "SPI_MOSI"
    .port_info 3 /OUTPUT 1 "SPI_CLK"
    .port_info 4 /INPUT 1 "SPI_MISO"
    .port_info 5 /INPUT 1 "SPI_InputCLK"
    .port_info 6 /OUTPUT 1 "DataClk"
    .port_info 7 /INPUT 1 "SPI_Enable"
v0x5635b08f4c00_0 .var "Data", 7 0;
v0x5635b08f4d00_0 .var "DataClk", 0 0;
v0x5635b08f4dc0_0 .var "InputData", 7 0;
v0x5635b08f4e80_0 .net "OutputData", 7 0, L_0x5635b090baf0;  1 drivers
v0x5635b08f4f60_0 .net "SPI_CLK", 0 0, L_0x5635b090ba00;  1 drivers
v0x5635b08f5070_0 .net "SPI_Enable", 0 0, v0x5635b08f8f80_0;  alias, 1 drivers
v0x5635b08f5110_0 .net "SPI_InputCLK", 0 0, L_0x5635b090cce0;  alias, 1 drivers
o0x7fa289b846d8 .functor BUFZ 1, C4<z>; HiZ drive
v0x5635b08f51b0_0 .net "SPI_MISO", 0 0, o0x7fa289b846d8;  0 drivers
v0x5635b08f5250_0 .net "SPI_MOSI", 0 0, L_0x5635b090b600;  alias, 1 drivers
L_0x7fa289b3b1c8 .functor BUFT 1, C4<00000000000000000000000000000111>, C4<0>, C4<0>, C4<0>;
v0x5635b08f52f0_0 .net/2u *"_s0", 31 0, L_0x7fa289b3b1c8;  1 drivers
v0x5635b08f53d0_0 .net *"_s10", 1 0, L_0x5635b090b310;  1 drivers
L_0x7fa289b3b258 .functor BUFT 1, C4<0>, C4<0>, C4<0>, C4<0>;
v0x5635b08f54b0_0 .net *"_s13", 0 0, L_0x7fa289b3b258;  1 drivers
L_0x7fa289b3b2a0 .functor BUFT 1, C4<01>, C4<0>, C4<0>, C4<0>;
v0x5635b08f5590_0 .net/2u *"_s14", 1 0, L_0x7fa289b3b2a0;  1 drivers
v0x5635b08f5670_0 .net *"_s16", 1 0, L_0x5635b090b510;  1 drivers
v0x5635b08f5750_0 .net *"_s2", 31 0, L_0x5635b090aff0;  1 drivers
v0x5635b08f5830_0 .net *"_s20", 1 0, L_0x5635b090b780;  1 drivers
L_0x7fa289b3b2e8 .functor BUFT 1, C4<0>, C4<0>, C4<0>, C4<0>;
v0x5635b08f5910_0 .net *"_s23", 0 0, L_0x7fa289b3b2e8;  1 drivers
L_0x7fa289b3b330 .functor BUFT 1, C4<01>, C4<0>, C4<0>, C4<0>;
v0x5635b08f59f0_0 .net/2u *"_s24", 1 0, L_0x7fa289b3b330;  1 drivers
v0x5635b08f5ad0_0 .net *"_s26", 1 0, L_0x5635b090b870;  1 drivers
L_0x7fa289b3b210 .functor BUFT 1, C4<00000000000000000000000000000>, C4<0>, C4<0>, C4<0>;
v0x5635b08f5bb0_0 .net *"_s5", 28 0, L_0x7fa289b3b210;  1 drivers
v0x5635b08f5c90_0 .net *"_s6", 31 0, L_0x5635b090b0e0;  1 drivers
v0x5635b08f5d70_0 .net *"_s9", 0 0, L_0x5635b090b220;  1 drivers
v0x5635b08f5e50_0 .var "count", 2 0;
L_0x5635b090aff0 .concat [ 3 29 0 0], v0x5635b08f5e50_0, L_0x7fa289b3b210;
L_0x5635b090b0e0 .arith/sub 32, L_0x7fa289b3b1c8, L_0x5635b090aff0;
L_0x5635b090b220 .part/v L_0x5635b090baf0, L_0x5635b090b0e0, 1;
L_0x5635b090b310 .concat [ 1 1 0 0], L_0x5635b090b220, L_0x7fa289b3b258;
L_0x5635b090b510 .functor MUXZ 2, L_0x7fa289b3b2a0, L_0x5635b090b310, v0x5635b08f8f80_0, C4<>;
L_0x5635b090b600 .part L_0x5635b090b510, 0, 1;
L_0x5635b090b780 .concat [ 1 1 0 0], L_0x5635b090cce0, L_0x7fa289b3b2e8;
L_0x5635b090b870 .functor MUXZ 2, L_0x7fa289b3b330, L_0x5635b090b780, v0x5635b08f8f80_0, C4<>;
L_0x5635b090ba00 .part L_0x5635b090b870, 0, 1;
S_0x5635b08f6030 .scope module, "spiInitClock" "FrequencyGenerator" 3 46, 5 1 0, S_0x5635b08d4060;
 .timescale -9 -12;
    .port_info 0 /INPUT 1 "InputCLK"
    .port_info 1 /OUTPUT 1 "OutputCLK"
P_0x5635b08f61b0 .param/l "bitsNumber" 0 5 1, +C4<00000000000000000000000000001000>;
P_0x5635b08f61f0 .param/l "frequency" 0 5 1, +C4<00000000000001100001101010000000>;
P_0x5635b08f6230 .param/l "limit" 0 5 6, +C4<00000000000000000000000011111010>;
v0x5635b08f63f0_0 .net "InputCLK", 0 0, v0x5635b08fa440_0;  alias, 1 drivers
v0x5635b08f64d0_0 .var "OutputCLK", 0 0;
v0x5635b08f6590_0 .var "counter", 7 0;
E_0x5635b08f6370 .event posedge, v0x5635b08f63f0_0;
S_0x5635b08f66b0 .scope module, "spiUtilCount" "FullSPI" 3 75, 4 1 0, S_0x5635b08d4060;
 .timescale -9 -12;
    .port_info 0 /OUTPUT 8 "InputData"
    .port_info 1 /INPUT 8 "OutputData"
    .port_info 2 /OUTPUT 1 "SPI_MOSI"
    .port_info 3 /OUTPUT 1 "SPI_CLK"
    .port_info 4 /INPUT 1 "SPI_MISO"
    .port_info 5 /INPUT 1 "SPI_InputCLK"
    .port_info 6 /OUTPUT 1 "DataClk"
    .port_info 7 /INPUT 1 "SPI_Enable"
v0x5635b08f69a0_0 .var "Data", 7 0;
v0x5635b08f6a80_0 .var "DataClk", 0 0;
v0x5635b08f6b40_0 .var "InputData", 7 0;
v0x5635b08f6c00_0 .net "OutputData", 7 0, L_0x5635b090c940;  1 drivers
v0x5635b08f6ce0_0 .net "SPI_CLK", 0 0, L_0x5635b090c850;  1 drivers
v0x5635b08f6df0_0 .net "SPI_Enable", 0 0, v0x5635b08f8f80_0;  alias, 1 drivers
v0x5635b08f6ee0_0 .net "SPI_InputCLK", 0 0, L_0x5635b090cce0;  alias, 1 drivers
o0x7fa289b84d38 .functor BUFZ 1, C4<z>; HiZ drive
v0x5635b08f6fd0_0 .net "SPI_MISO", 0 0, o0x7fa289b84d38;  0 drivers
v0x5635b08f7090_0 .net "SPI_MOSI", 0 0, L_0x5635b090c450;  alias, 1 drivers
L_0x7fa289b3b3c0 .functor BUFT 1, C4<00000000000000000000000000000111>, C4<0>, C4<0>, C4<0>;
v0x5635b08f7150_0 .net/2u *"_s0", 31 0, L_0x7fa289b3b3c0;  1 drivers
v0x5635b08f7230_0 .net *"_s10", 1 0, L_0x5635b090bf50;  1 drivers
L_0x7fa289b3b450 .functor BUFT 1, C4<0>, C4<0>, C4<0>, C4<0>;
v0x5635b08f7310_0 .net *"_s13", 0 0, L_0x7fa289b3b450;  1 drivers
L_0x7fa289b3b498 .functor BUFT 1, C4<01>, C4<0>, C4<0>, C4<0>;
v0x5635b08f73f0_0 .net/2u *"_s14", 1 0, L_0x7fa289b3b498;  1 drivers
v0x5635b08f74d0_0 .net *"_s16", 1 0, L_0x5635b090c1d0;  1 drivers
v0x5635b08f75b0_0 .net *"_s2", 31 0, L_0x5635b090bc30;  1 drivers
v0x5635b08f7690_0 .net *"_s20", 1 0, L_0x5635b090c5d0;  1 drivers
L_0x7fa289b3b4e0 .functor BUFT 1, C4<0>, C4<0>, C4<0>, C4<0>;
v0x5635b08f7770_0 .net *"_s23", 0 0, L_0x7fa289b3b4e0;  1 drivers
L_0x7fa289b3b528 .functor BUFT 1, C4<01>, C4<0>, C4<0>, C4<0>;
v0x5635b08f7960_0 .net/2u *"_s24", 1 0, L_0x7fa289b3b528;  1 drivers
v0x5635b08f7a40_0 .net *"_s26", 1 0, L_0x5635b090c6c0;  1 drivers
L_0x7fa289b3b408 .functor BUFT 1, C4<00000000000000000000000000000>, C4<0>, C4<0>, C4<0>;
v0x5635b08f7b20_0 .net *"_s5", 28 0, L_0x7fa289b3b408;  1 drivers
v0x5635b08f7c00_0 .net *"_s6", 31 0, L_0x5635b090bd20;  1 drivers
v0x5635b08f7ce0_0 .net *"_s9", 0 0, L_0x5635b090be60;  1 drivers
v0x5635b08f7dc0_0 .var "count", 2 0;
L_0x5635b090bc30 .concat [ 3 29 0 0], v0x5635b08f7dc0_0, L_0x7fa289b3b408;
L_0x5635b090bd20 .arith/sub 32, L_0x7fa289b3b3c0, L_0x5635b090bc30;
L_0x5635b090be60 .part/v L_0x5635b090c940, L_0x5635b090bd20, 1;
L_0x5635b090bf50 .concat [ 1 1 0 0], L_0x5635b090be60, L_0x7fa289b3b450;
L_0x5635b090c1d0 .functor MUXZ 2, L_0x7fa289b3b498, L_0x5635b090bf50, v0x5635b08f8f80_0, C4<>;
L_0x5635b090c450 .part L_0x5635b090c1d0, 0, 1;
L_0x5635b090c5d0 .concat [ 1 1 0 0], L_0x5635b090cce0, L_0x7fa289b3b4e0;
L_0x5635b090c6c0 .functor MUXZ 2, L_0x7fa289b3b528, L_0x5635b090c5d0, v0x5635b08f8f80_0, C4<>;
L_0x5635b090c850 .part L_0x5635b090c6c0, 0, 1;
S_0x5635b08f7fa0 .scope module, "spiWorkClock" "FrequencyGenerator" 3 52, 5 1 0, S_0x5635b08d4060;
 .timescale -9 -12;
    .port_info 0 /INPUT 1 "InputCLK"
    .port_info 1 /OUTPUT 1 "OutputCLK"
P_0x5635b08f8170 .param/l "bitsNumber" 0 5 1, +C4<00000000000000000000000000000101>;
P_0x5635b08f81b0 .param/l "frequency" 0 5 1, +C4<00000000100110001001011010000000>;
P_0x5635b08f81f0 .param/l "limit" 0 5 6, +C4<00000000000000000000000000001010>;
v0x5635b08f8390_0 .net "InputCLK", 0 0, v0x5635b08fa440_0;  alias, 1 drivers
v0x5635b08f8450_0 .var "OutputCLK", 0 0;
v0x5635b08f84f0_0 .var "counter", 4 0;
    .scope S_0x5635b08f6030;
T_0 ;
    %pushi/vec4 0, 0, 8;
    %store/vec4 v0x5635b08f6590_0, 0, 8;
    %pushi/vec4 0, 0, 1;
    %store/vec4 v0x5635b08f64d0_0, 0, 1;
    %end;
    .thread T_0;
    .scope S_0x5635b08f6030;
T_1 ;
    %wait E_0x5635b08f6370;
    %load/vec4 v0x5635b08f6590_0;
    %pad/u 32;
    %cmpi/u 125, 0, 32;
    %jmp/0xz  T_1.0, 5;
    %load/vec4 v0x5635b08f6590_0;
    %addi 1, 0, 8;
    %assign/vec4 v0x5635b08f6590_0, 0;
    %pushi/vec4 0, 0, 1;
    %assign/vec4 v0x5635b08f64d0_0, 0;
    %jmp T_1.1;
T_1.0 ;
    %load/vec4 v0x5635b08f6590_0;
    %pad/u 32;
    %cmpi/u 250, 0, 32;
    %jmp/0xz  T_1.2, 5;
    %load/vec4 v0x5635b08f6590_0;
    %addi 1, 0, 8;
    %assign/vec4 v0x5635b08f6590_0, 0;
    %pushi/vec4 1, 0, 1;
    %assign/vec4 v0x5635b08f64d0_0, 0;
    %jmp T_1.3;
T_1.2 ;
    %pushi/vec4 0, 0, 8;
    %assign/vec4 v0x5635b08f6590_0, 0;
    %pushi/vec4 1, 0, 1;
    %assign/vec4 v0x5635b08f64d0_0, 0;
T_1.3 ;
T_1.1 ;
    %jmp T_1;
    .thread T_1;
    .scope S_0x5635b08f7fa0;
T_2 ;
    %pushi/vec4 0, 0, 5;
    %store/vec4 v0x5635b08f84f0_0, 0, 5;
    %pushi/vec4 0, 0, 1;
    %store/vec4 v0x5635b08f8450_0, 0, 1;
    %end;
    .thread T_2;
    .scope S_0x5635b08f7fa0;
T_3 ;
    %wait E_0x5635b08f6370;
    %load/vec4 v0x5635b08f84f0_0;
    %pad/u 32;
    %cmpi/u 5, 0, 32;
    %jmp/0xz  T_3.0, 5;
    %load/vec4 v0x5635b08f84f0_0;
    %addi 1, 0, 5;
    %assign/vec4 v0x5635b08f84f0_0, 0;
    %pushi/vec4 0, 0, 1;
    %assign/vec4 v0x5635b08f8450_0, 0;
    %jmp T_3.1;
T_3.0 ;
    %load/vec4 v0x5635b08f84f0_0;
    %pad/u 32;
    %cmpi/u 10, 0, 32;
    %jmp/0xz  T_3.2, 5;
    %load/vec4 v0x5635b08f84f0_0;
    %addi 1, 0, 5;
    %assign/vec4 v0x5635b08f84f0_0, 0;
    %pushi/vec4 1, 0, 1;
    %assign/vec4 v0x5635b08f8450_0, 0;
    %jmp T_3.3;
T_3.2 ;
    %pushi/vec4 0, 0, 5;
    %assign/vec4 v0x5635b08f84f0_0, 0;
    %pushi/vec4 1, 0, 1;
    %assign/vec4 v0x5635b08f8450_0, 0;
T_3.3 ;
T_3.1 ;
    %jmp T_3;
    .thread T_3;
    .scope S_0x5635b08d4ab0;
T_4 ;
    %pushi/vec4 7, 0, 3;
    %store/vec4 v0x5635b08f4760_0, 0, 3;
    %pushi/vec4 0, 0, 1;
    %store/vec4 v0x5635b08bddb0_0, 0, 1;
    %end;
    .thread T_4;
    .scope S_0x5635b08d4ab0;
T_5 ;
    %wait E_0x5635b089f790;
    %load/vec4 v0x5635b08f4760_0;
    %pad/u 32;
    %cmpi/e 7, 0, 32;
    %jmp/0xz  T_5.0, 4;
    %pushi/vec4 1, 0, 1;
    %assign/vec4 v0x5635b08bddb0_0, 0;
    %load/vec4 v0x5635b08af330_0;
    %assign/vec4 v0x5635b08be340_0, 0;
    %jmp T_5.1;
T_5.0 ;
    %load/vec4 v0x5635b08f4760_0;
    %pad/u 32;
    %cmpi/e 3, 0, 32;
    %jmp/0xz  T_5.2, 4;
    %pushi/vec4 0, 0, 1;
    %assign/vec4 v0x5635b08bddb0_0, 0;
T_5.2 ;
T_5.1 ;
    %load/vec4 v0x5635b08f4760_0;
    %addi 1, 0, 3;
    %assign/vec4 v0x5635b08f4760_0, 0;
    %jmp T_5;
    .thread T_5;
    .scope S_0x5635b08d4ab0;
T_6 ;
    %wait E_0x5635b089f120;
    %load/vec4 v0x5635b08f3a80_0;
    %ix/load 5, 0, 0;
    %pushi/vec4 7, 0, 32;
    %load/vec4 v0x5635b08f4760_0;
    %pad/u 32;
    %sub;
    %ix/vec4 4;
    %assign/vec4/off/d v0x5635b08af330_0, 4, 5;
    %jmp T_6;
    .thread T_6;
    .scope S_0x5635b08f4940;
T_7 ;
    %pushi/vec4 7, 0, 3;
    %store/vec4 v0x5635b08f5e50_0, 0, 3;
    %pushi/vec4 0, 0, 1;
    %store/vec4 v0x5635b08f4d00_0, 0, 1;
    %end;
    .thread T_7;
    .scope S_0x5635b08f4940;
T_8 ;
    %wait E_0x5635b089f790;
    %load/vec4 v0x5635b08f5e50_0;
    %pad/u 32;
    %cmpi/e 7, 0, 32;
    %jmp/0xz  T_8.0, 4;
    %pushi/vec4 1, 0, 1;
    %assign/vec4 v0x5635b08f4d00_0, 0;
    %load/vec4 v0x5635b08f4c00_0;
    %assign/vec4 v0x5635b08f4dc0_0, 0;
    %jmp T_8.1;
T_8.0 ;
    %load/vec4 v0x5635b08f5e50_0;
    %pad/u 32;
    %cmpi/e 3, 0, 32;
    %jmp/0xz  T_8.2, 4;
    %pushi/vec4 0, 0, 1;
    %assign/vec4 v0x5635b08f4d00_0, 0;
T_8.2 ;
T_8.1 ;
    %load/vec4 v0x5635b08f5e50_0;
    %addi 1, 0, 3;
    %assign/vec4 v0x5635b08f5e50_0, 0;
    %jmp T_8;
    .thread T_8;
    .scope S_0x5635b08f4940;
T_9 ;
    %wait E_0x5635b089f120;
    %load/vec4 v0x5635b08f51b0_0;
    %ix/load 5, 0, 0;
    %pushi/vec4 7, 0, 32;
    %load/vec4 v0x5635b08f5e50_0;
    %pad/u 32;
    %sub;
    %ix/vec4 4;
    %assign/vec4/off/d v0x5635b08f4c00_0, 4, 5;
    %jmp T_9;
    .thread T_9;
    .scope S_0x5635b08f66b0;
T_10 ;
    %pushi/vec4 7, 0, 3;
    %store/vec4 v0x5635b08f7dc0_0, 0, 3;
    %pushi/vec4 0, 0, 1;
    %store/vec4 v0x5635b08f6a80_0, 0, 1;
    %end;
    .thread T_10;
    .scope S_0x5635b08f66b0;
T_11 ;
    %wait E_0x5635b089f790;
    %load/vec4 v0x5635b08f7dc0_0;
    %pad/u 32;
    %cmpi/e 7, 0, 32;
    %jmp/0xz  T_11.0, 4;
    %pushi/vec4 1, 0, 1;
    %assign/vec4 v0x5635b08f6a80_0, 0;
    %load/vec4 v0x5635b08f69a0_0;
    %assign/vec4 v0x5635b08f6b40_0, 0;
    %jmp T_11.1;
T_11.0 ;
    %load/vec4 v0x5635b08f7dc0_0;
    %pad/u 32;
    %cmpi/e 3, 0, 32;
    %jmp/0xz  T_11.2, 4;
    %pushi/vec4 0, 0, 1;
    %assign/vec4 v0x5635b08f6a80_0, 0;
T_11.2 ;
T_11.1 ;
    %load/vec4 v0x5635b08f7dc0_0;
    %addi 1, 0, 3;
    %assign/vec4 v0x5635b08f7dc0_0, 0;
    %jmp T_11;
    .thread T_11;
    .scope S_0x5635b08f66b0;
T_12 ;
    %wait E_0x5635b089f120;
    %load/vec4 v0x5635b08f6fd0_0;
    %ix/load 5, 0, 0;
    %pushi/vec4 7, 0, 32;
    %load/vec4 v0x5635b08f7dc0_0;
    %pad/u 32;
    %sub;
    %ix/vec4 4;
    %assign/vec4/off/d v0x5635b08f69a0_0, 4, 5;
    %jmp T_12;
    .thread T_12;
    .scope S_0x5635b08d4060;
T_13 ;
    %pushi/vec4 0, 0, 10;
    %store/vec4 v0x5635b08f96b0_0, 0, 10;
    %pushi/vec4 255, 0, 8;
    %store/vec4 v0x5635b08f8cb0_0, 0, 8;
    %pushi/vec4 1, 0, 1;
    %store/vec4 v0x5635b08f8ee0_0, 0, 1;
    %pushi/vec4 0, 0, 1;
    %store/vec4 v0x5635b08f8f80_0, 0, 1;
    %pushi/vec4 0, 0, 1;
    %store/vec4 v0x5635b08f88b0_0, 0, 1;
    %pushi/vec4 0, 0, 1;
    %store/vec4 v0x5635b08f87e0_0, 0, 1;
    %pushi/vec4 0, 0, 6;
    %store/vec4 v0x5635b08f9bf0_0, 0, 6;
    %pushi/vec4 0, 0, 6;
    %store/vec4 v0x5635b08f9b10_0, 0, 6;
    %end;
    .thread T_13;
    .scope S_0x5635b08d4060;
T_14 ;
    %wait E_0x5635b089ee80;
    %load/vec4 v0x5635b08f8d70_0;
    %flag_set/vec4 8;
    %jmp/0xz  T_14.0, 8;
    %pushi/vec4 0, 0, 6;
    %assign/vec4 v0x5635b08f9bf0_0, 0;
    %jmp T_14.1;
T_14.0 ;
    %load/vec4 v0x5635b08f9b10_0;
    %assign/vec4 v0x5635b08f9bf0_0, 0;
    %load/vec4 v0x5635b08f87e0_0;
    %pad/u 32;
    %cmpi/e 1, 0, 32;
    %jmp/0xz  T_14.2, 4;
    %load/vec4 v0x5635b08f96b0_0;
    %addi 1, 0, 10;
    %assign/vec4 v0x5635b08f96b0_0, 0;
    %jmp T_14.3;
T_14.2 ;
    %pushi/vec4 0, 0, 10;
    %assign/vec4 v0x5635b08f96b0_0, 0;
T_14.3 ;
T_14.1 ;
    %jmp T_14;
    .thread T_14;
    .scope S_0x5635b08d4060;
T_15 ;
    %wait E_0x5635b089b800;
    %load/vec4 v0x5635b08f9bf0_0;
    %dup/vec4;
    %pushi/vec4 0, 0, 6;
    %cmp/u;
    %jmp/1 T_15.0, 6;
    %dup/vec4;
    %pushi/vec4 1, 0, 6;
    %cmp/u;
    %jmp/1 T_15.1, 6;
    %dup/vec4;
    %pushi/vec4 2, 0, 6;
    %cmp/u;
    %jmp/1 T_15.2, 6;
    %dup/vec4;
    %pushi/vec4 3, 0, 6;
    %cmp/u;
    %jmp/1 T_15.3, 6;
    %dup/vec4;
    %pushi/vec4 4, 0, 6;
    %cmp/u;
    %jmp/1 T_15.4, 6;
    %dup/vec4;
    %pushi/vec4 5, 0, 6;
    %cmp/u;
    %jmp/1 T_15.5, 6;
    %dup/vec4;
    %pushi/vec4 6, 0, 6;
    %cmp/u;
    %jmp/1 T_15.6, 6;
    %dup/vec4;
    %pushi/vec4 7, 0, 6;
    %cmp/u;
    %jmp/1 T_15.7, 6;
    %dup/vec4;
    %pushi/vec4 8, 0, 6;
    %cmp/u;
    %jmp/1 T_15.8, 6;
    %dup/vec4;
    %pushi/vec4 9, 0, 6;
    %cmp/u;
    %jmp/1 T_15.9, 6;
    %dup/vec4;
    %pushi/vec4 10, 0, 6;
    %cmp/u;
    %jmp/1 T_15.10, 6;
    %dup/vec4;
    %pushi/vec4 11, 0, 6;
    %cmp/u;
    %jmp/1 T_15.11, 6;
    %dup/vec4;
    %pushi/vec4 12, 0, 6;
    %cmp/u;
    %jmp/1 T_15.12, 6;
    %dup/vec4;
    %pushi/vec4 13, 0, 6;
    %cmp/u;
    %jmp/1 T_15.13, 6;
    %dup/vec4;
    %pushi/vec4 14, 0, 6;
    %cmp/u;
    %jmp/1 T_15.14, 6;
    %dup/vec4;
    %pushi/vec4 15, 0, 6;
    %cmp/u;
    %jmp/1 T_15.15, 6;
    %dup/vec4;
    %pushi/vec4 16, 0, 6;
    %cmp/u;
    %jmp/1 T_15.16, 6;
    %dup/vec4;
    %pushi/vec4 17, 0, 6;
    %cmp/u;
    %jmp/1 T_15.17, 6;
    %dup/vec4;
    %pushi/vec4 18, 0, 6;
    %cmp/u;
    %jmp/1 T_15.18, 6;
    %dup/vec4;
    %pushi/vec4 19, 0, 6;
    %cmp/u;
    %jmp/1 T_15.19, 6;
    %dup/vec4;
    %pushi/vec4 20, 0, 6;
    %cmp/u;
    %jmp/1 T_15.20, 6;
    %dup/vec4;
    %pushi/vec4 21, 0, 6;
    %cmp/u;
    %jmp/1 T_15.21, 6;
    %dup/vec4;
    %pushi/vec4 22, 0, 6;
    %cmp/u;
    %jmp/1 T_15.22, 6;
    %dup/vec4;
    %pushi/vec4 23, 0, 6;
    %cmp/u;
    %jmp/1 T_15.23, 6;
    %dup/vec4;
    %pushi/vec4 24, 0, 6;
    %cmp/u;
    %jmp/1 T_15.24, 6;
    %dup/vec4;
    %pushi/vec4 25, 0, 6;
    %cmp/u;
    %jmp/1 T_15.25, 6;
    %dup/vec4;
    %pushi/vec4 26, 0, 6;
    %cmp/u;
    %jmp/1 T_15.26, 6;
    %dup/vec4;
    %pushi/vec4 27, 0, 6;
    %cmp/u;
    %jmp/1 T_15.27, 6;
    %dup/vec4;
    %pushi/vec4 28, 0, 6;
    %cmp/u;
    %jmp/1 T_15.28, 6;
    %dup/vec4;
    %pushi/vec4 29, 0, 6;
    %cmp/u;
    %jmp/1 T_15.29, 6;
    %dup/vec4;
    %pushi/vec4 30, 0, 6;
    %cmp/u;
    %jmp/1 T_15.30, 6;
    %dup/vec4;
    %pushi/vec4 31, 0, 6;
    %cmp/u;
    %jmp/1 T_15.31, 6;
    %dup/vec4;
    %pushi/vec4 32, 0, 6;
    %cmp/u;
    %jmp/1 T_15.32, 6;
    %dup/vec4;
    %pushi/vec4 33, 0, 6;
    %cmp/u;
    %jmp/1 T_15.33, 6;
    %dup/vec4;
    %pushi/vec4 34, 0, 6;
    %cmp/u;
    %jmp/1 T_15.34, 6;
    %pushi/vec4 0, 0, 6;
    %store/vec4 v0x5635b08f9b10_0, 0, 6;
    %jmp T_15.36;
T_15.0 ;
    %pushi/vec4 1, 0, 6;
    %store/vec4 v0x5635b08f9b10_0, 0, 6;
    %pushi/vec4 255, 0, 8;
    %store/vec4 v0x5635b08f8cb0_0, 0, 8;
    %pushi/vec4 1, 0, 1;
    %store/vec4 v0x5635b08f8ee0_0, 0, 1;
    %pushi/vec4 0, 0, 1;
    %store/vec4 v0x5635b08f8f80_0, 0, 1;
    %pushi/vec4 0, 0, 1;
    %store/vec4 v0x5635b08f87e0_0, 0, 1;
    %pushi/vec4 0, 0, 1;
    %store/vec4 v0x5635b08f88b0_0, 0, 1;
    %jmp T_15.36;
T_15.1 ;
    %pushi/vec4 1, 0, 1;
    %store/vec4 v0x5635b08f8ee0_0, 0, 1;
    %pushi/vec4 255, 0, 8;
    %store/vec4 v0x5635b08f8cb0_0, 0, 8;
    %pushi/vec4 75, 0, 32;
    %load/vec4 v0x5635b08f96b0_0;
    %pad/u 32;
    %cmp/u;
    %flag_or 5, 4;
    %jmp/0xz  T_15.37, 5;
    %pushi/vec4 0, 0, 1;
    %store/vec4 v0x5635b08f87e0_0, 0, 1;
    %pushi/vec4 1, 0, 1;
    %store/vec4 v0x5635b08f8f80_0, 0, 1;
    %pushi/vec4 2, 0, 6;
    %store/vec4 v0x5635b08f9b10_0, 0, 6;
    %jmp T_15.38;
T_15.37 ;
    %pushi/vec4 1, 0, 1;
    %store/vec4 v0x5635b08f87e0_0, 0, 1;
    %pushi/vec4 1, 0, 6;
    %store/vec4 v0x5635b08f9b10_0, 0, 6;
T_15.38 ;
    %jmp T_15.36;
T_15.2 ;
    %pushi/vec4 255, 0, 8;
    %store/vec4 v0x5635b08f8cb0_0, 0, 8;
    %pushi/vec4 1, 0, 1;
    %store/vec4 v0x5635b08f8f80_0, 0, 1;
    %pushi/vec4 1, 0, 1;
    %store/vec4 v0x5635b08f8ee0_0, 0, 1;
    %pushi/vec4 8, 0, 32;
    %load/vec4 v0x5635b08f96b0_0;
    %pad/u 32;
    %cmp/u;
    %flag_or 5, 4;
    %jmp/0xz  T_15.39, 5;
    %pushi/vec4 3, 0, 6;
    %store/vec4 v0x5635b08f9b10_0, 0, 6;
    %pushi/vec4 0, 0, 1;
    %store/vec4 v0x5635b08f87e0_0, 0, 1;
    %jmp T_15.40;
T_15.39 ;
    %pushi/vec4 1, 0, 1;
    %store/vec4 v0x5635b08f87e0_0, 0, 1;
T_15.40 ;
    %jmp T_15.36;
T_15.3 ;
    %pushi/vec4 1, 0, 1;
    %store/vec4 v0x5635b08f8f80_0, 0, 1;
    %pushi/vec4 0, 0, 1;
    %store/vec4 v0x5635b08f8ee0_0, 0, 1;
    %pushi/vec4 0, 0, 1;
    %store/vec4 v0x5635b08f87e0_0, 0, 1;
    %pushi/vec4 4, 0, 6;
    %store/vec4 v0x5635b08f9b10_0, 0, 6;
    %pushi/vec4 64, 0, 8;
    %store/vec4 v0x5635b08f8cb0_0, 0, 8;
    %jmp T_15.36;
T_15.4 ;
    %pushi/vec4 1, 0, 1;
    %store/vec4 v0x5635b08f8f80_0, 0, 1;
    %pushi/vec4 0, 0, 1;
    %store/vec4 v0x5635b08f8ee0_0, 0, 1;
    %pushi/vec4 0, 0, 1;
    %store/vec4 v0x5635b08f87e0_0, 0, 1;
    %pushi/vec4 5, 0, 6;
    %store/vec4 v0x5635b08f9b10_0, 0, 6;
    %pushi/vec4 0, 0, 8;
    %store/vec4 v0x5635b08f8cb0_0, 0, 8;
    %jmp T_15.36;
T_15.5 ;
    %pushi/vec4 1, 0, 1;
    %store/vec4 v0x5635b08f8f80_0, 0, 1;
    %pushi/vec4 0, 0, 1;
    %store/vec4 v0x5635b08f8ee0_0, 0, 1;
    %pushi/vec4 0, 0, 1;
    %store/vec4 v0x5635b08f87e0_0, 0, 1;
    %pushi/vec4 6, 0, 6;
    %store/vec4 v0x5635b08f9b10_0, 0, 6;
    %pushi/vec4 0, 0, 8;
    %store/vec4 v0x5635b08f8cb0_0, 0, 8;
    %jmp T_15.36;
T_15.6 ;
    %pushi/vec4 1, 0, 1;
    %store/vec4 v0x5635b08f8f80_0, 0, 1;
    %pushi/vec4 0, 0, 1;
    %store/vec4 v0x5635b08f8ee0_0, 0, 1;
    %pushi/vec4 0, 0, 1;
    %store/vec4 v0x5635b08f87e0_0, 0, 1;
    %pushi/vec4 7, 0, 6;
    %store/vec4 v0x5635b08f9b10_0, 0, 6;
    %pushi/vec4 0, 0, 8;
    %store/vec4 v0x5635b08f8cb0_0, 0, 8;
    %jmp T_15.36;
T_15.7 ;
    %pushi/vec4 1, 0, 1;
    %store/vec4 v0x5635b08f8f80_0, 0, 1;
    %pushi/vec4 0, 0, 1;
    %store/vec4 v0x5635b08f8ee0_0, 0, 1;
    %pushi/vec4 0, 0, 1;
    %store/vec4 v0x5635b08f87e0_0, 0, 1;
    %pushi/vec4 8, 0, 6;
    %store/vec4 v0x5635b08f9b10_0, 0, 6;
    %pushi/vec4 0, 0, 8;
    %store/vec4 v0x5635b08f8cb0_0, 0, 8;
    %jmp T_15.36;
T_15.8 ;
    %pushi/vec4 1, 0, 1;
    %store/vec4 v0x5635b08f8f80_0, 0, 1;
    %pushi/vec4 0, 0, 1;
    %store/vec4 v0x5635b08f8ee0_0, 0, 1;
    %pushi/vec4 0, 0, 1;
    %store/vec4 v0x5635b08f87e0_0, 0, 1;
    %pushi/vec4 9, 0, 6;
    %store/vec4 v0x5635b08f9b10_0, 0, 6;
    %pushi/vec4 149, 0, 8;
    %store/vec4 v0x5635b08f8cb0_0, 0, 8;
    %jmp T_15.36;
T_15.9 ;
    %pushi/vec4 1, 0, 1;
    %store/vec4 v0x5635b08f8f80_0, 0, 1;
    %pushi/vec4 0, 0, 1;
    %store/vec4 v0x5635b08f8ee0_0, 0, 1;
    %pushi/vec4 0, 0, 1;
    %store/vec4 v0x5635b08f87e0_0, 0, 1;
    %load/vec4 v0x5635b08f8a60_0;
    %cmpi/e 1, 0, 8;
    %jmp/0xz  T_15.41, 4;
    %pushi/vec4 10, 0, 6;
    %store/vec4 v0x5635b08f9b10_0, 0, 6;
    %pushi/vec4 255, 0, 8;
    %store/vec4 v0x5635b08f8cb0_0, 0, 8;
    %jmp T_15.42;
T_15.41 ;
    %pushi/vec4 255, 0, 8;
    %store/vec4 v0x5635b08f8cb0_0, 0, 8;
    %pushi/vec4 9, 0, 6;
    %store/vec4 v0x5635b08f9b10_0, 0, 6;
T_15.42 ;
    %jmp T_15.36;
T_15.10 ;
    %pushi/vec4 1, 0, 1;
    %store/vec4 v0x5635b08f8f80_0, 0, 1;
    %pushi/vec4 0, 0, 1;
    %store/vec4 v0x5635b08f8ee0_0, 0, 1;
    %pushi/vec4 0, 0, 1;
    %store/vec4 v0x5635b08f87e0_0, 0, 1;
    %pushi/vec4 11, 0, 6;
    %store/vec4 v0x5635b08f9b10_0, 0, 6;
    %pushi/vec4 119, 0, 8;
    %store/vec4 v0x5635b08f8cb0_0, 0, 8;
    %jmp T_15.36;
T_15.11 ;
    %pushi/vec4 1, 0, 1;
    %store/vec4 v0x5635b08f8f80_0, 0, 1;
    %pushi/vec4 0, 0, 1;
    %store/vec4 v0x5635b08f8ee0_0, 0, 1;
    %pushi/vec4 0, 0, 1;
    %store/vec4 v0x5635b08f87e0_0, 0, 1;
    %pushi/vec4 12, 0, 6;
    %store/vec4 v0x5635b08f9b10_0, 0, 6;
    %pushi/vec4 0, 0, 8;
    %store/vec4 v0x5635b08f8cb0_0, 0, 8;
    %jmp T_15.36;
T_15.12 ;
    %pushi/vec4 1, 0, 1;
    %store/vec4 v0x5635b08f8f80_0, 0, 1;
    %pushi/vec4 0, 0, 1;
    %store/vec4 v0x5635b08f8ee0_0, 0, 1;
    %pushi/vec4 0, 0, 1;
    %store/vec4 v0x5635b08f87e0_0, 0, 1;
    %pushi/vec4 13, 0, 6;
    %store/vec4 v0x5635b08f9b10_0, 0, 6;
    %pushi/vec4 0, 0, 8;
    %store/vec4 v0x5635b08f8cb0_0, 0, 8;
    %jmp T_15.36;
T_15.13 ;
    %pushi/vec4 1, 0, 1;
    %store/vec4 v0x5635b08f8f80_0, 0, 1;
    %pushi/vec4 0, 0, 1;
    %store/vec4 v0x5635b08f8ee0_0, 0, 1;
    %pushi/vec4 0, 0, 1;
    %store/vec4 v0x5635b08f87e0_0, 0, 1;
    %pushi/vec4 14, 0, 6;
    %store/vec4 v0x5635b08f9b10_0, 0, 6;
    %pushi/vec4 0, 0, 8;
    %store/vec4 v0x5635b08f8cb0_0, 0, 8;
    %jmp T_15.36;
T_15.14 ;
    %pushi/vec4 1, 0, 1;
    %store/vec4 v0x5635b08f8f80_0, 0, 1;
    %pushi/vec4 0, 0, 1;
    %store/vec4 v0x5635b08f8ee0_0, 0, 1;
    %pushi/vec4 0, 0, 1;
    %store/vec4 v0x5635b08f87e0_0, 0, 1;
    %pushi/vec4 15, 0, 6;
    %store/vec4 v0x5635b08f9b10_0, 0, 6;
    %pushi/vec4 0, 0, 8;
    %store/vec4 v0x5635b08f8cb0_0, 0, 8;
    %jmp T_15.36;
T_15.15 ;
    %pushi/vec4 1, 0, 1;
    %store/vec4 v0x5635b08f8f80_0, 0, 1;
    %pushi/vec4 0, 0, 1;
    %store/vec4 v0x5635b08f8ee0_0, 0, 1;
    %pushi/vec4 0, 0, 1;
    %store/vec4 v0x5635b08f87e0_0, 0, 1;
    %pushi/vec4 16, 0, 6;
    %store/vec4 v0x5635b08f9b10_0, 0, 6;
    %pushi/vec4 255, 0, 8;
    %store/vec4 v0x5635b08f8cb0_0, 0, 8;
    %jmp T_15.36;
T_15.16 ;
    %pushi/vec4 1, 0, 1;
    %store/vec4 v0x5635b08f8f80_0, 0, 1;
    %pushi/vec4 0, 0, 1;
    %store/vec4 v0x5635b08f8ee0_0, 0, 1;
    %pushi/vec4 0, 0, 1;
    %store/vec4 v0x5635b08f87e0_0, 0, 1;
    %load/vec4 v0x5635b08f8a60_0;
    %cmpi/e 1, 0, 8;
    %jmp/0xz  T_15.43, 4;
    %pushi/vec4 17, 0, 6;
    %store/vec4 v0x5635b08f9b10_0, 0, 6;
    %pushi/vec4 255, 0, 8;
    %store/vec4 v0x5635b08f8cb0_0, 0, 8;
    %jmp T_15.44;
T_15.43 ;
    %pushi/vec4 16, 0, 6;
    %store/vec4 v0x5635b08f9b10_0, 0, 6;
    %pushi/vec4 255, 0, 8;
    %store/vec4 v0x5635b08f8cb0_0, 0, 8;
T_15.44 ;
    %jmp T_15.36;
T_15.17 ;
    %pushi/vec4 1, 0, 1;
    %store/vec4 v0x5635b08f8f80_0, 0, 1;
    %pushi/vec4 0, 0, 1;
    %store/vec4 v0x5635b08f8ee0_0, 0, 1;
    %pushi/vec4 0, 0, 1;
    %store/vec4 v0x5635b08f87e0_0, 0, 1;
    %pushi/vec4 18, 0, 6;
    %store/vec4 v0x5635b08f9b10_0, 0, 6;
    %pushi/vec4 105, 0, 8;
    %store/vec4 v0x5635b08f8cb0_0, 0, 8;
    %jmp T_15.36;
T_15.18 ;
    %pushi/vec4 1, 0, 1;
    %store/vec4 v0x5635b08f8f80_0, 0, 1;
    %pushi/vec4 0, 0, 1;
    %store/vec4 v0x5635b08f8ee0_0, 0, 1;
    %pushi/vec4 0, 0, 1;
    %store/vec4 v0x5635b08f87e0_0, 0, 1;
    %pushi/vec4 19, 0, 6;
    %store/vec4 v0x5635b08f9b10_0, 0, 6;
    %pushi/vec4 64, 0, 8;
    %store/vec4 v0x5635b08f8cb0_0, 0, 8;
    %jmp T_15.36;
T_15.19 ;
    %pushi/vec4 1, 0, 1;
    %store/vec4 v0x5635b08f8f80_0, 0, 1;
    %pushi/vec4 0, 0, 1;
    %store/vec4 v0x5635b08f8ee0_0, 0, 1;
    %pushi/vec4 0, 0, 1;
    %store/vec4 v0x5635b08f87e0_0, 0, 1;
    %pushi/vec4 20, 0, 6;
    %store/vec4 v0x5635b08f9b10_0, 0, 6;
    %pushi/vec4 0, 0, 8;
    %store/vec4 v0x5635b08f8cb0_0, 0, 8;
    %jmp T_15.36;
T_15.20 ;
    %pushi/vec4 1, 0, 1;
    %store/vec4 v0x5635b08f8f80_0, 0, 1;
    %pushi/vec4 0, 0, 1;
    %store/vec4 v0x5635b08f8ee0_0, 0, 1;
    %pushi/vec4 0, 0, 1;
    %store/vec4 v0x5635b08f87e0_0, 0, 1;
    %pushi/vec4 21, 0, 6;
    %store/vec4 v0x5635b08f9b10_0, 0, 6;
    %pushi/vec4 0, 0, 8;
    %store/vec4 v0x5635b08f8cb0_0, 0, 8;
    %jmp T_15.36;
T_15.21 ;
    %pushi/vec4 1, 0, 1;
    %store/vec4 v0x5635b08f8f80_0, 0, 1;
    %pushi/vec4 0, 0, 1;
    %store/vec4 v0x5635b08f8ee0_0, 0, 1;
    %pushi/vec4 0, 0, 1;
    %store/vec4 v0x5635b08f87e0_0, 0, 1;
    %pushi/vec4 22, 0, 6;
    %store/vec4 v0x5635b08f9b10_0, 0, 6;
    %pushi/vec4 0, 0, 8;
    %store/vec4 v0x5635b08f8cb0_0, 0, 8;
    %jmp T_15.36;
T_15.22 ;
    %pushi/vec4 1, 0, 1;
    %store/vec4 v0x5635b08f8f80_0, 0, 1;
    %pushi/vec4 0, 0, 1;
    %store/vec4 v0x5635b08f8ee0_0, 0, 1;
    %pushi/vec4 0, 0, 1;
    %store/vec4 v0x5635b08f87e0_0, 0, 1;
    %pushi/vec4 23, 0, 6;
    %store/vec4 v0x5635b08f9b10_0, 0, 6;
    %pushi/vec4 255, 0, 8;
    %store/vec4 v0x5635b08f8cb0_0, 0, 8;
    %jmp T_15.36;
T_15.23 ;
    %pushi/vec4 1, 0, 1;
    %store/vec4 v0x5635b08f8f80_0, 0, 1;
    %pushi/vec4 0, 0, 1;
    %store/vec4 v0x5635b08f8ee0_0, 0, 1;
    %pushi/vec4 0, 0, 1;
    %store/vec4 v0x5635b08f87e0_0, 0, 1;
    %load/vec4 v0x5635b08f8a60_0;
    %cmpi/ne 255, 0, 8;
    %jmp/0xz  T_15.45, 4;
    %load/vec4 v0x5635b08f8a60_0;
    %cmpi/e 0, 0, 8;
    %jmp/0xz  T_15.47, 4;
    %pushi/vec4 24, 0, 6;
    %store/vec4 v0x5635b08f9b10_0, 0, 6;
    %pushi/vec4 255, 0, 8;
    %store/vec4 v0x5635b08f8cb0_0, 0, 8;
    %jmp T_15.48;
T_15.47 ;
    %pushi/vec4 10, 0, 6;
    %store/vec4 v0x5635b08f9b10_0, 0, 6;
    %pushi/vec4 255, 0, 8;
    %store/vec4 v0x5635b08f8cb0_0, 0, 8;
T_15.48 ;
    %jmp T_15.46;
T_15.45 ;
    %pushi/vec4 23, 0, 6;
    %store/vec4 v0x5635b08f9b10_0, 0, 6;
    %pushi/vec4 255, 0, 8;
    %store/vec4 v0x5635b08f8cb0_0, 0, 8;
T_15.46 ;
    %jmp T_15.36;
T_15.24 ;
    %pushi/vec4 1, 0, 1;
    %store/vec4 v0x5635b08f8f80_0, 0, 1;
    %pushi/vec4 0, 0, 1;
    %store/vec4 v0x5635b08f8ee0_0, 0, 1;
    %pushi/vec4 0, 0, 1;
    %store/vec4 v0x5635b08f87e0_0, 0, 1;
    %pushi/vec4 25, 0, 6;
    %store/vec4 v0x5635b08f9b10_0, 0, 6;
    %pushi/vec4 81, 0, 8;
    %store/vec4 v0x5635b08f8cb0_0, 0, 8;
    %jmp T_15.36;
T_15.25 ;
    %pushi/vec4 1, 0, 1;
    %store/vec4 v0x5635b08f8f80_0, 0, 1;
    %pushi/vec4 0, 0, 1;
    %store/vec4 v0x5635b08f8ee0_0, 0, 1;
    %pushi/vec4 0, 0, 1;
    %store/vec4 v0x5635b08f87e0_0, 0, 1;
    %pushi/vec4 26, 0, 6;
    %store/vec4 v0x5635b08f9b10_0, 0, 6;
    %pushi/vec4 0, 0, 8;
    %store/vec4 v0x5635b08f8cb0_0, 0, 8;
    %jmp T_15.36;
T_15.26 ;
    %pushi/vec4 1, 0, 1;
    %store/vec4 v0x5635b08f8f80_0, 0, 1;
    %pushi/vec4 0, 0, 1;
    %store/vec4 v0x5635b08f8ee0_0, 0, 1;
    %pushi/vec4 0, 0, 1;
    %store/vec4 v0x5635b08f87e0_0, 0, 1;
    %pushi/vec4 27, 0, 6;
    %store/vec4 v0x5635b08f9b10_0, 0, 6;
    %load/vec4 v0x5635b08f8610_0;
    %parti/s 8, 8, 5;
    %store/vec4 v0x5635b08f8cb0_0, 0, 8;
    %jmp T_15.36;
T_15.27 ;
    %pushi/vec4 1, 0, 1;
    %store/vec4 v0x5635b08f8f80_0, 0, 1;
    %pushi/vec4 0, 0, 1;
    %store/vec4 v0x5635b08f8ee0_0, 0, 1;
    %pushi/vec4 0, 0, 1;
    %store/vec4 v0x5635b08f87e0_0, 0, 1;
    %pushi/vec4 28, 0, 6;
    %store/vec4 v0x5635b08f9b10_0, 0, 6;
    %load/vec4 v0x5635b08f8610_0;
    %parti/s 8, 0, 2;
    %store/vec4 v0x5635b08f8cb0_0, 0, 8;
    %jmp T_15.36;
T_15.28 ;
    %pushi/vec4 1, 0, 1;
    %store/vec4 v0x5635b08f8f80_0, 0, 1;
    %pushi/vec4 0, 0, 1;
    %store/vec4 v0x5635b08f8ee0_0, 0, 1;
    %pushi/vec4 0, 0, 1;
    %store/vec4 v0x5635b08f87e0_0, 0, 1;
    %pushi/vec4 29, 0, 6;
    %store/vec4 v0x5635b08f9b10_0, 0, 6;
    %pushi/vec4 0, 0, 8;
    %store/vec4 v0x5635b08f8cb0_0, 0, 8;
    %jmp T_15.36;
T_15.29 ;
    %pushi/vec4 1, 0, 1;
    %store/vec4 v0x5635b08f8f80_0, 0, 1;
    %pushi/vec4 0, 0, 1;
    %store/vec4 v0x5635b08f8ee0_0, 0, 1;
    %pushi/vec4 0, 0, 1;
    %store/vec4 v0x5635b08f87e0_0, 0, 1;
    %pushi/vec4 30, 0, 6;
    %store/vec4 v0x5635b08f9b10_0, 0, 6;
    %pushi/vec4 1, 0, 8;
    %store/vec4 v0x5635b08f8cb0_0, 0, 8;
    %jmp T_15.36;
T_15.30 ;
    %pushi/vec4 1, 0, 1;
    %store/vec4 v0x5635b08f8f80_0, 0, 1;
    %pushi/vec4 0, 0, 1;
    %store/vec4 v0x5635b08f8ee0_0, 0, 1;
    %pushi/vec4 0, 0, 1;
    %store/vec4 v0x5635b08f87e0_0, 0, 1;
    %load/vec4 v0x5635b08f8a60_0;
    %cmpi/e 0, 0, 8;
    %jmp/0xz  T_15.49, 4;
    %pushi/vec4 31, 0, 6;
    %store/vec4 v0x5635b08f9b10_0, 0, 6;
    %pushi/vec4 255, 0, 8;
    %store/vec4 v0x5635b08f8cb0_0, 0, 8;
    %jmp T_15.50;
T_15.49 ;
    %pushi/vec4 30, 0, 6;
    %store/vec4 v0x5635b08f9b10_0, 0, 6;
    %pushi/vec4 255, 0, 8;
    %store/vec4 v0x5635b08f8cb0_0, 0, 8;
T_15.50 ;
    %jmp T_15.36;
T_15.31 ;
    %pushi/vec4 1, 0, 1;
    %store/vec4 v0x5635b08f8f80_0, 0, 1;
    %pushi/vec4 0, 0, 1;
    %store/vec4 v0x5635b08f8ee0_0, 0, 1;
    %pushi/vec4 0, 0, 1;
    %store/vec4 v0x5635b08f87e0_0, 0, 1;
    %load/vec4 v0x5635b08f8a60_0;
    %cmpi/ne 255, 0, 8;
    %jmp/0xz  T_15.51, 4;
    %pushi/vec4 32, 0, 6;
    %store/vec4 v0x5635b08f9b10_0, 0, 6;
    %pushi/vec4 1, 0, 1;
    %store/vec4 v0x5635b08f88b0_0, 0, 1;
T_15.51 ;
    %jmp T_15.36;
T_15.32 ;
    %pushi/vec4 255, 0, 8;
    %store/vec4 v0x5635b08f8cb0_0, 0, 8;
    %pushi/vec4 1, 0, 1;
    %store/vec4 v0x5635b08f8f80_0, 0, 1;
    %pushi/vec4 0, 0, 1;
    %store/vec4 v0x5635b08f8ee0_0, 0, 1;
    %load/vec4 v0x5635b08f96b0_0;
    %pad/u 32;
    %cmpi/u 512, 0, 32;
    %jmp/0xz  T_15.53, 5;
    %pushi/vec4 1, 0, 1;
    %store/vec4 v0x5635b08f87e0_0, 0, 1;
    %pushi/vec4 32, 0, 6;
    %store/vec4 v0x5635b08f9b10_0, 0, 6;
    %jmp T_15.54;
T_15.53 ;
    %pushi/vec4 0, 0, 1;
    %store/vec4 v0x5635b08f87e0_0, 0, 1;
    %pushi/vec4 0, 0, 1;
    %assign/vec4 v0x5635b08f88b0_0, 0;
    %pushi/vec4 33, 0, 6;
    %store/vec4 v0x5635b08f9b10_0, 0, 6;
T_15.54 ;
    %jmp T_15.36;
T_15.33 ;
    %pushi/vec4 1, 0, 1;
    %store/vec4 v0x5635b08f8f80_0, 0, 1;
    %pushi/vec4 0, 0, 1;
    %store/vec4 v0x5635b08f8ee0_0, 0, 1;
    %pushi/vec4 0, 0, 1;
    %store/vec4 v0x5635b08f87e0_0, 0, 1;
    %pushi/vec4 255, 0, 8;
    %store/vec4 v0x5635b08f8cb0_0, 0, 8;
    %pushi/vec4 24, 0, 6;
    %store/vec4 v0x5635b08f9b10_0, 0, 6;
    %jmp T_15.36;
T_15.34 ;
    %pushi/vec4 255, 0, 8;
    %assign/vec4 v0x5635b08f8cb0_0, 0;
    %pushi/vec4 0, 0, 1;
    %assign/vec4 v0x5635b08f8f80_0, 0;
    %pushi/vec4 0, 0, 1;
    %store/vec4 v0x5635b08f87e0_0, 0, 1;
    %jmp T_15.36;
T_15.36 ;
    %pop/vec4 1;
    %jmp T_15;
    .thread T_15, $push;
    .scope S_0x5635b08d4060;
T_16 ;
    %wait E_0x5635b089aad0;
    %load/vec4 v0x5635b08f8950_0;
    %assign/vec4 v0x5635b08f8610_0, 0;
    %jmp T_16;
    .thread T_16;
    .scope S_0x5635b08be880;
T_17 ;
    %pushi/vec4 1, 0, 1;
    %store/vec4 v0x5635b08fa440_0, 0, 1;
    %pushi/vec4 0, 0, 1;
    %store/vec4 v0x5635b08fa0d0_0, 0, 1;
    %pushi/vec4 0, 0, 1;
    %store/vec4 v0x5635b08fa3a0_0, 0, 1;
    %pushi/vec4 0, 0, 16;
    %store/vec4 v0x5635b08f9e50_0, 0, 16;
    %delay 1446750000, 0;
    %pushi/vec4 1, 0, 1;
    %store/vec4 v0x5635b08fa0d0_0, 0, 1;
    %delay 2500000, 0;
    %pushi/vec4 0, 0, 1;
    %store/vec4 v0x5635b08fa0d0_0, 0, 1;
    %delay 2500000, 0;
    %pushi/vec4 1, 0, 1;
    %store/vec4 v0x5635b08fa0d0_0, 0, 1;
    %delay 2500000, 0;
    %pushi/vec4 0, 0, 1;
    %store/vec4 v0x5635b08fa0d0_0, 0, 1;
    %delay 2500000, 0;
    %pushi/vec4 1, 0, 1;
    %store/vec4 v0x5635b08fa0d0_0, 0, 1;
    %delay 2500000, 0;
    %pushi/vec4 0, 0, 1;
    %store/vec4 v0x5635b08fa0d0_0, 0, 1;
    %delay 2500000, 0;
    %pushi/vec4 1, 0, 1;
    %store/vec4 v0x5635b08fa0d0_0, 0, 1;
    %delay 2500000, 0;
    %pushi/vec4 0, 0, 1;
    %store/vec4 v0x5635b08fa0d0_0, 0, 1;
    %delay 2500000, 0;
    %pushi/vec4 1, 0, 1;
    %store/vec4 v0x5635b08fa0d0_0, 0, 1;
    %delay 401750000, 0;
    %pushi/vec4 0, 0, 1;
    %store/vec4 v0x5635b08fa0d0_0, 0, 1;
    %delay 17500000, 0;
    %pushi/vec4 1, 0, 1;
    %store/vec4 v0x5635b08fa0d0_0, 0, 1;
    %delay 142500000, 0;
    %pushi/vec4 0, 0, 1;
    %store/vec4 v0x5635b08fa0d0_0, 0, 1;
    %delay 17500000, 0;
    %pushi/vec4 1, 0, 1;
    %store/vec4 v0x5635b08fa0d0_0, 0, 1;
    %delay 142500000, 0;
    %pushi/vec4 0, 0, 1;
    %store/vec4 v0x5635b08fa0d0_0, 0, 1;
    %delay 20000000, 0;
    %pushi/vec4 1, 0, 1;
    %store/vec4 v0x5635b08fa0d0_0, 0, 1;
    %end;
    .thread T_17;
    .scope S_0x5635b08be880;
T_18 ;
    %load/vec4 v0x5635b08fa440_0;
    %inv;
    %store/vec4 v0x5635b08fa300_0, 0, 1;
    %pushi/vec4 5000, 0, 64;
    %ix/vec4 4;
    %delayx 4;
    %load/vec4 v0x5635b08fa300_0;
    %store/vec4 v0x5635b08fa440_0, 0, 1;
    %jmp T_18;
    .thread T_18;
    .scope S_0x5635b08be880;
T_19 ;
    %fork t_1, S_0x5635b08d3ee0;
    %jmp t_0;
    .scope S_0x5635b08d3ee0;
t_1 ;
    %vpi_call 2 74 "$dumpfile", "SoC.vcd" {0 0 0};
    %vpi_call 2 75 "$dumpvars", 32'sb11111111111111111111111111111111, S_0x5635b08d4060 {0 0 0};
    %delay 4000000000, 0;
    %vpi_call 2 76 "$finish" {0 0 0};
    %end;
    .scope S_0x5635b08be880;
t_0 %join;
    %end;
    .thread T_19;
# The file index is used to find the file name in the following table.
:file_names 6;
    "N/A";
    "<interactive>";
    "Hardware/Peripheral_AudVid/SubPeripheral_SD_SPI/SD_SPI_TB.v";
    "Hardware/Peripheral_AudVid/SubPeripheral_SD_SPI/SD_SPI.v";
    "Hardware/Peripheral_AudVid/SubPeripheral_SD_SPI/FullSPI.v";
    "utilities/FrequencyGenerator.v";
