Copyright 1986-2018 Xilinx, Inc. All Rights Reserved.
-----------------------------------------------------------------------------------------------
| Tool Version : Vivado v.2018.2.1 (lin64) Build 2288692 Thu Jul 26 18:23:50 MDT 2018
| Date         : Tue Mar  5 22:12:47 2019
| Host         : camilo-X455LAB running 64-bit Ubuntu 18.04.2 LTS
| Command      : report_utilization -hierarchical -file top_utilization_hierarchical_place.rpt
| Design       : top
| Device       : 7a35tcpg236-1
| Design State : Fully Placed
-----------------------------------------------------------------------------------------------

Utilization Design Information

Table of Contents
-----------------
1. Utilization by Hierarchy

1. Utilization by Hierarchy
---------------------------

+-------------------------------+-----------------------------+------------+------------+---------+------+-----+--------+--------+--------------+
|            Instance           |            Module           | Total LUTs | Logic LUTs | LUTRAMs | SRLs | FFs | RAMB36 | RAMB18 | DSP48 Blocks |
+-------------------------------+-----------------------------+------------+------------+---------+------+-----+--------+--------+--------------+
| top                           |                       (top) |        203 |        203 |       0 |    0 | 364 |      0 |      1 |            0 |
|   (top)                       |                       (top) |          0 |          0 |       0 |    0 |   0 |      0 |      0 |            0 |
|   Audio                       |                       Audio |        203 |        203 |       0 |    0 | 364 |      0 |      1 |            0 |
|     (Audio)                   |                       Audio |          8 |          8 |       0 |    0 |  17 |      0 |      1 |            0 |
|     SoundTrackSynthesizer     |                 Synthesizer |        178 |        178 |       0 |    0 | 299 |      0 |      0 |            0 |
|       (SoundTrackSynthesizer) |                 Synthesizer |          0 |          0 |       0 |    0 |   4 |      0 |      0 |            0 |
|       A3                      |                  Oscillator |         10 |         10 |       0 |    0 |  20 |      0 |      0 |            0 |
|       A4                      | Oscillator__parameterized11 |         10 |         10 |       0 |    0 |  19 |      0 |      0 |            0 |
|       ASharp3                 |  Oscillator__parameterized0 |         10 |         10 |       0 |    0 |  20 |      0 |      0 |            0 |
|       ASharp4                 | Oscillator__parameterized12 |         10 |         10 |       0 |    0 |  19 |      0 |      0 |            0 |
|       B3                      |  Oscillator__parameterized1 |         15 |         15 |       0 |    0 |  20 |      0 |      0 |            0 |
|       B4                      | Oscillator__parameterized13 |         17 |         17 |       0 |    0 |  19 |      0 |      0 |            0 |
|       C4                      |  Oscillator__parameterized2 |         12 |         12 |       0 |    0 |  20 |      0 |      0 |            0 |
|       CSharp4                 |  Oscillator__parameterized3 |         12 |         12 |       0 |    0 |  20 |      0 |      0 |            0 |
|       D4                      |  Oscillator__parameterized4 |         14 |         14 |       0 |    0 |  20 |      0 |      0 |            0 |
|       DSharp4                 |  Oscillator__parameterized5 |         14 |         14 |       0 |    0 |  20 |      0 |      0 |            0 |
|       E4                      |  Oscillator__parameterized6 |         13 |         13 |       0 |    0 |  20 |      0 |      0 |            0 |
|       F4                      |  Oscillator__parameterized7 |         10 |         10 |       0 |    0 |  20 |      0 |      0 |            0 |
|       FSharp4                 |  Oscillator__parameterized8 |          9 |          9 |       0 |    0 |  20 |      0 |      0 |            0 |
|       G4                      |  Oscillator__parameterized9 |         11 |         11 |       0 |    0 |  19 |      0 |      0 |            0 |
|       GSharp4                 | Oscillator__parameterized10 |         11 |         11 |       0 |    0 |  19 |      0 |      0 |            0 |
|     audio_clockmanager        |          Audio_ClockManager |          2 |          2 |       0 |    0 |  12 |      0 |      0 |            0 |
|       (audio_clockmanager)    |          Audio_ClockManager |          2 |          2 |       0 |    0 |   4 |      0 |      0 |            0 |
|       cm2                     |                         CM2 |          0 |          0 |       0 |    0 |   8 |      0 |      0 |            0 |
|     i2s                       |                         I2S |          6 |          6 |       0 |    0 |  10 |      0 |      0 |            0 |
|     spiInitClock              |          FrequencyGenerator |          9 |          9 |       0 |    0 |  26 |      0 |      0 |            0 |
+-------------------------------+-----------------------------+------------+------------+---------+------+-----+--------+--------+--------------+
* Note: The sum of lower-level cells may be larger than their parent cells total, due to cross-hierarchy LUT combining


