Copyright 1986-2018 Xilinx, Inc. All Rights Reserved.
--------------------------------------------------------------------------------------
| Tool Version : Vivado v.2018.2.1 (lin64) Build 2288692 Thu Jul 26 18:23:50 MDT 2018
| Date         : Thu Feb 28 13:12:19 2019
| Host         : camilo-X455LAB running 64-bit Ubuntu 18.04.2 LTS
| Command      : report_clock_utilization -file top_clock_utilization.rpt
| Design       : top
| Device       : 7a35t-cpg236
| Speed File   : -1  PRODUCTION 1.23 2018-06-13
--------------------------------------------------------------------------------------

Clock Utilization Report

Table of Contents
-----------------
1. Clock Primitive Utilization
2. Global Clock Resources
3. Global Clock Source Details
4. Local Clock Details
5. Clock Regions: Key Resource Utilization
6. Clock Regions : Global Clock Summary
7. Device Cell Placement Summary for Global Clock g0
8. Device Cell Placement Summary for Global Clock g1
9. Device Cell Placement Summary for Global Clock g2
10. Device Cell Placement Summary for Global Clock g3
11. Device Cell Placement Summary for Global Clock g4
12. Device Cell Placement Summary for Global Clock g5
13. Device Cell Placement Summary for Global Clock g6
14. Device Cell Placement Summary for Global Clock g7
15. Clock Region Cell Placement per Global Clock: Region X0Y0
16. Clock Region Cell Placement per Global Clock: Region X1Y0

1. Clock Primitive Utilization
------------------------------

+----------+------+-----------+-----+--------------+--------+
| Type     | Used | Available | LOC | Clock Region | Pblock |
+----------+------+-----------+-----+--------------+--------+
| BUFGCTRL |    6 |        32 |   0 |            0 |      0 |
| BUFH     |    2 |        72 |   0 |            0 |      0 |
| BUFIO    |    0 |        20 |   0 |            0 |      0 |
| BUFMR    |    0 |        10 |   0 |            0 |      0 |
| BUFR     |    0 |        20 |   0 |            0 |      0 |
| MMCM     |    1 |         5 |   0 |            0 |      0 |
| PLL      |    0 |         5 |   0 |            0 |      0 |
+----------+------+-----------+-----+--------------+--------+


2. Global Clock Resources
-------------------------

+-----------+-----------+-----------------+------------+---------------+--------------+-------------------+-------------+-----------------+--------------+--------------------------------+-------------------------------------------------------------------+---------------------------------------------------------------------------------------+
| Global Id | Source Id | Driver Type/Pin | Constraint | Site          | Clock Region | Load Clock Region | Clock Loads | Non-Clock Loads | Clock Period | Clock                          | Driver Pin                                                        | Net                                                                                   |
+-----------+-----------+-----------------+------------+---------------+--------------+-------------------+-------------+-----------------+--------------+--------------------------------+-------------------------------------------------------------------+---------------------------------------------------------------------------------------+
| g0        | src0      | BUFG/O          | None       | BUFGCTRL_X0Y0 | n/a          |                 1 |          55 |               0 |              |                                | FSM_onehot_count_reg[33]_i_2/O                                    | DataClock                                                                             |
| g1        | src1      | BUFH/O          | None       | BUFHCE_X0Y0   | X0Y0         |                 1 |           8 |               0 |       10.000 | MasterClocK_reloj1_clk_wiz_0_0 | AudVid_ClockManager/Reloj1/MainClockWizard/inst/clkout1_buf_en1/O | AudVid_ClockManager/Reloj1/MainClockWizard/inst/MasterClocK_reloj1_clk_wiz_0_0_en_clk |
| g2        | src1      | BUFGCTRL/O      | None       | BUFGCTRL_X0Y2 | n/a          |                 1 |           2 |               0 |       10.000 | MasterClocK_reloj1_clk_wiz_0_0 | AudVid_ClockManager/Reloj1/MainClockWizard/inst/clkout1_buf1/O    | AudVid_ClockManager/Reloj1/MainClockWizard/inst/MasterCLK                             |
| g3        | src1      | BUFH/O          | None       | BUFHCE_X0Y1   | X0Y0         |                 1 |           8 |               0 |       80.000 | SD_Clock_reloj1_clk_wiz_0_0    | AudVid_ClockManager/Reloj1/MainClockWizard/inst/clkout2_buf_en1/O | AudVid_ClockManager/Reloj1/MainClockWizard/inst/SD_Clock_reloj1_clk_wiz_0_0_en_clk    |
| g4        | src1      | BUFGCTRL/O      | None       | BUFGCTRL_X0Y1 | n/a          |                 2 |           7 |               5 |       80.000 | SD_Clock_reloj1_clk_wiz_0_0    | AudVid_ClockManager/Reloj1/MainClockWizard/inst/clkout2_buf1/O    | AudVid_ClockManager/Reloj1/MainClockWizard/inst/SD_WorkCLK                            |
| g5        | src1      | BUFG/O          | None       | BUFGCTRL_X0Y4 | n/a          |                 1 |           1 |               0 |       10.000 | clkfbout_reloj1_clk_wiz_0_0    | AudVid_ClockManager/Reloj1/MainClockWizard/inst/clkf_buf1/O       | AudVid_ClockManager/Reloj1/MainClockWizard/inst/clkfbout_buf_reloj1_clk_wiz_0_0       |
| g6        | src2      | BUFGCTRL/O      | None       | BUFGCTRL_X0Y5 | n/a          |                 1 |           0 |               1 |          n/a | n/a                            | SD_SPI/spiInitClock/negedgeBuffer/O                               | SD_SPI/spiInitClock/SPI_InitClock_negedge                                             |
| g7        | src3      | BUFGCTRL/O      | None       | BUFGCTRL_X0Y3 | n/a          |                 1 |           0 |               2 |          n/a | n/a                            | SD_SPI/spiInitClock/posedgeBuffer/O                               | SD_SPI/spiInitClock/SPI_InitClock_posedge                                             |
+-----------+-----------+-----------------+------------+---------------+--------------+-------------------+-------------+-----------------+--------------+--------------------------------+-------------------------------------------------------------------+---------------------------------------------------------------------------------------+
* Clock Loads column represents the clock pin loads (pin count)
** Non-Clock Loads column represents the non-clock pin loads (pin count)


3. Global Clock Source Details
------------------------------

+-----------+-----------+---------------------+------------+-----------------+--------------+-------------+-----------------+---------------------+--------------------------------+-------------------------------------------------------------------------+--------------------------------------------------------------------------------+
| Source Id | Global Id | Driver Type/Pin     | Constraint | Site            | Clock Region | Clock Loads | Non-Clock Loads | Source Clock Period | Source Clock                   | Driver Pin                                                              | Net                                                                            |
+-----------+-----------+---------------------+------------+-----------------+--------------+-------------+-----------------+---------------------+--------------------------------+-------------------------------------------------------------------------+--------------------------------------------------------------------------------+
| src0      | g0        | FDRE/Q              | None       | SLICE_X38Y46    | X1Y0         |           1 |               1 |                     |                                | SD_SPI/spi/DataClk_reg/Q                                                | SD_SPI/spi/DataClk_reg_0                                                       |
| src1      | g1, g2    | MMCME2_ADV/CLKOUT0  | None       | MMCME2_ADV_X1Y0 | X1Y0         |           2 |               0 |              10.000 | MasterClocK_reloj1_clk_wiz_0_0 | AudVid_ClockManager/Reloj1/MainClockWizard/inst/mmcm_adv_inst1/CLKOUT0  | AudVid_ClockManager/Reloj1/MainClockWizard/inst/MasterClocK_reloj1_clk_wiz_0_0 |
| src1      | g3, g4    | MMCME2_ADV/CLKOUT1  | None       | MMCME2_ADV_X1Y0 | X1Y0         |           2 |               0 |              80.000 | SD_Clock_reloj1_clk_wiz_0_0    | AudVid_ClockManager/Reloj1/MainClockWizard/inst/mmcm_adv_inst1/CLKOUT1  | AudVid_ClockManager/Reloj1/MainClockWizard/inst/SD_Clock_reloj1_clk_wiz_0_0    |
| src1      | g5        | MMCME2_ADV/CLKFBOUT | None       | MMCME2_ADV_X1Y0 | X1Y0         |           1 |               0 |              10.000 | clkfbout_reloj1_clk_wiz_0_0    | AudVid_ClockManager/Reloj1/MainClockWizard/inst/mmcm_adv_inst1/CLKFBOUT | AudVid_ClockManager/Reloj1/MainClockWizard/inst/clkfbout_reloj1_clk_wiz_0_0    |
| src2      | g6        | LUT1/O              | None       | SLICE_X36Y47    | X1Y0         |           1 |               0 |                     |                                | SD_SPI/spiInitClock/negedgeBuffer_i_1/O                                 | SD_SPI/spiInitClock/I0                                                         |
| src3      | g7        | FDRE/Q              | None       | SLICE_X50Y48    | X1Y0         |           1 |               1 |                     |                                | SD_SPI/spiInitClock/OutputCLK_reg/Q                                     | SD_SPI/spiInitClock/OutputCLK                                                  |
+-----------+-----------+---------------------+------------+-----------------+--------------+-------------+-----------------+---------------------+--------------------------------+-------------------------------------------------------------------------+--------------------------------------------------------------------------------+
* Clock Loads column represents the clock pin loads (pin count)
** Non-Clock Loads column represents the non-clock pin loads (pin count)


4. Local Clock Details
----------------------

+----------+-----------------+------------+------------------+--------------+-------------+-----------------+--------------+-------+-----------------------------+-----------------------+
| Local Id | Driver Type/Pin | Constraint | Site/BEL         | Clock Region | Clock Loads | Non-Clock Loads | Clock Period | Clock | Driver Pin                  | Net                   |
+----------+-----------------+------------+------------------+--------------+-------------+-----------------+--------------+-------+-----------------------------+-----------------------||
| 0        | FDRE/Q          | None       | SLICE_X39Y45/AFF | X1Y0         |          16 |               1 |              |       | SD_SPI/EnableDataRead_reg/Q | SD_SPI/EnableDataRead - Static -
+----------+-----------------+------------+------------------+--------------+-------------+-----------------+--------------+-------+-----------------------------+-----------------------||
* Local Clocks in this context represents only clocks driven by non-global buffers
** Clock Loads column represents the clock pin loads (pin count)
*** Non-Clock Loads column represents the non-clock pin loads (pin count)


5. Clock Regions: Key Resource Utilization
------------------------------------------

+-------------------+--------------+--------------+--------------+--------------+--------------+--------------+--------------+--------------+--------------+--------------+--------------+--------------+--------------+--------------+--------------+
|                   | Global Clock |     BUFRs    |    BUFMRs    |    BUFIOs    |     MMCM     |      PLL     |      GT      |      PCI     |    ILOGIC    |    OLOGIC    |      FF      |     LUTM     |    RAMB18    |    RAMB36    |    DSP48E2   |
+-------------------+------+-------+------+-------+------+-------+------+-------+------+-------+------+-------+------+-------+------+-------+------+-------+------+-------+------+-------+------+-------+------+-------+------+-------+------+-------+
| Clock Region Name | Used | Avail | Used | Avail | Used | Avail | Used | Avail | Used | Avail | Used | Avail | Used | Avail | Used | Avail | Used | Avail | Used | Avail | Used | Avail | Used | Avail | Used | Avail | Used | Avail | Used | Avail |
+-------------------+------+-------+------+-------+------+-------+------+-------+------+-------+------+-------+------+-------+------+-------+------+-------+------+-------+------+-------+------+-------+------+-------+------+-------+------+-------+
| X0Y0              |    2 |    12 |    0 |     4 |    0 |     2 |    0 |     4 |    0 |     1 |    0 |     1 |    0 |     0 |    0 |     0 |    0 |    50 |    0 |    50 |   16 |  1200 |    8 |   400 |    0 |    20 |    0 |    10 |    0 |    20 |
| X1Y0              |    6 |    12 |    0 |     4 |    0 |     2 |    0 |     4 |    1 |     1 |    0 |     1 |    0 |     0 |    0 |     0 |    0 |    50 |    0 |    50 |   80 |  1500 |   21 |   450 |    0 |    40 |    0 |    20 |    0 |    20 |
| X0Y1              |    0 |    12 |    0 |     4 |    0 |     2 |    0 |     4 |    0 |     1 |    0 |     1 |    0 |     0 |    0 |     0 |    0 |    50 |    0 |    50 |    0 |  1200 |    0 |   400 |    0 |    20 |    0 |    10 |    0 |    20 |
| X1Y1              |    0 |    12 |    0 |     4 |    0 |     2 |    0 |     4 |    0 |     1 |    0 |     1 |    0 |     0 |    0 |     0 |    0 |    50 |    0 |    50 |    0 |  1500 |    0 |   450 |    0 |    40 |    0 |    20 |    0 |    20 |
| X0Y2              |    0 |    12 |    0 |     4 |    0 |     2 |    0 |     4 |    0 |     1 |    0 |     1 |    0 |     0 |    0 |     0 |    0 |    50 |    0 |    50 |    0 |  1800 |    0 |   400 |    0 |    20 |    0 |    10 |    0 |    20 |
| X1Y2              |    0 |    12 |    0 |     0 |    0 |     0 |    0 |     0 |    0 |     0 |    0 |     0 |    0 |     4 |    0 |     1 |    0 |     0 |    0 |     0 |    0 |   950 |    0 |   300 |    0 |    10 |    0 |     5 |    0 |    20 |
+-------------------+------+-------+------+-------+------+-------+------+-------+------+-------+------+-------+------+-------+------+-------+------+-------+------+-------+------+-------+------+-------+------+-------+------+-------+------+-------+
* Global Clock column represents track count; while other columns represents cell counts


6. Clock Regions : Global Clock Summary
---------------------------------------

All Modules
+----+----+----+
|    | X0 | X1 |
+----+----+----+
| Y2 |  0 |  0 |
| Y1 |  0 |  0 |
| Y0 |  2 |  6 |
+----+----+----+


7. Device Cell Placement Summary for Global Clock g0
----------------------------------------------------

+-----------+-----------------+-------------------+-------+-------------+---------------+-------------+----------+----------------+----------+-----------+
| Global Id | Driver Type/Pin | Driver Region (D) | Clock | Period (ns) | Waveform (ns) | Slice Loads | IO Loads | Clocking Loads | GT Loads | Net       |
+-----------+-----------------+-------------------+-------+-------------+---------------+-------------+----------+----------------+----------+-----------+
| g0        | BUFG/O          | n/a               |       |             |               |          55 |        0 |              0 |        0 | DataClock |
+-----------+-----------------+-------------------+-------+-------------+---------------+-------------+----------+----------------+----------+-----------+
* Logic Loads column represents load cell count of all cell types other than IO, GT and clock resources
** IO Loads column represents load cell count of IO types
*** Clocking Loads column represents load cell count that are clock resources (global clock buffer, MMCM, PLL, etc)
**** GT Loads column represents load cell count of GT types


+----+----+-----+
|    | X0 | X1  |
+----+----+-----+
| Y2 |  0 |   0 |
| Y1 |  0 |   0 |
| Y0 |  0 |  55 |
+----+----+-----+


8. Device Cell Placement Summary for Global Clock g1
----------------------------------------------------

+-----------+-----------------+-------------------+--------------------------------+-------------+---------------+-------------+----------+----------------+----------+---------------------------------------------------------------------------------------+
| Global Id | Driver Type/Pin | Driver Region (D) | Clock                          | Period (ns) | Waveform (ns) | Slice Loads | IO Loads | Clocking Loads | GT Loads | Net                                                                                   |
+-----------+-----------------+-------------------+--------------------------------+-------------+---------------+-------------+----------+----------------+----------+---------------------------------------------------------------------------------------+
| g1        | BUFH/O          | X0Y0              | MasterClocK_reloj1_clk_wiz_0_0 |      10.000 | {0.000 5.000} |           8 |        0 |              0 |        0 | AudVid_ClockManager/Reloj1/MainClockWizard/inst/MasterClocK_reloj1_clk_wiz_0_0_en_clk |
+-----------+-----------------+-------------------+--------------------------------+-------------+---------------+-------------+----------+----------------+----------+---------------------------------------------------------------------------------------+
* Logic Loads column represents load cell count of all cell types other than IO, GT and clock resources
** IO Loads column represents load cell count of IO types
*** Clocking Loads column represents load cell count that are clock resources (global clock buffer, MMCM, PLL, etc)
**** GT Loads column represents load cell count of GT types


+----+--------+----+
|    | X0     | X1 |
+----+--------+----+
| Y2 |      0 |  0 |
| Y1 |      0 |  0 |
| Y0 |  (D) 8 |  0 |
+----+--------+----+


9. Device Cell Placement Summary for Global Clock g2
----------------------------------------------------

+-----------+-----------------+-------------------+--------------------------------+-------------+---------------+-------------+----------+----------------+----------+-----------------------------------------------------------+
| Global Id | Driver Type/Pin | Driver Region (D) | Clock                          | Period (ns) | Waveform (ns) | Slice Loads | IO Loads | Clocking Loads | GT Loads | Net                                                       |
+-----------+-----------------+-------------------+--------------------------------+-------------+---------------+-------------+----------+----------------+----------+-----------------------------------------------------------+
| g2        | BUFGCTRL/O      | n/a               | MasterClocK_reloj1_clk_wiz_0_0 |      10.000 | {0.000 5.000} |           2 |        0 |              0 |        0 | AudVid_ClockManager/Reloj1/MainClockWizard/inst/MasterCLK |
+-----------+-----------------+-------------------+--------------------------------+-------------+---------------+-------------+----------+----------------+----------+-----------------------------------------------------------+
* Logic Loads column represents load cell count of all cell types other than IO, GT and clock resources
** IO Loads column represents load cell count of IO types
*** Clocking Loads column represents load cell count that are clock resources (global clock buffer, MMCM, PLL, etc)
**** GT Loads column represents load cell count of GT types


+----+----+----+
|    | X0 | X1 |
+----+----+----+
| Y2 |  0 |  0 |
| Y1 |  0 |  0 |
| Y0 |  0 |  2 |
+----+----+----+


10. Device Cell Placement Summary for Global Clock g3
-----------------------------------------------------

+-----------+-----------------+-------------------+-----------------------------+-------------+----------------+-------------+----------+----------------+----------+------------------------------------------------------------------------------------+
| Global Id | Driver Type/Pin | Driver Region (D) | Clock                       | Period (ns) | Waveform (ns)  | Slice Loads | IO Loads | Clocking Loads | GT Loads | Net                                                                                |
+-----------+-----------------+-------------------+-----------------------------+-------------+----------------+-------------+----------+----------------+----------+------------------------------------------------------------------------------------+
| g3        | BUFH/O          | X0Y0              | SD_Clock_reloj1_clk_wiz_0_0 |      80.000 | {0.000 40.000} |           8 |        0 |              0 |        0 | AudVid_ClockManager/Reloj1/MainClockWizard/inst/SD_Clock_reloj1_clk_wiz_0_0_en_clk |
+-----------+-----------------+-------------------+-----------------------------+-------------+----------------+-------------+----------+----------------+----------+------------------------------------------------------------------------------------+
* Logic Loads column represents load cell count of all cell types other than IO, GT and clock resources
** IO Loads column represents load cell count of IO types
*** Clocking Loads column represents load cell count that are clock resources (global clock buffer, MMCM, PLL, etc)
**** GT Loads column represents load cell count of GT types


+----+--------+----+
|    | X0     | X1 |
+----+--------+----+
| Y2 |      0 |  0 |
| Y1 |      0 |  0 |
| Y0 |  (D) 8 |  0 |
+----+--------+----+


11. Device Cell Placement Summary for Global Clock g4
-----------------------------------------------------

+-----------+-----------------+-------------------+-----------------------------+-------------+----------------+-------------+----------+----------------+----------+------------------------------------------------------------+
| Global Id | Driver Type/Pin | Driver Region (D) | Clock                       | Period (ns) | Waveform (ns)  | Slice Loads | IO Loads | Clocking Loads | GT Loads | Net                                                        |
+-----------+-----------------+-------------------+-----------------------------+-------------+----------------+-------------+----------+----------------+----------+------------------------------------------------------------+
| g4        | BUFGCTRL/O      | n/a               | SD_Clock_reloj1_clk_wiz_0_0 |      80.000 | {0.000 40.000} |          10 |        0 |              2 |        0 | AudVid_ClockManager/Reloj1/MainClockWizard/inst/SD_WorkCLK |
+-----------+-----------------+-------------------+-----------------------------+-------------+----------------+-------------+----------+----------------+----------+------------------------------------------------------------+
* Logic Loads column represents load cell count of all cell types other than IO, GT and clock resources
** IO Loads column represents load cell count of IO types
*** Clocking Loads column represents load cell count that are clock resources (global clock buffer, MMCM, PLL, etc)
**** GT Loads column represents load cell count of GT types


+----+----+-----+
|    | X0 | X1  |
+----+----+-----+
| Y2 |  0 |   0 |
| Y1 |  0 |   0 |
| Y0 |  0 |  10 |
+----+----+-----+


12. Device Cell Placement Summary for Global Clock g5
-----------------------------------------------------

+-----------+-----------------+-------------------+-----------------------------+-------------+---------------+-------------+----------+----------------+----------+---------------------------------------------------------------------------------+
| Global Id | Driver Type/Pin | Driver Region (D) | Clock                       | Period (ns) | Waveform (ns) | Slice Loads | IO Loads | Clocking Loads | GT Loads | Net                                                                             |
+-----------+-----------------+-------------------+-----------------------------+-------------+---------------+-------------+----------+----------------+----------+---------------------------------------------------------------------------------+
| g5        | BUFG/O          | n/a               | clkfbout_reloj1_clk_wiz_0_0 |      10.000 | {0.000 5.000} |           0 |        0 |              1 |        0 | AudVid_ClockManager/Reloj1/MainClockWizard/inst/clkfbout_buf_reloj1_clk_wiz_0_0 |
+-----------+-----------------+-------------------+-----------------------------+-------------+---------------+-------------+----------+----------------+----------+---------------------------------------------------------------------------------+
* Logic Loads column represents load cell count of all cell types other than IO, GT and clock resources
** IO Loads column represents load cell count of IO types
*** Clocking Loads column represents load cell count that are clock resources (global clock buffer, MMCM, PLL, etc)
**** GT Loads column represents load cell count of GT types


+----+----+----+
|    | X0 | X1 |
+----+----+----+
| Y2 |  0 |  0 |
| Y1 |  0 |  0 |
| Y0 |  0 |  1 |
+----+----+----+


13. Device Cell Placement Summary for Global Clock g6
-----------------------------------------------------

+-----------+-----------------+-------------------+-------+-------------+---------------+-------------+----------+----------------+----------+-------------------------------------------+
| Global Id | Driver Type/Pin | Driver Region (D) | Clock | Period (ns) | Waveform (ns) | Slice Loads | IO Loads | Clocking Loads | GT Loads | Net                                       |
+-----------+-----------------+-------------------+-------+-------------+---------------+-------------+----------+----------------+----------+-------------------------------------------+
| g6        | BUFGCTRL/O      | n/a               |       |             |               |           1 |        0 |              0 |        0 | SD_SPI/spiInitClock/SPI_InitClock_negedge |
+-----------+-----------------+-------------------+-------+-------------+---------------+-------------+----------+----------------+----------+-------------------------------------------+
* Logic Loads column represents load cell count of all cell types other than IO, GT and clock resources
** IO Loads column represents load cell count of IO types
*** Clocking Loads column represents load cell count that are clock resources (global clock buffer, MMCM, PLL, etc)
**** GT Loads column represents load cell count of GT types


+----+----+----+
|    | X0 | X1 |
+----+----+----+
| Y2 |  0 |  0 |
| Y1 |  0 |  0 |
| Y0 |  0 |  1 |
+----+----+----+


14. Device Cell Placement Summary for Global Clock g7
-----------------------------------------------------

+-----------+-----------------+-------------------+-------+-------------+---------------+-------------+----------+----------------+----------+-------------------------------------------+
| Global Id | Driver Type/Pin | Driver Region (D) | Clock | Period (ns) | Waveform (ns) | Slice Loads | IO Loads | Clocking Loads | GT Loads | Net                                       |
+-----------+-----------------+-------------------+-------+-------------+---------------+-------------+----------+----------------+----------+-------------------------------------------+
| g7        | BUFGCTRL/O      | n/a               |       |             |               |           2 |        0 |              0 |        0 | SD_SPI/spiInitClock/SPI_InitClock_posedge |
+-----------+-----------------+-------------------+-------+-------------+---------------+-------------+----------+----------------+----------+-------------------------------------------+
* Logic Loads column represents load cell count of all cell types other than IO, GT and clock resources
** IO Loads column represents load cell count of IO types
*** Clocking Loads column represents load cell count that are clock resources (global clock buffer, MMCM, PLL, etc)
**** GT Loads column represents load cell count of GT types


+----+----+----+
|    | X0 | X1 |
+----+----+----+
| Y2 |  0 |  0 |
| Y1 |  0 |  0 |
| Y0 |  0 |  2 |
+----+----+----+


15. Clock Region Cell Placement per Global Clock: Region X0Y0
-------------------------------------------------------------

+-----------+-------+-----------------+------------+-------------+-----------------+----+--------+------+-----+----+------+-----+---------+---------------------------------------------------------------------------------------+
| Global Id | Track | Driver Type/Pin | Constraint | Clock Loads | Non-Clock Loads | FF | LUTRAM | RAMB | DSP | GT | MMCM | PLL | Hard IP | Net                                                                                   |
+-----------+-------+-----------------+------------+-------------+-----------------+----+--------+------+-----+----+------+-----+---------+---------------------------------------------------------------------------------------+
| g1        | n/a   | BUFH/O          | None       |           8 |               0 |  8 |      0 |    0 |   0 |  0 |    0 |   0 |       0 | AudVid_ClockManager/Reloj1/MainClockWizard/inst/MasterClocK_reloj1_clk_wiz_0_0_en_clk |
| g3        | n/a   | BUFH/O          | None       |           8 |               0 |  8 |      0 |    0 |   0 |  0 |    0 |   0 |       0 | AudVid_ClockManager/Reloj1/MainClockWizard/inst/SD_Clock_reloj1_clk_wiz_0_0_en_clk    |
+-----------+-------+-----------------+------------+-------------+-----------------+----+--------+------+-----+----+------+-----+---------+---------------------------------------------------------------------------------------+
* Clock Loads column represents the clock pin loads (pin count)
** Non-Clock Loads column represents the non-clock pin loads (pin count)
*** Columns FF, LUTRAM, RAMB through 'Hard IP' represents load cell counts


16. Clock Region Cell Placement per Global Clock: Region X1Y0
-------------------------------------------------------------

+-----------+-------+-----------------+------------+-------------+-----------------+----+--------+------+-----+----+------+-----+---------+---------------------------------------------------------------------------------+
| Global Id | Track | Driver Type/Pin | Constraint | Clock Loads | Non-Clock Loads | FF | LUTRAM | RAMB | DSP | GT | MMCM | PLL | Hard IP | Net                                                                             |
+-----------+-------+-----------------+------------+-------------+-----------------+----+--------+------+-----+----+------+-----+---------+---------------------------------------------------------------------------------+
| g0        | n/a   | BUFG/O          | None       |          55 |               0 | 55 |      0 |    0 |   0 |  0 |    0 |   0 |       0 | DataClock                                                                       |
| g4        | n/a   | BUFGCTRL/O      | None       |           7 |               3 |  7 |      0 |    0 |   0 |  0 |    0 |   0 |       0 | AudVid_ClockManager/Reloj1/MainClockWizard/inst/SD_WorkCLK                      |
| g2        | n/a   | BUFGCTRL/O      | None       |           2 |               0 |  2 |      0 |    0 |   0 |  0 |    0 |   0 |       0 | AudVid_ClockManager/Reloj1/MainClockWizard/inst/MasterCLK                       |
| g5        | n/a   | BUFG/O          | None       |           1 |               0 |  0 |      0 |    0 |   0 |  0 |    1 |   0 |       0 | AudVid_ClockManager/Reloj1/MainClockWizard/inst/clkfbout_buf_reloj1_clk_wiz_0_0 |
| g6        | n/a   | BUFGCTRL/O      | None       |           0 |               1 |  0 |      0 |    0 |   0 |  0 |    0 |   0 |       0 | SD_SPI/spiInitClock/SPI_InitClock_negedge                                       |
| g7        | n/a   | BUFGCTRL/O      | None       |           0 |               2 |  0 |      0 |    0 |   0 |  0 |    0 |   0 |       0 | SD_SPI/spiInitClock/SPI_InitClock_posedge                                       |
+-----------+-------+-----------------+------------+-------------+-----------------+----+--------+------+-----+----+------+-----+---------+---------------------------------------------------------------------------------+
* Clock Loads column represents the clock pin loads (pin count)
** Non-Clock Loads column represents the non-clock pin loads (pin count)
*** Columns FF, LUTRAM, RAMB through 'Hard IP' represents load cell counts



# Location of BUFG Primitives 
set_property LOC BUFGCTRL_X0Y3 [get_cells SD_SPI/spiInitClock/posedgeBuffer]
set_property LOC BUFGCTRL_X0Y5 [get_cells SD_SPI/spiInitClock/negedgeBuffer]
set_property LOC BUFGCTRL_X0Y0 [get_cells FSM_onehot_count_reg[33]_i_2]
set_property LOC BUFGCTRL_X0Y4 [get_cells AudVid_ClockManager/Reloj1/MainClockWizard/inst/clkf_buf1]
set_property LOC BUFGCTRL_X0Y1 [get_cells AudVid_ClockManager/Reloj1/MainClockWizard/inst/clkout2_buf1]
set_property LOC BUFGCTRL_X0Y2 [get_cells AudVid_ClockManager/Reloj1/MainClockWizard/inst/clkout1_buf1]

# Location of BUFH Primitives 
set_property LOC BUFHCE_X0Y1 [get_cells AudVid_ClockManager/Reloj1/MainClockWizard/inst/clkout2_buf_en1]
set_property LOC BUFHCE_X0Y0 [get_cells AudVid_ClockManager/Reloj1/MainClockWizard/inst/clkout1_buf_en1]

# Location of IO Primitives which is load of clock spine

# Location of clock ports
set_property LOC IOB_X1Y26 [get_ports clk100]

# Clock net "SD_SPI/spiInitClock/SPI_InitClock_posedge" driven by instance "SD_SPI/spiInitClock/posedgeBuffer" located at site "BUFGCTRL_X0Y3"
#startgroup
create_pblock {CLKAG_SD_SPI/spiInitClock/SPI_InitClock_posedge}
add_cells_to_pblock [get_pblocks  {CLKAG_SD_SPI/spiInitClock/SPI_InitClock_posedge}] [get_cells -filter { PRIMITIVE_GROUP != I/O && IS_PRIMITIVE==1 && PRIMITIVE_LEVEL !=INTERNAL } -of_object [get_pins -filter {DIRECTION==IN} -of_objects [get_nets -hierarchical -filter {PARENT=="SD_SPI/spiInitClock/SPI_InitClock_posedge"}]]]
resize_pblock [get_pblocks {CLKAG_SD_SPI/spiInitClock/SPI_InitClock_posedge}] -add {CLOCKREGION_X0Y0:CLOCKREGION_X0Y0 CLOCKREGION_X0Y1:CLOCKREGION_X0Y1 CLOCKREGION_X0Y2:CLOCKREGION_X0Y2 CLOCKREGION_X1Y0:CLOCKREGION_X1Y0 CLOCKREGION_X1Y1:CLOCKREGION_X1Y1 CLOCKREGION_X1Y2:CLOCKREGION_X1Y2}
#endgroup

# Clock net "SD_SPI/spiInitClock/SPI_InitClock_negedge" driven by instance "SD_SPI/spiInitClock/negedgeBuffer" located at site "BUFGCTRL_X0Y5"
#startgroup
create_pblock {CLKAG_SD_SPI/spiInitClock/SPI_InitClock_negedge}
add_cells_to_pblock [get_pblocks  {CLKAG_SD_SPI/spiInitClock/SPI_InitClock_negedge}] [get_cells -filter { PRIMITIVE_GROUP != I/O && IS_PRIMITIVE==1 && PRIMITIVE_LEVEL !=INTERNAL } -of_object [get_pins -filter {DIRECTION==IN} -of_objects [get_nets -hierarchical -filter {PARENT=="SD_SPI/spiInitClock/SPI_InitClock_negedge"}]]]
resize_pblock [get_pblocks {CLKAG_SD_SPI/spiInitClock/SPI_InitClock_negedge}] -add {CLOCKREGION_X0Y0:CLOCKREGION_X0Y0 CLOCKREGION_X0Y1:CLOCKREGION_X0Y1 CLOCKREGION_X0Y2:CLOCKREGION_X0Y2 CLOCKREGION_X1Y0:CLOCKREGION_X1Y0 CLOCKREGION_X1Y1:CLOCKREGION_X1Y1 CLOCKREGION_X1Y2:CLOCKREGION_X1Y2}
#endgroup

# Clock net "DataClock" driven by instance "FSM_onehot_count_reg[33]_i_2" located at site "BUFGCTRL_X0Y0"
#startgroup
create_pblock {CLKAG_DataClock}
add_cells_to_pblock [get_pblocks  {CLKAG_DataClock}] [get_cells -filter { PRIMITIVE_GROUP != I/O && IS_PRIMITIVE==1 && PRIMITIVE_LEVEL !=INTERNAL } -of_object [get_pins -filter {DIRECTION==IN} -of_objects [get_nets -hierarchical -filter {PARENT=="DataClock"}]]]
resize_pblock [get_pblocks {CLKAG_DataClock}] -add {CLOCKREGION_X0Y0:CLOCKREGION_X0Y0 CLOCKREGION_X0Y1:CLOCKREGION_X0Y1 CLOCKREGION_X0Y2:CLOCKREGION_X0Y2 CLOCKREGION_X1Y0:CLOCKREGION_X1Y0 CLOCKREGION_X1Y1:CLOCKREGION_X1Y1 CLOCKREGION_X1Y2:CLOCKREGION_X1Y2}
#endgroup

# Clock net "AudVid_ClockManager/Reloj1/MainClockWizard/inst/SD_WorkCLK" driven by instance "AudVid_ClockManager/Reloj1/MainClockWizard/inst/clkout2_buf1" located at site "BUFGCTRL_X0Y1"
#startgroup
create_pblock {CLKAG_AudVid_ClockManager/Reloj1/MainClockWizard/inst/SD_WorkCLK}
add_cells_to_pblock [get_pblocks  {CLKAG_AudVid_ClockManager/Reloj1/MainClockWizard/inst/SD_WorkCLK}] [get_cells -filter { PRIMITIVE_GROUP != I/O && IS_PRIMITIVE==1 && PRIMITIVE_LEVEL !=INTERNAL && NAME!=SD_SPI/spiInitClock/posedgeBuffer && NAME!=SD_SPI/spiInitClock/negedgeBuffer} -of_object [get_pins -filter {DIRECTION==IN} -of_objects [get_nets -hierarchical -filter {PARENT=="AudVid_ClockManager/Reloj1/MainClockWizard/inst/SD_WorkCLK"}]]]
resize_pblock [get_pblocks {CLKAG_AudVid_ClockManager/Reloj1/MainClockWizard/inst/SD_WorkCLK}] -add {CLOCKREGION_X0Y0:CLOCKREGION_X0Y0 CLOCKREGION_X0Y1:CLOCKREGION_X0Y1 CLOCKREGION_X0Y2:CLOCKREGION_X0Y2 CLOCKREGION_X1Y0:CLOCKREGION_X1Y0 CLOCKREGION_X1Y1:CLOCKREGION_X1Y1 CLOCKREGION_X1Y2:CLOCKREGION_X1Y2}
#endgroup

# Clock net "AudVid_ClockManager/Reloj1/MainClockWizard/inst/SD_Clock_reloj1_clk_wiz_0_0_en_clk" driven by instance "AudVid_ClockManager/Reloj1/MainClockWizard/inst/clkout2_buf_en1" located at site "BUFHCE_X0Y1"
#startgroup
create_pblock {CLKAG_AudVid_ClockManager/Reloj1/MainClockWizard/inst/SD_Clock_reloj1_clk_wiz_0_0_en_clk}
add_cells_to_pblock [get_pblocks  {CLKAG_AudVid_ClockManager/Reloj1/MainClockWizard/inst/SD_Clock_reloj1_clk_wiz_0_0_en_clk}] [get_cells -filter { PRIMITIVE_GROUP != I/O && IS_PRIMITIVE==1 && PRIMITIVE_LEVEL !=INTERNAL } -of_object [get_pins -filter {DIRECTION==IN} -of_objects [get_nets -hierarchical -filter {PARENT=="AudVid_ClockManager/Reloj1/MainClockWizard/inst/SD_Clock_reloj1_clk_wiz_0_0_en_clk"}]]]
resize_pblock [get_pblocks {CLKAG_AudVid_ClockManager/Reloj1/MainClockWizard/inst/SD_Clock_reloj1_clk_wiz_0_0_en_clk}] -add {CLOCKREGION_X0Y0:CLOCKREGION_X0Y0}
#endgroup

# Clock net "AudVid_ClockManager/Reloj1/MainClockWizard/inst/MasterClocK_reloj1_clk_wiz_0_0_en_clk" driven by instance "AudVid_ClockManager/Reloj1/MainClockWizard/inst/clkout1_buf_en1" located at site "BUFHCE_X0Y0"
#startgroup
create_pblock {CLKAG_AudVid_ClockManager/Reloj1/MainClockWizard/inst/MasterClocK_reloj1_clk_wiz_0_0_en_clk}
add_cells_to_pblock [get_pblocks  {CLKAG_AudVid_ClockManager/Reloj1/MainClockWizard/inst/MasterClocK_reloj1_clk_wiz_0_0_en_clk}] [get_cells -filter { PRIMITIVE_GROUP != I/O && IS_PRIMITIVE==1 && PRIMITIVE_LEVEL !=INTERNAL } -of_object [get_pins -filter {DIRECTION==IN} -of_objects [get_nets -hierarchical -filter {PARENT=="AudVid_ClockManager/Reloj1/MainClockWizard/inst/MasterClocK_reloj1_clk_wiz_0_0_en_clk"}]]]
resize_pblock [get_pblocks {CLKAG_AudVid_ClockManager/Reloj1/MainClockWizard/inst/MasterClocK_reloj1_clk_wiz_0_0_en_clk}] -add {CLOCKREGION_X0Y0:CLOCKREGION_X0Y0}
#endgroup

# Clock net "AudVid_ClockManager/Reloj1/MainClockWizard/inst/MasterCLK" driven by instance "AudVid_ClockManager/Reloj1/MainClockWizard/inst/clkout1_buf1" located at site "BUFGCTRL_X0Y2"
#startgroup
create_pblock {CLKAG_AudVid_ClockManager/Reloj1/MainClockWizard/inst/MasterCLK}
add_cells_to_pblock [get_pblocks  {CLKAG_AudVid_ClockManager/Reloj1/MainClockWizard/inst/MasterCLK}] [get_cells -filter { PRIMITIVE_GROUP != I/O && IS_PRIMITIVE==1 && PRIMITIVE_LEVEL !=INTERNAL } -of_object [get_pins -filter {DIRECTION==IN} -of_objects [get_nets -hierarchical -filter {PARENT=="AudVid_ClockManager/Reloj1/MainClockWizard/inst/MasterCLK"}]]]
resize_pblock [get_pblocks {CLKAG_AudVid_ClockManager/Reloj1/MainClockWizard/inst/MasterCLK}] -add {CLOCKREGION_X0Y0:CLOCKREGION_X0Y0 CLOCKREGION_X0Y1:CLOCKREGION_X0Y1 CLOCKREGION_X0Y2:CLOCKREGION_X0Y2 CLOCKREGION_X1Y0:CLOCKREGION_X1Y0 CLOCKREGION_X1Y1:CLOCKREGION_X1Y1 CLOCKREGION_X1Y2:CLOCKREGION_X1Y2}
#endgroup
