#-----------------------------------------------------------
# Vivado v2018.2.1 (64-bit)
# SW Build 2288692 on Thu Jul 26 18:23:50 MDT 2018
# IP Build 2289599 on Thu Jul 26 21:09:20 MDT 2018
# Start of session at: Sun Feb 17 00:16:51 2019
# Process ID: 24332
# Current directory: /home/camilo/MEGA/Universidad/2018-2/Digital2/Proyecto/SoC/build
# Command line: vivado -mode batch -source top.tcl
# Log file: /home/camilo/MEGA/Universidad/2018-2/Digital2/Proyecto/SoC/build/vivado.log
# Journal file: /home/camilo/MEGA/Universidad/2018-2/Digital2/Proyecto/SoC/build/vivado.jou
#-----------------------------------------------------------
source top.tcl
# create_project -force -name top -part xc7a35tcpg236-1
# set_property XPM_LIBRARIES {XPM_CDC XPM_MEMORY} [current_project]
# add_files {/home/camilo/MEGA/Universidad/2018-2/Digital2/Proyecto/SoC/Hardware/Peripheral_AudVid/SubPeripheral_I2S/SquareGenerator.v}
# set_property library work [get_files {/home/camilo/MEGA/Universidad/2018-2/Digital2/Proyecto/SoC/Hardware/Peripheral_AudVid/SubPeripheral_I2S/SquareGenerator.v}]
WARNING: [filemgmt 56-99] Vivado Synthesis ignores library specification for Verilog or SystemVerilog files. [/home/camilo/MEGA/Universidad/2018-2/Digital2/Proyecto/SoC/Hardware/Peripheral_AudVid/SubPeripheral_I2S/SquareGenerator.v:]
# add_files {/home/camilo/MEGA/Universidad/2018-2/Digital2/Proyecto/SoC/utilities/ClockManager.v}
# set_property library work [get_files {/home/camilo/MEGA/Universidad/2018-2/Digital2/Proyecto/SoC/utilities/ClockManager.v}]
WARNING: [filemgmt 56-99] Vivado Synthesis ignores library specification for Verilog or SystemVerilog files. [/home/camilo/MEGA/Universidad/2018-2/Digital2/Proyecto/SoC/utilities/ClockManager.v:]
# add_files {/home/camilo/MEGA/Universidad/2018-2/Digital2/Proyecto/SoC/Hardware/Peripheral_AudVid/AudVid.v}
# set_property library work [get_files {/home/camilo/MEGA/Universidad/2018-2/Digital2/Proyecto/SoC/Hardware/Peripheral_AudVid/AudVid.v}]
WARNING: [filemgmt 56-99] Vivado Synthesis ignores library specification for Verilog or SystemVerilog files. [/home/camilo/MEGA/Universidad/2018-2/Digital2/Proyecto/SoC/Hardware/Peripheral_AudVid/AudVid.v:]
# add_files {top.v}
# set_property library work [get_files {top.v}]
WARNING: [filemgmt 56-99] Vivado Synthesis ignores library specification for Verilog or SystemVerilog files. [/home/camilo/MEGA/Universidad/2018-2/Digital2/Proyecto/SoC/build/top.v:]
# add_files {/home/camilo/MEGA/Universidad/2018-2/Digital2/Proyecto/SoC/utilities/ButtonDebouncerTester.v}
# set_property library work [get_files {/home/camilo/MEGA/Universidad/2018-2/Digital2/Proyecto/SoC/utilities/ButtonDebouncerTester.v}]
WARNING: [filemgmt 56-99] Vivado Synthesis ignores library specification for Verilog or SystemVerilog files. [/home/camilo/MEGA/Universidad/2018-2/Digital2/Proyecto/SoC/utilities/ButtonDebouncerTester.v:]
# add_files {/home/camilo/MEGA/Universidad/2018-2/Digital2/Proyecto/SoC/Hardware/Peripheral_AudVid/SubPeripheral_SD_SPI/FullSPI.v}
# set_property library work [get_files {/home/camilo/MEGA/Universidad/2018-2/Digital2/Proyecto/SoC/Hardware/Peripheral_AudVid/SubPeripheral_SD_SPI/FullSPI.v}]
WARNING: [filemgmt 56-99] Vivado Synthesis ignores library specification for Verilog or SystemVerilog files. [/home/camilo/MEGA/Universidad/2018-2/Digital2/Proyecto/SoC/Hardware/Peripheral_AudVid/SubPeripheral_SD_SPI/FullSPI.v:]
# add_files {/home/camilo/MEGA/Universidad/2018-2/Digital2/Proyecto/SoC/Hardware/Peripheral_AudVid/SubPeripheral_TFT_SPI/TFT_SPI.v}
# set_property library work [get_files {/home/camilo/MEGA/Universidad/2018-2/Digital2/Proyecto/SoC/Hardware/Peripheral_AudVid/SubPeripheral_TFT_SPI/TFT_SPI.v}]
WARNING: [filemgmt 56-99] Vivado Synthesis ignores library specification for Verilog or SystemVerilog files. [/home/camilo/MEGA/Universidad/2018-2/Digital2/Proyecto/SoC/Hardware/Peripheral_AudVid/SubPeripheral_TFT_SPI/TFT_SPI.v:]
# add_files {/home/camilo/MEGA/Universidad/2018-2/Digital2/Proyecto/SoC/Hardware/Peripheral_AudVid/SubPeripheral_TFT_SPI/InitializationRegister.v}
# set_property library work [get_files {/home/camilo/MEGA/Universidad/2018-2/Digital2/Proyecto/SoC/Hardware/Peripheral_AudVid/SubPeripheral_TFT_SPI/InitializationRegister.v}]
WARNING: [filemgmt 56-99] Vivado Synthesis ignores library specification for Verilog or SystemVerilog files. [/home/camilo/MEGA/Universidad/2018-2/Digital2/Proyecto/SoC/Hardware/Peripheral_AudVid/SubPeripheral_TFT_SPI/InitializationRegister.v:]
# add_files {/home/camilo/MEGA/Universidad/2018-2/Digital2/Proyecto/SoC/Hardware/Peripheral_AudVid/SubPeripheral_I2S/I2S.v}
# set_property library work [get_files {/home/camilo/MEGA/Universidad/2018-2/Digital2/Proyecto/SoC/Hardware/Peripheral_AudVid/SubPeripheral_I2S/I2S.v}]
WARNING: [filemgmt 56-99] Vivado Synthesis ignores library specification for Verilog or SystemVerilog files. [/home/camilo/MEGA/Universidad/2018-2/Digital2/Proyecto/SoC/Hardware/Peripheral_AudVid/SubPeripheral_I2S/I2S.v:]
# add_files {/home/camilo/MEGA/Universidad/2018-2/Digital2/Proyecto/SoC/Hardware/Peripheral_AudVid/SubPeripheral_TFT_SPI/SPI.v}
# set_property library work [get_files {/home/camilo/MEGA/Universidad/2018-2/Digital2/Proyecto/SoC/Hardware/Peripheral_AudVid/SubPeripheral_TFT_SPI/SPI.v}]
WARNING: [filemgmt 56-99] Vivado Synthesis ignores library specification for Verilog or SystemVerilog files. [/home/camilo/MEGA/Universidad/2018-2/Digital2/Proyecto/SoC/Hardware/Peripheral_AudVid/SubPeripheral_TFT_SPI/SPI.v:]
# add_files {/home/camilo/MEGA/Universidad/2018-2/Digital2/Proyecto/SoC/Hardware/Peripheral_AudVid/ColorDecoder.v}
# set_property library work [get_files {/home/camilo/MEGA/Universidad/2018-2/Digital2/Proyecto/SoC/Hardware/Peripheral_AudVid/ColorDecoder.v}]
WARNING: [filemgmt 56-99] Vivado Synthesis ignores library specification for Verilog or SystemVerilog files. [/home/camilo/MEGA/Universidad/2018-2/Digital2/Proyecto/SoC/Hardware/Peripheral_AudVid/ColorDecoder.v:]
# add_files {/home/camilo/MEGA/Universidad/2018-2/Digital2/Proyecto/SoC/utilities/FrequencyGenerator.v}
# set_property library work [get_files {/home/camilo/MEGA/Universidad/2018-2/Digital2/Proyecto/SoC/utilities/FrequencyGenerator.v}]
WARNING: [filemgmt 56-99] Vivado Synthesis ignores library specification for Verilog or SystemVerilog files. [/home/camilo/MEGA/Universidad/2018-2/Digital2/Proyecto/SoC/utilities/FrequencyGenerator.v:]
# add_files {/home/camilo/MEGA/Universidad/2018-2/Digital2/Proyecto/SoC/utilities/Counter.v}
# set_property library work [get_files {/home/camilo/MEGA/Universidad/2018-2/Digital2/Proyecto/SoC/utilities/Counter.v}]
WARNING: [filemgmt 56-99] Vivado Synthesis ignores library specification for Verilog or SystemVerilog files. [/home/camilo/MEGA/Universidad/2018-2/Digital2/Proyecto/SoC/utilities/Counter.v:]
# add_files {/home/camilo/MEGA/Universidad/2018-2/Digital2/Proyecto/SoC/Hardware/Peripheral_AudVid/SubPeripheral_SD_SPI/SD_SPI.v}
# set_property library work [get_files {/home/camilo/MEGA/Universidad/2018-2/Digital2/Proyecto/SoC/Hardware/Peripheral_AudVid/SubPeripheral_SD_SPI/SD_SPI.v}]
WARNING: [filemgmt 56-99] Vivado Synthesis ignores library specification for Verilog or SystemVerilog files. [/home/camilo/MEGA/Universidad/2018-2/Digital2/Proyecto/SoC/Hardware/Peripheral_AudVid/SubPeripheral_SD_SPI/SD_SPI.v:]
# add_files {/home/camilo/MEGA/Universidad/2018-2/Digital2/Proyecto/SoC/utilities/ButtonDebouncer.v}
# set_property library work [get_files {/home/camilo/MEGA/Universidad/2018-2/Digital2/Proyecto/SoC/utilities/ButtonDebouncer.v}]
WARNING: [filemgmt 56-99] Vivado Synthesis ignores library specification for Verilog or SystemVerilog files. [/home/camilo/MEGA/Universidad/2018-2/Digital2/Proyecto/SoC/utilities/ButtonDebouncer.v:]
# read_xdc top.xdc
# synth_design -top top -part xc7a35tcpg236-1
Command: synth_design -top top -part xc7a35tcpg236-1
Starting synth_design
Attempting to get a license for feature 'Synthesis' and/or device 'xc7a35t'
INFO: [Common 17-349] Got license for feature 'Synthesis' and/or device 'xc7a35t'
INFO: Launching helper process for spawning children vivado processes
INFO: Helper process launched with PID 24345 
WARNING: [Synth 8-2507] parameter declaration becomes local in FrequencyGenerator with formal parameter declaration list [/home/camilo/MEGA/Universidad/2018-2/Digital2/Proyecto/SoC/utilities/FrequencyGenerator.v:10]
---------------------------------------------------------------------------------
Starting RTL Elaboration : Time (s): cpu = 00:00:03 ; elapsed = 00:00:04 . Memory (MB): peak = 1261.156 ; gain = 77.262 ; free physical = 1302 ; free virtual = 5620
---------------------------------------------------------------------------------
INFO: [Synth 8-6157] synthesizing module 'top' [/home/camilo/MEGA/Universidad/2018-2/Digital2/Proyecto/SoC/build/top.v:2]
INFO: [Synth 8-6157] synthesizing module 'ClockManager' [/home/camilo/MEGA/Universidad/2018-2/Digital2/Proyecto/SoC/utilities/ClockManager.v:430]
INFO: [Synth 8-6157] synthesizing module 'IBUF' [/home/camilo/Programas/Xilinx/Vivado/2018.2/scripts/rt/data/unisim_comp.v:19473]
	Parameter CAPACITANCE bound to: DONT_CARE - type: string 
	Parameter IBUF_DELAY_VALUE bound to: 0 - type: string 
	Parameter IBUF_LOW_PWR bound to: TRUE - type: string 
	Parameter IFD_DELAY_VALUE bound to: AUTO - type: string 
	Parameter IOSTANDARD bound to: DEFAULT - type: string 
INFO: [Synth 8-6155] done synthesizing module 'IBUF' (1#1) [/home/camilo/Programas/Xilinx/Vivado/2018.2/scripts/rt/data/unisim_comp.v:19473]
INFO: [Synth 8-6157] synthesizing module 'reloj2' [/home/camilo/MEGA/Universidad/2018-2/Digital2/Proyecto/SoC/utilities/ClockManager.v:386]
INFO: [Synth 8-6157] synthesizing module 'BUFG' [/home/camilo/Programas/Xilinx/Vivado/2018.2/scripts/rt/data/unisim_comp.v:609]
INFO: [Synth 8-6155] done synthesizing module 'BUFG' (2#1) [/home/camilo/Programas/Xilinx/Vivado/2018.2/scripts/rt/data/unisim_comp.v:609]
INFO: [Synth 8-6157] synthesizing module 'reloj2_clk_wiz_0_0' [/home/camilo/MEGA/Universidad/2018-2/Digital2/Proyecto/SoC/utilities/ClockManager.v:368]
INFO: [Synth 8-6157] synthesizing module 'reloj2_clk_wiz_0_0_clk_wiz' [/home/camilo/MEGA/Universidad/2018-2/Digital2/Proyecto/SoC/utilities/ClockManager.v:234]
INFO: [Synth 8-5534] Detected attribute (* KEEP = "TRUE" *) [/home/camilo/MEGA/Universidad/2018-2/Digital2/Proyecto/SoC/utilities/ClockManager.v:282]
INFO: [Synth 8-5534] Detected attribute (* ASYNC_REG = "TRUE" *) [/home/camilo/MEGA/Universidad/2018-2/Digital2/Proyecto/SoC/utilities/ClockManager.v:282]
INFO: [Synth 8-6157] synthesizing module 'MMCME2_ADV' [/home/camilo/Programas/Xilinx/Vivado/2018.2/scripts/rt/data/unisim_comp.v:25762]
	Parameter BANDWIDTH bound to: OPTIMIZED - type: string 
	Parameter CLKFBOUT_MULT_F bound to: 55.125000 - type: float 
	Parameter CLKFBOUT_PHASE bound to: 0.000000 - type: float 
	Parameter CLKFBOUT_USE_FINE_PS bound to: FALSE - type: string 
	Parameter CLKIN1_PERIOD bound to: 10.000000 - type: float 
	Parameter CLKIN2_PERIOD bound to: 0.000000 - type: float 
	Parameter CLKOUT0_DIVIDE_F bound to: 78.125000 - type: float 
	Parameter CLKOUT0_DUTY_CYCLE bound to: 0.500000 - type: float 
	Parameter CLKOUT0_PHASE bound to: 0.000000 - type: float 
	Parameter CLKOUT0_USE_FINE_PS bound to: FALSE - type: string 
	Parameter CLKOUT1_DIVIDE bound to: 1 - type: integer 
	Parameter CLKOUT1_DUTY_CYCLE bound to: 0.500000 - type: float 
	Parameter CLKOUT1_PHASE bound to: 0.000000 - type: float 
	Parameter CLKOUT1_USE_FINE_PS bound to: FALSE - type: string 
	Parameter CLKOUT2_DIVIDE bound to: 1 - type: integer 
	Parameter CLKOUT2_DUTY_CYCLE bound to: 0.500000 - type: float 
	Parameter CLKOUT2_PHASE bound to: 0.000000 - type: float 
	Parameter CLKOUT2_USE_FINE_PS bound to: FALSE - type: string 
	Parameter CLKOUT3_DIVIDE bound to: 1 - type: integer 
	Parameter CLKOUT3_DUTY_CYCLE bound to: 0.500000 - type: float 
	Parameter CLKOUT3_PHASE bound to: 0.000000 - type: float 
	Parameter CLKOUT3_USE_FINE_PS bound to: FALSE - type: string 
	Parameter CLKOUT4_CASCADE bound to: FALSE - type: string 
	Parameter CLKOUT4_DIVIDE bound to: 1 - type: integer 
	Parameter CLKOUT4_DUTY_CYCLE bound to: 0.500000 - type: float 
	Parameter CLKOUT4_PHASE bound to: 0.000000 - type: float 
	Parameter CLKOUT4_USE_FINE_PS bound to: FALSE - type: string 
	Parameter CLKOUT5_DIVIDE bound to: 1 - type: integer 
	Parameter CLKOUT5_DUTY_CYCLE bound to: 0.500000 - type: float 
	Parameter CLKOUT5_PHASE bound to: 0.000000 - type: float 
	Parameter CLKOUT5_USE_FINE_PS bound to: FALSE - type: string 
	Parameter CLKOUT6_DIVIDE bound to: 1 - type: integer 
	Parameter CLKOUT6_DUTY_CYCLE bound to: 0.500000 - type: float 
	Parameter CLKOUT6_PHASE bound to: 0.000000 - type: float 
	Parameter CLKOUT6_USE_FINE_PS bound to: FALSE - type: string 
	Parameter COMPENSATION bound to: ZHOLD - type: string 
	Parameter DIVCLK_DIVIDE bound to: 5 - type: integer 
	Parameter IS_CLKINSEL_INVERTED bound to: 1'b0 
	Parameter IS_PSEN_INVERTED bound to: 1'b0 
	Parameter IS_PSINCDEC_INVERTED bound to: 1'b0 
	Parameter IS_PWRDWN_INVERTED bound to: 1'b0 
	Parameter IS_RST_INVERTED bound to: 1'b0 
	Parameter REF_JITTER1 bound to: 0.010000 - type: float 
	Parameter REF_JITTER2 bound to: 0.010000 - type: float 
	Parameter SS_EN bound to: FALSE - type: string 
	Parameter SS_MODE bound to: CENTER_HIGH - type: string 
	Parameter SS_MOD_PERIOD bound to: 10000 - type: integer 
	Parameter STARTUP_WAIT bound to: FALSE - type: string 
INFO: [Synth 8-6155] done synthesizing module 'MMCME2_ADV' (3#1) [/home/camilo/Programas/Xilinx/Vivado/2018.2/scripts/rt/data/unisim_comp.v:25762]
INFO: [Synth 8-6157] synthesizing module 'BUFGCE' [/home/camilo/Programas/Xilinx/Vivado/2018.2/scripts/rt/data/unisim_comp.v:619]
	Parameter CE_TYPE bound to: SYNC - type: string 
	Parameter IS_CE_INVERTED bound to: 1'b0 
	Parameter IS_I_INVERTED bound to: 1'b0 
INFO: [Synth 8-6155] done synthesizing module 'BUFGCE' (4#1) [/home/camilo/Programas/Xilinx/Vivado/2018.2/scripts/rt/data/unisim_comp.v:619]
INFO: [Synth 8-6157] synthesizing module 'BUFH' [/home/camilo/Programas/Xilinx/Vivado/2018.2/scripts/rt/data/unisim_comp.v:808]
INFO: [Synth 8-6155] done synthesizing module 'BUFH' (5#1) [/home/camilo/Programas/Xilinx/Vivado/2018.2/scripts/rt/data/unisim_comp.v:808]
INFO: [Synth 8-6155] done synthesizing module 'reloj2_clk_wiz_0_0_clk_wiz' (6#1) [/home/camilo/MEGA/Universidad/2018-2/Digital2/Proyecto/SoC/utilities/ClockManager.v:234]
INFO: [Synth 8-6155] done synthesizing module 'reloj2_clk_wiz_0_0' (7#1) [/home/camilo/MEGA/Universidad/2018-2/Digital2/Proyecto/SoC/utilities/ClockManager.v:368]
INFO: [Synth 8-6155] done synthesizing module 'reloj2' (8#1) [/home/camilo/MEGA/Universidad/2018-2/Digital2/Proyecto/SoC/utilities/ClockManager.v:386]
INFO: [Synth 8-6157] synthesizing module 'reloj1' [/home/camilo/MEGA/Universidad/2018-2/Digital2/Proyecto/SoC/utilities/ClockManager.v:203]
INFO: [Synth 8-6157] synthesizing module 'reloj1_clk_wiz_0_0' [/home/camilo/MEGA/Universidad/2018-2/Digital2/Proyecto/SoC/utilities/ClockManager.v:181]
INFO: [Synth 8-6157] synthesizing module 'reloj1_clk_wiz_0_0_clk_wiz' [/home/camilo/MEGA/Universidad/2018-2/Digital2/Proyecto/SoC/utilities/ClockManager.v:1]
INFO: [Synth 8-5534] Detected attribute (* KEEP = "TRUE" *) [/home/camilo/MEGA/Universidad/2018-2/Digital2/Proyecto/SoC/utilities/ClockManager.v:50]
INFO: [Synth 8-5534] Detected attribute (* ASYNC_REG = "TRUE" *) [/home/camilo/MEGA/Universidad/2018-2/Digital2/Proyecto/SoC/utilities/ClockManager.v:50]
INFO: [Synth 8-5534] Detected attribute (* KEEP = "TRUE" *) [/home/camilo/MEGA/Universidad/2018-2/Digital2/Proyecto/SoC/utilities/ClockManager.v:53]
INFO: [Synth 8-5534] Detected attribute (* ASYNC_REG = "TRUE" *) [/home/camilo/MEGA/Universidad/2018-2/Digital2/Proyecto/SoC/utilities/ClockManager.v:53]
INFO: [Synth 8-5534] Detected attribute (* KEEP = "TRUE" *) [/home/camilo/MEGA/Universidad/2018-2/Digital2/Proyecto/SoC/utilities/ClockManager.v:56]
INFO: [Synth 8-5534] Detected attribute (* ASYNC_REG = "TRUE" *) [/home/camilo/MEGA/Universidad/2018-2/Digital2/Proyecto/SoC/utilities/ClockManager.v:56]
INFO: [Synth 8-6157] synthesizing module 'MMCME2_ADV__parameterized0' [/home/camilo/Programas/Xilinx/Vivado/2018.2/scripts/rt/data/unisim_comp.v:25762]
	Parameter BANDWIDTH bound to: OPTIMIZED - type: string 
	Parameter CLKFBOUT_MULT_F bound to: 8.000000 - type: float 
	Parameter CLKFBOUT_PHASE bound to: 0.000000 - type: float 
	Parameter CLKFBOUT_USE_FINE_PS bound to: FALSE - type: string 
	Parameter CLKIN1_PERIOD bound to: 10.000000 - type: float 
	Parameter CLKIN2_PERIOD bound to: 0.000000 - type: float 
	Parameter CLKOUT0_DIVIDE_F bound to: 8.000000 - type: float 
	Parameter CLKOUT0_DUTY_CYCLE bound to: 0.500000 - type: float 
	Parameter CLKOUT0_PHASE bound to: 0.000000 - type: float 
	Parameter CLKOUT0_USE_FINE_PS bound to: FALSE - type: string 
	Parameter CLKOUT1_DIVIDE bound to: 64 - type: integer 
	Parameter CLKOUT1_DUTY_CYCLE bound to: 0.500000 - type: float 
	Parameter CLKOUT1_PHASE bound to: 0.000000 - type: float 
	Parameter CLKOUT1_USE_FINE_PS bound to: FALSE - type: string 
	Parameter CLKOUT2_DIVIDE bound to: 128 - type: integer 
	Parameter CLKOUT2_DUTY_CYCLE bound to: 0.500000 - type: float 
	Parameter CLKOUT2_PHASE bound to: 0.000000 - type: float 
	Parameter CLKOUT2_USE_FINE_PS bound to: FALSE - type: string 
	Parameter CLKOUT3_DIVIDE bound to: 1 - type: integer 
	Parameter CLKOUT3_DUTY_CYCLE bound to: 0.500000 - type: float 
	Parameter CLKOUT3_PHASE bound to: 0.000000 - type: float 
	Parameter CLKOUT3_USE_FINE_PS bound to: FALSE - type: string 
	Parameter CLKOUT4_CASCADE bound to: FALSE - type: string 
	Parameter CLKOUT4_DIVIDE bound to: 1 - type: integer 
	Parameter CLKOUT4_DUTY_CYCLE bound to: 0.500000 - type: float 
	Parameter CLKOUT4_PHASE bound to: 0.000000 - type: float 
	Parameter CLKOUT4_USE_FINE_PS bound to: FALSE - type: string 
	Parameter CLKOUT5_DIVIDE bound to: 1 - type: integer 
	Parameter CLKOUT5_DUTY_CYCLE bound to: 0.500000 - type: float 
	Parameter CLKOUT5_PHASE bound to: 0.000000 - type: float 
	Parameter CLKOUT5_USE_FINE_PS bound to: FALSE - type: string 
	Parameter CLKOUT6_DIVIDE bound to: 1 - type: integer 
	Parameter CLKOUT6_DUTY_CYCLE bound to: 0.500000 - type: float 
	Parameter CLKOUT6_PHASE bound to: 0.000000 - type: float 
	Parameter CLKOUT6_USE_FINE_PS bound to: FALSE - type: string 
	Parameter COMPENSATION bound to: ZHOLD - type: string 
	Parameter DIVCLK_DIVIDE bound to: 1 - type: integer 
	Parameter IS_CLKINSEL_INVERTED bound to: 1'b0 
	Parameter IS_PSEN_INVERTED bound to: 1'b0 
	Parameter IS_PSINCDEC_INVERTED bound to: 1'b0 
	Parameter IS_PWRDWN_INVERTED bound to: 1'b0 
	Parameter IS_RST_INVERTED bound to: 1'b0 
	Parameter REF_JITTER1 bound to: 0.010000 - type: float 
	Parameter REF_JITTER2 bound to: 0.010000 - type: float 
	Parameter SS_EN bound to: FALSE - type: string 
	Parameter SS_MODE bound to: CENTER_HIGH - type: string 
	Parameter SS_MOD_PERIOD bound to: 10000 - type: integer 
	Parameter STARTUP_WAIT bound to: FALSE - type: string 
INFO: [Synth 8-6155] done synthesizing module 'MMCME2_ADV__parameterized0' (8#1) [/home/camilo/Programas/Xilinx/Vivado/2018.2/scripts/rt/data/unisim_comp.v:25762]
INFO: [Synth 8-6155] done synthesizing module 'reloj1_clk_wiz_0_0_clk_wiz' (9#1) [/home/camilo/MEGA/Universidad/2018-2/Digital2/Proyecto/SoC/utilities/ClockManager.v:1]
INFO: [Synth 8-6155] done synthesizing module 'reloj1_clk_wiz_0_0' (10#1) [/home/camilo/MEGA/Universidad/2018-2/Digital2/Proyecto/SoC/utilities/ClockManager.v:181]
INFO: [Synth 8-6155] done synthesizing module 'reloj1' (11#1) [/home/camilo/MEGA/Universidad/2018-2/Digital2/Proyecto/SoC/utilities/ClockManager.v:203]
INFO: [Synth 8-6155] done synthesizing module 'ClockManager' (12#1) [/home/camilo/MEGA/Universidad/2018-2/Digital2/Proyecto/SoC/utilities/ClockManager.v:430]
INFO: [Synth 8-6157] synthesizing module 'AudVid' [/home/camilo/MEGA/Universidad/2018-2/Digital2/Proyecto/SoC/Hardware/Peripheral_AudVid/AudVid.v:2]
	Parameter Tile1Address bound to: 24'b000000000000000000010100 
	Parameter Tile2Address bound to: 24'b000000000000000000010110 
	Parameter Track1BeginAddress bound to: 24'b000000000000000000011000 
	Parameter Track2BeginAddress bound to: 24'b000000000000000100000000 
INFO: [Synth 8-6157] synthesizing module 'ColorDecoder' [/home/camilo/MEGA/Universidad/2018-2/Digital2/Proyecto/SoC/Hardware/Peripheral_AudVid/ColorDecoder.v:1]
INFO: [Synth 8-6155] done synthesizing module 'ColorDecoder' (13#1) [/home/camilo/MEGA/Universidad/2018-2/Digital2/Proyecto/SoC/Hardware/Peripheral_AudVid/ColorDecoder.v:1]
INFO: [Synth 8-6157] synthesizing module 'SD_SPI' [/home/camilo/MEGA/Universidad/2018-2/Digital2/Proyecto/SoC/Hardware/Peripheral_AudVid/SubPeripheral_SD_SPI/SD_SPI.v:1]
INFO: [Synth 8-6157] synthesizing module 'BUF' [/home/camilo/Programas/Xilinx/Vivado/2018.2/scripts/rt/data/unisim_comp.v:569]
INFO: [Synth 8-6155] done synthesizing module 'BUF' (14#1) [/home/camilo/Programas/Xilinx/Vivado/2018.2/scripts/rt/data/unisim_comp.v:569]
INFO: [Synth 8-6157] synthesizing module 'FrequencyGenerator' [/home/camilo/MEGA/Universidad/2018-2/Digital2/Proyecto/SoC/utilities/FrequencyGenerator.v:1]
	Parameter MasterFrequency bound to: 12500000 - type: integer 
	Parameter frequency bound to: 350000 - type: integer 
	Parameter bitsNumber bound to: 6 - type: integer 
	Parameter limit bound to: 35 - type: integer 
INFO: [Synth 8-6155] done synthesizing module 'FrequencyGenerator' (15#1) [/home/camilo/MEGA/Universidad/2018-2/Digital2/Proyecto/SoC/utilities/FrequencyGenerator.v:1]
INFO: [Synth 8-6157] synthesizing module 'FullSPI' [/home/camilo/MEGA/Universidad/2018-2/Digital2/Proyecto/SoC/Hardware/Peripheral_AudVid/SubPeripheral_SD_SPI/FullSPI.v:1]
INFO: [Synth 8-6155] done synthesizing module 'FullSPI' (16#1) [/home/camilo/MEGA/Universidad/2018-2/Digital2/Proyecto/SoC/Hardware/Peripheral_AudVid/SubPeripheral_SD_SPI/FullSPI.v:1]
WARNING: [Synth 8-350] instance 'spiCount' of module 'FullSPI' requires 8 connections, but only 4 given [/home/camilo/MEGA/Universidad/2018-2/Digital2/Proyecto/SoC/Hardware/Peripheral_AudVid/SubPeripheral_SD_SPI/SD_SPI.v:72]
WARNING: [Synth 8-350] instance 'spiUtilCount' of module 'FullSPI' requires 8 connections, but only 4 given [/home/camilo/MEGA/Universidad/2018-2/Digital2/Proyecto/SoC/Hardware/Peripheral_AudVid/SubPeripheral_SD_SPI/SD_SPI.v:79]
WARNING: [Synth 8-6014] Unused sequential element VideoCount_reg was removed.  [/home/camilo/MEGA/Universidad/2018-2/Digital2/Proyecto/SoC/Hardware/Peripheral_AudVid/SubPeripheral_SD_SPI/SD_SPI.v:97]
INFO: [Synth 8-6155] done synthesizing module 'SD_SPI' (17#1) [/home/camilo/MEGA/Universidad/2018-2/Digital2/Proyecto/SoC/Hardware/Peripheral_AudVid/SubPeripheral_SD_SPI/SD_SPI.v:1]
INFO: [Synth 8-6157] synthesizing module 'TFT_SPI' [/home/camilo/MEGA/Universidad/2018-2/Digital2/Proyecto/SoC/Hardware/Peripheral_AudVid/SubPeripheral_TFT_SPI/TFT_SPI.v:1]
	Parameter InitDataSize bound to: 104 - type: integer 
	Parameter WorkFrequency bound to: 6250000 - type: integer 
	Parameter WorkFrequencyBits bound to: 24 - type: integer 
	Parameter delayUnit bound to: 6250 - type: integer 
	Parameter delayTime bound to: 1000000 - type: integer 
INFO: [Synth 8-6157] synthesizing module 'InitializationRegister' [/home/camilo/MEGA/Universidad/2018-2/Digital2/Proyecto/SoC/Hardware/Peripheral_AudVid/SubPeripheral_TFT_SPI/InitializationRegister.v:4]
	Parameter InitFrequency bound to: 6250000 - type: integer 
	Parameter delayUnit bound to: 6250 - type: integer 
INFO: [Synth 8-6155] done synthesizing module 'InitializationRegister' (18#1) [/home/camilo/MEGA/Universidad/2018-2/Digital2/Proyecto/SoC/Hardware/Peripheral_AudVid/SubPeripheral_TFT_SPI/InitializationRegister.v:4]
INFO: [Synth 8-6157] synthesizing module 'Counter' [/home/camilo/MEGA/Universidad/2018-2/Digital2/Proyecto/SoC/utilities/Counter.v:2]
	Parameter Begin bound to: 0 - type: integer 
	Parameter bitsNumber bound to: 25 - type: integer 
	Parameter End bound to: 1000104 - type: integer 
	Parameter mode bound to: 0 - type: integer 
INFO: [Synth 8-6155] done synthesizing module 'Counter' (19#1) [/home/camilo/MEGA/Universidad/2018-2/Digital2/Proyecto/SoC/utilities/Counter.v:2]
WARNING: [Synth 8-350] instance 'counter' of module 'Counter' requires 3 connections, but only 2 given [/home/camilo/MEGA/Universidad/2018-2/Digital2/Proyecto/SoC/Hardware/Peripheral_AudVid/SubPeripheral_TFT_SPI/TFT_SPI.v:60]
INFO: [Synth 8-6157] synthesizing module 'SPI' [/home/camilo/MEGA/Universidad/2018-2/Digital2/Proyecto/SoC/Hardware/Peripheral_AudVid/SubPeripheral_TFT_SPI/SPI.v:1]
INFO: [Synth 8-6155] done synthesizing module 'SPI' (20#1) [/home/camilo/MEGA/Universidad/2018-2/Digital2/Proyecto/SoC/Hardware/Peripheral_AudVid/SubPeripheral_TFT_SPI/SPI.v:1]
WARNING: [Synth 8-350] instance 'spi' of module 'SPI' requires 5 connections, but only 4 given [/home/camilo/MEGA/Universidad/2018-2/Digital2/Proyecto/SoC/Hardware/Peripheral_AudVid/SubPeripheral_TFT_SPI/TFT_SPI.v:65]
INFO: [Synth 8-6155] done synthesizing module 'TFT_SPI' (21#1) [/home/camilo/MEGA/Universidad/2018-2/Digital2/Proyecto/SoC/Hardware/Peripheral_AudVid/SubPeripheral_TFT_SPI/TFT_SPI.v:1]
WARNING: [Synth 8-350] instance 'tft_spi' of module 'TFT_SPI' requires 10 connections, but only 9 given [/home/camilo/MEGA/Universidad/2018-2/Digital2/Proyecto/SoC/Hardware/Peripheral_AudVid/AudVid.v:115]
INFO: [Synth 8-6157] synthesizing module 'I2S' [/home/camilo/MEGA/Universidad/2018-2/Digital2/Proyecto/SoC/Hardware/Peripheral_AudVid/SubPeripheral_I2S/I2S.v:1]
INFO: [Synth 8-6157] synthesizing module 'SquareGenerator' [/home/camilo/MEGA/Universidad/2018-2/Digital2/Proyecto/SoC/Hardware/Peripheral_AudVid/SubPeripheral_I2S/SquareGenerator.v:1]
INFO: [Synth 8-6155] done synthesizing module 'SquareGenerator' (22#1) [/home/camilo/MEGA/Universidad/2018-2/Digital2/Proyecto/SoC/Hardware/Peripheral_AudVid/SubPeripheral_I2S/SquareGenerator.v:1]
INFO: [Synth 8-6155] done synthesizing module 'I2S' (23#1) [/home/camilo/MEGA/Universidad/2018-2/Digital2/Proyecto/SoC/Hardware/Peripheral_AudVid/SubPeripheral_I2S/I2S.v:1]
WARNING: [Synth 8-350] instance 'i2s' of module 'I2S' requires 7 connections, but only 5 given [/home/camilo/MEGA/Universidad/2018-2/Digital2/Proyecto/SoC/Hardware/Peripheral_AudVid/AudVid.v:127]
WARNING: [Synth 8-6014] Unused sequential element TilesWrite_XPosition_reg was removed.  [/home/camilo/MEGA/Universidad/2018-2/Digital2/Proyecto/SoC/Hardware/Peripheral_AudVid/AudVid.v:222]

Warning: Trying to implement RAM in registers. Block RAM or DRAM implementation is not possible for one or more of the following reasons :
	1: Invalid write to RAM. 
	2: Unable to determine number of words or word size in RAM. 
	3: No valid read/write found for RAM. 
RAM dissolved into registers
WARNING: [Synth 8-4767] Trying to implement RAM 'TilesRegister_reg' in registers. Block RAM or DRAM implementation is not possible; see log for reasons.
Reason is one or more of the following :
	1: Invalid write to RAM. 
	2: Unable to determine number of words or word size in RAM. 
	3: No valid read/write found for RAM. 
RAM "TilesRegister_reg" dissolved into registers
INFO: [Synth 8-6155] done synthesizing module 'AudVid' (24#1) [/home/camilo/MEGA/Universidad/2018-2/Digital2/Proyecto/SoC/Hardware/Peripheral_AudVid/AudVid.v:2]
INFO: [Synth 8-6155] done synthesizing module 'top' (25#1) [/home/camilo/MEGA/Universidad/2018-2/Digital2/Proyecto/SoC/build/top.v:2]
WARNING: [Synth 8-3331] design I2S has unconnected port InputData[31]
WARNING: [Synth 8-3331] design I2S has unconnected port InputData[30]
WARNING: [Synth 8-3331] design I2S has unconnected port InputData[29]
WARNING: [Synth 8-3331] design I2S has unconnected port InputData[28]
WARNING: [Synth 8-3331] design I2S has unconnected port InputData[27]
WARNING: [Synth 8-3331] design I2S has unconnected port InputData[26]
WARNING: [Synth 8-3331] design I2S has unconnected port InputData[25]
WARNING: [Synth 8-3331] design I2S has unconnected port InputData[24]
WARNING: [Synth 8-3331] design I2S has unconnected port InputData[23]
WARNING: [Synth 8-3331] design I2S has unconnected port InputData[22]
WARNING: [Synth 8-3331] design I2S has unconnected port InputData[21]
WARNING: [Synth 8-3331] design I2S has unconnected port InputData[20]
WARNING: [Synth 8-3331] design I2S has unconnected port InputData[19]
WARNING: [Synth 8-3331] design I2S has unconnected port InputData[18]
WARNING: [Synth 8-3331] design I2S has unconnected port InputData[17]
WARNING: [Synth 8-3331] design I2S has unconnected port InputData[16]
WARNING: [Synth 8-3331] design I2S has unconnected port InputData[15]
WARNING: [Synth 8-3331] design I2S has unconnected port InputData[14]
WARNING: [Synth 8-3331] design I2S has unconnected port InputData[13]
WARNING: [Synth 8-3331] design I2S has unconnected port InputData[12]
WARNING: [Synth 8-3331] design I2S has unconnected port InputData[11]
WARNING: [Synth 8-3331] design I2S has unconnected port InputData[10]
WARNING: [Synth 8-3331] design I2S has unconnected port InputData[9]
WARNING: [Synth 8-3331] design I2S has unconnected port InputData[8]
WARNING: [Synth 8-3331] design I2S has unconnected port InputData[7]
WARNING: [Synth 8-3331] design I2S has unconnected port InputData[6]
WARNING: [Synth 8-3331] design I2S has unconnected port InputData[5]
WARNING: [Synth 8-3331] design I2S has unconnected port InputData[4]
WARNING: [Synth 8-3331] design I2S has unconnected port InputData[3]
WARNING: [Synth 8-3331] design I2S has unconnected port InputData[2]
WARNING: [Synth 8-3331] design I2S has unconnected port InputData[1]
WARNING: [Synth 8-3331] design I2S has unconnected port InputData[0]
WARNING: [Synth 8-3331] design AudVid has unconnected port TilesPositionData[4]
WARNING: [Synth 8-3331] design AudVid has unconnected port TilesPositionData[3]
WARNING: [Synth 8-3331] design AudVid has unconnected port TilesPositionData[2]
WARNING: [Synth 8-3331] design AudVid has unconnected port TilesPositionData[1]
WARNING: [Synth 8-3331] design AudVid has unconnected port TilesPositionData[0]
WARNING: [Synth 8-3331] design AudVid has unconnected port TilesPositionAddress[8]
WARNING: [Synth 8-3331] design AudVid has unconnected port TilesPositionAddress[7]
WARNING: [Synth 8-3331] design AudVid has unconnected port TilesPositionAddress[6]
WARNING: [Synth 8-3331] design AudVid has unconnected port TilesPositionAddress[5]
WARNING: [Synth 8-3331] design AudVid has unconnected port TilesPositionAddress[4]
WARNING: [Synth 8-3331] design AudVid has unconnected port TilesPositionAddress[3]
WARNING: [Synth 8-3331] design AudVid has unconnected port TilesPositionAddress[2]
WARNING: [Synth 8-3331] design AudVid has unconnected port TilesPositionAddress[1]
WARNING: [Synth 8-3331] design AudVid has unconnected port TilesPositionAddress[0]
WARNING: [Synth 8-3331] design top has unconnected port user_led
WARNING: [Synth 8-3331] design top has unconnected port user_led_1
WARNING: [Synth 8-3331] design top has unconnected port user_led_2
WARNING: [Synth 8-3331] design top has unconnected port user_led_3
WARNING: [Synth 8-3331] design top has unconnected port user_led_4
WARNING: [Synth 8-3331] design top has unconnected port user_led_5
WARNING: [Synth 8-3331] design top has unconnected port user_led_6
WARNING: [Synth 8-3331] design top has unconnected port user_led_7
WARNING: [Synth 8-3331] design top has unconnected port user_led_8
WARNING: [Synth 8-3331] design top has unconnected port user_led_9
WARNING: [Synth 8-3331] design top has unconnected port user_led_10
WARNING: [Synth 8-3331] design top has unconnected port user_led_11
WARNING: [Synth 8-3331] design top has unconnected port user_led_12
WARNING: [Synth 8-3331] design top has unconnected port user_led_13
WARNING: [Synth 8-3331] design top has unconnected port user_led_14
WARNING: [Synth 8-3331] design top has unconnected port user_led_15
WARNING: [Synth 8-3331] design top has unconnected port user_sw
WARNING: [Synth 8-3331] design top has unconnected port user_sw_1
WARNING: [Synth 8-3331] design top has unconnected port user_sw_2
WARNING: [Synth 8-3331] design top has unconnected port user_sw_3
WARNING: [Synth 8-3331] design top has unconnected port user_sw_4
WARNING: [Synth 8-3331] design top has unconnected port user_sw_5
WARNING: [Synth 8-3331] design top has unconnected port user_sw_6
WARNING: [Synth 8-3331] design top has unconnected port user_sw_7
WARNING: [Synth 8-3331] design top has unconnected port user_sw_8
WARNING: [Synth 8-3331] design top has unconnected port user_sw_9
WARNING: [Synth 8-3331] design top has unconnected port user_sw_10
WARNING: [Synth 8-3331] design top has unconnected port user_sw_11
WARNING: [Synth 8-3331] design top has unconnected port user_sw_12
WARNING: [Synth 8-3331] design top has unconnected port user_sw_13
WARNING: [Synth 8-3331] design top has unconnected port user_sw_14
WARNING: [Synth 8-3331] design top has unconnected port user_sw_15
WARNING: [Synth 8-3331] design top has unconnected port user_btn
WARNING: [Synth 8-3331] design top has unconnected port user_btn_1
WARNING: [Synth 8-3331] design top has unconnected port user_btn_2
WARNING: [Synth 8-3331] design top has unconnected port user_btn_3
---------------------------------------------------------------------------------
Finished RTL Elaboration : Time (s): cpu = 00:00:19 ; elapsed = 00:00:22 . Memory (MB): peak = 1550.359 ; gain = 366.465 ; free physical = 1166 ; free virtual = 5480
---------------------------------------------------------------------------------

Report Check Netlist: 
+------+------------------+-------+---------+-------+------------------+
|      |Item              |Errors |Warnings |Status |Description       |
+------+------------------+-------+---------+-------+------------------+
|1     |multi_driven_nets |      0|        0|Passed |Multi driven nets |
+------+------------------+-------+---------+-------+------------------+
WARNING: [Synth 8-3295] tying undriven pin spiCount:SPI_MISO to constant 0 [/home/camilo/MEGA/Universidad/2018-2/Digital2/Proyecto/SoC/Hardware/Peripheral_AudVid/SubPeripheral_SD_SPI/SD_SPI.v:72]
WARNING: [Synth 8-3295] tying undriven pin spiUtilCount:SPI_MISO to constant 0 [/home/camilo/MEGA/Universidad/2018-2/Digital2/Proyecto/SoC/Hardware/Peripheral_AudVid/SubPeripheral_SD_SPI/SD_SPI.v:79]
WARNING: [Synth 8-3295] tying undriven pin counter:reset to constant 0 [/home/camilo/MEGA/Universidad/2018-2/Digital2/Proyecto/SoC/Hardware/Peripheral_AudVid/SubPeripheral_TFT_SPI/TFT_SPI.v:60]
---------------------------------------------------------------------------------
Start Handling Custom Attributes
---------------------------------------------------------------------------------
---------------------------------------------------------------------------------
Finished Handling Custom Attributes : Time (s): cpu = 00:00:24 ; elapsed = 00:00:28 . Memory (MB): peak = 1550.359 ; gain = 366.465 ; free physical = 1206 ; free virtual = 5520
---------------------------------------------------------------------------------
---------------------------------------------------------------------------------
Finished RTL Optimization Phase 1 : Time (s): cpu = 00:00:24 ; elapsed = 00:00:28 . Memory (MB): peak = 1550.359 ; gain = 366.465 ; free physical = 1206 ; free virtual = 5520
---------------------------------------------------------------------------------
INFO: [Netlist 29-17] Analyzing 9 Unisim elements for replacement
INFO: [Netlist 29-28] Unisim Transformation completed in 0 CPU seconds
INFO: [Device 21-403] Loading part xc7a35tcpg236-1
INFO: [Project 1-570] Preparing netlist for logic optimization

Processing XDC Constraints
Initializing timing engine
Parsing XDC File [/home/camilo/MEGA/Universidad/2018-2/Digital2/Proyecto/SoC/build/top.xdc]
WARNING: [Vivado 12-1023] No nets matched for command 'get_nets -filter {mr_ff == TRUE}'. [/home/camilo/MEGA/Universidad/2018-2/Digital2/Proyecto/SoC/build/top.xdc:160]
WARNING: [Vivado 12-180] No cells matched 'get_cells -filter {ars_ff1 == TRUE || ars_ff2 == TRUE}'. [/home/camilo/MEGA/Universidad/2018-2/Digital2/Proyecto/SoC/build/top.xdc:162]
WARNING: [Vivado 12-508] No pins matched 'get_pins -filter {REF_PIN_NAME == PRE} -of [get_cells -filter {ars_ff1 == TRUE || ars_ff2 == TRUE}]'. [/home/camilo/MEGA/Universidad/2018-2/Digital2/Proyecto/SoC/build/top.xdc:162]
WARNING: [Vivado 12-180] No cells matched 'get_cells -filter {ars_ff1 == TRUE}'. [/home/camilo/MEGA/Universidad/2018-2/Digital2/Proyecto/SoC/build/top.xdc:164]
WARNING: [Vivado 12-508] No pins matched 'get_pins -filter {REF_PIN_NAME == Q} -of [get_cells -filter {ars_ff1 == TRUE}]'. [/home/camilo/MEGA/Universidad/2018-2/Digital2/Proyecto/SoC/build/top.xdc:164]
WARNING: [Vivado 12-180] No cells matched 'get_cells -filter {ars_ff2 == TRUE}'. [/home/camilo/MEGA/Universidad/2018-2/Digital2/Proyecto/SoC/build/top.xdc:164]
WARNING: [Vivado 12-508] No pins matched 'get_pins -filter {REF_PIN_NAME == D} -of [get_cells -filter {ars_ff2 == TRUE}]'. [/home/camilo/MEGA/Universidad/2018-2/Digital2/Proyecto/SoC/build/top.xdc:164]
Finished Parsing XDC File [/home/camilo/MEGA/Universidad/2018-2/Digital2/Proyecto/SoC/build/top.xdc]
INFO: [Project 1-236] Implementation specific constraints were found while reading constraint file [/home/camilo/MEGA/Universidad/2018-2/Digital2/Proyecto/SoC/build/top.xdc]. These constraints will be ignored for synthesis but will be used in implementation. Impacted constraints are listed in the file [.Xil/top_propImpl.xdc].
Resolution: To avoid this warning, move constraints listed in [.Xil/top_propImpl.xdc] to another XDC file and exclude this new file from synthesis with the used_in_synthesis property (File Properties dialog in GUI) and re-run elaboration/synthesis.
INFO: [Timing 38-2] Deriving generated clocks
Completed Processing XDC Constraints

INFO: [Project 1-111] Unisim Transformation Summary:
  A total of 6 instances were transformed.
  BUF => LUT1: 2 instances
  BUFGCE => BUFGCTRL: 4 instances

Constraint Validation Runtime : Time (s): cpu = 00:00:00.01 ; elapsed = 00:00:00.01 . Memory (MB): peak = 1964.164 ; gain = 0.000 ; free physical = 748 ; free virtual = 5063
---------------------------------------------------------------------------------
Finished Constraint Validation : Time (s): cpu = 00:00:54 ; elapsed = 00:01:13 . Memory (MB): peak = 1964.164 ; gain = 780.270 ; free physical = 1031 ; free virtual = 5342
---------------------------------------------------------------------------------
---------------------------------------------------------------------------------
Start Loading Part and Timing Information
---------------------------------------------------------------------------------
Loading part: xc7a35tcpg236-1
---------------------------------------------------------------------------------
Finished Loading Part and Timing Information : Time (s): cpu = 00:00:54 ; elapsed = 00:01:13 . Memory (MB): peak = 1964.164 ; gain = 780.270 ; free physical = 1031 ; free virtual = 5342
---------------------------------------------------------------------------------
---------------------------------------------------------------------------------
Start Applying 'set_property' XDC Constraints
---------------------------------------------------------------------------------
---------------------------------------------------------------------------------
Finished applying 'set_property' XDC Constraints : Time (s): cpu = 00:00:55 ; elapsed = 00:01:13 . Memory (MB): peak = 1964.164 ; gain = 780.270 ; free physical = 1029 ; free virtual = 5341
---------------------------------------------------------------------------------
INFO: [Synth 8-5544] ROM "Data" won't be mapped to Block RAM because address size (4) smaller than threshold (5)
INFO: [Synth 8-5546] ROM "count" won't be mapped to RAM because it is too sparse
INFO: [Synth 8-5546] ROM "count" won't be mapped to RAM because it is too sparse
INFO: [Synth 8-5546] ROM "count" won't be mapped to RAM because it is too sparse
INFO: [Synth 8-5546] ROM "OutputData" won't be mapped to RAM because it is too sparse
INFO: [Synth 8-5546] ROM "OutputData" won't be mapped to RAM because it is too sparse
INFO: [Synth 8-5546] ROM "p_0_in" won't be mapped to RAM because it is too sparse
INFO: [Synth 8-5546] ROM "Data" won't be mapped to RAM because it is too sparse
INFO: [Synth 8-5546] ROM "Data" won't be mapped to RAM because it is too sparse
INFO: [Synth 8-5545] ROM "TilesWrite_TilePosition" won't be mapped to RAM because address size (32) is larger than maximum supported(25)
INFO: [Synth 8-5544] ROM "AddressOperationLUT" won't be mapped to Block RAM because address size (3) smaller than threshold (5)
INFO: [Synth 8-5544] ROM "AddressOperationLUT" won't be mapped to Block RAM because address size (3) smaller than threshold (5)
INFO: [Synth 8-5544] ROM "AddressOperationLUT" won't be mapped to Block RAM because address size (3) smaller than threshold (5)
INFO: [Synth 8-5544] ROM "AddressOperationLUT" won't be mapped to Block RAM because address size (3) smaller than threshold (5)
INFO: [Synth 8-5544] ROM "TilesPositionsRegister" won't be mapped to Block RAM because address size (1) smaller than threshold (5)
INFO: [Synth 8-5544] ROM "AddressOperationLUT" won't be mapped to Block RAM because address size (3) smaller than threshold (5)
INFO: [Synth 8-5545] ROM "TilesWrite_TilePosition" won't be mapped to RAM because address size (32) is larger than maximum supported(25)
INFO: [Synth 8-5544] ROM "AddressOperationLUT" won't be mapped to Block RAM because address size (3) smaller than threshold (5)
INFO: [Synth 8-5544] ROM "AddressOperationLUT" won't be mapped to Block RAM because address size (3) smaller than threshold (5)
INFO: [Synth 8-5544] ROM "AddressOperationLUT" won't be mapped to Block RAM because address size (3) smaller than threshold (5)
INFO: [Synth 8-5544] ROM "AddressOperationLUT" won't be mapped to Block RAM because address size (3) smaller than threshold (5)
INFO: [Synth 8-5544] ROM "TilesPositionsRegister" won't be mapped to Block RAM because address size (1) smaller than threshold (5)
INFO: [Synth 8-5544] ROM "AddressOperationLUT" won't be mapped to Block RAM because address size (3) smaller than threshold (5)
INFO: [Synth 8-5544] ROM "SD_InputAddress" won't be mapped to Block RAM because address size (1) smaller than threshold (5)
