#-----------------------------------------------------------
# Vivado v2018.2.1 (64-bit)
# SW Build 2288692 on Thu Jul 26 18:23:50 MDT 2018
# IP Build 2289599 on Thu Jul 26 21:09:20 MDT 2018
# Start of session at: Tue Feb 12 20:50:15 2019
# Process ID: 15148
# Current directory: /home/camilo/MEGA/Universidad/2018-2/Digital2/Proyecto/SoC/build
# Command line: vivado -mode batch -source top.tcl
# Log file: /home/camilo/MEGA/Universidad/2018-2/Digital2/Proyecto/SoC/build/vivado.log
# Journal file: /home/camilo/MEGA/Universidad/2018-2/Digital2/Proyecto/SoC/build/vivado.jou
#-----------------------------------------------------------
source top.tcl
# create_project -force -name top -part xc7a35tcpg236-1
# set_property XPM_LIBRARIES {XPM_CDC XPM_MEMORY} [current_project]
# add_files {/home/camilo/MEGA/Universidad/2018-2/Digital2/Proyecto/SoC/utilities/ButtonDebouncer.v}
# set_property library work [get_files {/home/camilo/MEGA/Universidad/2018-2/Digital2/Proyecto/SoC/utilities/ButtonDebouncer.v}]
WARNING: [filemgmt 56-99] Vivado Synthesis ignores library specification for Verilog or SystemVerilog files. [/home/camilo/MEGA/Universidad/2018-2/Digital2/Proyecto/SoC/utilities/ButtonDebouncer.v:]
# add_files {/home/camilo/MEGA/Universidad/2018-2/Digital2/Proyecto/SoC/utilities/Counter.v}
# set_property library work [get_files {/home/camilo/MEGA/Universidad/2018-2/Digital2/Proyecto/SoC/utilities/Counter.v}]
WARNING: [filemgmt 56-99] Vivado Synthesis ignores library specification for Verilog or SystemVerilog files. [/home/camilo/MEGA/Universidad/2018-2/Digital2/Proyecto/SoC/utilities/Counter.v:]
# add_files {/home/camilo/MEGA/Universidad/2018-2/Digital2/Proyecto/SoC/Hardware/Peripheral_AudVid/SubPeripheral_TFT_SPI/InitializationRegister.v}
# set_property library work [get_files {/home/camilo/MEGA/Universidad/2018-2/Digital2/Proyecto/SoC/Hardware/Peripheral_AudVid/SubPeripheral_TFT_SPI/InitializationRegister.v}]
WARNING: [filemgmt 56-99] Vivado Synthesis ignores library specification for Verilog or SystemVerilog files. [/home/camilo/MEGA/Universidad/2018-2/Digital2/Proyecto/SoC/Hardware/Peripheral_AudVid/SubPeripheral_TFT_SPI/InitializationRegister.v:]
# add_files {/home/camilo/MEGA/Universidad/2018-2/Digital2/Proyecto/SoC/utilities/FrequencyGenerator.v}
# set_property library work [get_files {/home/camilo/MEGA/Universidad/2018-2/Digital2/Proyecto/SoC/utilities/FrequencyGenerator.v}]
WARNING: [filemgmt 56-99] Vivado Synthesis ignores library specification for Verilog or SystemVerilog files. [/home/camilo/MEGA/Universidad/2018-2/Digital2/Proyecto/SoC/utilities/FrequencyGenerator.v:]
# add_files {/home/camilo/MEGA/Universidad/2018-2/Digital2/Proyecto/SoC/Hardware/Peripheral_AudVid/SubPeripheral_TFT_SPI/SPI.v}
# set_property library work [get_files {/home/camilo/MEGA/Universidad/2018-2/Digital2/Proyecto/SoC/Hardware/Peripheral_AudVid/SubPeripheral_TFT_SPI/SPI.v}]
WARNING: [filemgmt 56-99] Vivado Synthesis ignores library specification for Verilog or SystemVerilog files. [/home/camilo/MEGA/Universidad/2018-2/Digital2/Proyecto/SoC/Hardware/Peripheral_AudVid/SubPeripheral_TFT_SPI/SPI.v:]
# add_files {/home/camilo/MEGA/Universidad/2018-2/Digital2/Proyecto/SoC/utilities/ButtonDebouncerTester.v}
# set_property library work [get_files {/home/camilo/MEGA/Universidad/2018-2/Digital2/Proyecto/SoC/utilities/ButtonDebouncerTester.v}]
WARNING: [filemgmt 56-99] Vivado Synthesis ignores library specification for Verilog or SystemVerilog files. [/home/camilo/MEGA/Universidad/2018-2/Digital2/Proyecto/SoC/utilities/ButtonDebouncerTester.v:]
# add_files {top.v}
# set_property library work [get_files {top.v}]
WARNING: [filemgmt 56-99] Vivado Synthesis ignores library specification for Verilog or SystemVerilog files. [/home/camilo/MEGA/Universidad/2018-2/Digital2/Proyecto/SoC/build/top.v:]
# add_files {/home/camilo/MEGA/Universidad/2018-2/Digital2/Proyecto/SoC/Hardware/Peripheral_AudVid/SubPeripheral_TFT_SPI/TFT_SPI.v}
# set_property library work [get_files {/home/camilo/MEGA/Universidad/2018-2/Digital2/Proyecto/SoC/Hardware/Peripheral_AudVid/SubPeripheral_TFT_SPI/TFT_SPI.v}]
WARNING: [filemgmt 56-99] Vivado Synthesis ignores library specification for Verilog or SystemVerilog files. [/home/camilo/MEGA/Universidad/2018-2/Digital2/Proyecto/SoC/Hardware/Peripheral_AudVid/SubPeripheral_TFT_SPI/TFT_SPI.v:]
# read_xdc top.xdc
# synth_design -top top -part xc7a35tcpg236-1
Command: synth_design -top top -part xc7a35tcpg236-1
Starting synth_design
Attempting to get a license for feature 'Synthesis' and/or device 'xc7a35t'
INFO: [Common 17-349] Got license for feature 'Synthesis' and/or device 'xc7a35t'
INFO: Launching helper process for spawning children vivado processes
INFO: Helper process launched with PID 15162 
WARNING: [Synth 8-2507] parameter declaration becomes local in FrequencyGenerator with formal parameter declaration list [/home/camilo/MEGA/Universidad/2018-2/Digital2/Proyecto/SoC/utilities/FrequencyGenerator.v:6]
---------------------------------------------------------------------------------
Starting RTL Elaboration : Time (s): cpu = 00:00:03 ; elapsed = 00:00:05 . Memory (MB): peak = 1261.156 ; gain = 77.262 ; free physical = 846 ; free virtual = 4978
---------------------------------------------------------------------------------
INFO: [Synth 8-6157] synthesizing module 'top' [/home/camilo/MEGA/Universidad/2018-2/Digital2/Proyecto/SoC/build/top.v:2]
INFO: [Synth 8-6157] synthesizing module 'TFT_SPI' [/home/camilo/MEGA/Universidad/2018-2/Digital2/Proyecto/SoC/Hardware/Peripheral_AudVid/SubPeripheral_TFT_SPI/TFT_SPI.v:1]
	Parameter InitDataSize bound to: 104 - type: integer 
	Parameter InitFrequency bound to: 10000 - type: integer 
	Parameter InitFrequencyBits bound to: 26 - type: integer 
	Parameter WorkFrequency bound to: 5000000 - type: integer 
	Parameter WorkFrequencyBits bound to: 24 - type: integer 
	Parameter delayUnit bound to: 10 - type: integer 
	Parameter delayTime bound to: 1600 - type: integer 
INFO: [Synth 8-6157] synthesizing module 'FrequencyGenerator' [/home/camilo/MEGA/Universidad/2018-2/Digital2/Proyecto/SoC/utilities/FrequencyGenerator.v:1]
	Parameter frequency bound to: 10000 - type: integer 
	Parameter bitsNumber bound to: 26 - type: integer 
	Parameter limit bound to: 10000 - type: integer 
INFO: [Synth 8-6155] done synthesizing module 'FrequencyGenerator' (1#1) [/home/camilo/MEGA/Universidad/2018-2/Digital2/Proyecto/SoC/utilities/FrequencyGenerator.v:1]
INFO: [Synth 8-6157] synthesizing module 'FrequencyGenerator__parameterized0' [/home/camilo/MEGA/Universidad/2018-2/Digital2/Proyecto/SoC/utilities/FrequencyGenerator.v:1]
	Parameter frequency bound to: 5000000 - type: integer 
	Parameter bitsNumber bound to: 24 - type: integer 
	Parameter limit bound to: 20 - type: integer 
INFO: [Synth 8-6155] done synthesizing module 'FrequencyGenerator__parameterized0' (1#1) [/home/camilo/MEGA/Universidad/2018-2/Digital2/Proyecto/SoC/utilities/FrequencyGenerator.v:1]
INFO: [Synth 8-6157] synthesizing module 'InitializationRegister' [/home/camilo/MEGA/Universidad/2018-2/Digital2/Proyecto/SoC/Hardware/Peripheral_AudVid/SubPeripheral_TFT_SPI/InitializationRegister.v:4]
	Parameter InitFrequency bound to: 10000 - type: integer 
	Parameter delayUnit bound to: 10 - type: integer 
INFO: [Synth 8-6155] done synthesizing module 'InitializationRegister' (2#1) [/home/camilo/MEGA/Universidad/2018-2/Digital2/Proyecto/SoC/Hardware/Peripheral_AudVid/SubPeripheral_TFT_SPI/InitializationRegister.v:4]
INFO: [Synth 8-6157] synthesizing module 'Counter' [/home/camilo/MEGA/Universidad/2018-2/Digital2/Proyecto/SoC/utilities/Counter.v:2]
	Parameter Begin bound to: 0 - type: integer 
	Parameter bitsNumber bound to: 25 - type: integer 
	Parameter End bound to: 1704 - type: integer 
	Parameter mode bound to: 0 - type: integer 
INFO: [Synth 8-6155] done synthesizing module 'Counter' (3#1) [/home/camilo/MEGA/Universidad/2018-2/Digital2/Proyecto/SoC/utilities/Counter.v:2]
WARNING: [Synth 8-350] instance 'counter' of module 'Counter' requires 3 connections, but only 2 given [/home/camilo/MEGA/Universidad/2018-2/Digital2/Proyecto/SoC/Hardware/Peripheral_AudVid/SubPeripheral_TFT_SPI/TFT_SPI.v:62]
INFO: [Synth 8-6157] synthesizing module 'SPI' [/home/camilo/MEGA/Universidad/2018-2/Digital2/Proyecto/SoC/Hardware/Peripheral_AudVid/SubPeripheral_TFT_SPI/SPI.v:1]
INFO: [Synth 8-6155] done synthesizing module 'SPI' (4#1) [/home/camilo/MEGA/Universidad/2018-2/Digital2/Proyecto/SoC/Hardware/Peripheral_AudVid/SubPeripheral_TFT_SPI/SPI.v:1]
INFO: [Synth 8-6155] done synthesizing module 'TFT_SPI' (5#1) [/home/camilo/MEGA/Universidad/2018-2/Digital2/Proyecto/SoC/Hardware/Peripheral_AudVid/SubPeripheral_TFT_SPI/TFT_SPI.v:1]
WARNING: [Synth 8-350] instance 'TFT_SPI' of module 'TFT_SPI' requires 9 connections, but only 7 given [/home/camilo/MEGA/Universidad/2018-2/Digital2/Proyecto/SoC/build/top.v:82]
INFO: [Synth 8-6155] done synthesizing module 'top' (6#1) [/home/camilo/MEGA/Universidad/2018-2/Digital2/Proyecto/SoC/build/top.v:2]
WARNING: [Synth 8-3917] design top has port user_led driven by constant 0
WARNING: [Synth 8-3917] design top has port user_led_1 driven by constant 0
WARNING: [Synth 8-3917] design top has port user_led_2 driven by constant 0
WARNING: [Synth 8-3917] design top has port user_led_3 driven by constant 0
WARNING: [Synth 8-3917] design top has port user_led_4 driven by constant 0
WARNING: [Synth 8-3917] design top has port user_led_5 driven by constant 0
WARNING: [Synth 8-3917] design top has port user_led_6 driven by constant 0
WARNING: [Synth 8-3917] design top has port user_led_7 driven by constant 0
WARNING: [Synth 8-3917] design top has port user_led_8 driven by constant 0
WARNING: [Synth 8-3917] design top has port user_led_9 driven by constant 0
WARNING: [Synth 8-3917] design top has port user_led_10 driven by constant 0
WARNING: [Synth 8-3917] design top has port user_led_11 driven by constant 0
WARNING: [Synth 8-3917] design top has port user_led_12 driven by constant 0
WARNING: [Synth 8-3917] design top has port user_led_13 driven by constant 0
WARNING: [Synth 8-3917] design top has port user_led_14 driven by constant 0
WARNING: [Synth 8-3917] design top has port user_led_15 driven by constant 0
WARNING: [Synth 8-3331] design top has unconnected port user_btn
WARNING: [Synth 8-3331] design top has unconnected port user_btn_1
WARNING: [Synth 8-3331] design top has unconnected port user_btn_2
WARNING: [Synth 8-3331] design top has unconnected port user_btn_3
WARNING: [Synth 8-3331] design top has unconnected port user_btn_4
---------------------------------------------------------------------------------
Finished RTL Elaboration : Time (s): cpu = 00:00:04 ; elapsed = 00:00:06 . Memory (MB): peak = 1290.406 ; gain = 106.512 ; free physical = 868 ; free virtual = 4998
---------------------------------------------------------------------------------

Report Check Netlist: 
+------+------------------+-------+---------+-------+------------------+
|      |Item              |Errors |Warnings |Status |Description       |
+------+------------------+-------+---------+-------+------------------+
|1     |multi_driven_nets |      0|        0|Passed |Multi driven nets |
+------+------------------+-------+---------+-------+------------------+
WARNING: [Synth 8-3295] tying undriven pin counter:reset to constant 0 [/home/camilo/MEGA/Universidad/2018-2/Digital2/Proyecto/SoC/Hardware/Peripheral_AudVid/SubPeripheral_TFT_SPI/TFT_SPI.v:62]
---------------------------------------------------------------------------------
Start Handling Custom Attributes
---------------------------------------------------------------------------------
---------------------------------------------------------------------------------
Finished Handling Custom Attributes : Time (s): cpu = 00:00:05 ; elapsed = 00:00:07 . Memory (MB): peak = 1290.406 ; gain = 106.512 ; free physical = 868 ; free virtual = 4997
---------------------------------------------------------------------------------
---------------------------------------------------------------------------------
Finished RTL Optimization Phase 1 : Time (s): cpu = 00:00:05 ; elapsed = 00:00:07 . Memory (MB): peak = 1290.406 ; gain = 106.512 ; free physical = 868 ; free virtual = 4997
---------------------------------------------------------------------------------
INFO: [Device 21-403] Loading part xc7a35tcpg236-1
INFO: [Project 1-570] Preparing netlist for logic optimization

Processing XDC Constraints
Initializing timing engine
Parsing XDC File [/home/camilo/MEGA/Universidad/2018-2/Digital2/Proyecto/SoC/build/top.xdc]
WARNING: [Vivado 12-1023] No nets matched for command 'get_nets -filter {mr_ff == TRUE}'. [/home/camilo/MEGA/Universidad/2018-2/Digital2/Proyecto/SoC/build/top.xdc:133]
WARNING: [Vivado 12-180] No cells matched 'get_cells -filter {ars_ff1 == TRUE || ars_ff2 == TRUE}'. [/home/camilo/MEGA/Universidad/2018-2/Digital2/Proyecto/SoC/build/top.xdc:135]
WARNING: [Vivado 12-508] No pins matched 'get_pins -filter {REF_PIN_NAME == PRE} -of [get_cells -filter {ars_ff1 == TRUE || ars_ff2 == TRUE}]'. [/home/camilo/MEGA/Universidad/2018-2/Digital2/Proyecto/SoC/build/top.xdc:135]
WARNING: [Vivado 12-180] No cells matched 'get_cells -filter {ars_ff1 == TRUE}'. [/home/camilo/MEGA/Universidad/2018-2/Digital2/Proyecto/SoC/build/top.xdc:137]
WARNING: [Vivado 12-508] No pins matched 'get_pins -filter {REF_PIN_NAME == Q} -of [get_cells -filter {ars_ff1 == TRUE}]'. [/home/camilo/MEGA/Universidad/2018-2/Digital2/Proyecto/SoC/build/top.xdc:137]
WARNING: [Vivado 12-180] No cells matched 'get_cells -filter {ars_ff2 == TRUE}'. [/home/camilo/MEGA/Universidad/2018-2/Digital2/Proyecto/SoC/build/top.xdc:137]
WARNING: [Vivado 12-508] No pins matched 'get_pins -filter {REF_PIN_NAME == D} -of [get_cells -filter {ars_ff2 == TRUE}]'. [/home/camilo/MEGA/Universidad/2018-2/Digital2/Proyecto/SoC/build/top.xdc:137]
Finished Parsing XDC File [/home/camilo/MEGA/Universidad/2018-2/Digital2/Proyecto/SoC/build/top.xdc]
INFO: [Project 1-236] Implementation specific constraints were found while reading constraint file [/home/camilo/MEGA/Universidad/2018-2/Digital2/Proyecto/SoC/build/top.xdc]. These constraints will be ignored for synthesis but will be used in implementation. Impacted constraints are listed in the file [.Xil/top_propImpl.xdc].
Resolution: To avoid this warning, move constraints listed in [.Xil/top_propImpl.xdc] to another XDC file and exclude this new file from synthesis with the used_in_synthesis property (File Properties dialog in GUI) and re-run elaboration/synthesis.
Completed Processing XDC Constraints

INFO: [Project 1-111] Unisim Transformation Summary:
No Unisim elements were transformed.

Constraint Validation Runtime : Time (s): cpu = 00:00:00 ; elapsed = 00:00:00 . Memory (MB): peak = 1618.750 ; gain = 0.000 ; free physical = 580 ; free virtual = 4747
---------------------------------------------------------------------------------
Finished Constraint Validation : Time (s): cpu = 00:00:20 ; elapsed = 00:00:43 . Memory (MB): peak = 1618.750 ; gain = 434.855 ; free physical = 656 ; free virtual = 4823
---------------------------------------------------------------------------------
---------------------------------------------------------------------------------
Start Loading Part and Timing Information
---------------------------------------------------------------------------------
Loading part: xc7a35tcpg236-1
---------------------------------------------------------------------------------
Finished Loading Part and Timing Information : Time (s): cpu = 00:00:20 ; elapsed = 00:00:43 . Memory (MB): peak = 1618.750 ; gain = 434.855 ; free physical = 656 ; free virtual = 4823
---------------------------------------------------------------------------------
---------------------------------------------------------------------------------
Start Applying 'set_property' XDC Constraints
---------------------------------------------------------------------------------
---------------------------------------------------------------------------------
Finished applying 'set_property' XDC Constraints : Time (s): cpu = 00:00:20 ; elapsed = 00:00:43 . Memory (MB): peak = 1618.750 ; gain = 434.855 ; free physical = 657 ; free virtual = 4824
---------------------------------------------------------------------------------
INFO: [Synth 8-5546] ROM "Data" won't be mapped to RAM because it is too sparse
INFO: [Synth 8-5546] ROM "Data" won't be mapped to RAM because it is too sparse
---------------------------------------------------------------------------------
Finished RTL Optimization Phase 2 : Time (s): cpu = 00:00:21 ; elapsed = 00:00:44 . Memory (MB): peak = 1618.750 ; gain = 434.855 ; free physical = 647 ; free virtual = 4815
---------------------------------------------------------------------------------

Report RTL Partitions: 
+-+--------------+------------+----------+
| |RTL Partition |Replication |Instances |
+-+--------------+------------+----------+
+-+--------------+------------+----------+
---------------------------------------------------------------------------------
Start RTL Component Statistics 
---------------------------------------------------------------------------------
Detailed RTL Component Info : 
+---Adders : 
	   2 Input     25 Bit       Adders := 1     
	   2 Input      7 Bit       Adders := 4     
	   2 Input      5 Bit       Adders := 1     
	   2 Input      4 Bit       Adders := 3     
+---Registers : 
	               25 Bit    Registers := 1     
	               16 Bit    Registers := 1     
	                5 Bit    Registers := 1     
	                4 Bit    Registers := 2     
	                1 Bit    Registers := 7     
+---Muxes : 
	   2 Input     25 Bit        Muxes := 1     
	 105 Input     17 Bit        Muxes := 1     
	   2 Input     16 Bit        Muxes := 2     
	   5 Input      1 Bit        Muxes := 1     
	   2 Input      1 Bit        Muxes := 4     
---------------------------------------------------------------------------------
Finished RTL Component Statistics 
---------------------------------------------------------------------------------
---------------------------------------------------------------------------------
Start RTL Hierarchical Component Statistics 
---------------------------------------------------------------------------------
Hierarchical RTL Component report 
Module FrequencyGenerator 
Detailed RTL Component Info : 
+---Registers : 
	                1 Bit    Registers := 1     
Module FrequencyGenerator__parameterized0 
Detailed RTL Component Info : 
+---Adders : 
	   2 Input      5 Bit       Adders := 1     
+---Registers : 
	                5 Bit    Registers := 1     
	                1 Bit    Registers := 1     
Module InitializationRegister 
Detailed RTL Component Info : 
+---Adders : 
	   2 Input      7 Bit       Adders := 4     
+---Registers : 
	                1 Bit    Registers := 1     
+---Muxes : 
	 105 Input     17 Bit        Muxes := 1     
	   5 Input      1 Bit        Muxes := 1     
Module Counter 
Detailed RTL Component Info : 
+---Adders : 
	   2 Input     25 Bit       Adders := 1     
+---Registers : 
	               25 Bit    Registers := 1     
	                1 Bit    Registers := 1     
+---Muxes : 
	   2 Input     25 Bit        Muxes := 1     
	   2 Input      1 Bit        Muxes := 1     
Module SPI 
Detailed RTL Component Info : 
+---Adders : 
	   2 Input      4 Bit       Adders := 1     
+---Registers : 
	                4 Bit    Registers := 1     
	                1 Bit    Registers := 3     
+---Muxes : 
	   2 Input      1 Bit        Muxes := 1     
Module TFT_SPI 
Detailed RTL Component Info : 
+---Adders : 
	   2 Input      4 Bit       Adders := 2     
+---Registers : 
	               16 Bit    Registers := 1     
	                4 Bit    Registers := 1     
+---Muxes : 
	   2 Input     16 Bit        Muxes := 2     
	   2 Input      1 Bit        Muxes := 2     
---------------------------------------------------------------------------------
Finished RTL Hierarchical Component Statistics
---------------------------------------------------------------------------------
---------------------------------------------------------------------------------
Start Part Resource Summary
---------------------------------------------------------------------------------
Part Resources:
DSPs: 90 (col length:60)
BRAMs: 100 (col length: RAMB18 60 RAMB36 30)
---------------------------------------------------------------------------------
Finished Part Resource Summary
---------------------------------------------------------------------------------
---------------------------------------------------------------------------------
Start Cross Boundary and Area Optimization
---------------------------------------------------------------------------------
Warning: Parallel synthesis criteria is not met 
WARNING: [Synth 8-3917] design top has port user_led driven by constant 0
WARNING: [Synth 8-3917] design top has port user_led_1 driven by constant 0
WARNING: [Synth 8-3917] design top has port user_led_2 driven by constant 0
WARNING: [Synth 8-3917] design top has port user_led_3 driven by constant 0
WARNING: [Synth 8-3917] design top has port user_led_4 driven by constant 0
WARNING: [Synth 8-3917] design top has port user_led_5 driven by constant 0
WARNING: [Synth 8-3917] design top has port user_led_6 driven by constant 0
WARNING: [Synth 8-3917] design top has port user_led_7 driven by constant 0
WARNING: [Synth 8-3917] design top has port user_led_8 driven by constant 0
WARNING: [Synth 8-3917] design top has port user_led_9 driven by constant 0
WARNING: [Synth 8-3917] design top has port user_led_10 driven by constant 0
WARNING: [Synth 8-3917] design top has port user_led_11 driven by constant 0
WARNING: [Synth 8-3917] design top has port user_led_12 driven by constant 0
WARNING: [Synth 8-3917] design top has port user_led_13 driven by constant 0
WARNING: [Synth 8-3917] design top has port user_led_14 driven by constant 0
WARNING: [Synth 8-3917] design top has port user_led_15 driven by constant 0
WARNING: [Synth 8-3331] design top has unconnected port user_btn
WARNING: [Synth 8-3331] design top has unconnected port user_btn_1
WARNING: [Synth 8-3331] design top has unconnected port user_btn_2
WARNING: [Synth 8-3331] design top has unconnected port user_btn_3
WARNING: [Synth 8-3331] design top has unconnected port user_btn_4
---------------------------------------------------------------------------------
Finished Cross Boundary and Area Optimization : Time (s): cpu = 00:00:23 ; elapsed = 00:00:47 . Memory (MB): peak = 1618.750 ; gain = 434.855 ; free physical = 629 ; free virtual = 4800
---------------------------------------------------------------------------------

Report RTL Partitions: 
+-+--------------+------------+----------+
| |RTL Partition |Replication |Instances |
+-+--------------+------------+----------+
+-+--------------+------------+----------+
---------------------------------------------------------------------------------
Start Applying XDC Timing Constraints
---------------------------------------------------------------------------------
---------------------------------------------------------------------------------
Finished Applying XDC Timing Constraints : Time (s): cpu = 00:00:34 ; elapsed = 00:01:02 . Memory (MB): peak = 1618.750 ; gain = 434.855 ; free physical = 496 ; free virtual = 4674
---------------------------------------------------------------------------------
---------------------------------------------------------------------------------
Start Timing Optimization
---------------------------------------------------------------------------------
---------------------------------------------------------------------------------
Finished Timing Optimization : Time (s): cpu = 00:00:34 ; elapsed = 00:01:02 . Memory (MB): peak = 1618.750 ; gain = 434.855 ; free physical = 494 ; free virtual = 4673
---------------------------------------------------------------------------------

Report RTL Partitions: 
+-+--------------+------------+----------+
| |RTL Partition |Replication |Instances |
+-+--------------+------------+----------+
+-+--------------+------------+----------+
---------------------------------------------------------------------------------
Start Technology Mapping
---------------------------------------------------------------------------------
---------------------------------------------------------------------------------
Finished Technology Mapping : Time (s): cpu = 00:00:34 ; elapsed = 00:01:02 . Memory (MB): peak = 1618.750 ; gain = 434.855 ; free physical = 492 ; free virtual = 4671
---------------------------------------------------------------------------------

Report RTL Partitions: 
+-+--------------+------------+----------+
| |RTL Partition |Replication |Instances |
+-+--------------+------------+----------+
+-+--------------+------------+----------+
---------------------------------------------------------------------------------
Start IO Insertion
---------------------------------------------------------------------------------
---------------------------------------------------------------------------------
Start Flattening Before IO Insertion
---------------------------------------------------------------------------------
---------------------------------------------------------------------------------
Finished Flattening Before IO Insertion
---------------------------------------------------------------------------------
---------------------------------------------------------------------------------
Start Final Netlist Cleanup
---------------------------------------------------------------------------------
---------------------------------------------------------------------------------
Finished Final Netlist Cleanup
---------------------------------------------------------------------------------
---------------------------------------------------------------------------------
Finished IO Insertion : Time (s): cpu = 00:00:36 ; elapsed = 00:01:04 . Memory (MB): peak = 1618.750 ; gain = 434.855 ; free physical = 489 ; free virtual = 4671
---------------------------------------------------------------------------------

Report Check Netlist: 
+------+------------------+-------+---------+-------+------------------+
|      |Item              |Errors |Warnings |Status |Description       |
+------+------------------+-------+---------+-------+------------------+
|1     |multi_driven_nets |      0|        0|Passed |Multi driven nets |
+------+------------------+-------+---------+-------+------------------+
---------------------------------------------------------------------------------
Start Renaming Generated Instances
---------------------------------------------------------------------------------
---------------------------------------------------------------------------------
Finished Renaming Generated Instances : Time (s): cpu = 00:00:36 ; elapsed = 00:01:04 . Memory (MB): peak = 1618.750 ; gain = 434.855 ; free physical = 488 ; free virtual = 4670
---------------------------------------------------------------------------------

Report RTL Partitions: 
+-+--------------+------------+----------+
| |RTL Partition |Replication |Instances |
+-+--------------+------------+----------+
+-+--------------+------------+----------+
---------------------------------------------------------------------------------
Start Rebuilding User Hierarchy
---------------------------------------------------------------------------------
---------------------------------------------------------------------------------
Finished Rebuilding User Hierarchy : Time (s): cpu = 00:00:36 ; elapsed = 00:01:04 . Memory (MB): peak = 1618.750 ; gain = 434.855 ; free physical = 489 ; free virtual = 4671
---------------------------------------------------------------------------------
---------------------------------------------------------------------------------
Start Renaming Generated Ports
---------------------------------------------------------------------------------
---------------------------------------------------------------------------------
Finished Renaming Generated Ports : Time (s): cpu = 00:00:36 ; elapsed = 00:01:04 . Memory (MB): peak = 1618.750 ; gain = 434.855 ; free physical = 489 ; free virtual = 4671
---------------------------------------------------------------------------------
---------------------------------------------------------------------------------
Start Handling Custom Attributes
---------------------------------------------------------------------------------
---------------------------------------------------------------------------------
Finished Handling Custom Attributes : Time (s): cpu = 00:00:36 ; elapsed = 00:01:04 . Memory (MB): peak = 1618.750 ; gain = 434.855 ; free physical = 489 ; free virtual = 4671
---------------------------------------------------------------------------------
---------------------------------------------------------------------------------
Start Renaming Generated Nets
---------------------------------------------------------------------------------
---------------------------------------------------------------------------------
Finished Renaming Generated Nets : Time (s): cpu = 00:00:36 ; elapsed = 00:01:04 . Memory (MB): peak = 1618.750 ; gain = 434.855 ; free physical = 489 ; free virtual = 4671
---------------------------------------------------------------------------------
---------------------------------------------------------------------------------
Start Writing Synthesis Report
---------------------------------------------------------------------------------

Report BlackBoxes: 
+-+--------------+----------+
| |BlackBox name |Instances |
+-+--------------+----------+
+-+--------------+----------+

Report Cell Usage: 
+------+-------+------+
|      |Cell   |Count |
+------+-------+------+
|1     |BUFG   |     2|
|2     |CARRY4 |    10|
|3     |LUT1   |     5|
|4     |LUT2   |    39|
|5     |LUT3   |    11|
|6     |LUT4   |    14|
|7     |LUT5   |    21|
|8     |LUT6   |    68|
|9     |MUXF7  |     8|
|10    |FDRE   |    81|
|11    |FDSE   |     1|
|12    |IBUF   |    17|
|13    |OBUF   |    21|
+------+-------+------+

Report Instance Areas: 
+------+---------------------------+-----------------------------------+------+
|      |Instance                   |Module                             |Cells |
+------+---------------------------+-----------------------------------+------+
|1     |top                        |                                   |   298|
|2     |  TFT_SPI                  |TFT_SPI                            |   258|
|3     |    counter                |Counter                            |   133|
|4     |    initializationRegister |InitializationRegister             |    45|
|5     |    spi                    |SPI                                |    18|
|6     |    spiInitRegClock        |FrequencyGenerator                 |    24|
|7     |    spiWorkClock           |FrequencyGenerator__parameterized0 |    14|
+------+---------------------------+-----------------------------------+------+
---------------------------------------------------------------------------------
Finished Writing Synthesis Report : Time (s): cpu = 00:00:36 ; elapsed = 00:01:04 . Memory (MB): peak = 1618.750 ; gain = 434.855 ; free physical = 489 ; free virtual = 4671
---------------------------------------------------------------------------------
Synthesis finished with 0 errors, 0 critical warnings and 21 warnings.
Synthesis Optimization Runtime : Time (s): cpu = 00:00:24 ; elapsed = 00:00:32 . Memory (MB): peak = 1618.750 ; gain = 106.512 ; free physical = 544 ; free virtual = 4725
Synthesis Optimization Complete : Time (s): cpu = 00:00:36 ; elapsed = 00:01:04 . Memory (MB): peak = 1618.758 ; gain = 434.855 ; free physical = 551 ; free virtual = 4732
INFO: [Project 1-571] Translating synthesized netlist
INFO: [Netlist 29-17] Analyzing 35 Unisim elements for replacement
INFO: [Netlist 29-28] Unisim Transformation completed in 0 CPU seconds
INFO: [Project 1-570] Preparing netlist for logic optimization
Parsing XDC File [/home/camilo/MEGA/Universidad/2018-2/Digital2/Proyecto/SoC/build/top.xdc]
WARNING: [Vivado 12-1023] No nets matched for command 'get_nets -filter {mr_ff == TRUE}'. [/home/camilo/MEGA/Universidad/2018-2/Digital2/Proyecto/SoC/build/top.xdc:133]
WARNING: [Vivado 12-180] No cells matched 'get_cells -filter {ars_ff1 == TRUE || ars_ff2 == TRUE}'. [/home/camilo/MEGA/Universidad/2018-2/Digital2/Proyecto/SoC/build/top.xdc:135]
WARNING: [Vivado 12-508] No pins matched 'get_pins -filter {REF_PIN_NAME == PRE} -of [get_cells -filter {ars_ff1 == TRUE || ars_ff2 == TRUE}]'. [/home/camilo/MEGA/Universidad/2018-2/Digital2/Proyecto/SoC/build/top.xdc:135]
WARNING: [Vivado 12-180] No cells matched 'get_cells -filter {ars_ff1 == TRUE}'. [/home/camilo/MEGA/Universidad/2018-2/Digital2/Proyecto/SoC/build/top.xdc:137]
WARNING: [Vivado 12-508] No pins matched 'get_pins -filter {REF_PIN_NAME == Q} -of [get_cells -filter {ars_ff1 == TRUE}]'. [/home/camilo/MEGA/Universidad/2018-2/Digital2/Proyecto/SoC/build/top.xdc:137]
WARNING: [Vivado 12-180] No cells matched 'get_cells -filter {ars_ff2 == TRUE}'. [/home/camilo/MEGA/Universidad/2018-2/Digital2/Proyecto/SoC/build/top.xdc:137]
WARNING: [Vivado 12-508] No pins matched 'get_pins -filter {REF_PIN_NAME == D} -of [get_cells -filter {ars_ff2 == TRUE}]'. [/home/camilo/MEGA/Universidad/2018-2/Digital2/Proyecto/SoC/build/top.xdc:137]
Finished Parsing XDC File [/home/camilo/MEGA/Universidad/2018-2/Digital2/Proyecto/SoC/build/top.xdc]
INFO: [Opt 31-138] Pushed 0 inverter(s) to 0 load pin(s).
INFO: [Project 1-111] Unisim Transformation Summary:
No Unisim elements were transformed.

INFO: [Common 17-83] Releasing license: Synthesis
28 Infos, 60 Warnings, 0 Critical Warnings and 0 Errors encountered.
synth_design completed successfully
synth_design: Time (s): cpu = 00:00:39 ; elapsed = 00:01:07 . Memory (MB): peak = 1618.758 ; gain = 434.977 ; free physical = 534 ; free virtual = 4715
# report_timing_summary -file top_timing_synth.rpt
INFO: [Timing 38-35] Done setting XDC timing constraints.
INFO: [Timing 38-91] UpdateTimingParams: Speed grade: -1, Delay Type: min_max.
INFO: [Timing 38-191] Multithreading enabled for timing update using a maximum of 4 CPUs
report_timing_summary: Time (s): cpu = 00:00:09 ; elapsed = 00:00:27 . Memory (MB): peak = 1988.945 ; gain = 370.188 ; free physical = 202 ; free virtual = 4409
# report_utilization -hierarchical -file top_utilization_hierarchical_synth.rpt
report_utilization: Time (s): cpu = 00:00:00.16 ; elapsed = 00:00:00.29 . Memory (MB): peak = 1989.945 ; gain = 1.000 ; free physical = 201 ; free virtual = 4409
# report_utilization -file top_utilization_synth.rpt
report_utilization: Time (s): cpu = 00:00:00.15 ; elapsed = 00:00:00.20 . Memory (MB): peak = 1989.945 ; gain = 0.000 ; free physical = 203 ; free virtual = 4407
# opt_design
Command: opt_design
Attempting to get a license for feature 'Implementation' and/or device 'xc7a35t'
INFO: [Common 17-349] Got license for feature 'Implementation' and/or device 'xc7a35t'
Running DRC as a precondition to command opt_design

Starting DRC Task
INFO: [DRC 23-27] Running DRC with 4 threads
INFO: [Project 1-461] DRC finished with 0 Errors
INFO: [Project 1-462] Please refer to the DRC report (report_drc) for more information.

Time (s): cpu = 00:00:02 ; elapsed = 00:00:03 . Memory (MB): peak = 2039.961 ; gain = 50.016 ; free physical = 191 ; free virtual = 4402

Starting Cache Timing Information Task
Ending Cache Timing Information Task | Checksum: 14aa49844

Time (s): cpu = 00:00:00 ; elapsed = 00:00:00 . Memory (MB): peak = 2039.961 ; gain = 0.000 ; free physical = 191 ; free virtual = 4402

Starting Logic Optimization Task

Phase 1 Retarget
INFO: [Opt 31-138] Pushed 0 inverter(s) to 0 load pin(s).
INFO: [Opt 31-49] Retargeted 0 cell(s).
Phase 1 Retarget | Checksum: 14aa49844

Time (s): cpu = 00:00:00.05 ; elapsed = 00:00:00.12 . Memory (MB): peak = 2039.961 ; gain = 0.000 ; free physical = 192 ; free virtual = 4403
INFO: [Opt 31-389] Phase Retarget created 0 cells and removed 0 cells

Phase 2 Constant propagation
INFO: [Opt 31-138] Pushed 0 inverter(s) to 0 load pin(s).
Phase 2 Constant propagation | Checksum: 14aa49844

Time (s): cpu = 00:00:00.06 ; elapsed = 00:00:00.14 . Memory (MB): peak = 2039.961 ; gain = 0.000 ; free physical = 192 ; free virtual = 4403
INFO: [Opt 31-389] Phase Constant propagation created 0 cells and removed 0 cells

Phase 3 Sweep
Phase 3 Sweep | Checksum: 11047a424

Time (s): cpu = 00:00:00.07 ; elapsed = 00:00:00.20 . Memory (MB): peak = 2039.961 ; gain = 0.000 ; free physical = 192 ; free virtual = 4403
INFO: [Opt 31-389] Phase Sweep created 0 cells and removed 0 cells

Phase 4 BUFG optimization
Phase 4 BUFG optimization | Checksum: 11047a424

Time (s): cpu = 00:00:00.09 ; elapsed = 00:00:00.24 . Memory (MB): peak = 2039.961 ; gain = 0.000 ; free physical = 192 ; free virtual = 4403
INFO: [Opt 31-662] Phase BUFG optimization created 0 cells of which 0 are BUFGs and removed 0 cells.

Phase 5 Shift Register Optimization
Phase 5 Shift Register Optimization | Checksum: 188fc4910

Time (s): cpu = 00:00:00.11 ; elapsed = 00:00:00.32 . Memory (MB): peak = 2039.961 ; gain = 0.000 ; free physical = 193 ; free virtual = 4404
INFO: [Opt 31-389] Phase Shift Register Optimization created 0 cells and removed 0 cells

Phase 6 Post Processing Netlist
Phase 6 Post Processing Netlist | Checksum: 188fc4910

Time (s): cpu = 00:00:00.11 ; elapsed = 00:00:00.33 . Memory (MB): peak = 2039.961 ; gain = 0.000 ; free physical = 193 ; free virtual = 4404
INFO: [Opt 31-389] Phase Post Processing Netlist created 0 cells and removed 0 cells

Starting Connectivity Check Task

Time (s): cpu = 00:00:00.01 ; elapsed = 00:00:00 . Memory (MB): peak = 2039.961 ; gain = 0.000 ; free physical = 193 ; free virtual = 4404
Ending Logic Optimization Task | Checksum: 188fc4910

Time (s): cpu = 00:00:00.12 ; elapsed = 00:00:00.34 . Memory (MB): peak = 2039.961 ; gain = 0.000 ; free physical = 193 ; free virtual = 4404

Starting Power Optimization Task
INFO: [Pwropt 34-132] Skipping clock gating for clocks with a period < 2.00 ns.
Ending Power Optimization Task | Checksum: 188fc4910

Time (s): cpu = 00:00:00.03 ; elapsed = 00:00:00.08 . Memory (MB): peak = 2039.961 ; gain = 0.000 ; free physical = 193 ; free virtual = 4404

Starting Final Cleanup Task
Ending Final Cleanup Task | Checksum: 188fc4910

Time (s): cpu = 00:00:00 ; elapsed = 00:00:00 . Memory (MB): peak = 2039.961 ; gain = 0.000 ; free physical = 193 ; free virtual = 4404
INFO: [Common 17-83] Releasing license: Implementation
15 Infos, 0 Warnings, 0 Critical Warnings and 0 Errors encountered.
opt_design completed successfully
# place_design
Command: place_design
Attempting to get a license for feature 'Implementation' and/or device 'xc7a35t'
INFO: [Common 17-349] Got license for feature 'Implementation' and/or device 'xc7a35t'
INFO: [DRC 23-27] Running DRC with 4 threads
INFO: [Vivado_Tcl 4-198] DRC finished with 0 Errors
INFO: [Vivado_Tcl 4-199] Please refer to the DRC report (report_drc) for more information.
Running DRC as a precondition to command place_design
INFO: [DRC 23-27] Running DRC with 4 threads
INFO: [Vivado_Tcl 4-198] DRC finished with 0 Errors
INFO: [Vivado_Tcl 4-199] Please refer to the DRC report (report_drc) for more information.

Starting Placer Task
INFO: [Place 30-611] Multithreading enabled for place_design using a maximum of 4 CPUs

Phase 1 Placer Initialization

Phase 1.1 Placer Initialization Netlist Sorting
Netlist sorting complete. Time (s): cpu = 00:00:00.01 ; elapsed = 00:00:00 . Memory (MB): peak = 2039.961 ; gain = 0.000 ; free physical = 190 ; free virtual = 4402
Phase 1.1 Placer Initialization Netlist Sorting | Checksum: 1640fcc95

Time (s): cpu = 00:00:00.01 ; elapsed = 00:00:00.09 . Memory (MB): peak = 2039.961 ; gain = 0.000 ; free physical = 190 ; free virtual = 4402
Netlist sorting complete. Time (s): cpu = 00:00:00 ; elapsed = 00:00:00 . Memory (MB): peak = 2039.961 ; gain = 0.000 ; free physical = 190 ; free virtual = 4403

Phase 1.2 IO Placement/ Clock Placement/ Build Placer Device
INFO: [Timing 38-35] Done setting XDC timing constraints.
WARNING: [Place 30-568] A LUT 'TFT_SPI/spiWorkClock/TFT_CLK_OBUF_inst_i_1' is driving clock pin of 7 registers. This could lead to large hold time violations. First few involved registers are:
	TFT_SPI/spi/reseted_reg {FDRE}
	TFT_SPI/spi/dataClk_reg {FDRE}
	TFT_SPI/spi/reset_reg {FDSE}
	TFT_SPI/spi/count_reg[0] {FDRE}
	TFT_SPI/spi/count_reg[2] {FDRE}
Phase 1.2 IO Placement/ Clock Placement/ Build Placer Device | Checksum: 100f4f304

Time (s): cpu = 00:00:02 ; elapsed = 00:00:01 . Memory (MB): peak = 2039.961 ; gain = 0.000 ; free physical = 184 ; free virtual = 4402

Phase 1.3 Build Placer Netlist Model
Phase 1.3 Build Placer Netlist Model | Checksum: 1d9f11108

Time (s): cpu = 00:00:02 ; elapsed = 00:00:02 . Memory (MB): peak = 2039.961 ; gain = 0.000 ; free physical = 182 ; free virtual = 4401

Phase 1.4 Constrain Clocks/Macros
Phase 1.4 Constrain Clocks/Macros | Checksum: 1d9f11108

Time (s): cpu = 00:00:02 ; elapsed = 00:00:02 . Memory (MB): peak = 2039.961 ; gain = 0.000 ; free physical = 182 ; free virtual = 4401
Phase 1 Placer Initialization | Checksum: 1d9f11108

Time (s): cpu = 00:00:02 ; elapsed = 00:00:02 . Memory (MB): peak = 2039.961 ; gain = 0.000 ; free physical = 182 ; free virtual = 4401

Phase 2 Global Placement

Phase 2.1 Floorplanning
Phase 2.1 Floorplanning | Checksum: 155631c5b

Time (s): cpu = 00:00:02 ; elapsed = 00:00:02 . Memory (MB): peak = 2079.980 ; gain = 40.020 ; free physical = 180 ; free virtual = 4399

Phase 2.2 Physical Synthesis In Placer
INFO: [Physopt 32-65] No nets found for high-fanout optimization.
INFO: [Physopt 32-232] Optimized 0 net. Created 0 new instance.
INFO: [Physopt 32-775] End 1 Pass. Optimized 0 net or cell. Created 0 new cell, deleted 0 existing cell and moved 0 existing cell
Netlist sorting complete. Time (s): cpu = 00:00:00 ; elapsed = 00:00:00 . Memory (MB): peak = 2087.984 ; gain = 0.000 ; free physical = 176 ; free virtual = 4395

Summary of Physical Synthesis Optimizations
============================================


-----------------------------------------------------------------------------------------------------------------------------
|  Optimization       |  Added Cells  |  Removed Cells  |  Optimized Cells/Nets  |  Dont Touch  |  Iterations  |  Elapsed   |
-----------------------------------------------------------------------------------------------------------------------------
|  Very High Fanout   |            0  |              0  |                     0  |           0  |           1  |  00:00:00  |
|  Total              |            0  |              0  |                     0  |           0  |           1  |  00:00:00  |
-----------------------------------------------------------------------------------------------------------------------------


Phase 2.2 Physical Synthesis In Placer | Checksum: 1a57fdc3e

Time (s): cpu = 00:00:03 ; elapsed = 00:00:03 . Memory (MB): peak = 2087.984 ; gain = 48.023 ; free physical = 176 ; free virtual = 4395
Phase 2 Global Placement | Checksum: 15b691b31

Time (s): cpu = 00:00:03 ; elapsed = 00:00:03 . Memory (MB): peak = 2087.984 ; gain = 48.023 ; free physical = 176 ; free virtual = 4395

Phase 3 Detail Placement

Phase 3.1 Commit Multi Column Macros
Phase 3.1 Commit Multi Column Macros | Checksum: 15b691b31

Time (s): cpu = 00:00:04 ; elapsed = 00:00:03 . Memory (MB): peak = 2087.984 ; gain = 48.023 ; free physical = 176 ; free virtual = 4395

Phase 3.2 Commit Most Macros & LUTRAMs
Phase 3.2 Commit Most Macros & LUTRAMs | Checksum: 12a3639ee

Time (s): cpu = 00:00:04 ; elapsed = 00:00:03 . Memory (MB): peak = 2087.984 ; gain = 48.023 ; free physical = 175 ; free virtual = 4394

Phase 3.3 Area Swap Optimization
Phase 3.3 Area Swap Optimization | Checksum: 87d8d8b3

Time (s): cpu = 00:00:04 ; elapsed = 00:00:03 . Memory (MB): peak = 2087.984 ; gain = 48.023 ; free physical = 175 ; free virtual = 4394

Phase 3.4 Pipeline Register Optimization
Phase 3.4 Pipeline Register Optimization | Checksum: 87d8d8b3

Time (s): cpu = 00:00:04 ; elapsed = 00:00:03 . Memory (MB): peak = 2087.984 ; gain = 48.023 ; free physical = 175 ; free virtual = 4394

Phase 3.5 Small Shape Detail Placement
Phase 3.5 Small Shape Detail Placement | Checksum: e17c2eb7

Time (s): cpu = 00:00:04 ; elapsed = 00:00:03 . Memory (MB): peak = 2087.984 ; gain = 48.023 ; free physical = 175 ; free virtual = 4394

Phase 3.6 Re-assign LUT pins
Phase 3.6 Re-assign LUT pins | Checksum: bbe2dbd4

Time (s): cpu = 00:00:04 ; elapsed = 00:00:03 . Memory (MB): peak = 2087.984 ; gain = 48.023 ; free physical = 176 ; free virtual = 4394

Phase 3.7 Pipeline Register Optimization
Phase 3.7 Pipeline Register Optimization | Checksum: bbe2dbd4

Time (s): cpu = 00:00:04 ; elapsed = 00:00:03 . Memory (MB): peak = 2087.984 ; gain = 48.023 ; free physical = 176 ; free virtual = 4394
Phase 3 Detail Placement | Checksum: bbe2dbd4

Time (s): cpu = 00:00:04 ; elapsed = 00:00:03 . Memory (MB): peak = 2087.984 ; gain = 48.023 ; free physical = 176 ; free virtual = 4394

Phase 4 Post Placement Optimization and Clean-Up

Phase 4.1 Post Commit Optimization
INFO: [Timing 38-35] Done setting XDC timing constraints.

Phase 4.1.1 Post Placement Optimization
Post Placement Optimization Initialization | Checksum: 1da1b0b10

Phase 4.1.1.1 BUFG Insertion
INFO: [Place 46-31] BUFG insertion identified 0 candidate nets, 0 success, 0 skipped for placement/routing, 0 skipped for timing, 0 skipped for netlist change reason.
Phase 4.1.1.1 BUFG Insertion | Checksum: 1da1b0b10

Time (s): cpu = 00:00:04 ; elapsed = 00:00:03 . Memory (MB): peak = 2087.984 ; gain = 48.023 ; free physical = 175 ; free virtual = 4393
INFO: [Place 30-746] Post Placement Timing Summary WNS=6.666. For the most accurate timing information please run report_timing.
Phase 4.1.1 Post Placement Optimization | Checksum: 1cef4be34

Time (s): cpu = 00:00:04 ; elapsed = 00:00:03 . Memory (MB): peak = 2087.984 ; gain = 48.023 ; free physical = 175 ; free virtual = 4393
Phase 4.1 Post Commit Optimization | Checksum: 1cef4be34

Time (s): cpu = 00:00:04 ; elapsed = 00:00:03 . Memory (MB): peak = 2087.984 ; gain = 48.023 ; free physical = 175 ; free virtual = 4393

Phase 4.2 Post Placement Cleanup
Phase 4.2 Post Placement Cleanup | Checksum: 1cef4be34

Time (s): cpu = 00:00:04 ; elapsed = 00:00:03 . Memory (MB): peak = 2087.984 ; gain = 48.023 ; free physical = 177 ; free virtual = 4395

Phase 4.3 Placer Reporting
Phase 4.3 Placer Reporting | Checksum: 1cef4be34

Time (s): cpu = 00:00:04 ; elapsed = 00:00:03 . Memory (MB): peak = 2087.984 ; gain = 48.023 ; free physical = 177 ; free virtual = 4395

Phase 4.4 Final Placement Cleanup
Phase 4.4 Final Placement Cleanup | Checksum: 220472b08

Time (s): cpu = 00:00:04 ; elapsed = 00:00:03 . Memory (MB): peak = 2087.984 ; gain = 48.023 ; free physical = 177 ; free virtual = 4395
Phase 4 Post Placement Optimization and Clean-Up | Checksum: 220472b08

Time (s): cpu = 00:00:04 ; elapsed = 00:00:03 . Memory (MB): peak = 2087.984 ; gain = 48.023 ; free physical = 177 ; free virtual = 4395
Ending Placer Task | Checksum: 18f13e81e

Time (s): cpu = 00:00:04 ; elapsed = 00:00:03 . Memory (MB): peak = 2087.984 ; gain = 48.023 ; free physical = 181 ; free virtual = 4399
INFO: [Common 17-83] Releasing license: Implementation
16 Infos, 1 Warnings, 0 Critical Warnings and 0 Errors encountered.
place_design completed successfully
place_design: Time (s): cpu = 00:00:07 ; elapsed = 00:00:06 . Memory (MB): peak = 2087.984 ; gain = 48.023 ; free physical = 181 ; free virtual = 4399
# report_utilization -hierarchical -file top_utilization_hierarchical_place.rpt
report_utilization: Time (s): cpu = 00:00:00.16 ; elapsed = 00:00:00.20 . Memory (MB): peak = 2087.984 ; gain = 0.000 ; free physical = 180 ; free virtual = 4399
# report_utilization -file top_utilization_place.rpt
report_utilization: Time (s): cpu = 00:00:00.14 ; elapsed = 00:00:00.19 . Memory (MB): peak = 2087.984 ; gain = 0.000 ; free physical = 179 ; free virtual = 4398
# report_io -file top_io.rpt
report_io: Time (s): cpu = 00:00:00.25 ; elapsed = 00:00:00.35 . Memory (MB): peak = 2087.984 ; gain = 0.000 ; free physical = 176 ; free virtual = 4394
# report_control_sets -verbose -file top_control_sets.rpt
report_control_sets: Time (s): cpu = 00:00:00.09 ; elapsed = 00:00:00.17 . Memory (MB): peak = 2087.984 ; gain = 0.000 ; free physical = 180 ; free virtual = 4399
# report_clock_utilization -file top_clock_utilization.rpt
# route_design
Command: route_design
Attempting to get a license for feature 'Implementation' and/or device 'xc7a35t'
INFO: [Common 17-349] Got license for feature 'Implementation' and/or device 'xc7a35t'
Running DRC as a precondition to command route_design
INFO: [DRC 23-27] Running DRC with 4 threads
INFO: [Vivado_Tcl 4-198] DRC finished with 0 Errors
INFO: [Vivado_Tcl 4-199] Please refer to the DRC report (report_drc) for more information.


Starting Routing Task
INFO: [Route 35-254] Multithreading enabled for route_design using a maximum of 4 CPUs
Checksum: PlaceDB: a58ec017 ConstDB: 0 ShapeSum: e9852807 RouteDB: 0

Phase 1 Build RT Design
Phase 1 Build RT Design | Checksum: 139b0fe93

Time (s): cpu = 00:00:26 ; elapsed = 00:00:22 . Memory (MB): peak = 2111.637 ; gain = 23.652 ; free physical = 126 ; free virtual = 4290
Post Restoration Checksum: NetGraph: d0384f2e NumContArr: 6978af65 Constraints: 0 Timing: 0

Phase 2 Router Initialization

Phase 2.1 Create Timer
Phase 2.1 Create Timer | Checksum: 139b0fe93

Time (s): cpu = 00:00:26 ; elapsed = 00:00:22 . Memory (MB): peak = 2111.637 ; gain = 23.652 ; free physical = 126 ; free virtual = 4290

Phase 2.2 Fix Topology Constraints
Phase 2.2 Fix Topology Constraints | Checksum: 139b0fe93

Time (s): cpu = 00:00:26 ; elapsed = 00:00:22 . Memory (MB): peak = 2111.637 ; gain = 23.652 ; free physical = 111 ; free virtual = 4275

Phase 2.3 Pre Route Cleanup
Phase 2.3 Pre Route Cleanup | Checksum: 139b0fe93

Time (s): cpu = 00:00:26 ; elapsed = 00:00:22 . Memory (MB): peak = 2111.637 ; gain = 23.652 ; free physical = 111 ; free virtual = 4275
 Number of Nodes with overlaps = 0

Phase 2.4 Update Timing
Phase 2.4 Update Timing | Checksum: 16c9eb1c8

Time (s): cpu = 00:00:27 ; elapsed = 00:00:23 . Memory (MB): peak = 2115.637 ; gain = 27.652 ; free physical = 104 ; free virtual = 4268
INFO: [Route 35-416] Intermediate Timing Summary | WNS=6.642  | TNS=0.000  | WHS=-0.065 | THS=-0.255 |

Phase 2 Router Initialization | Checksum: 17c77fd24

Time (s): cpu = 00:00:27 ; elapsed = 00:00:23 . Memory (MB): peak = 2115.637 ; gain = 27.652 ; free physical = 103 ; free virtual = 4268

Phase 3 Initial Routing
Phase 3 Initial Routing | Checksum: 6aaae453

Time (s): cpu = 00:00:27 ; elapsed = 00:00:23 . Memory (MB): peak = 2115.637 ; gain = 27.652 ; free physical = 105 ; free virtual = 4270

Phase 4 Rip-up And Reroute

Phase 4.1 Global Iteration 0
 Number of Nodes with overlaps = 25
 Number of Nodes with overlaps = 0
INFO: [Route 35-416] Intermediate Timing Summary | WNS=6.483  | TNS=0.000  | WHS=N/A    | THS=N/A    |

Phase 4.1 Global Iteration 0 | Checksum: 1682799f3

Time (s): cpu = 00:00:28 ; elapsed = 00:00:23 . Memory (MB): peak = 2115.637 ; gain = 27.652 ; free physical = 105 ; free virtual = 4269
Phase 4 Rip-up And Reroute | Checksum: 1682799f3

Time (s): cpu = 00:00:28 ; elapsed = 00:00:23 . Memory (MB): peak = 2115.637 ; gain = 27.652 ; free physical = 105 ; free virtual = 4269

Phase 5 Delay and Skew Optimization

Phase 5.1 Delay CleanUp

Phase 5.1.1 Update Timing
Phase 5.1.1 Update Timing | Checksum: 1dfee9545

Time (s): cpu = 00:00:28 ; elapsed = 00:00:23 . Memory (MB): peak = 2115.637 ; gain = 27.652 ; free physical = 105 ; free virtual = 4269
INFO: [Route 35-416] Intermediate Timing Summary | WNS=6.577  | TNS=0.000  | WHS=N/A    | THS=N/A    |

Phase 5.1 Delay CleanUp | Checksum: 1dfee9545

Time (s): cpu = 00:00:28 ; elapsed = 00:00:23 . Memory (MB): peak = 2115.637 ; gain = 27.652 ; free physical = 105 ; free virtual = 4269

Phase 5.2 Clock Skew Optimization
Phase 5.2 Clock Skew Optimization | Checksum: 1dfee9545

Time (s): cpu = 00:00:28 ; elapsed = 00:00:23 . Memory (MB): peak = 2115.637 ; gain = 27.652 ; free physical = 105 ; free virtual = 4269
Phase 5 Delay and Skew Optimization | Checksum: 1dfee9545

Time (s): cpu = 00:00:28 ; elapsed = 00:00:23 . Memory (MB): peak = 2115.637 ; gain = 27.652 ; free physical = 105 ; free virtual = 4269

Phase 6 Post Hold Fix

Phase 6.1 Hold Fix Iter

Phase 6.1.1 Update Timing
Phase 6.1.1 Update Timing | Checksum: 2014272fc

Time (s): cpu = 00:00:28 ; elapsed = 00:00:23 . Memory (MB): peak = 2115.637 ; gain = 27.652 ; free physical = 105 ; free virtual = 4269
INFO: [Route 35-416] Intermediate Timing Summary | WNS=6.577  | TNS=0.000  | WHS=0.232  | THS=0.000  |

Phase 6.1 Hold Fix Iter | Checksum: 1c07f3231

Time (s): cpu = 00:00:28 ; elapsed = 00:00:23 . Memory (MB): peak = 2115.637 ; gain = 27.652 ; free physical = 105 ; free virtual = 4269
Phase 6 Post Hold Fix | Checksum: 1c07f3231

Time (s): cpu = 00:00:28 ; elapsed = 00:00:23 . Memory (MB): peak = 2115.637 ; gain = 27.652 ; free physical = 105 ; free virtual = 4269

Phase 7 Route finalize

Router Utilization Summary
  Global Vertical Routing Utilization    = 0.0880969 %
  Global Horizontal Routing Utilization  = 0.0754815 %
  Routable Net Status*
  *Does not include unroutable nets such as driverless and loadless.
  Run report_route_status for detailed report.
  Number of Failed Nets               = 0
  Number of Unrouted Nets             = 0
  Number of Partially Routed Nets     = 0
  Number of Node Overlaps             = 0

Phase 7 Route finalize | Checksum: 11dc98a71

Time (s): cpu = 00:00:28 ; elapsed = 00:00:23 . Memory (MB): peak = 2115.637 ; gain = 27.652 ; free physical = 105 ; free virtual = 4269

Phase 8 Verifying routed nets

 Verification completed successfully
Phase 8 Verifying routed nets | Checksum: 11dc98a71

Time (s): cpu = 00:00:28 ; elapsed = 00:00:23 . Memory (MB): peak = 2115.637 ; gain = 27.652 ; free physical = 104 ; free virtual = 4268

Phase 9 Depositing Routes
Phase 9 Depositing Routes | Checksum: 104ad5039

Time (s): cpu = 00:00:28 ; elapsed = 00:00:23 . Memory (MB): peak = 2115.637 ; gain = 27.652 ; free physical = 104 ; free virtual = 4268

Phase 10 Post Router Timing
INFO: [Route 35-57] Estimated Timing Summary | WNS=6.577  | TNS=0.000  | WHS=0.232  | THS=0.000  |

INFO: [Route 35-327] The final timing numbers are based on the router estimated timing analysis. For a complete and accurate timing signoff, please run report_timing_summary.
Phase 10 Post Router Timing | Checksum: 104ad5039

Time (s): cpu = 00:00:28 ; elapsed = 00:00:23 . Memory (MB): peak = 2115.637 ; gain = 27.652 ; free physical = 104 ; free virtual = 4268
INFO: [Route 35-16] Router Completed Successfully

Time (s): cpu = 00:00:28 ; elapsed = 00:00:23 . Memory (MB): peak = 2115.637 ; gain = 27.652 ; free physical = 121 ; free virtual = 4286

Routing Is Done.
INFO: [Common 17-83] Releasing license: Implementation
13 Infos, 0 Warnings, 0 Critical Warnings and 0 Errors encountered.
route_design completed successfully
route_design: Time (s): cpu = 00:00:31 ; elapsed = 00:00:27 . Memory (MB): peak = 2115.637 ; gain = 27.652 ; free physical = 121 ; free virtual = 4286
# phys_opt_design
Command: phys_opt_design
Attempting to get a license for feature 'Implementation' and/or device 'xc7a35t'
INFO: [Common 17-349] Got license for feature 'Implementation' and/or device 'xc7a35t'
INFO: [Vivado_Tcl 4-241] Physical synthesis in post route mode ( 100.0% nets are fully routed)
INFO: [Vivado_Tcl 4-383] Design worst setup slack (WNS) is greater than or equal to 0.000 ns. Skipping all physical synthesis optimizations.
INFO: [Vivado_Tcl 4-232] No setup violation found. The netlist was not modified.
INFO: [Common 17-83] Releasing license: Implementation
5 Infos, 0 Warnings, 0 Critical Warnings and 0 Errors encountered.
phys_opt_design completed successfully
# report_timing_summary -no_header -no_detailed_paths
INFO: [Timing 38-91] UpdateTimingParams: Speed grade: -1, Delay Type: min_max.
INFO: [Timing 38-191] Multithreading enabled for timing update using a maximum of 4 CPUs
------------------------------------------------------------------------------------------------
| Timer Settings
| --------------
------------------------------------------------------------------------------------------------

  Enable Multi Corner Analysis               :  Yes
  Enable Pessimism Removal                   :  Yes
  Pessimism Removal Resolution               :  Nearest Common Node
  Enable Input Delay Default Clock           :  No
  Enable Preset / Clear Arcs                 :  No
  Disable Flight Delays                      :  No
  Ignore I/O Paths                           :  No
  Timing Early Launch at Borrowing Latches   :  false

  Corner  Analyze    Analyze    
  Name    Max Paths  Min Paths  
  ------  ---------  ---------  
  Slow    Yes        Yes        
  Fast    Yes        Yes        



check_timing report

Table of Contents
-----------------
1. checking no_clock
2. checking constant_clock
3. checking pulse_width_clock
4. checking unconstrained_internal_endpoints
5. checking no_input_delay
6. checking no_output_delay
7. checking multiple_clock
8. checking generated_clocks
9. checking loops
10. checking partial_input_delay
11. checking partial_output_delay
12. checking latch_loops

1. checking no_clock
--------------------
 There are 46 register/latch pins with no clock driven by root clock pin: TFT_SPI/spi/dataClk_reg/Q (HIGH)

 There are 7 register/latch pins with no clock driven by root clock pin: TFT_SPI/spiInitRegClock/OutputCLK_reg/Q (HIGH)

 There are 7 register/latch pins with no clock driven by root clock pin: TFT_SPI/spiWorkClock/OutputCLK_reg/Q (HIGH)


2. checking constant_clock
--------------------------
 There are 0 register/latch pins with constant_clock.


3. checking pulse_width_clock
-----------------------------
 There are 0 register/latch pins which need pulse_width check


4. checking unconstrained_internal_endpoints
--------------------------------------------
 There are 94 pins that are not constrained for maximum delay. (HIGH)

 There are 0 pins that are not constrained for maximum delay due to constant clock.


5. checking no_input_delay
--------------------------
 There are 16 input ports with no input delay specified. (HIGH)

 There are 0 input ports with no input delay but user has a false path constraint.


6. checking no_output_delay
---------------------------
 There are 5 ports with no output delay specified. (HIGH)

 There are 0 ports with no output delay but user has a false path constraint

 There are 0 ports with no output delay but with a timing clock defined on it or propagating through it


7. checking multiple_clock
--------------------------
 There are 0 register/latch pins with multiple clocks.


8. checking generated_clocks
----------------------------
 There are 0 generated clocks that are not connected to a clock source.


9. checking loops
-----------------
 There are 0 combinational loops in the design.


10. checking partial_input_delay
--------------------------------
 There are 0 input ports with partial input delay specified.


11. checking partial_output_delay
---------------------------------
 There are 0 ports with partial output delay specified.


12. checking latch_loops
------------------------
 There are 0 combinational latch loops in the design through latch input



------------------------------------------------------------------------------------------------
| Design Timing Summary
| ---------------------
------------------------------------------------------------------------------------------------

    WNS(ns)      TNS(ns)  TNS Failing Endpoints  TNS Total Endpoints      WHS(ns)      THS(ns)  THS Failing Endpoints  THS Total Endpoints     WPWS(ns)     TPWS(ns)  TPWS Failing Endpoints  TPWS Total Endpoints  
    -------      -------  ---------------------  -------------------      -------      -------  ---------------------  -------------------     --------     --------  ----------------------  --------------------  
      6.578        0.000                      0                   40        0.250        0.000                      0                   40        4.500        0.000                       0                    30  


All user specified timing constraints are met.


------------------------------------------------------------------------------------------------
| Clock Summary
| -------------
------------------------------------------------------------------------------------------------

Clock   Waveform(ns)       Period(ns)      Frequency(MHz)
-----   ------------       ----------      --------------
clk100  {0.000 5.000}      10.000          100.000         


------------------------------------------------------------------------------------------------
| Intra Clock Table
| -----------------
------------------------------------------------------------------------------------------------

Clock             WNS(ns)      TNS(ns)  TNS Failing Endpoints  TNS Total Endpoints      WHS(ns)      THS(ns)  THS Failing Endpoints  THS Total Endpoints     WPWS(ns)     TPWS(ns)  TPWS Failing Endpoints  TPWS Total Endpoints  
-----             -------      -------  ---------------------  -------------------      -------      -------  ---------------------  -------------------     --------     --------  ----------------------  --------------------  
clk100              6.578        0.000                      0                   40        0.250        0.000                      0                   40        4.500        0.000                       0                    30  


------------------------------------------------------------------------------------------------
| Inter Clock Table
| -----------------
------------------------------------------------------------------------------------------------

From Clock    To Clock          WNS(ns)      TNS(ns)  TNS Failing Endpoints  TNS Total Endpoints      WHS(ns)      THS(ns)  THS Failing Endpoints  THS Total Endpoints  
----------    --------          -------      -------  ---------------------  -------------------      -------      -------  ---------------------  -------------------  


------------------------------------------------------------------------------------------------
| Other Path Groups Table
| -----------------------
------------------------------------------------------------------------------------------------

Path Group    From Clock    To Clock          WNS(ns)      TNS(ns)  TNS Failing Endpoints  TNS Total Endpoints      WHS(ns)      THS(ns)  THS Failing Endpoints  THS Total Endpoints  
----------    ----------    --------          -------      -------  ---------------------  -------------------      -------      -------  ---------------------  -------------------  


# write_checkpoint -force top_route.dcp
INFO: [Timing 38-480] Writing timing data to binary archive.
Writing placer database...
Writing XDEF routing.
Writing XDEF routing logical nets.
Writing XDEF routing special nets.
Write XDEF Complete: Time (s): cpu = 00:00:00.23 ; elapsed = 00:00:00.10 . Memory (MB): peak = 2115.637 ; gain = 0.000 ; free physical = 113 ; free virtual = 4280
INFO: [Common 17-1381] The checkpoint '/home/camilo/MEGA/Universidad/2018-2/Digital2/Proyecto/SoC/build/top_route.dcp' has been generated.
# report_route_status -file top_route_status.rpt
# report_drc -file top_drc.rpt
Command: report_drc -file top_drc.rpt
INFO: [IP_Flow 19-234] Refreshing IP repositories
INFO: [IP_Flow 19-1704] No user IP repositories specified
INFO: [IP_Flow 19-2313] Loaded Vivado IP repository '/home/camilo/Programas/Xilinx/Vivado/2018.2/data/ip'.
INFO: [DRC 23-27] Running DRC with 4 threads
INFO: [Coretcl 2-168] The results of DRC are in file /home/camilo/MEGA/Universidad/2018-2/Digital2/Proyecto/SoC/build/top_drc.rpt.
report_drc completed successfully
report_drc: Time (s): cpu = 00:00:05 ; elapsed = 00:00:09 . Memory (MB): peak = 2139.648 ; gain = 0.000 ; free physical = 115 ; free virtual = 4265
# report_timing_summary -datasheet -max_paths 10 -file top_timing.rpt
INFO: [Timing 38-91] UpdateTimingParams: Speed grade: -1, Delay Type: min_max.
INFO: [Timing 38-191] Multithreading enabled for timing update using a maximum of 4 CPUs
# report_power -file top_power.rpt
Command: report_power -file top_power.rpt
Running Vector-less Activity Propagation...

Finished Running Vector-less Activity Propagation
0 Infos, 0 Warnings, 0 Critical Warnings and 0 Errors encountered.
report_power completed successfully
# write_bitstream -force top.bit 
Command: write_bitstream -force top.bit
Attempting to get a license for feature 'Implementation' and/or device 'xc7a35t'
INFO: [Common 17-349] Got license for feature 'Implementation' and/or device 'xc7a35t'
Running DRC as a precondition to command write_bitstream
INFO: [DRC 23-27] Running DRC with 4 threads
WARNING: [DRC CFGBVS-1] Missing CFGBVS and CONFIG_VOLTAGE Design Properties: Neither the CFGBVS nor CONFIG_VOLTAGE voltage property is set in the current_design.  Configuration bank voltage select (CFGBVS) must be set to VCCO or GND, and CONFIG_VOLTAGE must be set to the correct configuration voltage, in order to determine the I/O voltage support for the pins in bank 0.  It is suggested to specify these either using the 'Edit Device Properties' function in the GUI or directly in the XDC file using the following syntax:

 set_property CFGBVS value1 [current_design]
 #where value1 is either VCCO or GND

 set_property CONFIG_VOLTAGE value2 [current_design]
 #where value2 is the voltage provided to configuration bank 0

Refer to the device configuration user guide for more information.
WARNING: [DRC PDRC-153] Gated clock check: Net TFT_SPI/spiWorkClock/TFT_CLK_OBUF is a gated clock net sourced by a combinational pin TFT_SPI/spiWorkClock/TFT_CLK_OBUF_inst_i_1/O, cell TFT_SPI/spiWorkClock/TFT_CLK_OBUF_inst_i_1. This is not good design practice and will likely impact performance. For SLICE registers, for example, use the CE pin to control the loading of data.
WARNING: [DRC PLHOLDVIO-2] Non-Optimal connections which could lead to hold violations: A LUT TFT_SPI/spiWorkClock/TFT_CLK_OBUF_inst_i_1 is driving clock pin of 7 cells. This could lead to large hold time violations. First few involved cells are:
    TFT_SPI/spi/count_reg[0] {FDRE}
    TFT_SPI/spi/count_reg[1] {FDRE}
    TFT_SPI/spi/count_reg[2] {FDRE}
    TFT_SPI/spi/count_reg[3] {FDRE}
    TFT_SPI/spi/dataClk_reg {FDRE}
    TFT_SPI/spi/reset_reg {FDSE}
    TFT_SPI/spi/reseted_reg {FDRE}
INFO: [Vivado 12-3199] DRC finished with 0 Errors, 3 Warnings
INFO: [Vivado 12-3200] Please refer to the DRC report (report_drc) for more information.
INFO: [Designutils 20-2272] Running write_bitstream with 4 threads.
Loading data files...
Loading site data...
Loading route data...
Processing options...
Creating bitmap...
Creating bitstream...
Writing bitstream ./top.bit...
INFO: [Vivado 12-1842] Bitgen Completed Successfully.
INFO: [Project 1-120] WebTalk data collection is mandatory when using a WebPACK part without a full Vivado license. To see the specific WebTalk data collected for your design, open the usage_statistics_webtalk.html or usage_statistics_webtalk.xml file in the implementation directory.
INFO: [Common 17-186] '/home/camilo/MEGA/Universidad/2018-2/Digital2/Proyecto/SoC/build/usage_statistics_webtalk.xml' has been successfully sent to Xilinx on Tue Feb 12 20:53:22 2019. For additional details about this file, please refer to the WebTalk help file at /home/camilo/Programas/Xilinx/Vivado/2018.2/doc/webtalk_introduction.html.
INFO: [Common 17-83] Releasing license: Implementation
9 Infos, 3 Warnings, 0 Critical Warnings and 0 Errors encountered.
write_bitstream completed successfully
write_bitstream: Time (s): cpu = 00:00:18 ; elapsed = 00:00:26 . Memory (MB): peak = 2460.629 ; gain = 280.641 ; free physical = 411 ; free virtual = 4245
# quit
INFO: [Common 17-206] Exiting Vivado at Tue Feb 12 20:53:23 2019...
