#-----------------------------------------------------------
# Vivado v2018.2.1 (64-bit)
# SW Build 2288692 on Thu Jul 26 18:23:50 MDT 2018
# IP Build 2289599 on Thu Jul 26 21:09:20 MDT 2018
# Start of session at: Sun Feb 24 18:46:50 2019
# Process ID: 1052
# Current directory: /home/camilo/MEGA/Universidad/2018-2/Digital2/Proyecto/SoC/build
# Command line: vivado -mode batch -source top.tcl
# Log file: /home/camilo/MEGA/Universidad/2018-2/Digital2/Proyecto/SoC/build/vivado.log
# Journal file: /home/camilo/MEGA/Universidad/2018-2/Digital2/Proyecto/SoC/build/vivado.jou
#-----------------------------------------------------------
source top.tcl
# create_project -force -name top -part xc7a35tcpg236-1
# set_property XPM_LIBRARIES {XPM_CDC XPM_MEMORY} [current_project]
# add_files {/home/camilo/MEGA/Universidad/2018-2/Digital2/Proyecto/SoC/Hardware/Peripheral_AudVid/SubPeripheral_SD_SPI/FullSPI.v}
# set_property library work [get_files {/home/camilo/MEGA/Universidad/2018-2/Digital2/Proyecto/SoC/Hardware/Peripheral_AudVid/SubPeripheral_SD_SPI/FullSPI.v}]
WARNING: [filemgmt 56-99] Vivado Synthesis ignores library specification for Verilog or SystemVerilog files. [/home/camilo/MEGA/Universidad/2018-2/Digital2/Proyecto/SoC/Hardware/Peripheral_AudVid/SubPeripheral_SD_SPI/FullSPI.v:]
# add_files {/home/camilo/MEGA/Universidad/2018-2/Digital2/Proyecto/SoC/Hardware/utilities/Counter.v}
# set_property library work [get_files {/home/camilo/MEGA/Universidad/2018-2/Digital2/Proyecto/SoC/Hardware/utilities/Counter.v}]
WARNING: [filemgmt 56-99] Vivado Synthesis ignores library specification for Verilog or SystemVerilog files. [/home/camilo/MEGA/Universidad/2018-2/Digital2/Proyecto/SoC/Hardware/utilities/Counter.v:]
# add_files {/home/camilo/MEGA/Universidad/2018-2/Digital2/Proyecto/SoC/Hardware/utilities/FrequencyGenerator.v}
# set_property library work [get_files {/home/camilo/MEGA/Universidad/2018-2/Digital2/Proyecto/SoC/Hardware/utilities/FrequencyGenerator.v}]
WARNING: [filemgmt 56-99] Vivado Synthesis ignores library specification for Verilog or SystemVerilog files. [/home/camilo/MEGA/Universidad/2018-2/Digital2/Proyecto/SoC/Hardware/utilities/FrequencyGenerator.v:]
# add_files {/home/camilo/MEGA/Universidad/2018-2/Digital2/Proyecto/SoC/Hardware/utilities/ButtonDebouncerTester.v}
# set_property library work [get_files {/home/camilo/MEGA/Universidad/2018-2/Digital2/Proyecto/SoC/Hardware/utilities/ButtonDebouncerTester.v}]
WARNING: [filemgmt 56-99] Vivado Synthesis ignores library specification for Verilog or SystemVerilog files. [/home/camilo/MEGA/Universidad/2018-2/Digital2/Proyecto/SoC/Hardware/utilities/ButtonDebouncerTester.v:]
# add_files {/home/camilo/MEGA/Universidad/2018-2/Digital2/Proyecto/SoC/Hardware/Peripheral_AudVid/SubPeripheral_SD_SPI/SD_SPI.v}
# set_property library work [get_files {/home/camilo/MEGA/Universidad/2018-2/Digital2/Proyecto/SoC/Hardware/Peripheral_AudVid/SubPeripheral_SD_SPI/SD_SPI.v}]
WARNING: [filemgmt 56-99] Vivado Synthesis ignores library specification for Verilog or SystemVerilog files. [/home/camilo/MEGA/Universidad/2018-2/Digital2/Proyecto/SoC/Hardware/Peripheral_AudVid/SubPeripheral_SD_SPI/SD_SPI.v:]
# add_files {/home/camilo/MEGA/Universidad/2018-2/Digital2/Proyecto/SoC/Hardware/utilities/ButtonDebouncer.v}
# set_property library work [get_files {/home/camilo/MEGA/Universidad/2018-2/Digital2/Proyecto/SoC/Hardware/utilities/ButtonDebouncer.v}]
WARNING: [filemgmt 56-99] Vivado Synthesis ignores library specification for Verilog or SystemVerilog files. [/home/camilo/MEGA/Universidad/2018-2/Digital2/Proyecto/SoC/Hardware/utilities/ButtonDebouncer.v:]
# add_files {/home/camilo/MEGA/Universidad/2018-2/Digital2/Proyecto/SoC/Hardware/Peripheral_AudVid/AudVid_ClockManager.v}
# set_property library work [get_files {/home/camilo/MEGA/Universidad/2018-2/Digital2/Proyecto/SoC/Hardware/Peripheral_AudVid/AudVid_ClockManager.v}]
WARNING: [filemgmt 56-99] Vivado Synthesis ignores library specification for Verilog or SystemVerilog files. [/home/camilo/MEGA/Universidad/2018-2/Digital2/Proyecto/SoC/Hardware/Peripheral_AudVid/AudVid_ClockManager.v:]
# add_files {top.v}
# set_property library work [get_files {top.v}]
WARNING: [filemgmt 56-99] Vivado Synthesis ignores library specification for Verilog or SystemVerilog files. [/home/camilo/MEGA/Universidad/2018-2/Digital2/Proyecto/SoC/build/top.v:]
# read_xdc top.xdc
# synth_design -top top -part xc7a35tcpg236-1
Command: synth_design -top top -part xc7a35tcpg236-1
Starting synth_design
Attempting to get a license for feature 'Synthesis' and/or device 'xc7a35t'
INFO: [Common 17-349] Got license for feature 'Synthesis' and/or device 'xc7a35t'
INFO: Launching helper process for spawning children vivado processes
INFO: Helper process launched with PID 1080 
WARNING: [Synth 8-2507] parameter declaration becomes local in FrequencyGenerator with formal parameter declaration list [/home/camilo/MEGA/Universidad/2018-2/Digital2/Proyecto/SoC/Hardware/utilities/FrequencyGenerator.v:11]
---------------------------------------------------------------------------------
Starting RTL Elaboration : Time (s): cpu = 00:00:03 ; elapsed = 00:00:04 . Memory (MB): peak = 1261.156 ; gain = 77.262 ; free physical = 1029 ; free virtual = 5908
---------------------------------------------------------------------------------
INFO: [Synth 8-6157] synthesizing module 'top' [/home/camilo/MEGA/Universidad/2018-2/Digital2/Proyecto/SoC/build/top.v:2]
INFO: [Synth 8-6157] synthesizing module 'SD_SPI' [/home/camilo/MEGA/Universidad/2018-2/Digital2/Proyecto/SoC/Hardware/Peripheral_AudVid/SubPeripheral_SD_SPI/SD_SPI.v:1]
INFO: [Synth 8-6157] synthesizing module 'BUF' [/home/camilo/Programas/Xilinx/Vivado/2018.2/scripts/rt/data/unisim_comp.v:569]
INFO: [Synth 8-6155] done synthesizing module 'BUF' (1#1) [/home/camilo/Programas/Xilinx/Vivado/2018.2/scripts/rt/data/unisim_comp.v:569]
INFO: [Synth 8-6157] synthesizing module 'FrequencyGenerator' [/home/camilo/MEGA/Universidad/2018-2/Digital2/Proyecto/SoC/Hardware/utilities/FrequencyGenerator.v:1]
	Parameter MasterFrequency bound to: 12500000 - type: integer 
	Parameter frequency bound to: 350000 - type: integer 
	Parameter bitsNumber bound to: 6 - type: integer 
	Parameter limit bound to: 35 - type: integer 
INFO: [Synth 8-6157] synthesizing module 'BUFGCE' [/home/camilo/Programas/Xilinx/Vivado/2018.2/scripts/rt/data/unisim_comp.v:619]
	Parameter CE_TYPE bound to: SYNC - type: string 
	Parameter IS_CE_INVERTED bound to: 1'b0 
	Parameter IS_I_INVERTED bound to: 1'b0 
INFO: [Synth 8-6155] done synthesizing module 'BUFGCE' (2#1) [/home/camilo/Programas/Xilinx/Vivado/2018.2/scripts/rt/data/unisim_comp.v:619]
INFO: [Synth 8-6155] done synthesizing module 'FrequencyGenerator' (3#1) [/home/camilo/MEGA/Universidad/2018-2/Digital2/Proyecto/SoC/Hardware/utilities/FrequencyGenerator.v:1]
INFO: [Synth 8-6157] synthesizing module 'FullSPI' [/home/camilo/MEGA/Universidad/2018-2/Digital2/Proyecto/SoC/Hardware/Peripheral_AudVid/SubPeripheral_SD_SPI/FullSPI.v:1]
INFO: [Synth 8-6155] done synthesizing module 'FullSPI' (4#1) [/home/camilo/MEGA/Universidad/2018-2/Digital2/Proyecto/SoC/Hardware/Peripheral_AudVid/SubPeripheral_SD_SPI/FullSPI.v:1]
WARNING: [Synth 8-6014] Unused sequential element VideoCount_reg was removed.  [/home/camilo/MEGA/Universidad/2018-2/Digital2/Proyecto/SoC/Hardware/Peripheral_AudVid/SubPeripheral_SD_SPI/SD_SPI.v:105]
WARNING: [Synth 8-3848] Net SPI_COUNT_DEBUG in module/entity SD_SPI does not have driver. [/home/camilo/MEGA/Universidad/2018-2/Digital2/Proyecto/SoC/Hardware/Peripheral_AudVid/SubPeripheral_SD_SPI/SD_SPI.v:9]
WARNING: [Synth 8-3848] Net SPI_UTILCOUNT_DEBUG in module/entity SD_SPI does not have driver. [/home/camilo/MEGA/Universidad/2018-2/Digital2/Proyecto/SoC/Hardware/Peripheral_AudVid/SubPeripheral_SD_SPI/SD_SPI.v:10]
INFO: [Synth 8-6155] done synthesizing module 'SD_SPI' (5#1) [/home/camilo/MEGA/Universidad/2018-2/Digital2/Proyecto/SoC/Hardware/Peripheral_AudVid/SubPeripheral_SD_SPI/SD_SPI.v:1]
WARNING: [Synth 8-689] width (16) of port connection 'InputAddress' does not match port width (24) of module 'SD_SPI' [/home/camilo/MEGA/Universidad/2018-2/Digital2/Proyecto/SoC/build/top.v:88]
WARNING: [Synth 8-350] instance 'SD_SPI' of module 'SD_SPI' requires 13 connections, but only 6 given [/home/camilo/MEGA/Universidad/2018-2/Digital2/Proyecto/SoC/build/top.v:87]
INFO: [Synth 8-6155] done synthesizing module 'top' (6#1) [/home/camilo/MEGA/Universidad/2018-2/Digital2/Proyecto/SoC/build/top.v:2]
WARNING: [Synth 8-3917] design top has port user_led driven by constant 0
WARNING: [Synth 8-3917] design top has port user_led_1 driven by constant 0
WARNING: [Synth 8-3917] design top has port user_led_2 driven by constant 0
WARNING: [Synth 8-3917] design top has port user_led_3 driven by constant 0
WARNING: [Synth 8-3917] design top has port user_led_4 driven by constant 0
WARNING: [Synth 8-3917] design top has port user_led_5 driven by constant 0
WARNING: [Synth 8-3917] design top has port user_led_6 driven by constant 0
WARNING: [Synth 8-3917] design top has port user_led_7 driven by constant 0
WARNING: [Synth 8-3917] design top has port user_led_8 driven by constant 0
WARNING: [Synth 8-3917] design top has port user_led_9 driven by constant 0
WARNING: [Synth 8-3917] design top has port user_led_10 driven by constant 0
WARNING: [Synth 8-3917] design top has port user_led_11 driven by constant 0
WARNING: [Synth 8-3917] design top has port user_led_12 driven by constant 0
WARNING: [Synth 8-3917] design top has port user_led_13 driven by constant 0
WARNING: [Synth 8-3917] design top has port user_led_14 driven by constant 0
WARNING: [Synth 8-3917] design top has port user_led_15 driven by constant 0
WARNING: [Synth 8-3917] design top has port SPI_COUNT_DEBUG driven by constant 0
WARNING: [Synth 8-3917] design top has port SPI_UTILCOUNT_DEBUG driven by constant 0
WARNING: [Synth 8-3331] design FullSPI has unconnected port MasterCLK
WARNING: [Synth 8-3331] design SD_SPI has unconnected port SPI_COUNT_DEBUG
WARNING: [Synth 8-3331] design SD_SPI has unconnected port SPI_UTILCOUNT_DEBUG
WARNING: [Synth 8-3331] design top has unconnected port user_btn
WARNING: [Synth 8-3331] design top has unconnected port user_btn_1
WARNING: [Synth 8-3331] design top has unconnected port user_btn_2
WARNING: [Synth 8-3331] design top has unconnected port user_btn_3
WARNING: [Synth 8-3331] design top has unconnected port Reset
---------------------------------------------------------------------------------
Finished RTL Elaboration : Time (s): cpu = 00:00:04 ; elapsed = 00:00:06 . Memory (MB): peak = 1291.281 ; gain = 107.387 ; free physical = 1048 ; free virtual = 5927
---------------------------------------------------------------------------------

Report Check Netlist: 
+------+------------------+-------+---------+-------+------------------+
|      |Item              |Errors |Warnings |Status |Description       |
+------+------------------+-------+---------+-------+------------------+
|1     |multi_driven_nets |      0|        0|Passed |Multi driven nets |
+------+------------------+-------+---------+-------+------------------+
WARNING: [Synth 8-3295] tying undriven pin SD_SPI:WorkCLK to constant 0 [/home/camilo/MEGA/Universidad/2018-2/Digital2/Proyecto/SoC/build/top.v:87]
WARNING: [Synth 8-3295] tying undriven pin SD_SPI:Reset to constant 0 [/home/camilo/MEGA/Universidad/2018-2/Digital2/Proyecto/SoC/build/top.v:87]
---------------------------------------------------------------------------------
Start Handling Custom Attributes
---------------------------------------------------------------------------------
---------------------------------------------------------------------------------
Finished Handling Custom Attributes : Time (s): cpu = 00:00:05 ; elapsed = 00:00:06 . Memory (MB): peak = 1291.281 ; gain = 107.387 ; free physical = 1048 ; free virtual = 5927
---------------------------------------------------------------------------------
---------------------------------------------------------------------------------
Finished RTL Optimization Phase 1 : Time (s): cpu = 00:00:05 ; elapsed = 00:00:06 . Memory (MB): peak = 1291.281 ; gain = 107.387 ; free physical = 1048 ; free virtual = 5927
---------------------------------------------------------------------------------
INFO: [Netlist 29-17] Analyzing 3 Unisim elements for replacement
INFO: [Netlist 29-28] Unisim Transformation completed in 0 CPU seconds
INFO: [Device 21-403] Loading part xc7a35tcpg236-1
INFO: [Project 1-570] Preparing netlist for logic optimization

Processing XDC Constraints
Initializing timing engine
Parsing XDC File [/home/camilo/MEGA/Universidad/2018-2/Digital2/Proyecto/SoC/build/top.xdc]
WARNING: [Vivado 12-1023] No nets matched for command 'get_nets -filter {mr_ff == TRUE}'. [/home/camilo/MEGA/Universidad/2018-2/Digital2/Proyecto/SoC/build/top.xdc:136]
WARNING: [Vivado 12-180] No cells matched 'get_cells -filter {ars_ff1 == TRUE || ars_ff2 == TRUE}'. [/home/camilo/MEGA/Universidad/2018-2/Digital2/Proyecto/SoC/build/top.xdc:138]
WARNING: [Vivado 12-508] No pins matched 'get_pins -filter {REF_PIN_NAME == PRE} -of [get_cells -filter {ars_ff1 == TRUE || ars_ff2 == TRUE}]'. [/home/camilo/MEGA/Universidad/2018-2/Digital2/Proyecto/SoC/build/top.xdc:138]
WARNING: [Vivado 12-180] No cells matched 'get_cells -filter {ars_ff1 == TRUE}'. [/home/camilo/MEGA/Universidad/2018-2/Digital2/Proyecto/SoC/build/top.xdc:140]
WARNING: [Vivado 12-508] No pins matched 'get_pins -filter {REF_PIN_NAME == Q} -of [get_cells -filter {ars_ff1 == TRUE}]'. [/home/camilo/MEGA/Universidad/2018-2/Digital2/Proyecto/SoC/build/top.xdc:140]
WARNING: [Vivado 12-180] No cells matched 'get_cells -filter {ars_ff2 == TRUE}'. [/home/camilo/MEGA/Universidad/2018-2/Digital2/Proyecto/SoC/build/top.xdc:140]
WARNING: [Vivado 12-508] No pins matched 'get_pins -filter {REF_PIN_NAME == D} -of [get_cells -filter {ars_ff2 == TRUE}]'. [/home/camilo/MEGA/Universidad/2018-2/Digital2/Proyecto/SoC/build/top.xdc:140]
Finished Parsing XDC File [/home/camilo/MEGA/Universidad/2018-2/Digital2/Proyecto/SoC/build/top.xdc]
INFO: [Project 1-236] Implementation specific constraints were found while reading constraint file [/home/camilo/MEGA/Universidad/2018-2/Digital2/Proyecto/SoC/build/top.xdc]. These constraints will be ignored for synthesis but will be used in implementation. Impacted constraints are listed in the file [.Xil/top_propImpl.xdc].
Resolution: To avoid this warning, move constraints listed in [.Xil/top_propImpl.xdc] to another XDC file and exclude this new file from synthesis with the used_in_synthesis property (File Properties dialog in GUI) and re-run elaboration/synthesis.
Completed Processing XDC Constraints

INFO: [Project 1-111] Unisim Transformation Summary:
  A total of 3 instances were transformed.
  BUF => LUT1: 1 instances
  BUFGCE => BUFGCTRL: 2 instances

Constraint Validation Runtime : Time (s): cpu = 00:00:00.01 ; elapsed = 00:00:00 . Memory (MB): peak = 1600.148 ; gain = 0.000 ; free physical = 800 ; free virtual = 5678
---------------------------------------------------------------------------------
Finished Constraint Validation : Time (s): cpu = 00:00:19 ; elapsed = 00:00:38 . Memory (MB): peak = 1600.148 ; gain = 416.254 ; free physical = 877 ; free virtual = 5755
---------------------------------------------------------------------------------
---------------------------------------------------------------------------------
Start Loading Part and Timing Information
---------------------------------------------------------------------------------
Loading part: xc7a35tcpg236-1
---------------------------------------------------------------------------------
Finished Loading Part and Timing Information : Time (s): cpu = 00:00:19 ; elapsed = 00:00:38 . Memory (MB): peak = 1600.148 ; gain = 416.254 ; free physical = 877 ; free virtual = 5755
---------------------------------------------------------------------------------
---------------------------------------------------------------------------------
Start Applying 'set_property' XDC Constraints
---------------------------------------------------------------------------------
---------------------------------------------------------------------------------
Finished applying 'set_property' XDC Constraints : Time (s): cpu = 00:00:20 ; elapsed = 00:00:38 . Memory (MB): peak = 1600.148 ; gain = 416.254 ; free physical = 878 ; free virtual = 5757
---------------------------------------------------------------------------------
INFO: [Synth 8-802] inferred FSM for state register 'count_reg' in module 'SD_SPI'
INFO: [Synth 8-5546] ROM "count" won't be mapped to RAM because it is too sparse
INFO: [Synth 8-5546] ROM "count" won't be mapped to RAM because it is too sparse
INFO: [Synth 8-5546] ROM "UtilCount" won't be mapped to RAM because it is too sparse
INFO: [Synth 8-5546] ROM "SPI_CS" won't be mapped to RAM because it is too sparse
INFO: [Synth 8-5546] ROM "count" won't be mapped to RAM because it is too sparse
---------------------------------------------------------------------------------------------------
                   State |                     New Encoding |                Previous Encoding 
---------------------------------------------------------------------------------------------------
                 iSTATE1 | 0000000000000000000000000000000001 |                           000000
                 iSTATE0 | 0000000000000000000000000000000010 |                           000001
                  iSTATE | 0000000000000000000000000000000100 |                           000010
                iSTATE33 | 0000000000000000000000000000001000 |                           000011
                iSTATE28 | 0000000000000000000000000000010000 |                           000100
                iSTATE26 | 0000000000000000000000000000100000 |                           000101
                iSTATE24 | 0000000000000000000000000001000000 |                           000110
                iSTATE21 | 0000000000000000000000000010000000 |                           000111
                iSTATE27 | 0000000000000000000000000100000000 |                           001000
                iSTATE25 | 0000000000000000000000001000000000 |                           001001
                iSTATE22 | 0000000000000000000000010000000000 |                           001010
                iSTATE19 | 0000000000000000000000100000000000 |                           001011
                iSTATE16 | 0000000000000000000001000000000000 |                           001100
                iSTATE15 | 0000000000000000000010000000000000 |                           001101
                iSTATE14 | 0000000000000000000100000000000000 |                           001110
                iSTATE11 | 0000000000000000001000000000000000 |                           001111
                iSTATE23 | 0000000000000000010000000000000000 |                           010000
                iSTATE20 | 0000000000000000100000000000000000 |                           010001
                iSTATE18 | 0000000000000001000000000000000000 |                           010010
                iSTATE17 | 0000000000000010000000000000000000 |                           010011
                iSTATE12 | 0000000000000100000000000000000000 |                           010100
                 iSTATE8 | 0000000000001000000000000000000000 |                           010101
                 iSTATE6 | 0000000000010000000000000000000000 |                           010110
                 iSTATE3 | 0000000000100000000000000000000000 |                           010111
                 iSTATE9 | 0000000001000000000000000000000000 |                           011000
                 iSTATE7 | 0000000010000000000000000000000000 |                           011001
                 iSTATE4 | 0000000100000000000000000000000000 |                           011010
                 iSTATE2 | 0000001000000000000000000000000000 |                           011011
                iSTATE32 | 0000010000000000000000000000000000 |                           011100
                iSTATE31 | 0000100000000000000000000000000000 |                           011101
                iSTATE30 | 0001000000000000000000000000000000 |                           011110
                iSTATE29 | 0010000000000000000000000000000000 |                           011111
                iSTATE13 | 0100000000000000000000000000000000 |                           100000
                iSTATE10 | 1000000000000000000000000000000000 |                           100001
---------------------------------------------------------------------------------------------------
INFO: [Synth 8-3354] encoded FSM with state register 'count_reg' using encoding 'one-hot' in module 'SD_SPI'
---------------------------------------------------------------------------------
Finished RTL Optimization Phase 2 : Time (s): cpu = 00:00:20 ; elapsed = 00:00:39 . Memory (MB): peak = 1600.148 ; gain = 416.254 ; free physical = 869 ; free virtual = 5748
---------------------------------------------------------------------------------

Report RTL Partitions: 
+-+--------------+------------+----------+
| |RTL Partition |Replication |Instances |
+-+--------------+------------+----------+
+-+--------------+------------+----------+
---------------------------------------------------------------------------------
Start RTL Component Statistics 
---------------------------------------------------------------------------------
Detailed RTL Component Info : 
+---Adders : 
	   2 Input     10 Bit       Adders := 1     
	   2 Input      6 Bit       Adders := 1     
	   2 Input      3 Bit       Adders := 1     
+---Registers : 
	               24 Bit    Registers := 1     
	               10 Bit    Registers := 1     
	                8 Bit    Registers := 3     
	                6 Bit    Registers := 1     
	                3 Bit    Registers := 1     
	                1 Bit    Registers := 5     
+---Muxes : 
	  34 Input     34 Bit        Muxes := 1     
	   2 Input     34 Bit        Muxes := 1     
	   2 Input     10 Bit        Muxes := 3     
	  34 Input     10 Bit        Muxes := 1     
	  34 Input      8 Bit        Muxes := 1     
	  34 Input      6 Bit        Muxes := 1     
	   2 Input      1 Bit        Muxes := 6     
	  34 Input      1 Bit        Muxes := 8     
---------------------------------------------------------------------------------
Finished RTL Component Statistics 
---------------------------------------------------------------------------------
---------------------------------------------------------------------------------
Start RTL Hierarchical Component Statistics 
---------------------------------------------------------------------------------
Hierarchical RTL Component report 
Module FrequencyGenerator 
Detailed RTL Component Info : 
+---Adders : 
	   2 Input      6 Bit       Adders := 1     
+---Registers : 
	                6 Bit    Registers := 1     
	                1 Bit    Registers := 1     
Module FullSPI 
Detailed RTL Component Info : 
+---Adders : 
	   2 Input      3 Bit       Adders := 1     
+---Registers : 
	                8 Bit    Registers := 2     
	                3 Bit    Registers := 1     
	                1 Bit    Registers := 1     
+---Muxes : 
	   2 Input      1 Bit        Muxes := 2     
Module SD_SPI 
Detailed RTL Component Info : 
+---Adders : 
	   2 Input     10 Bit       Adders := 1     
+---Registers : 
	               24 Bit    Registers := 1     
	               10 Bit    Registers := 1     
	                8 Bit    Registers := 1     
	                1 Bit    Registers := 3     
+---Muxes : 
	  34 Input     34 Bit        Muxes := 1     
	   2 Input     34 Bit        Muxes := 1     
	   2 Input     10 Bit        Muxes := 3     
	  34 Input     10 Bit        Muxes := 1     
	  34 Input      8 Bit        Muxes := 1     
	  34 Input      6 Bit        Muxes := 1     
	   2 Input      1 Bit        Muxes := 4     
	  34 Input      1 Bit        Muxes := 8     
---------------------------------------------------------------------------------
Finished RTL Hierarchical Component Statistics
---------------------------------------------------------------------------------
---------------------------------------------------------------------------------
Start Part Resource Summary
---------------------------------------------------------------------------------
Part Resources:
DSPs: 90 (col length:60)
BRAMs: 100 (col length: RAMB18 60 RAMB36 30)
---------------------------------------------------------------------------------
Finished Part Resource Summary
---------------------------------------------------------------------------------
---------------------------------------------------------------------------------
Start Cross Boundary and Area Optimization
---------------------------------------------------------------------------------
Warning: Parallel synthesis criteria is not met 
INFO: [Synth 8-5546] ROM "SD_SPI/count" won't be mapped to RAM because it is too sparse
INFO: [Synth 8-5546] ROM "SD_SPI/count" won't be mapped to RAM because it is too sparse
INFO: [Synth 8-5546] ROM "SD_SPI/count" won't be mapped to RAM because it is too sparse
WARNING: [Synth 8-3917] design top has port user_led driven by constant 0
WARNING: [Synth 8-3917] design top has port user_led_1 driven by constant 0
WARNING: [Synth 8-3917] design top has port user_led_2 driven by constant 0
WARNING: [Synth 8-3917] design top has port user_led_3 driven by constant 0
WARNING: [Synth 8-3917] design top has port user_led_4 driven by constant 0
WARNING: [Synth 8-3917] design top has port user_led_5 driven by constant 0
WARNING: [Synth 8-3917] design top has port user_led_6 driven by constant 0
WARNING: [Synth 8-3917] design top has port user_led_7 driven by constant 0
WARNING: [Synth 8-3917] design top has port user_led_8 driven by constant 0
WARNING: [Synth 8-3917] design top has port user_led_9 driven by constant 0
WARNING: [Synth 8-3917] design top has port user_led_10 driven by constant 0
WARNING: [Synth 8-3917] design top has port user_led_11 driven by constant 0
WARNING: [Synth 8-3917] design top has port user_led_12 driven by constant 0
WARNING: [Synth 8-3917] design top has port user_led_13 driven by constant 0
WARNING: [Synth 8-3917] design top has port user_led_14 driven by constant 0
WARNING: [Synth 8-3917] design top has port user_led_15 driven by constant 0
WARNING: [Synth 8-3917] design top has port SPI_COUNT_DEBUG driven by constant 0
WARNING: [Synth 8-3917] design top has port SPI_UTILCOUNT_DEBUG driven by constant 0
WARNING: [Synth 8-3331] design top has unconnected port user_btn
WARNING: [Synth 8-3331] design top has unconnected port user_btn_1
WARNING: [Synth 8-3331] design top has unconnected port user_btn_2
WARNING: [Synth 8-3331] design top has unconnected port user_btn_3
WARNING: [Synth 8-3331] design top has unconnected port Reset
---------------------------------------------------------------------------------
Finished Cross Boundary and Area Optimization : Time (s): cpu = 00:00:21 ; elapsed = 00:00:40 . Memory (MB): peak = 1600.148 ; gain = 416.254 ; free physical = 857 ; free virtual = 5737
---------------------------------------------------------------------------------

Report RTL Partitions: 
+-+--------------+------------+----------+
| |RTL Partition |Replication |Instances |
+-+--------------+------------+----------+
+-+--------------+------------+----------+
---------------------------------------------------------------------------------
Start Applying XDC Timing Constraints
---------------------------------------------------------------------------------
CRITICAL WARNING: [Synth 8-3321] create_clock attempting to set clock on an unknown port/pin for constraint at line 134 of /home/camilo/MEGA/Universidad/2018-2/Digital2/Proyecto/SoC/build/top.xdc. [/home/camilo/MEGA/Universidad/2018-2/Digital2/Proyecto/SoC/build/top.xdc:134]
---------------------------------------------------------------------------------
Finished Applying XDC Timing Constraints : Time (s): cpu = 00:00:31 ; elapsed = 00:00:54 . Memory (MB): peak = 1600.148 ; gain = 416.254 ; free physical = 732 ; free virtual = 5612
---------------------------------------------------------------------------------
---------------------------------------------------------------------------------
Start Timing Optimization
---------------------------------------------------------------------------------
---------------------------------------------------------------------------------
Finished Timing Optimization : Time (s): cpu = 00:00:31 ; elapsed = 00:00:54 . Memory (MB): peak = 1600.148 ; gain = 416.254 ; free physical = 728 ; free virtual = 5612
---------------------------------------------------------------------------------

Report RTL Partitions: 
+-+--------------+------------+----------+
| |RTL Partition |Replication |Instances |
+-+--------------+------------+----------+
+-+--------------+------------+----------+
---------------------------------------------------------------------------------
Start Technology Mapping
---------------------------------------------------------------------------------
WARNING: [Synth 8-3332] Sequential element (SD_SPI/spiInitClock/OutputCLK_reg) is unused and will be removed from module top.
---------------------------------------------------------------------------------
Finished Technology Mapping : Time (s): cpu = 00:00:31 ; elapsed = 00:00:54 . Memory (MB): peak = 1608.156 ; gain = 424.262 ; free physical = 726 ; free virtual = 5610
---------------------------------------------------------------------------------

Report RTL Partitions: 
+-+--------------+------------+----------+
| |RTL Partition |Replication |Instances |
+-+--------------+------------+----------+
+-+--------------+------------+----------+
---------------------------------------------------------------------------------
Start IO Insertion
---------------------------------------------------------------------------------
---------------------------------------------------------------------------------
Start Flattening Before IO Insertion
---------------------------------------------------------------------------------
---------------------------------------------------------------------------------
Finished Flattening Before IO Insertion
---------------------------------------------------------------------------------
---------------------------------------------------------------------------------
Start Final Netlist Cleanup
---------------------------------------------------------------------------------
---------------------------------------------------------------------------------
Finished Final Netlist Cleanup
---------------------------------------------------------------------------------
---------------------------------------------------------------------------------
Finished IO Insertion : Time (s): cpu = 00:00:32 ; elapsed = 00:00:55 . Memory (MB): peak = 1608.156 ; gain = 424.262 ; free physical = 726 ; free virtual = 5611
---------------------------------------------------------------------------------

Report Check Netlist: 
+------+------------------+-------+---------+-------+------------------+
|      |Item              |Errors |Warnings |Status |Description       |
+------+------------------+-------+---------+-------+------------------+
|1     |multi_driven_nets |      0|        0|Passed |Multi driven nets |
+------+------------------+-------+---------+-------+------------------+
---------------------------------------------------------------------------------
Start Renaming Generated Instances
---------------------------------------------------------------------------------
---------------------------------------------------------------------------------
Finished Renaming Generated Instances : Time (s): cpu = 00:00:32 ; elapsed = 00:00:55 . Memory (MB): peak = 1608.156 ; gain = 424.262 ; free physical = 726 ; free virtual = 5611
---------------------------------------------------------------------------------

Report RTL Partitions: 
+-+--------------+------------+----------+
| |RTL Partition |Replication |Instances |
+-+--------------+------------+----------+
+-+--------------+------------+----------+
---------------------------------------------------------------------------------
Start Rebuilding User Hierarchy
---------------------------------------------------------------------------------
---------------------------------------------------------------------------------
Finished Rebuilding User Hierarchy : Time (s): cpu = 00:00:32 ; elapsed = 00:00:55 . Memory (MB): peak = 1608.156 ; gain = 424.262 ; free physical = 726 ; free virtual = 5610
---------------------------------------------------------------------------------
---------------------------------------------------------------------------------
Start Renaming Generated Ports
---------------------------------------------------------------------------------
---------------------------------------------------------------------------------
Finished Renaming Generated Ports : Time (s): cpu = 00:00:32 ; elapsed = 00:00:55 . Memory (MB): peak = 1608.156 ; gain = 424.262 ; free physical = 726 ; free virtual = 5610
---------------------------------------------------------------------------------
---------------------------------------------------------------------------------
Start Handling Custom Attributes
---------------------------------------------------------------------------------
---------------------------------------------------------------------------------
Finished Handling Custom Attributes : Time (s): cpu = 00:00:32 ; elapsed = 00:00:55 . Memory (MB): peak = 1608.156 ; gain = 424.262 ; free physical = 726 ; free virtual = 5610
---------------------------------------------------------------------------------
---------------------------------------------------------------------------------
Start Renaming Generated Nets
---------------------------------------------------------------------------------
---------------------------------------------------------------------------------
Finished Renaming Generated Nets : Time (s): cpu = 00:00:32 ; elapsed = 00:00:55 . Memory (MB): peak = 1608.156 ; gain = 424.262 ; free physical = 726 ; free virtual = 5610
---------------------------------------------------------------------------------
---------------------------------------------------------------------------------
Start Writing Synthesis Report
---------------------------------------------------------------------------------

Report BlackBoxes: 
+-+--------------+----------+
| |BlackBox name |Instances |
+-+--------------+----------+
+-+--------------+----------+

Report Cell Usage: 
+------+-------+------+
|      |Cell   |Count |
+------+-------+------+
|1     |BUFG   |     1|
|2     |BUFGCE |     2|
|3     |LUT1   |     1|
|4     |LUT2   |    10|
|5     |LUT3   |    19|
|6     |LUT4   |    18|
|7     |LUT5   |    13|
|8     |LUT6   |    35|
|9     |FDRE   |    91|
|10    |IBUF   |    17|
|11    |OBUF   |    21|
+------+-------+------+

Report Instance Areas: 
+------+-----------------+-------------------+------+
|      |Instance         |Module             |Cells |
+------+-----------------+-------------------+------+
|1     |top              |                   |   228|
|2     |  SD_SPI         |SD_SPI             |   189|
|3     |    spi          |FullSPI            |    54|
|4     |    spiInitClock |FrequencyGenerator |     5|
+------+-----------------+-------------------+------+
---------------------------------------------------------------------------------
Finished Writing Synthesis Report : Time (s): cpu = 00:00:32 ; elapsed = 00:00:55 . Memory (MB): peak = 1608.156 ; gain = 424.262 ; free physical = 726 ; free virtual = 5610
---------------------------------------------------------------------------------
Synthesis finished with 0 errors, 1 critical warnings and 24 warnings.
Synthesis Optimization Runtime : Time (s): cpu = 00:00:21 ; elapsed = 00:00:27 . Memory (MB): peak = 1608.156 ; gain = 115.395 ; free physical = 780 ; free virtual = 5665
Synthesis Optimization Complete : Time (s): cpu = 00:00:32 ; elapsed = 00:00:56 . Memory (MB): peak = 1608.164 ; gain = 424.262 ; free physical = 791 ; free virtual = 5675
INFO: [Project 1-571] Translating synthesized netlist
INFO: [Netlist 29-17] Analyzing 19 Unisim elements for replacement
INFO: [Netlist 29-28] Unisim Transformation completed in 0 CPU seconds
INFO: [Project 1-570] Preparing netlist for logic optimization
Parsing XDC File [/home/camilo/MEGA/Universidad/2018-2/Digital2/Proyecto/SoC/build/top.xdc]
WARNING: [Vivado 12-507] No nets matched 'clk100'. [/home/camilo/MEGA/Universidad/2018-2/Digital2/Proyecto/SoC/build/top.xdc:134]
CRITICAL WARNING: [Vivado 12-4739] create_clock:No valid object(s) found for '-objects [get_nets clk100]'. [/home/camilo/MEGA/Universidad/2018-2/Digital2/Proyecto/SoC/build/top.xdc:134]
Resolution: Check if the specified object(s) exists in the current design. If it does, ensure that the correct design hierarchy was specified for the object. If you are working with clocks, make sure create_clock was used to create the clock object before it is referenced.
WARNING: [Vivado 12-1023] No nets matched for command 'get_nets -filter {mr_ff == TRUE}'. [/home/camilo/MEGA/Universidad/2018-2/Digital2/Proyecto/SoC/build/top.xdc:136]
WARNING: [Vivado 12-180] No cells matched 'get_cells -filter {ars_ff1 == TRUE || ars_ff2 == TRUE}'. [/home/camilo/MEGA/Universidad/2018-2/Digital2/Proyecto/SoC/build/top.xdc:138]
WARNING: [Vivado 12-508] No pins matched 'get_pins -filter {REF_PIN_NAME == PRE} -of [get_cells -filter {ars_ff1 == TRUE || ars_ff2 == TRUE}]'. [/home/camilo/MEGA/Universidad/2018-2/Digital2/Proyecto/SoC/build/top.xdc:138]
WARNING: [Vivado 12-180] No cells matched 'get_cells -filter {ars_ff1 == TRUE}'. [/home/camilo/MEGA/Universidad/2018-2/Digital2/Proyecto/SoC/build/top.xdc:140]
WARNING: [Vivado 12-508] No pins matched 'get_pins -filter {REF_PIN_NAME == Q} -of [get_cells -filter {ars_ff1 == TRUE}]'. [/home/camilo/MEGA/Universidad/2018-2/Digital2/Proyecto/SoC/build/top.xdc:140]
WARNING: [Vivado 12-180] No cells matched 'get_cells -filter {ars_ff2 == TRUE}'. [/home/camilo/MEGA/Universidad/2018-2/Digital2/Proyecto/SoC/build/top.xdc:140]
WARNING: [Vivado 12-508] No pins matched 'get_pins -filter {REF_PIN_NAME == D} -of [get_cells -filter {ars_ff2 == TRUE}]'. [/home/camilo/MEGA/Universidad/2018-2/Digital2/Proyecto/SoC/build/top.xdc:140]
Finished Parsing XDC File [/home/camilo/MEGA/Universidad/2018-2/Digital2/Proyecto/SoC/build/top.xdc]
INFO: [Opt 31-138] Pushed 0 inverter(s) to 0 load pin(s).
INFO: [Project 1-111] Unisim Transformation Summary:
  A total of 2 instances were transformed.
  BUFGCE => BUFGCTRL: 2 instances

INFO: [Common 17-83] Releasing license: Synthesis
36 Infos, 73 Warnings, 2 Critical Warnings and 0 Errors encountered.
synth_design completed successfully
synth_design: Time (s): cpu = 00:00:35 ; elapsed = 00:00:57 . Memory (MB): peak = 1608.164 ; gain = 424.383 ; free physical = 778 ; free virtual = 5662
# report_timing_summary -file top_timing_synth.rpt
INFO: [Timing 38-35] Done setting XDC timing constraints.
INFO: [Timing 38-91] UpdateTimingParams: Speed grade: -1, Delay Type: min_max.
INFO: [Timing 38-191] Multithreading enabled for timing update using a maximum of 4 CPUs
report_timing_summary: Time (s): cpu = 00:00:08 ; elapsed = 00:00:24 . Memory (MB): peak = 1979.352 ; gain = 371.188 ; free physical = 473 ; free virtual = 5357
# report_utilization -hierarchical -file top_utilization_hierarchical_synth.rpt
report_utilization: Time (s): cpu = 00:00:00.14 ; elapsed = 00:00:00.19 . Memory (MB): peak = 1979.352 ; gain = 0.000 ; free physical = 473 ; free virtual = 5357
# report_utilization -file top_utilization_synth.rpt
report_utilization: Time (s): cpu = 00:00:00.13 ; elapsed = 00:00:00.17 . Memory (MB): peak = 1979.352 ; gain = 0.000 ; free physical = 472 ; free virtual = 5357
# opt_design
Command: opt_design
Attempting to get a license for feature 'Implementation' and/or device 'xc7a35t'
INFO: [Common 17-349] Got license for feature 'Implementation' and/or device 'xc7a35t'
Running DRC as a precondition to command opt_design

Starting DRC Task
INFO: [DRC 23-27] Running DRC with 4 threads
INFO: [Project 1-461] DRC finished with 0 Errors
INFO: [Project 1-462] Please refer to the DRC report (report_drc) for more information.

Time (s): cpu = 00:00:02 ; elapsed = 00:00:03 . Memory (MB): peak = 2033.367 ; gain = 54.016 ; free physical = 468 ; free virtual = 5352

Starting Cache Timing Information Task
Ending Cache Timing Information Task | Checksum: 17cc4a4c8

Time (s): cpu = 00:00:00 ; elapsed = 00:00:00 . Memory (MB): peak = 2033.367 ; gain = 0.000 ; free physical = 468 ; free virtual = 5352

Starting Logic Optimization Task

Phase 1 Retarget
INFO: [Opt 31-138] Pushed 0 inverter(s) to 0 load pin(s).
INFO: [Opt 31-49] Retargeted 0 cell(s).
Phase 1 Retarget | Checksum: 17cc4a4c8

Time (s): cpu = 00:00:00.04 ; elapsed = 00:00:00.04 . Memory (MB): peak = 2033.367 ; gain = 0.000 ; free physical = 468 ; free virtual = 5352
INFO: [Opt 31-389] Phase Retarget created 0 cells and removed 0 cells

Phase 2 Constant propagation
INFO: [Opt 31-138] Pushed 0 inverter(s) to 0 load pin(s).
Phase 2 Constant propagation | Checksum: 17cc4a4c8

Time (s): cpu = 00:00:00.05 ; elapsed = 00:00:00.05 . Memory (MB): peak = 2033.367 ; gain = 0.000 ; free physical = 468 ; free virtual = 5352
INFO: [Opt 31-389] Phase Constant propagation created 0 cells and removed 0 cells

Phase 3 Sweep
Phase 3 Sweep | Checksum: 17cc4a4c8

Time (s): cpu = 00:00:00.06 ; elapsed = 00:00:00.06 . Memory (MB): peak = 2033.367 ; gain = 0.000 ; free physical = 468 ; free virtual = 5352
INFO: [Opt 31-389] Phase Sweep created 0 cells and removed 0 cells

Phase 4 BUFG optimization
Phase 4 BUFG optimization | Checksum: 17cc4a4c8

Time (s): cpu = 00:00:00.07 ; elapsed = 00:00:00.07 . Memory (MB): peak = 2033.367 ; gain = 0.000 ; free physical = 468 ; free virtual = 5352
INFO: [Opt 31-662] Phase BUFG optimization created 0 cells of which 0 are BUFGs and removed 0 cells.

Phase 5 Shift Register Optimization
Phase 5 Shift Register Optimization | Checksum: 17cc4a4c8

Time (s): cpu = 00:00:00.08 ; elapsed = 00:00:00.08 . Memory (MB): peak = 2033.367 ; gain = 0.000 ; free physical = 468 ; free virtual = 5352
INFO: [Opt 31-389] Phase Shift Register Optimization created 0 cells and removed 0 cells

Phase 6 Post Processing Netlist
Phase 6 Post Processing Netlist | Checksum: 17cc4a4c8

Time (s): cpu = 00:00:00.08 ; elapsed = 00:00:00.09 . Memory (MB): peak = 2033.367 ; gain = 0.000 ; free physical = 468 ; free virtual = 5352
INFO: [Opt 31-389] Phase Post Processing Netlist created 0 cells and removed 0 cells

Starting Connectivity Check Task

Time (s): cpu = 00:00:00 ; elapsed = 00:00:00 . Memory (MB): peak = 2033.367 ; gain = 0.000 ; free physical = 468 ; free virtual = 5352
Ending Logic Optimization Task | Checksum: 17cc4a4c8

Time (s): cpu = 00:00:00.09 ; elapsed = 00:00:00.10 . Memory (MB): peak = 2033.367 ; gain = 0.000 ; free physical = 468 ; free virtual = 5352

Starting Power Optimization Task
INFO: [Pwropt 34-132] Skipping clock gating for clocks with a period < 2.00 ns.
Ending Power Optimization Task | Checksum: 17cc4a4c8

Time (s): cpu = 00:00:00.03 ; elapsed = 00:00:00.04 . Memory (MB): peak = 2033.367 ; gain = 0.000 ; free physical = 468 ; free virtual = 5352

Starting Final Cleanup Task
Ending Final Cleanup Task | Checksum: 17cc4a4c8

Time (s): cpu = 00:00:00 ; elapsed = 00:00:00 . Memory (MB): peak = 2033.367 ; gain = 0.000 ; free physical = 468 ; free virtual = 5352
INFO: [Common 17-83] Releasing license: Implementation
15 Infos, 0 Warnings, 0 Critical Warnings and 0 Errors encountered.
opt_design completed successfully
# place_design
Command: place_design
Attempting to get a license for feature 'Implementation' and/or device 'xc7a35t'
INFO: [Common 17-349] Got license for feature 'Implementation' and/or device 'xc7a35t'
INFO: [DRC 23-27] Running DRC with 4 threads
INFO: [Vivado_Tcl 4-198] DRC finished with 0 Errors
INFO: [Vivado_Tcl 4-199] Please refer to the DRC report (report_drc) for more information.
Running DRC as a precondition to command place_design
INFO: [DRC 23-27] Running DRC with 4 threads
INFO: [Vivado_Tcl 4-198] DRC finished with 0 Errors
INFO: [Vivado_Tcl 4-199] Please refer to the DRC report (report_drc) for more information.

Starting Placer Task
INFO: [Place 30-611] Multithreading enabled for place_design using a maximum of 4 CPUs

Phase 1 Placer Initialization

Phase 1.1 Placer Initialization Netlist Sorting
Netlist sorting complete. Time (s): cpu = 00:00:00 ; elapsed = 00:00:00 . Memory (MB): peak = 2033.367 ; gain = 0.000 ; free physical = 469 ; free virtual = 5352
Phase 1.1 Placer Initialization Netlist Sorting | Checksum: c9adb840

Time (s): cpu = 00:00:00.01 ; elapsed = 00:00:00.03 . Memory (MB): peak = 2033.367 ; gain = 0.000 ; free physical = 469 ; free virtual = 5352
Netlist sorting complete. Time (s): cpu = 00:00:00 ; elapsed = 00:00:00 . Memory (MB): peak = 2033.367 ; gain = 0.000 ; free physical = 469 ; free virtual = 5352

Phase 1.2 IO Placement/ Clock Placement/ Build Placer Device
INFO: [Timing 38-35] Done setting XDC timing constraints.
WARNING: [Place 30-568] A LUT 'SD_SPI/spiInitClock/Data[7]_i_2' is driving clock pin of 8 registers. This could lead to large hold time violations. First few involved registers are:
	SD_SPI/spi/Data_reg[1] {FDRE}
	SD_SPI/spi/Data_reg[0] {FDRE}
	SD_SPI/spi/Data_reg[2] {FDRE}
	SD_SPI/spi/Data_reg[4] {FDRE}
	SD_SPI/spi/Data_reg[3] {FDRE}
WARNING: [Place 30-568] A LUT 'SD_SPI/spiInitClock/count[2]_i_2' is driving clock pin of 12 registers. This could lead to large hold time violations. First few involved registers are:
	SD_SPI/spi/InputData_reg[0] {FDRE}
	SD_SPI/spi/DataClk_reg {FDRE}
	SD_SPI/spi/InputData_reg[1] {FDRE}
	SD_SPI/spi/InputData_reg[2] {FDRE}
	SD_SPI/spi/InputData_reg[4] {FDRE}
Phase 1.2 IO Placement/ Clock Placement/ Build Placer Device | Checksum: c8042bb6

Time (s): cpu = 00:00:01 ; elapsed = 00:00:00.70 . Memory (MB): peak = 2033.367 ; gain = 0.000 ; free physical = 468 ; free virtual = 5351

Phase 1.3 Build Placer Netlist Model
Phase 1.3 Build Placer Netlist Model | Checksum: 16737c289

Time (s): cpu = 00:00:01 ; elapsed = 00:00:00.73 . Memory (MB): peak = 2033.367 ; gain = 0.000 ; free physical = 468 ; free virtual = 5351

Phase 1.4 Constrain Clocks/Macros
Phase 1.4 Constrain Clocks/Macros | Checksum: 16737c289

Time (s): cpu = 00:00:01 ; elapsed = 00:00:00.74 . Memory (MB): peak = 2033.367 ; gain = 0.000 ; free physical = 468 ; free virtual = 5351
Phase 1 Placer Initialization | Checksum: 16737c289

Time (s): cpu = 00:00:01 ; elapsed = 00:00:00.74 . Memory (MB): peak = 2033.367 ; gain = 0.000 ; free physical = 468 ; free virtual = 5351

Phase 2 Global Placement

Phase 2.1 Floorplanning
Phase 2.1 Floorplanning | Checksum: 16737c289

Time (s): cpu = 00:00:01 ; elapsed = 00:00:00.76 . Memory (MB): peak = 2033.367 ; gain = 0.000 ; free physical = 467 ; free virtual = 5350
WARNING: [Place 46-29] place_design is not in timing mode. Skip physical synthesis in placer
Phase 2 Global Placement | Checksum: fd76be67

Time (s): cpu = 00:00:02 ; elapsed = 00:00:01 . Memory (MB): peak = 2073.387 ; gain = 40.020 ; free physical = 461 ; free virtual = 5344

Phase 3 Detail Placement

Phase 3.1 Commit Multi Column Macros
Phase 3.1 Commit Multi Column Macros | Checksum: fd76be67

Time (s): cpu = 00:00:02 ; elapsed = 00:00:01 . Memory (MB): peak = 2073.387 ; gain = 40.020 ; free physical = 461 ; free virtual = 5344

Phase 3.2 Commit Most Macros & LUTRAMs
Phase 3.2 Commit Most Macros & LUTRAMs | Checksum: 1c3e46ba8

Time (s): cpu = 00:00:02 ; elapsed = 00:00:01 . Memory (MB): peak = 2073.387 ; gain = 40.020 ; free physical = 461 ; free virtual = 5344

Phase 3.3 Area Swap Optimization
Phase 3.3 Area Swap Optimization | Checksum: 12b549217

Time (s): cpu = 00:00:02 ; elapsed = 00:00:01 . Memory (MB): peak = 2073.387 ; gain = 40.020 ; free physical = 461 ; free virtual = 5344

Phase 3.4 Pipeline Register Optimization
Phase 3.4 Pipeline Register Optimization | Checksum: 12b549217

Time (s): cpu = 00:00:02 ; elapsed = 00:00:01 . Memory (MB): peak = 2073.387 ; gain = 40.020 ; free physical = 461 ; free virtual = 5344

Phase 3.5 Small Shape Detail Placement
Phase 3.5 Small Shape Detail Placement | Checksum: 172cd5d2b

Time (s): cpu = 00:00:02 ; elapsed = 00:00:01 . Memory (MB): peak = 2073.387 ; gain = 40.020 ; free physical = 461 ; free virtual = 5343

Phase 3.6 Re-assign LUT pins
Phase 3.6 Re-assign LUT pins | Checksum: 172cd5d2b

Time (s): cpu = 00:00:02 ; elapsed = 00:00:01 . Memory (MB): peak = 2073.387 ; gain = 40.020 ; free physical = 461 ; free virtual = 5343

Phase 3.7 Pipeline Register Optimization
Phase 3.7 Pipeline Register Optimization | Checksum: 172cd5d2b

Time (s): cpu = 00:00:02 ; elapsed = 00:00:01 . Memory (MB): peak = 2073.387 ; gain = 40.020 ; free physical = 461 ; free virtual = 5343
Phase 3 Detail Placement | Checksum: 172cd5d2b

Time (s): cpu = 00:00:02 ; elapsed = 00:00:01 . Memory (MB): peak = 2073.387 ; gain = 40.020 ; free physical = 461 ; free virtual = 5343

Phase 4 Post Placement Optimization and Clean-Up

Phase 4.1 Post Commit Optimization
Phase 4.1 Post Commit Optimization | Checksum: 172cd5d2b

Time (s): cpu = 00:00:02 ; elapsed = 00:00:01 . Memory (MB): peak = 2073.387 ; gain = 40.020 ; free physical = 458 ; free virtual = 5340

Phase 4.2 Post Placement Cleanup
Phase 4.2 Post Placement Cleanup | Checksum: 172cd5d2b

Time (s): cpu = 00:00:02 ; elapsed = 00:00:01 . Memory (MB): peak = 2073.387 ; gain = 40.020 ; free physical = 459 ; free virtual = 5342

Phase 4.3 Placer Reporting
Phase 4.3 Placer Reporting | Checksum: 172cd5d2b

Time (s): cpu = 00:00:02 ; elapsed = 00:00:01 . Memory (MB): peak = 2073.387 ; gain = 40.020 ; free physical = 459 ; free virtual = 5342

Phase 4.4 Final Placement Cleanup
Phase 4.4 Final Placement Cleanup | Checksum: 18ef92efd

Time (s): cpu = 00:00:02 ; elapsed = 00:00:01 . Memory (MB): peak = 2073.387 ; gain = 40.020 ; free physical = 459 ; free virtual = 5342
Phase 4 Post Placement Optimization and Clean-Up | Checksum: 18ef92efd

Time (s): cpu = 00:00:02 ; elapsed = 00:00:01 . Memory (MB): peak = 2073.387 ; gain = 40.020 ; free physical = 459 ; free virtual = 5342
Ending Placer Task | Checksum: 18a20f5db

Time (s): cpu = 00:00:02 ; elapsed = 00:00:01 . Memory (MB): peak = 2073.387 ; gain = 40.020 ; free physical = 467 ; free virtual = 5350
INFO: [Common 17-83] Releasing license: Implementation
10 Infos, 3 Warnings, 0 Critical Warnings and 0 Errors encountered.
place_design completed successfully
# report_utilization -hierarchical -file top_utilization_hierarchical_place.rpt
report_utilization: Time (s): cpu = 00:00:00.15 ; elapsed = 00:00:00.21 . Memory (MB): peak = 2073.387 ; gain = 0.000 ; free physical = 467 ; free virtual = 5350
# report_utilization -file top_utilization_place.rpt
report_utilization: Time (s): cpu = 00:00:00.14 ; elapsed = 00:00:00.18 . Memory (MB): peak = 2073.387 ; gain = 0.000 ; free physical = 466 ; free virtual = 5349
# report_io -file top_io.rpt
report_io: Time (s): cpu = 00:00:00.20 ; elapsed = 00:00:00.24 . Memory (MB): peak = 2073.387 ; gain = 0.000 ; free physical = 460 ; free virtual = 5343
# report_control_sets -verbose -file top_control_sets.rpt
report_control_sets: Time (s): cpu = 00:00:00.09 ; elapsed = 00:00:00.15 . Memory (MB): peak = 2073.387 ; gain = 0.000 ; free physical = 467 ; free virtual = 5350
# report_clock_utilization -file top_clock_utilization.rpt
# route_design
Command: route_design
Attempting to get a license for feature 'Implementation' and/or device 'xc7a35t'
INFO: [Common 17-349] Got license for feature 'Implementation' and/or device 'xc7a35t'
Running DRC as a precondition to command route_design
INFO: [DRC 23-27] Running DRC with 4 threads
INFO: [Vivado_Tcl 4-198] DRC finished with 0 Errors
INFO: [Vivado_Tcl 4-199] Please refer to the DRC report (report_drc) for more information.


Starting Routing Task
INFO: [Route 35-254] Multithreading enabled for route_design using a maximum of 4 CPUs
Checksum: PlaceDB: e67d8519 ConstDB: 0 ShapeSum: a3a370c2 RouteDB: 0

Phase 1 Build RT Design
Phase 1 Build RT Design | Checksum: 184a018b8

Time (s): cpu = 00:00:24 ; elapsed = 00:00:20 . Memory (MB): peak = 2106.043 ; gain = 32.656 ; free physical = 359 ; free virtual = 5233
Post Restoration Checksum: NetGraph: b5a3304e NumContArr: cefce86a Constraints: 0 Timing: 0

Phase 2 Router Initialization
INFO: [Route 35-64] No timing constraints were detected. The router will operate in resource-optimization mode.

Phase 2.1 Fix Topology Constraints
Phase 2.1 Fix Topology Constraints | Checksum: 184a018b8

Time (s): cpu = 00:00:24 ; elapsed = 00:00:21 . Memory (MB): peak = 2120.043 ; gain = 46.656 ; free physical = 346 ; free virtual = 5219

Phase 2.2 Pre Route Cleanup
Phase 2.2 Pre Route Cleanup | Checksum: 184a018b8

Time (s): cpu = 00:00:24 ; elapsed = 00:00:21 . Memory (MB): peak = 2120.043 ; gain = 46.656 ; free physical = 346 ; free virtual = 5219
 Number of Nodes with overlaps = 0
Phase 2 Router Initialization | Checksum: 11eb77ec4

Time (s): cpu = 00:00:25 ; elapsed = 00:00:21 . Memory (MB): peak = 2131.043 ; gain = 57.656 ; free physical = 336 ; free virtual = 5209

Phase 3 Initial Routing
Phase 3 Initial Routing | Checksum: f24781f5

Time (s): cpu = 00:00:25 ; elapsed = 00:00:21 . Memory (MB): peak = 2131.043 ; gain = 57.656 ; free physical = 338 ; free virtual = 5211

Phase 4 Rip-up And Reroute

Phase 4.1 Global Iteration 0
 Number of Nodes with overlaps = 12
 Number of Nodes with overlaps = 0
Phase 4.1 Global Iteration 0 | Checksum: 1503487a5

Time (s): cpu = 00:00:25 ; elapsed = 00:00:21 . Memory (MB): peak = 2131.043 ; gain = 57.656 ; free physical = 339 ; free virtual = 5212
Phase 4 Rip-up And Reroute | Checksum: 1503487a5

Time (s): cpu = 00:00:25 ; elapsed = 00:00:21 . Memory (MB): peak = 2131.043 ; gain = 57.656 ; free physical = 339 ; free virtual = 5212

Phase 5 Delay and Skew Optimization
Phase 5 Delay and Skew Optimization | Checksum: 1503487a5

Time (s): cpu = 00:00:25 ; elapsed = 00:00:21 . Memory (MB): peak = 2131.043 ; gain = 57.656 ; free physical = 339 ; free virtual = 5212

Phase 6 Post Hold Fix

Phase 6.1 Hold Fix Iter
Phase 6.1 Hold Fix Iter | Checksum: 1503487a5

Time (s): cpu = 00:00:25 ; elapsed = 00:00:21 . Memory (MB): peak = 2131.043 ; gain = 57.656 ; free physical = 339 ; free virtual = 5212
Phase 6 Post Hold Fix | Checksum: 1503487a5

Time (s): cpu = 00:00:25 ; elapsed = 00:00:21 . Memory (MB): peak = 2131.043 ; gain = 57.656 ; free physical = 339 ; free virtual = 5212

Phase 7 Route finalize

Router Utilization Summary
  Global Vertical Routing Utilization    = 0.0434505 %
  Global Horizontal Routing Utilization  = 0.071317 %
  Routable Net Status*
  *Does not include unroutable nets such as driverless and loadless.
  Run report_route_status for detailed report.
  Number of Failed Nets               = 0
  Number of Unrouted Nets             = 0
  Number of Partially Routed Nets     = 0
  Number of Node Overlaps             = 0

Congestion Report
North Dir 1x1 Area, Max Cong = 13.5135%, No Congested Regions.
South Dir 1x1 Area, Max Cong = 13.5135%, No Congested Regions.
East Dir 1x1 Area, Max Cong = 22.0588%, No Congested Regions.
West Dir 1x1 Area, Max Cong = 23.5294%, No Congested Regions.

------------------------------
Reporting congestion hotspots
------------------------------
Direction: North
----------------
Congested clusters found at Level 0
Effective congestion level: 0 Aspect Ratio: 1 Sparse Ratio: 0
Direction: South
----------------
Congested clusters found at Level 0
Effective congestion level: 0 Aspect Ratio: 1 Sparse Ratio: 0
Direction: East
----------------
Congested clusters found at Level 0
Effective congestion level: 0 Aspect Ratio: 1 Sparse Ratio: 0
Direction: West
----------------
Congested clusters found at Level 0
Effective congestion level: 0 Aspect Ratio: 1 Sparse Ratio: 0

Phase 7 Route finalize | Checksum: 1503487a5

Time (s): cpu = 00:00:26 ; elapsed = 00:00:21 . Memory (MB): peak = 2131.043 ; gain = 57.656 ; free physical = 339 ; free virtual = 5212

Phase 8 Verifying routed nets

 Verification completed successfully
Phase 8 Verifying routed nets | Checksum: 1503487a5

Time (s): cpu = 00:00:26 ; elapsed = 00:00:21 . Memory (MB): peak = 2131.043 ; gain = 57.656 ; free physical = 338 ; free virtual = 5211

Phase 9 Depositing Routes
Phase 9 Depositing Routes | Checksum: bdc5dcec

Time (s): cpu = 00:00:26 ; elapsed = 00:00:21 . Memory (MB): peak = 2131.043 ; gain = 57.656 ; free physical = 338 ; free virtual = 5211
INFO: [Route 35-16] Router Completed Successfully

Time (s): cpu = 00:00:26 ; elapsed = 00:00:21 . Memory (MB): peak = 2131.043 ; gain = 57.656 ; free physical = 356 ; free virtual = 5228

Routing Is Done.
INFO: [Common 17-83] Releasing license: Implementation
8 Infos, 0 Warnings, 0 Critical Warnings and 0 Errors encountered.
route_design completed successfully
route_design: Time (s): cpu = 00:00:29 ; elapsed = 00:00:24 . Memory (MB): peak = 2131.043 ; gain = 57.656 ; free physical = 356 ; free virtual = 5228
# phys_opt_design
Command: phys_opt_design
Attempting to get a license for feature 'Implementation' and/or device 'xc7a35t'
INFO: [Common 17-349] Got license for feature 'Implementation' and/or device 'xc7a35t'
INFO: [Vivado_Tcl 4-241] Physical synthesis in post route mode ( 100.0% nets are fully routed)
INFO: [Vivado_Tcl 4-235] No timing constraint found. The netlist was not modified.
INFO: [Common 17-83] Releasing license: Implementation
4 Infos, 0 Warnings, 0 Critical Warnings and 0 Errors encountered.
phys_opt_design completed successfully
# report_timing_summary -no_header -no_detailed_paths
INFO: [Timing 38-91] UpdateTimingParams: Speed grade: -1, Delay Type: min_max.
INFO: [Timing 38-191] Multithreading enabled for timing update using a maximum of 4 CPUs
------------------------------------------------------------------------------------------------
| Timer Settings
| --------------
------------------------------------------------------------------------------------------------

  Enable Multi Corner Analysis               :  Yes
  Enable Pessimism Removal                   :  Yes
  Pessimism Removal Resolution               :  Nearest Common Node
  Enable Input Delay Default Clock           :  No
  Enable Preset / Clear Arcs                 :  No
  Disable Flight Delays                      :  No
  Ignore I/O Paths                           :  No
  Timing Early Launch at Borrowing Latches   :  false

  Corner  Analyze    Analyze    
  Name    Max Paths  Min Paths  
  ------  ---------  ---------  
  Slow    Yes        Yes        
  Fast    Yes        Yes        



check_timing report

Table of Contents
-----------------
1. checking no_clock
2. checking constant_clock
3. checking pulse_width_clock
4. checking unconstrained_internal_endpoints
5. checking no_input_delay
6. checking no_output_delay
7. checking multiple_clock
8. checking generated_clocks
9. checking loops
10. checking partial_input_delay
11. checking partial_output_delay
12. checking latch_loops

1. checking no_clock
--------------------
 There are 55 register/latch pins with no clock driven by root clock pin: FSM_onehot_count_reg[33]_i_2/O (HIGH)

 There are 16 register/latch pins with no clock driven by root clock pin: SD_SPI/EnableDataRead_reg/Q (HIGH)

 There are 12 register/latch pins with no clock driven by root clock pin: SD_SPI/FSM_onehot_count_reg[10]/Q (HIGH)

 There are 12 register/latch pins with no clock driven by root clock pin: SD_SPI/FSM_onehot_count_reg[11]/Q (HIGH)

 There are 12 register/latch pins with no clock driven by root clock pin: SD_SPI/FSM_onehot_count_reg[12]/Q (HIGH)

 There are 12 register/latch pins with no clock driven by root clock pin: SD_SPI/FSM_onehot_count_reg[13]/Q (HIGH)

 There are 12 register/latch pins with no clock driven by root clock pin: SD_SPI/FSM_onehot_count_reg[14]/Q (HIGH)

 There are 12 register/latch pins with no clock driven by root clock pin: SD_SPI/FSM_onehot_count_reg[15]/Q (HIGH)

 There are 12 register/latch pins with no clock driven by root clock pin: SD_SPI/FSM_onehot_count_reg[16]/Q (HIGH)

 There are 12 register/latch pins with no clock driven by root clock pin: SD_SPI/FSM_onehot_count_reg[17]/Q (HIGH)

 There are 12 register/latch pins with no clock driven by root clock pin: SD_SPI/FSM_onehot_count_reg[18]/Q (HIGH)

 There are 12 register/latch pins with no clock driven by root clock pin: SD_SPI/FSM_onehot_count_reg[19]/Q (HIGH)

 There are 12 register/latch pins with no clock driven by root clock pin: SD_SPI/FSM_onehot_count_reg[20]/Q (HIGH)

 There are 12 register/latch pins with no clock driven by root clock pin: SD_SPI/FSM_onehot_count_reg[21]/Q (HIGH)

 There are 12 register/latch pins with no clock driven by root clock pin: SD_SPI/FSM_onehot_count_reg[22]/Q (HIGH)

 There are 12 register/latch pins with no clock driven by root clock pin: SD_SPI/FSM_onehot_count_reg[23]/Q (HIGH)

 There are 12 register/latch pins with no clock driven by root clock pin: SD_SPI/FSM_onehot_count_reg[24]/Q (HIGH)

 There are 12 register/latch pins with no clock driven by root clock pin: SD_SPI/FSM_onehot_count_reg[25]/Q (HIGH)

 There are 12 register/latch pins with no clock driven by root clock pin: SD_SPI/FSM_onehot_count_reg[26]/Q (HIGH)

 There are 12 register/latch pins with no clock driven by root clock pin: SD_SPI/FSM_onehot_count_reg[27]/Q (HIGH)

 There are 12 register/latch pins with no clock driven by root clock pin: SD_SPI/FSM_onehot_count_reg[28]/Q (HIGH)

 There are 12 register/latch pins with no clock driven by root clock pin: SD_SPI/FSM_onehot_count_reg[29]/Q (HIGH)

 There are 12 register/latch pins with no clock driven by root clock pin: SD_SPI/FSM_onehot_count_reg[30]/Q (HIGH)

 There are 12 register/latch pins with no clock driven by root clock pin: SD_SPI/FSM_onehot_count_reg[31]/Q (HIGH)

 There are 12 register/latch pins with no clock driven by root clock pin: SD_SPI/FSM_onehot_count_reg[32]/Q (HIGH)

 There are 12 register/latch pins with no clock driven by root clock pin: SD_SPI/FSM_onehot_count_reg[33]/Q (HIGH)

 There are 12 register/latch pins with no clock driven by root clock pin: SD_SPI/FSM_onehot_count_reg[8]/Q (HIGH)

 There are 12 register/latch pins with no clock driven by root clock pin: SD_SPI/FSM_onehot_count_reg[9]/Q (HIGH)


2. checking constant_clock
--------------------------
 There are 0 register/latch pins with constant_clock.


3. checking pulse_width_clock
-----------------------------
 There are 0 register/latch pins which need pulse_width check


4. checking unconstrained_internal_endpoints
--------------------------------------------
 There are 147 pins that are not constrained for maximum delay. (HIGH)

 There are 16 pins that are not constrained for maximum delay due to constant clock. (MEDIUM)


5. checking no_input_delay
--------------------------
 There are 17 input ports with no input delay specified. (HIGH)

 There are 0 input ports with no input delay but user has a false path constraint.


6. checking no_output_delay
---------------------------
 There are 3 ports with no output delay specified. (HIGH)

 There are 0 ports with no output delay but user has a false path constraint

 There are 0 ports with no output delay but with a timing clock defined on it or propagating through it


7. checking multiple_clock
--------------------------
 There are 0 register/latch pins with multiple clocks.


8. checking generated_clocks
----------------------------
 There are 0 generated clocks that are not connected to a clock source.


9. checking loops
-----------------
 There are 0 combinational loops in the design.


10. checking partial_input_delay
--------------------------------
 There are 0 input ports with partial input delay specified.


11. checking partial_output_delay
---------------------------------
 There are 0 ports with partial output delay specified.


12. checking latch_loops
------------------------
 There are 0 combinational latch loops in the design through latch input



------------------------------------------------------------------------------------------------
| Design Timing Summary
| ---------------------
------------------------------------------------------------------------------------------------

    WNS(ns)      TNS(ns)  TNS Failing Endpoints  TNS Total Endpoints      WHS(ns)      THS(ns)  THS Failing Endpoints  THS Total Endpoints     WPWS(ns)     TPWS(ns)  TPWS Failing Endpoints  TPWS Total Endpoints  
    -------      -------  ---------------------  -------------------      -------      -------  ---------------------  -------------------     --------     --------  ----------------------  --------------------  
         NA           NA                     NA                   NA           NA           NA                     NA                   NA           NA           NA                      NA                    NA  


There are no user specified timing constraints.


------------------------------------------------------------------------------------------------
| Clock Summary
| -------------
------------------------------------------------------------------------------------------------


------------------------------------------------------------------------------------------------
| Intra Clock Table
| -----------------
------------------------------------------------------------------------------------------------

Clock             WNS(ns)      TNS(ns)  TNS Failing Endpoints  TNS Total Endpoints      WHS(ns)      THS(ns)  THS Failing Endpoints  THS Total Endpoints     WPWS(ns)     TPWS(ns)  TPWS Failing Endpoints  TPWS Total Endpoints  
-----             -------      -------  ---------------------  -------------------      -------      -------  ---------------------  -------------------     --------     --------  ----------------------  --------------------  


------------------------------------------------------------------------------------------------
| Inter Clock Table
| -----------------
------------------------------------------------------------------------------------------------

From Clock    To Clock          WNS(ns)      TNS(ns)  TNS Failing Endpoints  TNS Total Endpoints      WHS(ns)      THS(ns)  THS Failing Endpoints  THS Total Endpoints  
----------    --------          -------      -------  ---------------------  -------------------      -------      -------  ---------------------  -------------------  


------------------------------------------------------------------------------------------------
| Other Path Groups Table
| -----------------------
------------------------------------------------------------------------------------------------

Path Group    From Clock    To Clock          WNS(ns)      TNS(ns)  TNS Failing Endpoints  TNS Total Endpoints      WHS(ns)      THS(ns)  THS Failing Endpoints  THS Total Endpoints  
----------    ----------    --------          -------      -------  ---------------------  -------------------      -------      -------  ---------------------  -------------------  


# write_checkpoint -force top_route.dcp
INFO: [Timing 38-480] Writing timing data to binary archive.
Writing placer database...
Writing XDEF routing.
Writing XDEF routing logical nets.
Writing XDEF routing special nets.
Write XDEF Complete: Time (s): cpu = 00:00:00.17 ; elapsed = 00:00:00.07 . Memory (MB): peak = 2131.043 ; gain = 0.000 ; free physical = 353 ; free virtual = 5227
INFO: [Common 17-1381] The checkpoint '/home/camilo/MEGA/Universidad/2018-2/Digital2/Proyecto/SoC/build/top_route.dcp' has been generated.
# report_route_status -file top_route_status.rpt
# report_drc -file top_drc.rpt
Command: report_drc -file top_drc.rpt
INFO: [IP_Flow 19-234] Refreshing IP repositories
INFO: [IP_Flow 19-1704] No user IP repositories specified
INFO: [IP_Flow 19-2313] Loaded Vivado IP repository '/home/camilo/Programas/Xilinx/Vivado/2018.2/data/ip'.
INFO: [DRC 23-27] Running DRC with 4 threads
INFO: [Coretcl 2-168] The results of DRC are in file /home/camilo/MEGA/Universidad/2018-2/Digital2/Proyecto/SoC/build/top_drc.rpt.
report_drc completed successfully
# report_timing_summary -datasheet -max_paths 10 -file top_timing.rpt
INFO: [Timing 38-91] UpdateTimingParams: Speed grade: -1, Delay Type: min_max.
INFO: [Timing 38-191] Multithreading enabled for timing update using a maximum of 4 CPUs
# report_power -file top_power.rpt
Command: report_power -file top_power.rpt
WARNING: [Power 33-232] No user defined clocks were found in the design!
Resolution: Please specify clocks using create_clock/create_generated_clock for sequential elements. For pure combinatorial circuits, please specify a virtual clock, otherwise the vectorless estimation might be inaccurate
Running Vector-less Activity Propagation...

Finished Running Vector-less Activity Propagation
0 Infos, 1 Warnings, 0 Critical Warnings and 0 Errors encountered.
report_power completed successfully
# write_bitstream -force top.bit 
Command: write_bitstream -force top.bit
Attempting to get a license for feature 'Implementation' and/or device 'xc7a35t'
INFO: [Common 17-349] Got license for feature 'Implementation' and/or device 'xc7a35t'
Running DRC as a precondition to command write_bitstream
INFO: [DRC 23-27] Running DRC with 4 threads
ERROR: [DRC PDCN-1567] BUFGCTRL_CE_pins_both_connected_to_gnd: For cell SD_SPI/spiInitClock/negedgeBuffer placed at site BUFGCTRL_X0Y2 both CE0 and CE1 pins are tied to GROUND. Selection of an input clock requires a "select" pair (S0 and CE0, or S1 and CE1) to be asserted High. If either S or CE is not asserted High the desired input will not be selected. Please modify your design.
ERROR: [DRC PDCN-1567] BUFGCTRL_CE_pins_both_connected_to_gnd: For cell SD_SPI/spiInitClock/posedgeBuffer placed at site BUFGCTRL_X0Y1 both CE0 and CE1 pins are tied to GROUND. Selection of an input clock requires a "select" pair (S0 and CE0, or S1 and CE1) to be asserted High. If either S or CE is not asserted High the desired input will not be selected. Please modify your design.
WARNING: [DRC CFGBVS-1] Missing CFGBVS and CONFIG_VOLTAGE Design Properties: Neither the CFGBVS nor CONFIG_VOLTAGE voltage property is set in the current_design.  Configuration bank voltage select (CFGBVS) must be set to VCCO or GND, and CONFIG_VOLTAGE must be set to the correct configuration voltage, in order to determine the I/O voltage support for the pins in bank 0.  It is suggested to specify these either using the 'Edit Device Properties' function in the GUI or directly in the XDC file using the following syntax:

 set_property CFGBVS value1 [current_design]
 #where value1 is either VCCO or GND

 set_property CONFIG_VOLTAGE value2 [current_design]
 #where value2 is the voltage provided to configuration bank 0

Refer to the device configuration user guide for more information.
WARNING: [DRC PDRC-153] Gated clock check: Net SD_SPI/spiInitClock/CLK is a gated clock net sourced by a combinational pin SD_SPI/spiInitClock/count[2]_i_2/O, cell SD_SPI/spiInitClock/count[2]_i_2. This is not good design practice and will likely impact performance. For SLICE registers, for example, use the CE pin to control the loading of data.
WARNING: [DRC PDRC-153] Gated clock check: Net SD_SPI/spiInitClock/Data_reg[0] is a gated clock net sourced by a combinational pin SD_SPI/spiInitClock/Data[7]_i_2/O, cell SD_SPI/spiInitClock/Data[7]_i_2. This is not good design practice and will likely impact performance. For SLICE registers, for example, use the CE pin to control the loading of data.
WARNING: [DRC PLHOLDVIO-2] Non-Optimal connections which could lead to hold violations: A LUT SD_SPI/spiInitClock/Data[7]_i_2 is driving clock pin of 8 cells. This could lead to large hold time violations. First few involved cells are:
    SD_SPI/spi/Data_reg[0] {FDRE}
    SD_SPI/spi/Data_reg[1] {FDRE}
    SD_SPI/spi/Data_reg[2] {FDRE}
    SD_SPI/spi/Data_reg[3] {FDRE}
    SD_SPI/spi/Data_reg[4] {FDRE}
    SD_SPI/spi/Data_reg[5] {FDRE}
    SD_SPI/spi/Data_reg[6] {FDRE}
    SD_SPI/spi/Data_reg[7] {FDRE}
WARNING: [DRC PLHOLDVIO-2] Non-Optimal connections which could lead to hold violations: A LUT SD_SPI/spiInitClock/count[2]_i_2 is driving clock pin of 12 cells. This could lead to large hold time violations. First few involved cells are:
    SD_SPI/spi/DataClk_reg {FDRE}
    SD_SPI/spi/InputData_reg[0] {FDRE}
    SD_SPI/spi/InputData_reg[1] {FDRE}
    SD_SPI/spi/InputData_reg[2] {FDRE}
    SD_SPI/spi/InputData_reg[3] {FDRE}
    SD_SPI/spi/InputData_reg[4] {FDRE}
    SD_SPI/spi/InputData_reg[5] {FDRE}
    SD_SPI/spi/InputData_reg[6] {FDRE}
    SD_SPI/spi/InputData_reg[7] {FDRE}
INFO: [Vivado 12-3199] DRC finished with 2 Errors, 5 Warnings
INFO: [Vivado 12-3200] Please refer to the DRC report (report_drc) for more information.
ERROR: [Vivado 12-1345] Error(s) found during DRC. Bitgen not run.
INFO: [Common 17-83] Releasing license: Implementation
5 Infos, 5 Warnings, 0 Critical Warnings and 3 Errors encountered.
write_bitstream failed
write_bitstream: Time (s): cpu = 00:00:04 ; elapsed = 00:00:07 . Memory (MB): peak = 2191.090 ; gain = 0.000 ; free physical = 328 ; free virtual = 5201
ERROR: [Common 17-39] 'write_bitstream' failed due to earlier errors.

    while executing
"write_bitstream -force top.bit "
    (file "top.tcl" line 39)
INFO: [Common 17-206] Exiting Vivado at Sun Feb 24 18:49:06 2019...
