#-----------------------------------------------------------
# Vivado v2018.2.1 (64-bit)
# SW Build 2288692 on Thu Jul 26 18:23:50 MDT 2018
# IP Build 2289599 on Thu Jul 26 21:09:20 MDT 2018
# Start of session at: Wed Mar  6 20:02:10 2019
# Process ID: 18238
# Current directory: /home/camilo/MEGA/Universidad/2018-2/Digital2/Proyecto/SoC/build
# Command line: vivado -mode batch -source top.tcl
# Log file: /home/camilo/MEGA/Universidad/2018-2/Digital2/Proyecto/SoC/build/vivado.log
# Journal file: /home/camilo/MEGA/Universidad/2018-2/Digital2/Proyecto/SoC/build/vivado.jou
#-----------------------------------------------------------
source top.tcl
# create_project -force -name top -part xc7a35tcpg236-1
# set_property XPM_LIBRARIES {XPM_CDC XPM_MEMORY} [current_project]
# add_files {/home/camilo/MEGA/Universidad/2018-2/Digital2/Proyecto/SoC/Hardware/utilities/StereoSignedAdder.v}
# set_property library work [get_files {/home/camilo/MEGA/Universidad/2018-2/Digital2/Proyecto/SoC/Hardware/utilities/StereoSignedAdder.v}]
WARNING: [filemgmt 56-99] Vivado Synthesis ignores library specification for Verilog or SystemVerilog files. [/home/camilo/MEGA/Universidad/2018-2/Digital2/Proyecto/SoC/Hardware/utilities/StereoSignedAdder.v:]
# add_files {/home/camilo/MEGA/Universidad/2018-2/Digital2/Proyecto/SoC/Hardware/Peripheral_Audio/SubPeripheral_I2S/I2S.v}
# set_property library work [get_files {/home/camilo/MEGA/Universidad/2018-2/Digital2/Proyecto/SoC/Hardware/Peripheral_Audio/SubPeripheral_I2S/I2S.v}]
WARNING: [filemgmt 56-99] Vivado Synthesis ignores library specification for Verilog or SystemVerilog files. [/home/camilo/MEGA/Universidad/2018-2/Digital2/Proyecto/SoC/Hardware/Peripheral_Audio/SubPeripheral_I2S/I2S.v:]
# add_files {/home/camilo/MEGA/Universidad/2018-2/Digital2/Proyecto/SoC/Hardware/utilities/FrequencyGenerator.v}
# set_property library work [get_files {/home/camilo/MEGA/Universidad/2018-2/Digital2/Proyecto/SoC/Hardware/utilities/FrequencyGenerator.v}]
WARNING: [filemgmt 56-99] Vivado Synthesis ignores library specification for Verilog or SystemVerilog files. [/home/camilo/MEGA/Universidad/2018-2/Digital2/Proyecto/SoC/Hardware/utilities/FrequencyGenerator.v:]
# add_files {/home/camilo/MEGA/Universidad/2018-2/Digital2/Proyecto/SoC/Hardware/Peripheral_Audio/Audio_ClockManager.v}
# set_property library work [get_files {/home/camilo/MEGA/Universidad/2018-2/Digital2/Proyecto/SoC/Hardware/Peripheral_Audio/Audio_ClockManager.v}]
WARNING: [filemgmt 56-99] Vivado Synthesis ignores library specification for Verilog or SystemVerilog files. [/home/camilo/MEGA/Universidad/2018-2/Digital2/Proyecto/SoC/Hardware/Peripheral_Audio/Audio_ClockManager.v:]
# add_files {top.v}
# set_property library work [get_files {top.v}]
WARNING: [filemgmt 56-99] Vivado Synthesis ignores library specification for Verilog or SystemVerilog files. [/home/camilo/MEGA/Universidad/2018-2/Digital2/Proyecto/SoC/build/top.v:]
# add_files {/home/camilo/MEGA/Universidad/2018-2/Digital2/Proyecto/SoC/Hardware/Peripheral_Audio/Audio.v}
# set_property library work [get_files {/home/camilo/MEGA/Universidad/2018-2/Digital2/Proyecto/SoC/Hardware/Peripheral_Audio/Audio.v}]
WARNING: [filemgmt 56-99] Vivado Synthesis ignores library specification for Verilog or SystemVerilog files. [/home/camilo/MEGA/Universidad/2018-2/Digital2/Proyecto/SoC/Hardware/Peripheral_Audio/Audio.v:]
# add_files {/home/camilo/MEGA/Universidad/2018-2/Digital2/Proyecto/SoC/Hardware/utilities/Counter.v}
# set_property library work [get_files {/home/camilo/MEGA/Universidad/2018-2/Digital2/Proyecto/SoC/Hardware/utilities/Counter.v}]
WARNING: [filemgmt 56-99] Vivado Synthesis ignores library specification for Verilog or SystemVerilog files. [/home/camilo/MEGA/Universidad/2018-2/Digital2/Proyecto/SoC/Hardware/utilities/Counter.v:]
# add_files {/home/camilo/MEGA/Universidad/2018-2/Digital2/Proyecto/SoC/Hardware/Peripheral_Audio/SubPeripheral_I2S/SquareGenerator.v}
# set_property library work [get_files {/home/camilo/MEGA/Universidad/2018-2/Digital2/Proyecto/SoC/Hardware/Peripheral_Audio/SubPeripheral_I2S/SquareGenerator.v}]
WARNING: [filemgmt 56-99] Vivado Synthesis ignores library specification for Verilog or SystemVerilog files. [/home/camilo/MEGA/Universidad/2018-2/Digital2/Proyecto/SoC/Hardware/Peripheral_Audio/SubPeripheral_I2S/SquareGenerator.v:]
# add_files {/home/camilo/MEGA/Universidad/2018-2/Digital2/Proyecto/SoC/Hardware/Peripheral_Audio/Oscillator.v}
# set_property library work [get_files {/home/camilo/MEGA/Universidad/2018-2/Digital2/Proyecto/SoC/Hardware/Peripheral_Audio/Oscillator.v}]
WARNING: [filemgmt 56-99] Vivado Synthesis ignores library specification for Verilog or SystemVerilog files. [/home/camilo/MEGA/Universidad/2018-2/Digital2/Proyecto/SoC/Hardware/Peripheral_Audio/Oscillator.v:]
# add_files {/home/camilo/MEGA/Universidad/2018-2/Digital2/Proyecto/SoC/Hardware/Peripheral_Audio/Synthesizer.v}
# set_property library work [get_files {/home/camilo/MEGA/Universidad/2018-2/Digital2/Proyecto/SoC/Hardware/Peripheral_Audio/Synthesizer.v}]
WARNING: [filemgmt 56-99] Vivado Synthesis ignores library specification for Verilog or SystemVerilog files. [/home/camilo/MEGA/Universidad/2018-2/Digital2/Proyecto/SoC/Hardware/Peripheral_Audio/Synthesizer.v:]
# read_xdc top.xdc
# synth_design -top top -part xc7a35tcpg236-1
Command: synth_design -top top -part xc7a35tcpg236-1
Starting synth_design
Attempting to get a license for feature 'Synthesis' and/or device 'xc7a35t'
INFO: [Common 17-349] Got license for feature 'Synthesis' and/or device 'xc7a35t'
INFO: Launching helper process for spawning children vivado processes
INFO: Helper process launched with PID 18270 
WARNING: [Synth 8-2611] redeclaration of ansi port I2SCLK is not allowed [/home/camilo/MEGA/Universidad/2018-2/Digital2/Proyecto/SoC/Hardware/Peripheral_Audio/Audio_ClockManager.v:142]
WARNING: [Synth 8-992] I2S_CLK is already implicitly declared earlier [/home/camilo/MEGA/Universidad/2018-2/Digital2/Proyecto/SoC/Hardware/Peripheral_Audio/Audio_ClockManager.v:164]
---------------------------------------------------------------------------------
Starting RTL Elaboration : Time (s): cpu = 00:00:04 ; elapsed = 00:00:07 . Memory (MB): peak = 1261.156 ; gain = 77.262 ; free physical = 101 ; free virtual = 5670
---------------------------------------------------------------------------------
INFO: [Common 17-41] Interrupt caught. Command should exit soon.
1
INFO: [Common 17-83] Releasing license: Synthesis
3 Infos, 2 Warnings, 0 Critical Warnings and 1 Errors encountered.
synth_design failed
INFO: [Common 17-344] 'source' was cancelled
INFO: [Common 17-206] Exiting Vivado at Wed Mar  6 20:02:50 2019...
