#-----------------------------------------------------------
# Vivado v2018.2.1 (64-bit)
# SW Build 2288692 on Thu Jul 26 18:23:50 MDT 2018
# IP Build 2289599 on Thu Jul 26 21:09:20 MDT 2018
# Start of session at: Thu Feb 14 22:09:47 2019
# Process ID: 19754
# Current directory: /home/camilo/MEGA/Universidad/2018-2/Digital2/Proyecto/SoC/build
# Command line: vivado -mode batch -source top.tcl
# Log file: /home/camilo/MEGA/Universidad/2018-2/Digital2/Proyecto/SoC/build/vivado.log
# Journal file: /home/camilo/MEGA/Universidad/2018-2/Digital2/Proyecto/SoC/build/vivado.jou
#-----------------------------------------------------------
source top.tcl
# create_project -force -name top -part xc7a35tcpg236-1
# set_property XPM_LIBRARIES {XPM_CDC XPM_MEMORY} [current_project]
# add_files {/home/camilo/MEGA/Universidad/2018-2/Digital2/Proyecto/SoC/Hardware/Peripheral_AudVid/SubPeripheral_I2S/SquareGenerator.v}
# set_property library work [get_files {/home/camilo/MEGA/Universidad/2018-2/Digital2/Proyecto/SoC/Hardware/Peripheral_AudVid/SubPeripheral_I2S/SquareGenerator.v}]
WARNING: [filemgmt 56-99] Vivado Synthesis ignores library specification for Verilog or SystemVerilog files. [/home/camilo/MEGA/Universidad/2018-2/Digital2/Proyecto/SoC/Hardware/Peripheral_AudVid/SubPeripheral_I2S/SquareGenerator.v:]
# add_files {/home/camilo/MEGA/Universidad/2018-2/Digital2/Proyecto/SoC/Hardware/Peripheral_AudVid/SubPeripheral_TFT_SPI/TFT_SPI.v}
# set_property library work [get_files {/home/camilo/MEGA/Universidad/2018-2/Digital2/Proyecto/SoC/Hardware/Peripheral_AudVid/SubPeripheral_TFT_SPI/TFT_SPI.v}]
WARNING: [filemgmt 56-99] Vivado Synthesis ignores library specification for Verilog or SystemVerilog files. [/home/camilo/MEGA/Universidad/2018-2/Digital2/Proyecto/SoC/Hardware/Peripheral_AudVid/SubPeripheral_TFT_SPI/TFT_SPI.v:]
# add_files {/home/camilo/MEGA/Universidad/2018-2/Digital2/Proyecto/SoC/utilities/FrequencyGenerator.v}
# set_property library work [get_files {/home/camilo/MEGA/Universidad/2018-2/Digital2/Proyecto/SoC/utilities/FrequencyGenerator.v}]
WARNING: [filemgmt 56-99] Vivado Synthesis ignores library specification for Verilog or SystemVerilog files. [/home/camilo/MEGA/Universidad/2018-2/Digital2/Proyecto/SoC/utilities/FrequencyGenerator.v:]
# add_files {/home/camilo/MEGA/Universidad/2018-2/Digital2/Proyecto/SoC/utilities/ClockManager.v}
# set_property library work [get_files {/home/camilo/MEGA/Universidad/2018-2/Digital2/Proyecto/SoC/utilities/ClockManager.v}]
WARNING: [filemgmt 56-99] Vivado Synthesis ignores library specification for Verilog or SystemVerilog files. [/home/camilo/MEGA/Universidad/2018-2/Digital2/Proyecto/SoC/utilities/ClockManager.v:]
# add_files {/home/camilo/MEGA/Universidad/2018-2/Digital2/Proyecto/SoC/utilities/Counter.v}
# set_property library work [get_files {/home/camilo/MEGA/Universidad/2018-2/Digital2/Proyecto/SoC/utilities/Counter.v}]
WARNING: [filemgmt 56-99] Vivado Synthesis ignores library specification for Verilog or SystemVerilog files. [/home/camilo/MEGA/Universidad/2018-2/Digital2/Proyecto/SoC/utilities/Counter.v:]
# add_files {/home/camilo/MEGA/Universidad/2018-2/Digital2/Proyecto/SoC/Hardware/Peripheral_AudVid/SubPeripheral_SD_SPI/SD_SPI.v}
# set_property library work [get_files {/home/camilo/MEGA/Universidad/2018-2/Digital2/Proyecto/SoC/Hardware/Peripheral_AudVid/SubPeripheral_SD_SPI/SD_SPI.v}]
WARNING: [filemgmt 56-99] Vivado Synthesis ignores library specification for Verilog or SystemVerilog files. [/home/camilo/MEGA/Universidad/2018-2/Digital2/Proyecto/SoC/Hardware/Peripheral_AudVid/SubPeripheral_SD_SPI/SD_SPI.v:]
# add_files {/home/camilo/MEGA/Universidad/2018-2/Digital2/Proyecto/SoC/Hardware/Peripheral_AudVid/SubPeripheral_TFT_SPI/SPI.v}
# set_property library work [get_files {/home/camilo/MEGA/Universidad/2018-2/Digital2/Proyecto/SoC/Hardware/Peripheral_AudVid/SubPeripheral_TFT_SPI/SPI.v}]
WARNING: [filemgmt 56-99] Vivado Synthesis ignores library specification for Verilog or SystemVerilog files. [/home/camilo/MEGA/Universidad/2018-2/Digital2/Proyecto/SoC/Hardware/Peripheral_AudVid/SubPeripheral_TFT_SPI/SPI.v:]
# add_files {/home/camilo/MEGA/Universidad/2018-2/Digital2/Proyecto/SoC/utilities/ButtonDebouncer.v}
# set_property library work [get_files {/home/camilo/MEGA/Universidad/2018-2/Digital2/Proyecto/SoC/utilities/ButtonDebouncer.v}]
WARNING: [filemgmt 56-99] Vivado Synthesis ignores library specification for Verilog or SystemVerilog files. [/home/camilo/MEGA/Universidad/2018-2/Digital2/Proyecto/SoC/utilities/ButtonDebouncer.v:]
# add_files {/home/camilo/MEGA/Universidad/2018-2/Digital2/Proyecto/SoC/Hardware/Peripheral_AudVid/AudVid.v}
# set_property library work [get_files {/home/camilo/MEGA/Universidad/2018-2/Digital2/Proyecto/SoC/Hardware/Peripheral_AudVid/AudVid.v}]
WARNING: [filemgmt 56-99] Vivado Synthesis ignores library specification for Verilog or SystemVerilog files. [/home/camilo/MEGA/Universidad/2018-2/Digital2/Proyecto/SoC/Hardware/Peripheral_AudVid/AudVid.v:]
# add_files {/home/camilo/MEGA/Universidad/2018-2/Digital2/Proyecto/SoC/Hardware/Peripheral_AudVid/SubPeripheral_SD_SPI/FullSPI.v}
# set_property library work [get_files {/home/camilo/MEGA/Universidad/2018-2/Digital2/Proyecto/SoC/Hardware/Peripheral_AudVid/SubPeripheral_SD_SPI/FullSPI.v}]
WARNING: [filemgmt 56-99] Vivado Synthesis ignores library specification for Verilog or SystemVerilog files. [/home/camilo/MEGA/Universidad/2018-2/Digital2/Proyecto/SoC/Hardware/Peripheral_AudVid/SubPeripheral_SD_SPI/FullSPI.v:]
# add_files {/home/camilo/MEGA/Universidad/2018-2/Digital2/Proyecto/SoC/Hardware/Peripheral_AudVid/SubPeripheral_TFT_SPI/InitializationRegister.v}
# set_property library work [get_files {/home/camilo/MEGA/Universidad/2018-2/Digital2/Proyecto/SoC/Hardware/Peripheral_AudVid/SubPeripheral_TFT_SPI/InitializationRegister.v}]
WARNING: [filemgmt 56-99] Vivado Synthesis ignores library specification for Verilog or SystemVerilog files. [/home/camilo/MEGA/Universidad/2018-2/Digital2/Proyecto/SoC/Hardware/Peripheral_AudVid/SubPeripheral_TFT_SPI/InitializationRegister.v:]
# add_files {top.v}
# set_property library work [get_files {top.v}]
WARNING: [filemgmt 56-99] Vivado Synthesis ignores library specification for Verilog or SystemVerilog files. [/home/camilo/MEGA/Universidad/2018-2/Digital2/Proyecto/SoC/build/top.v:]
# add_files {/home/camilo/MEGA/Universidad/2018-2/Digital2/Proyecto/SoC/utilities/ButtonDebouncerTester.v}
# set_property library work [get_files {/home/camilo/MEGA/Universidad/2018-2/Digital2/Proyecto/SoC/utilities/ButtonDebouncerTester.v}]
WARNING: [filemgmt 56-99] Vivado Synthesis ignores library specification for Verilog or SystemVerilog files. [/home/camilo/MEGA/Universidad/2018-2/Digital2/Proyecto/SoC/utilities/ButtonDebouncerTester.v:]
# add_files {/home/camilo/MEGA/Universidad/2018-2/Digital2/Proyecto/SoC/Hardware/Peripheral_AudVid/SubPeripheral_I2S/I2S.v}
# set_property library work [get_files {/home/camilo/MEGA/Universidad/2018-2/Digital2/Proyecto/SoC/Hardware/Peripheral_AudVid/SubPeripheral_I2S/I2S.v}]
WARNING: [filemgmt 56-99] Vivado Synthesis ignores library specification for Verilog or SystemVerilog files. [/home/camilo/MEGA/Universidad/2018-2/Digital2/Proyecto/SoC/Hardware/Peripheral_AudVid/SubPeripheral_I2S/I2S.v:]
# read_xdc top.xdc
# synth_design -top top -part xc7a35tcpg236-1
Command: synth_design -top top -part xc7a35tcpg236-1
Starting synth_design
Attempting to get a license for feature 'Synthesis' and/or device 'xc7a35t'
INFO: [Common 17-349] Got license for feature 'Synthesis' and/or device 'xc7a35t'
INFO: Launching helper process for spawning children vivado processes
INFO: Helper process launched with PID 19787 
WARNING: [Synth 8-2507] parameter declaration becomes local in FrequencyGenerator with formal parameter declaration list [/home/camilo/MEGA/Universidad/2018-2/Digital2/Proyecto/SoC/utilities/FrequencyGenerator.v:6]
---------------------------------------------------------------------------------
Starting RTL Elaboration : Time (s): cpu = 00:00:04 ; elapsed = 00:00:05 . Memory (MB): peak = 1261.160 ; gain = 77.262 ; free physical = 822 ; free virtual = 5883
---------------------------------------------------------------------------------
INFO: [Synth 8-6157] synthesizing module 'top' [/home/camilo/MEGA/Universidad/2018-2/Digital2/Proyecto/SoC/build/top.v:2]
INFO: [Synth 8-6157] synthesizing module 'ClockManager' [/home/camilo/MEGA/Universidad/2018-2/Digital2/Proyecto/SoC/utilities/ClockManager.v:198]
INFO: [Synth 8-6157] synthesizing module 'clk_wiz' [/home/camilo/MEGA/Universidad/2018-2/Digital2/Proyecto/SoC/utilities/ClockManager.v:67]
INFO: [Synth 8-6157] synthesizing module 'BUFG' [/home/camilo/Programas/Xilinx/Vivado/2018.2/scripts/rt/data/unisim_comp.v:609]
INFO: [Synth 8-6155] done synthesizing module 'BUFG' (1#1) [/home/camilo/Programas/Xilinx/Vivado/2018.2/scripts/rt/data/unisim_comp.v:609]
INFO: [Synth 8-6157] synthesizing module 'IBUF' [/home/camilo/Programas/Xilinx/Vivado/2018.2/scripts/rt/data/unisim_comp.v:19473]
	Parameter CAPACITANCE bound to: DONT_CARE - type: string 
	Parameter IBUF_DELAY_VALUE bound to: 0 - type: string 
	Parameter IBUF_LOW_PWR bound to: TRUE - type: string 
	Parameter IFD_DELAY_VALUE bound to: AUTO - type: string 
	Parameter IOSTANDARD bound to: DEFAULT - type: string 
INFO: [Synth 8-6155] done synthesizing module 'IBUF' (2#1) [/home/camilo/Programas/Xilinx/Vivado/2018.2/scripts/rt/data/unisim_comp.v:19473]
INFO: [Synth 8-6157] synthesizing module 'MMCME2_ADV' [/home/camilo/Programas/Xilinx/Vivado/2018.2/scripts/rt/data/unisim_comp.v:25762]
	Parameter BANDWIDTH bound to: OPTIMIZED - type: string 
	Parameter CLKFBOUT_MULT_F bound to: 55.125000 - type: float 
	Parameter CLKFBOUT_PHASE bound to: 0.000000 - type: float 
	Parameter CLKFBOUT_USE_FINE_PS bound to: FALSE - type: string 
	Parameter CLKIN1_PERIOD bound to: 10.000000 - type: float 
	Parameter CLKIN2_PERIOD bound to: 0.000000 - type: float 
	Parameter CLKOUT0_DIVIDE_F bound to: 78.125000 - type: float 
	Parameter CLKOUT0_DUTY_CYCLE bound to: 0.500000 - type: float 
	Parameter CLKOUT0_PHASE bound to: 0.000000 - type: float 
	Parameter CLKOUT0_USE_FINE_PS bound to: FALSE - type: string 
	Parameter CLKOUT1_DIVIDE bound to: 1 - type: integer 
	Parameter CLKOUT1_DUTY_CYCLE bound to: 0.500000 - type: float 
	Parameter CLKOUT1_PHASE bound to: 0.000000 - type: float 
	Parameter CLKOUT1_USE_FINE_PS bound to: FALSE - type: string 
	Parameter CLKOUT2_DIVIDE bound to: 1 - type: integer 
	Parameter CLKOUT2_DUTY_CYCLE bound to: 0.500000 - type: float 
	Parameter CLKOUT2_PHASE bound to: 0.000000 - type: float 
	Parameter CLKOUT2_USE_FINE_PS bound to: FALSE - type: string 
	Parameter CLKOUT3_DIVIDE bound to: 1 - type: integer 
	Parameter CLKOUT3_DUTY_CYCLE bound to: 0.500000 - type: float 
	Parameter CLKOUT3_PHASE bound to: 0.000000 - type: float 
	Parameter CLKOUT3_USE_FINE_PS bound to: FALSE - type: string 
	Parameter CLKOUT4_CASCADE bound to: FALSE - type: string 
	Parameter CLKOUT4_DIVIDE bound to: 1 - type: integer 
	Parameter CLKOUT4_DUTY_CYCLE bound to: 0.500000 - type: float 
	Parameter CLKOUT4_PHASE bound to: 0.000000 - type: float 
	Parameter CLKOUT4_USE_FINE_PS bound to: FALSE - type: string 
	Parameter CLKOUT5_DIVIDE bound to: 1 - type: integer 
	Parameter CLKOUT5_DUTY_CYCLE bound to: 0.500000 - type: float 
	Parameter CLKOUT5_PHASE bound to: 0.000000 - type: float 
	Parameter CLKOUT5_USE_FINE_PS bound to: FALSE - type: string 
	Parameter CLKOUT6_DIVIDE bound to: 1 - type: integer 
	Parameter CLKOUT6_DUTY_CYCLE bound to: 0.500000 - type: float 
	Parameter CLKOUT6_PHASE bound to: 0.000000 - type: float 
	Parameter CLKOUT6_USE_FINE_PS bound to: FALSE - type: string 
	Parameter COMPENSATION bound to: ZHOLD - type: string 
	Parameter DIVCLK_DIVIDE bound to: 5 - type: integer 
	Parameter IS_CLKINSEL_INVERTED bound to: 1'b0 
	Parameter IS_PSEN_INVERTED bound to: 1'b0 
	Parameter IS_PSINCDEC_INVERTED bound to: 1'b0 
	Parameter IS_PWRDWN_INVERTED bound to: 1'b0 
	Parameter IS_RST_INVERTED bound to: 1'b0 
	Parameter REF_JITTER1 bound to: 0.010000 - type: float 
	Parameter REF_JITTER2 bound to: 0.010000 - type: float 
	Parameter SS_EN bound to: FALSE - type: string 
	Parameter SS_MODE bound to: CENTER_HIGH - type: string 
	Parameter SS_MOD_PERIOD bound to: 10000 - type: integer 
	Parameter STARTUP_WAIT bound to: FALSE - type: string 
INFO: [Synth 8-6155] done synthesizing module 'MMCME2_ADV' (3#1) [/home/camilo/Programas/Xilinx/Vivado/2018.2/scripts/rt/data/unisim_comp.v:25762]
INFO: [Synth 8-6155] done synthesizing module 'clk_wiz' (4#1) [/home/camilo/MEGA/Universidad/2018-2/Digital2/Proyecto/SoC/utilities/ClockManager.v:67]
INFO: [Synth 8-6155] done synthesizing module 'ClockManager' (5#1) [/home/camilo/MEGA/Universidad/2018-2/Digital2/Proyecto/SoC/utilities/ClockManager.v:198]
INFO: [Synth 8-6157] synthesizing module 'AudVid' [/home/camilo/MEGA/Universidad/2018-2/Digital2/Proyecto/SoC/Hardware/Peripheral_AudVid/AudVid.v:2]
INFO: [Synth 8-6157] synthesizing module 'SD_SPI' [/home/camilo/MEGA/Universidad/2018-2/Digital2/Proyecto/SoC/Hardware/Peripheral_AudVid/SubPeripheral_SD_SPI/SD_SPI.v:1]
INFO: [Synth 8-6157] synthesizing module 'BUF' [/home/camilo/Programas/Xilinx/Vivado/2018.2/scripts/rt/data/unisim_comp.v:569]
INFO: [Synth 8-6155] done synthesizing module 'BUF' (6#1) [/home/camilo/Programas/Xilinx/Vivado/2018.2/scripts/rt/data/unisim_comp.v:569]
INFO: [Synth 8-6157] synthesizing module 'FrequencyGenerator' [/home/camilo/MEGA/Universidad/2018-2/Digital2/Proyecto/SoC/utilities/FrequencyGenerator.v:1]
	Parameter frequency bound to: 400000 - type: integer 
	Parameter bitsNumber bound to: 8 - type: integer 
	Parameter limit bound to: 250 - type: integer 
INFO: [Synth 8-6155] done synthesizing module 'FrequencyGenerator' (7#1) [/home/camilo/MEGA/Universidad/2018-2/Digital2/Proyecto/SoC/utilities/FrequencyGenerator.v:1]
INFO: [Synth 8-6157] synthesizing module 'FrequencyGenerator__parameterized0' [/home/camilo/MEGA/Universidad/2018-2/Digital2/Proyecto/SoC/utilities/FrequencyGenerator.v:1]
	Parameter frequency bound to: 12500000 - type: integer 
	Parameter bitsNumber bound to: 5 - type: integer 
	Parameter limit bound to: 8 - type: integer 
INFO: [Synth 8-6155] done synthesizing module 'FrequencyGenerator__parameterized0' (7#1) [/home/camilo/MEGA/Universidad/2018-2/Digital2/Proyecto/SoC/utilities/FrequencyGenerator.v:1]
INFO: [Synth 8-6157] synthesizing module 'FullSPI' [/home/camilo/MEGA/Universidad/2018-2/Digital2/Proyecto/SoC/Hardware/Peripheral_AudVid/SubPeripheral_SD_SPI/FullSPI.v:1]
INFO: [Synth 8-6155] done synthesizing module 'FullSPI' (8#1) [/home/camilo/MEGA/Universidad/2018-2/Digital2/Proyecto/SoC/Hardware/Peripheral_AudVid/SubPeripheral_SD_SPI/FullSPI.v:1]
WARNING: [Synth 8-350] instance 'spiCount' of module 'FullSPI' requires 8 connections, but only 4 given [/home/camilo/MEGA/Universidad/2018-2/Digital2/Proyecto/SoC/Hardware/Peripheral_AudVid/SubPeripheral_SD_SPI/SD_SPI.v:71]
WARNING: [Synth 8-350] instance 'spiUtilCount' of module 'FullSPI' requires 8 connections, but only 4 given [/home/camilo/MEGA/Universidad/2018-2/Digital2/Proyecto/SoC/Hardware/Peripheral_AudVid/SubPeripheral_SD_SPI/SD_SPI.v:78]
WARNING: [Synth 8-6014] Unused sequential element VideoCount_reg was removed.  [/home/camilo/MEGA/Universidad/2018-2/Digital2/Proyecto/SoC/Hardware/Peripheral_AudVid/SubPeripheral_SD_SPI/SD_SPI.v:96]
INFO: [Synth 8-6155] done synthesizing module 'SD_SPI' (9#1) [/home/camilo/MEGA/Universidad/2018-2/Digital2/Proyecto/SoC/Hardware/Peripheral_AudVid/SubPeripheral_SD_SPI/SD_SPI.v:1]
INFO: [Synth 8-6157] synthesizing module 'TFT_SPI' [/home/camilo/MEGA/Universidad/2018-2/Digital2/Proyecto/SoC/Hardware/Peripheral_AudVid/SubPeripheral_TFT_SPI/TFT_SPI.v:1]
	Parameter InitDataSize bound to: 104 - type: integer 
	Parameter InitFrequency bound to: 10000 - type: integer 
	Parameter InitFrequencyBits bound to: 26 - type: integer 
	Parameter WorkFrequency bound to: 5000000 - type: integer 
	Parameter WorkFrequencyBits bound to: 24 - type: integer 
	Parameter delayUnit bound to: 10 - type: integer 
	Parameter delayTime bound to: 1600 - type: integer 
INFO: [Synth 8-6157] synthesizing module 'FrequencyGenerator__parameterized1' [/home/camilo/MEGA/Universidad/2018-2/Digital2/Proyecto/SoC/utilities/FrequencyGenerator.v:1]
	Parameter frequency bound to: 10000 - type: integer 
	Parameter bitsNumber bound to: 26 - type: integer 
	Parameter limit bound to: 10000 - type: integer 
INFO: [Synth 8-6155] done synthesizing module 'FrequencyGenerator__parameterized1' (9#1) [/home/camilo/MEGA/Universidad/2018-2/Digital2/Proyecto/SoC/utilities/FrequencyGenerator.v:1]
INFO: [Synth 8-6157] synthesizing module 'FrequencyGenerator__parameterized2' [/home/camilo/MEGA/Universidad/2018-2/Digital2/Proyecto/SoC/utilities/FrequencyGenerator.v:1]
	Parameter frequency bound to: 5000000 - type: integer 
	Parameter bitsNumber bound to: 24 - type: integer 
	Parameter limit bound to: 20 - type: integer 
INFO: [Synth 8-6155] done synthesizing module 'FrequencyGenerator__parameterized2' (9#1) [/home/camilo/MEGA/Universidad/2018-2/Digital2/Proyecto/SoC/utilities/FrequencyGenerator.v:1]
INFO: [Synth 8-6157] synthesizing module 'InitializationRegister' [/home/camilo/MEGA/Universidad/2018-2/Digital2/Proyecto/SoC/Hardware/Peripheral_AudVid/SubPeripheral_TFT_SPI/InitializationRegister.v:4]
	Parameter InitFrequency bound to: 10000 - type: integer 
	Parameter delayUnit bound to: 10 - type: integer 
INFO: [Synth 8-6155] done synthesizing module 'InitializationRegister' (10#1) [/home/camilo/MEGA/Universidad/2018-2/Digital2/Proyecto/SoC/Hardware/Peripheral_AudVid/SubPeripheral_TFT_SPI/InitializationRegister.v:4]
INFO: [Synth 8-6157] synthesizing module 'Counter' [/home/camilo/MEGA/Universidad/2018-2/Digital2/Proyecto/SoC/utilities/Counter.v:2]
	Parameter Begin bound to: 0 - type: integer 
	Parameter bitsNumber bound to: 25 - type: integer 
	Parameter End bound to: 1704 - type: integer 
	Parameter mode bound to: 0 - type: integer 
INFO: [Synth 8-6155] done synthesizing module 'Counter' (11#1) [/home/camilo/MEGA/Universidad/2018-2/Digital2/Proyecto/SoC/utilities/Counter.v:2]
WARNING: [Synth 8-350] instance 'counter' of module 'Counter' requires 3 connections, but only 2 given [/home/camilo/MEGA/Universidad/2018-2/Digital2/Proyecto/SoC/Hardware/Peripheral_AudVid/SubPeripheral_TFT_SPI/TFT_SPI.v:64]
INFO: [Synth 8-6157] synthesizing module 'SPI' [/home/camilo/MEGA/Universidad/2018-2/Digital2/Proyecto/SoC/Hardware/Peripheral_AudVid/SubPeripheral_TFT_SPI/SPI.v:1]
INFO: [Synth 8-6155] done synthesizing module 'SPI' (12#1) [/home/camilo/MEGA/Universidad/2018-2/Digital2/Proyecto/SoC/Hardware/Peripheral_AudVid/SubPeripheral_TFT_SPI/SPI.v:1]
WARNING: [Synth 8-350] instance 'spi' of module 'SPI' requires 5 connections, but only 4 given [/home/camilo/MEGA/Universidad/2018-2/Digital2/Proyecto/SoC/Hardware/Peripheral_AudVid/SubPeripheral_TFT_SPI/TFT_SPI.v:69]
WARNING: [Synth 8-3848] Net RST in module/entity TFT_SPI does not have driver. [/home/camilo/MEGA/Universidad/2018-2/Digital2/Proyecto/SoC/Hardware/Peripheral_AudVid/SubPeripheral_TFT_SPI/TFT_SPI.v:9]
INFO: [Synth 8-6155] done synthesizing module 'TFT_SPI' (13#1) [/home/camilo/MEGA/Universidad/2018-2/Digital2/Proyecto/SoC/Hardware/Peripheral_AudVid/SubPeripheral_TFT_SPI/TFT_SPI.v:1]
WARNING: [Synth 8-350] instance 'tft_spi' of module 'TFT_SPI' requires 9 connections, but only 8 given [/home/camilo/MEGA/Universidad/2018-2/Digital2/Proyecto/SoC/Hardware/Peripheral_AudVid/AudVid.v:64]
INFO: [Synth 8-6157] synthesizing module 'I2S' [/home/camilo/MEGA/Universidad/2018-2/Digital2/Proyecto/SoC/Hardware/Peripheral_AudVid/SubPeripheral_I2S/I2S.v:1]
INFO: [Synth 8-6157] synthesizing module 'SquareGenerator' [/home/camilo/MEGA/Universidad/2018-2/Digital2/Proyecto/SoC/Hardware/Peripheral_AudVid/SubPeripheral_I2S/SquareGenerator.v:1]
INFO: [Synth 8-6155] done synthesizing module 'SquareGenerator' (14#1) [/home/camilo/MEGA/Universidad/2018-2/Digital2/Proyecto/SoC/Hardware/Peripheral_AudVid/SubPeripheral_I2S/SquareGenerator.v:1]
INFO: [Synth 8-6155] done synthesizing module 'I2S' (15#1) [/home/camilo/MEGA/Universidad/2018-2/Digital2/Proyecto/SoC/Hardware/Peripheral_AudVid/SubPeripheral_I2S/I2S.v:1]
WARNING: [Synth 8-350] instance 'i2s' of module 'I2S' requires 7 connections, but only 5 given [/home/camilo/MEGA/Universidad/2018-2/Digital2/Proyecto/SoC/Hardware/Peripheral_AudVid/AudVid.v:76]
WARNING: [Synth 8-6014] Unused sequential element TilesRegister_reg was removed. 
WARNING: [Synth 8-6014] Unused sequential element TilesRead_XAddress_reg was removed.  [/home/camilo/MEGA/Universidad/2018-2/Digital2/Proyecto/SoC/Hardware/Peripheral_AudVid/AudVid.v:92]
WARNING: [Synth 8-6014] Unused sequential element TilesRead_YAddress_reg was removed.  [/home/camilo/MEGA/Universidad/2018-2/Digital2/Proyecto/SoC/Hardware/Peripheral_AudVid/AudVid.v:92]
WARNING: [Synth 8-6014] Unused sequential element TilesRead_TileAddress_reg was removed.  [/home/camilo/MEGA/Universidad/2018-2/Digital2/Proyecto/SoC/Hardware/Peripheral_AudVid/AudVid.v:92]
WARNING: [Synth 8-3848] Net TFT_RST in module/entity AudVid does not have driver. [/home/camilo/MEGA/Universidad/2018-2/Digital2/Proyecto/SoC/Hardware/Peripheral_AudVid/AudVid.v:12]
INFO: [Synth 8-6155] done synthesizing module 'AudVid' (16#1) [/home/camilo/MEGA/Universidad/2018-2/Digital2/Proyecto/SoC/Hardware/Peripheral_AudVid/AudVid.v:2]
WARNING: [Synth 8-350] instance 'AudVid' of module 'AudVid' requires 20 connections, but only 17 given [/home/camilo/MEGA/Universidad/2018-2/Digital2/Proyecto/SoC/build/top.v:115]
INFO: [Synth 8-6155] done synthesizing module 'top' (17#1) [/home/camilo/MEGA/Universidad/2018-2/Digital2/Proyecto/SoC/build/top.v:2]
WARNING: [Synth 8-3331] design I2S has unconnected port InputData[31]
WARNING: [Synth 8-3331] design I2S has unconnected port InputData[30]
WARNING: [Synth 8-3331] design I2S has unconnected port InputData[29]
WARNING: [Synth 8-3331] design I2S has unconnected port InputData[28]
WARNING: [Synth 8-3331] design I2S has unconnected port InputData[27]
WARNING: [Synth 8-3331] design I2S has unconnected port InputData[26]
WARNING: [Synth 8-3331] design I2S has unconnected port InputData[25]
WARNING: [Synth 8-3331] design I2S has unconnected port InputData[24]
WARNING: [Synth 8-3331] design I2S has unconnected port InputData[23]
WARNING: [Synth 8-3331] design I2S has unconnected port InputData[22]
WARNING: [Synth 8-3331] design I2S has unconnected port InputData[21]
WARNING: [Synth 8-3331] design I2S has unconnected port InputData[20]
WARNING: [Synth 8-3331] design I2S has unconnected port InputData[19]
WARNING: [Synth 8-3331] design I2S has unconnected port InputData[18]
WARNING: [Synth 8-3331] design I2S has unconnected port InputData[17]
WARNING: [Synth 8-3331] design I2S has unconnected port InputData[16]
WARNING: [Synth 8-3331] design I2S has unconnected port InputData[15]
WARNING: [Synth 8-3331] design I2S has unconnected port InputData[14]
WARNING: [Synth 8-3331] design I2S has unconnected port InputData[13]
WARNING: [Synth 8-3331] design I2S has unconnected port InputData[12]
WARNING: [Synth 8-3331] design I2S has unconnected port InputData[11]
WARNING: [Synth 8-3331] design I2S has unconnected port InputData[10]
WARNING: [Synth 8-3331] design I2S has unconnected port InputData[9]
WARNING: [Synth 8-3331] design I2S has unconnected port InputData[8]
WARNING: [Synth 8-3331] design I2S has unconnected port InputData[7]
WARNING: [Synth 8-3331] design I2S has unconnected port InputData[6]
WARNING: [Synth 8-3331] design I2S has unconnected port InputData[5]
WARNING: [Synth 8-3331] design I2S has unconnected port InputData[4]
WARNING: [Synth 8-3331] design I2S has unconnected port InputData[3]
WARNING: [Synth 8-3331] design I2S has unconnected port InputData[2]
WARNING: [Synth 8-3331] design I2S has unconnected port InputData[1]
WARNING: [Synth 8-3331] design I2S has unconnected port InputData[0]
WARNING: [Synth 8-3331] design TFT_SPI has unconnected port RST
WARNING: [Synth 8-3331] design AudVid has unconnected port TFT_RST
WARNING: [Synth 8-3331] design AudVid has unconnected port Address[3]
WARNING: [Synth 8-3331] design AudVid has unconnected port Address[2]
WARNING: [Synth 8-3331] design AudVid has unconnected port Address[1]
WARNING: [Synth 8-3331] design AudVid has unconnected port Address[0]
WARNING: [Synth 8-3331] design AudVid has unconnected port Data[31]
WARNING: [Synth 8-3331] design AudVid has unconnected port Data[30]
WARNING: [Synth 8-3331] design AudVid has unconnected port Data[29]
WARNING: [Synth 8-3331] design AudVid has unconnected port Data[28]
WARNING: [Synth 8-3331] design AudVid has unconnected port Data[27]
WARNING: [Synth 8-3331] design AudVid has unconnected port Data[26]
WARNING: [Synth 8-3331] design AudVid has unconnected port Data[25]
WARNING: [Synth 8-3331] design AudVid has unconnected port Data[24]
WARNING: [Synth 8-3331] design AudVid has unconnected port Data[23]
WARNING: [Synth 8-3331] design AudVid has unconnected port Data[22]
WARNING: [Synth 8-3331] design AudVid has unconnected port Data[21]
WARNING: [Synth 8-3331] design AudVid has unconnected port Data[20]
WARNING: [Synth 8-3331] design AudVid has unconnected port Data[19]
WARNING: [Synth 8-3331] design AudVid has unconnected port Data[18]
WARNING: [Synth 8-3331] design AudVid has unconnected port Data[17]
WARNING: [Synth 8-3331] design AudVid has unconnected port Data[16]
WARNING: [Synth 8-3331] design AudVid has unconnected port Data[15]
WARNING: [Synth 8-3331] design AudVid has unconnected port Data[14]
WARNING: [Synth 8-3331] design AudVid has unconnected port Data[13]
WARNING: [Synth 8-3331] design AudVid has unconnected port Data[12]
WARNING: [Synth 8-3331] design AudVid has unconnected port Data[11]
WARNING: [Synth 8-3331] design AudVid has unconnected port Data[10]
WARNING: [Synth 8-3331] design AudVid has unconnected port Data[9]
WARNING: [Synth 8-3331] design AudVid has unconnected port Data[8]
WARNING: [Synth 8-3331] design AudVid has unconnected port Data[7]
WARNING: [Synth 8-3331] design AudVid has unconnected port Data[6]
WARNING: [Synth 8-3331] design AudVid has unconnected port Data[5]
WARNING: [Synth 8-3331] design AudVid has unconnected port Data[4]
WARNING: [Synth 8-3331] design AudVid has unconnected port Data[3]
WARNING: [Synth 8-3331] design AudVid has unconnected port Data[2]
WARNING: [Synth 8-3331] design AudVid has unconnected port Data[1]
WARNING: [Synth 8-3331] design AudVid has unconnected port Data[0]
WARNING: [Synth 8-3331] design AudVid has unconnected port Enable
WARNING: [Synth 8-3331] design top has unconnected port user_led
WARNING: [Synth 8-3331] design top has unconnected port user_led_1
WARNING: [Synth 8-3331] design top has unconnected port user_led_2
WARNING: [Synth 8-3331] design top has unconnected port user_led_3
WARNING: [Synth 8-3331] design top has unconnected port user_led_4
WARNING: [Synth 8-3331] design top has unconnected port user_led_5
WARNING: [Synth 8-3331] design top has unconnected port user_led_6
WARNING: [Synth 8-3331] design top has unconnected port user_led_7
WARNING: [Synth 8-3331] design top has unconnected port user_led_8
WARNING: [Synth 8-3331] design top has unconnected port user_led_9
WARNING: [Synth 8-3331] design top has unconnected port user_led_10
WARNING: [Synth 8-3331] design top has unconnected port user_led_11
WARNING: [Synth 8-3331] design top has unconnected port user_led_12
WARNING: [Synth 8-3331] design top has unconnected port user_led_13
WARNING: [Synth 8-3331] design top has unconnected port user_led_14
WARNING: [Synth 8-3331] design top has unconnected port user_led_15
WARNING: [Synth 8-3331] design top has unconnected port user_sw
WARNING: [Synth 8-3331] design top has unconnected port user_sw_1
WARNING: [Synth 8-3331] design top has unconnected port user_sw_2
WARNING: [Synth 8-3331] design top has unconnected port user_sw_3
WARNING: [Synth 8-3331] design top has unconnected port user_sw_4
WARNING: [Synth 8-3331] design top has unconnected port user_sw_5
WARNING: [Synth 8-3331] design top has unconnected port user_sw_6
WARNING: [Synth 8-3331] design top has unconnected port user_sw_7
WARNING: [Synth 8-3331] design top has unconnected port user_sw_8
WARNING: [Synth 8-3331] design top has unconnected port user_sw_9
WARNING: [Synth 8-3331] design top has unconnected port user_sw_10
WARNING: [Synth 8-3331] design top has unconnected port user_sw_11
WARNING: [Synth 8-3331] design top has unconnected port user_sw_12
INFO: [Common 17-14] Message 'Synth 8-3331' appears 100 times and further instances of the messages will be disabled. Use the Tcl command set_msg_config to change the current settings.
---------------------------------------------------------------------------------
Finished RTL Elaboration : Time (s): cpu = 00:00:05 ; elapsed = 00:00:07 . Memory (MB): peak = 1296.410 ; gain = 112.512 ; free physical = 840 ; free virtual = 5898
---------------------------------------------------------------------------------

Report Check Netlist: 
+------+------------------+-------+---------+-------+------------------+
|      |Item              |Errors |Warnings |Status |Description       |
+------+------------------+-------+---------+-------+------------------+
|1     |multi_driven_nets |      0|        0|Passed |Multi driven nets |
+------+------------------+-------+---------+-------+------------------+
WARNING: [Synth 8-3295] tying undriven pin spiCount:SPI_MISO to constant 0 [/home/camilo/MEGA/Universidad/2018-2/Digital2/Proyecto/SoC/Hardware/Peripheral_AudVid/SubPeripheral_SD_SPI/SD_SPI.v:71]
WARNING: [Synth 8-3295] tying undriven pin spiUtilCount:SPI_MISO to constant 0 [/home/camilo/MEGA/Universidad/2018-2/Digital2/Proyecto/SoC/Hardware/Peripheral_AudVid/SubPeripheral_SD_SPI/SD_SPI.v:78]
WARNING: [Synth 8-3295] tying undriven pin counter:reset to constant 0 [/home/camilo/MEGA/Universidad/2018-2/Digital2/Proyecto/SoC/Hardware/Peripheral_AudVid/SubPeripheral_TFT_SPI/TFT_SPI.v:64]
---------------------------------------------------------------------------------
Start Handling Custom Attributes
---------------------------------------------------------------------------------
---------------------------------------------------------------------------------
Finished Handling Custom Attributes : Time (s): cpu = 00:00:06 ; elapsed = 00:00:07 . Memory (MB): peak = 1296.410 ; gain = 112.512 ; free physical = 838 ; free virtual = 5898
---------------------------------------------------------------------------------
---------------------------------------------------------------------------------
Finished RTL Optimization Phase 1 : Time (s): cpu = 00:00:06 ; elapsed = 00:00:07 . Memory (MB): peak = 1296.410 ; gain = 112.512 ; free physical = 838 ; free virtual = 5898
---------------------------------------------------------------------------------
INFO: [Netlist 29-17] Analyzing 4 Unisim elements for replacement
INFO: [Netlist 29-28] Unisim Transformation completed in 0 CPU seconds
INFO: [Device 21-403] Loading part xc7a35tcpg236-1
INFO: [Common 17-41] Interrupt caught. Command should exit soon.
INFO: [Common 17-83] Releasing license: Synthesis
47 Infos, 118 Warnings, 0 Critical Warnings and 1 Errors encountered.
synth_design failed
INFO: [Common 17-344] 'synth_design' was cancelled
INFO: [Common 17-344] 'source' was cancelled
INFO: [Common 17-206] Exiting Vivado at Thu Feb 14 22:10:34 2019...
