#-----------------------------------------------------------
# Vivado v2018.2.1 (64-bit)
# SW Build 2288692 on Thu Jul 26 18:23:50 MDT 2018
# IP Build 2289599 on Thu Jul 26 21:09:20 MDT 2018
# Start of session at: Fri Feb 15 17:35:36 2019
# Process ID: 2945
# Current directory: /home/camilo/MEGA/Universidad/2018-2/Digital2/Proyecto/SoC/build
# Command line: vivado -mode batch -source top.tcl
# Log file: /home/camilo/MEGA/Universidad/2018-2/Digital2/Proyecto/SoC/build/vivado.log
# Journal file: /home/camilo/MEGA/Universidad/2018-2/Digital2/Proyecto/SoC/build/vivado.jou
#-----------------------------------------------------------
source top.tcl
# create_project -force -name top -part xc7a35tcpg236-1
# set_property XPM_LIBRARIES {XPM_CDC XPM_MEMORY} [current_project]
# add_files {/home/camilo/MEGA/Universidad/2018-2/Digital2/Proyecto/SoC/Hardware/Peripheral_AudVid/SubPeripheral_TFT_SPI/SPI.v}
# set_property library work [get_files {/home/camilo/MEGA/Universidad/2018-2/Digital2/Proyecto/SoC/Hardware/Peripheral_AudVid/SubPeripheral_TFT_SPI/SPI.v}]
WARNING: [filemgmt 56-99] Vivado Synthesis ignores library specification for Verilog or SystemVerilog files. [/home/camilo/MEGA/Universidad/2018-2/Digital2/Proyecto/SoC/Hardware/Peripheral_AudVid/SubPeripheral_TFT_SPI/SPI.v:]
# add_files {/home/camilo/MEGA/Universidad/2018-2/Digital2/Proyecto/SoC/Hardware/Peripheral_AudVid/SubPeripheral_I2S/SquareGenerator.v}
# set_property library work [get_files {/home/camilo/MEGA/Universidad/2018-2/Digital2/Proyecto/SoC/Hardware/Peripheral_AudVid/SubPeripheral_I2S/SquareGenerator.v}]
WARNING: [filemgmt 56-99] Vivado Synthesis ignores library specification for Verilog or SystemVerilog files. [/home/camilo/MEGA/Universidad/2018-2/Digital2/Proyecto/SoC/Hardware/Peripheral_AudVid/SubPeripheral_I2S/SquareGenerator.v:]
# add_files {/home/camilo/MEGA/Universidad/2018-2/Digital2/Proyecto/SoC/Hardware/Peripheral_AudVid/AudVid.v}
# set_property library work [get_files {/home/camilo/MEGA/Universidad/2018-2/Digital2/Proyecto/SoC/Hardware/Peripheral_AudVid/AudVid.v}]
WARNING: [filemgmt 56-99] Vivado Synthesis ignores library specification for Verilog or SystemVerilog files. [/home/camilo/MEGA/Universidad/2018-2/Digital2/Proyecto/SoC/Hardware/Peripheral_AudVid/AudVid.v:]
# add_files {/home/camilo/MEGA/Universidad/2018-2/Digital2/Proyecto/SoC/Hardware/Peripheral_AudVid/SubPeripheral_SD_SPI/SD_SPI.v}
# set_property library work [get_files {/home/camilo/MEGA/Universidad/2018-2/Digital2/Proyecto/SoC/Hardware/Peripheral_AudVid/SubPeripheral_SD_SPI/SD_SPI.v}]
WARNING: [filemgmt 56-99] Vivado Synthesis ignores library specification for Verilog or SystemVerilog files. [/home/camilo/MEGA/Universidad/2018-2/Digital2/Proyecto/SoC/Hardware/Peripheral_AudVid/SubPeripheral_SD_SPI/SD_SPI.v:]
# add_files {/home/camilo/MEGA/Universidad/2018-2/Digital2/Proyecto/SoC/utilities/ButtonDebouncer.v}
# set_property library work [get_files {/home/camilo/MEGA/Universidad/2018-2/Digital2/Proyecto/SoC/utilities/ButtonDebouncer.v}]
WARNING: [filemgmt 56-99] Vivado Synthesis ignores library specification for Verilog or SystemVerilog files. [/home/camilo/MEGA/Universidad/2018-2/Digital2/Proyecto/SoC/utilities/ButtonDebouncer.v:]
# add_files {/home/camilo/MEGA/Universidad/2018-2/Digital2/Proyecto/SoC/utilities/ButtonDebouncerTester.v}
# set_property library work [get_files {/home/camilo/MEGA/Universidad/2018-2/Digital2/Proyecto/SoC/utilities/ButtonDebouncerTester.v}]
WARNING: [filemgmt 56-99] Vivado Synthesis ignores library specification for Verilog or SystemVerilog files. [/home/camilo/MEGA/Universidad/2018-2/Digital2/Proyecto/SoC/utilities/ButtonDebouncerTester.v:]
# add_files {/home/camilo/MEGA/Universidad/2018-2/Digital2/Proyecto/SoC/Hardware/Peripheral_AudVid/SubPeripheral_TFT_SPI/InitializationRegister.v}
# set_property library work [get_files {/home/camilo/MEGA/Universidad/2018-2/Digital2/Proyecto/SoC/Hardware/Peripheral_AudVid/SubPeripheral_TFT_SPI/InitializationRegister.v}]
WARNING: [filemgmt 56-99] Vivado Synthesis ignores library specification for Verilog or SystemVerilog files. [/home/camilo/MEGA/Universidad/2018-2/Digital2/Proyecto/SoC/Hardware/Peripheral_AudVid/SubPeripheral_TFT_SPI/InitializationRegister.v:]
# add_files {/home/camilo/MEGA/Universidad/2018-2/Digital2/Proyecto/SoC/Hardware/Peripheral_AudVid/SubPeripheral_TFT_SPI/TFT_SPI.v}
# set_property library work [get_files {/home/camilo/MEGA/Universidad/2018-2/Digital2/Proyecto/SoC/Hardware/Peripheral_AudVid/SubPeripheral_TFT_SPI/TFT_SPI.v}]
WARNING: [filemgmt 56-99] Vivado Synthesis ignores library specification for Verilog or SystemVerilog files. [/home/camilo/MEGA/Universidad/2018-2/Digital2/Proyecto/SoC/Hardware/Peripheral_AudVid/SubPeripheral_TFT_SPI/TFT_SPI.v:]
# add_files {/home/camilo/MEGA/Universidad/2018-2/Digital2/Proyecto/SoC/utilities/Counter.v}
# set_property library work [get_files {/home/camilo/MEGA/Universidad/2018-2/Digital2/Proyecto/SoC/utilities/Counter.v}]
WARNING: [filemgmt 56-99] Vivado Synthesis ignores library specification for Verilog or SystemVerilog files. [/home/camilo/MEGA/Universidad/2018-2/Digital2/Proyecto/SoC/utilities/Counter.v:]
# add_files {/home/camilo/MEGA/Universidad/2018-2/Digital2/Proyecto/SoC/Hardware/Peripheral_AudVid/SubPeripheral_SD_SPI/FullSPI.v}
# set_property library work [get_files {/home/camilo/MEGA/Universidad/2018-2/Digital2/Proyecto/SoC/Hardware/Peripheral_AudVid/SubPeripheral_SD_SPI/FullSPI.v}]
WARNING: [filemgmt 56-99] Vivado Synthesis ignores library specification for Verilog or SystemVerilog files. [/home/camilo/MEGA/Universidad/2018-2/Digital2/Proyecto/SoC/Hardware/Peripheral_AudVid/SubPeripheral_SD_SPI/FullSPI.v:]
# add_files {/home/camilo/MEGA/Universidad/2018-2/Digital2/Proyecto/SoC/utilities/ClockManager.v}
# set_property library work [get_files {/home/camilo/MEGA/Universidad/2018-2/Digital2/Proyecto/SoC/utilities/ClockManager.v}]
WARNING: [filemgmt 56-99] Vivado Synthesis ignores library specification for Verilog or SystemVerilog files. [/home/camilo/MEGA/Universidad/2018-2/Digital2/Proyecto/SoC/utilities/ClockManager.v:]
# add_files {top.v}
# set_property library work [get_files {top.v}]
WARNING: [filemgmt 56-99] Vivado Synthesis ignores library specification for Verilog or SystemVerilog files. [/home/camilo/MEGA/Universidad/2018-2/Digital2/Proyecto/SoC/build/top.v:]
# add_files {/home/camilo/MEGA/Universidad/2018-2/Digital2/Proyecto/SoC/Hardware/Peripheral_AudVid/SubPeripheral_I2S/I2S.v}
# set_property library work [get_files {/home/camilo/MEGA/Universidad/2018-2/Digital2/Proyecto/SoC/Hardware/Peripheral_AudVid/SubPeripheral_I2S/I2S.v}]
WARNING: [filemgmt 56-99] Vivado Synthesis ignores library specification for Verilog or SystemVerilog files. [/home/camilo/MEGA/Universidad/2018-2/Digital2/Proyecto/SoC/Hardware/Peripheral_AudVid/SubPeripheral_I2S/I2S.v:]
# add_files {/home/camilo/MEGA/Universidad/2018-2/Digital2/Proyecto/SoC/utilities/FrequencyGenerator.v}
# set_property library work [get_files {/home/camilo/MEGA/Universidad/2018-2/Digital2/Proyecto/SoC/utilities/FrequencyGenerator.v}]
WARNING: [filemgmt 56-99] Vivado Synthesis ignores library specification for Verilog or SystemVerilog files. [/home/camilo/MEGA/Universidad/2018-2/Digital2/Proyecto/SoC/utilities/FrequencyGenerator.v:]
# read_xdc top.xdc
# synth_design -top top -part xc7a35tcpg236-1
Command: synth_design -top top -part xc7a35tcpg236-1
Starting synth_design
Attempting to get a license for feature 'Synthesis' and/or device 'xc7a35t'
INFO: [Common 17-349] Got license for feature 'Synthesis' and/or device 'xc7a35t'
INFO: Launching helper process for spawning children vivado processes
INFO: Helper process launched with PID 2968 
WARNING: [Synth 8-2507] parameter declaration becomes local in FrequencyGenerator with formal parameter declaration list [/home/camilo/MEGA/Universidad/2018-2/Digital2/Proyecto/SoC/utilities/FrequencyGenerator.v:6]
---------------------------------------------------------------------------------
Starting RTL Elaboration : Time (s): cpu = 00:00:03 ; elapsed = 00:00:04 . Memory (MB): peak = 1261.156 ; gain = 77.262 ; free physical = 1082 ; free virtual = 5683
---------------------------------------------------------------------------------
INFO: [Synth 8-6157] synthesizing module 'top' [/home/camilo/MEGA/Universidad/2018-2/Digital2/Proyecto/SoC/build/top.v:2]
INFO: [Synth 8-6157] synthesizing module 'ClockManager' [/home/camilo/MEGA/Universidad/2018-2/Digital2/Proyecto/SoC/utilities/ClockManager.v:198]
INFO: [Synth 8-6157] synthesizing module 'clk_wiz' [/home/camilo/MEGA/Universidad/2018-2/Digital2/Proyecto/SoC/utilities/ClockManager.v:67]
INFO: [Synth 8-6157] synthesizing module 'BUFG' [/home/camilo/Programas/Xilinx/Vivado/2018.2/scripts/rt/data/unisim_comp.v:609]
INFO: [Synth 8-6155] done synthesizing module 'BUFG' (1#1) [/home/camilo/Programas/Xilinx/Vivado/2018.2/scripts/rt/data/unisim_comp.v:609]
INFO: [Synth 8-6157] synthesizing module 'IBUF' [/home/camilo/Programas/Xilinx/Vivado/2018.2/scripts/rt/data/unisim_comp.v:19473]
	Parameter CAPACITANCE bound to: DONT_CARE - type: string 
	Parameter IBUF_DELAY_VALUE bound to: 0 - type: string 
	Parameter IBUF_LOW_PWR bound to: TRUE - type: string 
	Parameter IFD_DELAY_VALUE bound to: AUTO - type: string 
	Parameter IOSTANDARD bound to: DEFAULT - type: string 
INFO: [Synth 8-6155] done synthesizing module 'IBUF' (2#1) [/home/camilo/Programas/Xilinx/Vivado/2018.2/scripts/rt/data/unisim_comp.v:19473]
INFO: [Synth 8-6157] synthesizing module 'MMCME2_ADV' [/home/camilo/Programas/Xilinx/Vivado/2018.2/scripts/rt/data/unisim_comp.v:25762]
	Parameter BANDWIDTH bound to: OPTIMIZED - type: string 
	Parameter CLKFBOUT_MULT_F bound to: 55.125000 - type: float 
	Parameter CLKFBOUT_PHASE bound to: 0.000000 - type: float 
	Parameter CLKFBOUT_USE_FINE_PS bound to: FALSE - type: string 
	Parameter CLKIN1_PERIOD bound to: 10.000000 - type: float 
	Parameter CLKIN2_PERIOD bound to: 0.000000 - type: float 
	Parameter CLKOUT0_DIVIDE_F bound to: 78.125000 - type: float 
	Parameter CLKOUT0_DUTY_CYCLE bound to: 0.500000 - type: float 
	Parameter CLKOUT0_PHASE bound to: 0.000000 - type: float 
	Parameter CLKOUT0_USE_FINE_PS bound to: FALSE - type: string 
	Parameter CLKOUT1_DIVIDE bound to: 1 - type: integer 
	Parameter CLKOUT1_DUTY_CYCLE bound to: 0.500000 - type: float 
	Parameter CLKOUT1_PHASE bound to: 0.000000 - type: float 
	Parameter CLKOUT1_USE_FINE_PS bound to: FALSE - type: string 
	Parameter CLKOUT2_DIVIDE bound to: 1 - type: integer 
	Parameter CLKOUT2_DUTY_CYCLE bound to: 0.500000 - type: float 
	Parameter CLKOUT2_PHASE bound to: 0.000000 - type: float 
	Parameter CLKOUT2_USE_FINE_PS bound to: FALSE - type: string 
	Parameter CLKOUT3_DIVIDE bound to: 1 - type: integer 
	Parameter CLKOUT3_DUTY_CYCLE bound to: 0.500000 - type: float 
	Parameter CLKOUT3_PHASE bound to: 0.000000 - type: float 
	Parameter CLKOUT3_USE_FINE_PS bound to: FALSE - type: string 
	Parameter CLKOUT4_CASCADE bound to: FALSE - type: string 
	Parameter CLKOUT4_DIVIDE bound to: 1 - type: integer 
	Parameter CLKOUT4_DUTY_CYCLE bound to: 0.500000 - type: float 
	Parameter CLKOUT4_PHASE bound to: 0.000000 - type: float 
	Parameter CLKOUT4_USE_FINE_PS bound to: FALSE - type: string 
	Parameter CLKOUT5_DIVIDE bound to: 1 - type: integer 
	Parameter CLKOUT5_DUTY_CYCLE bound to: 0.500000 - type: float 
	Parameter CLKOUT5_PHASE bound to: 0.000000 - type: float 
	Parameter CLKOUT5_USE_FINE_PS bound to: FALSE - type: string 
	Parameter CLKOUT6_DIVIDE bound to: 1 - type: integer 
	Parameter CLKOUT6_DUTY_CYCLE bound to: 0.500000 - type: float 
	Parameter CLKOUT6_PHASE bound to: 0.000000 - type: float 
	Parameter CLKOUT6_USE_FINE_PS bound to: FALSE - type: string 
	Parameter COMPENSATION bound to: ZHOLD - type: string 
	Parameter DIVCLK_DIVIDE bound to: 5 - type: integer 
	Parameter IS_CLKINSEL_INVERTED bound to: 1'b0 
	Parameter IS_PSEN_INVERTED bound to: 1'b0 
	Parameter IS_PSINCDEC_INVERTED bound to: 1'b0 
	Parameter IS_PWRDWN_INVERTED bound to: 1'b0 
	Parameter IS_RST_INVERTED bound to: 1'b0 
	Parameter REF_JITTER1 bound to: 0.010000 - type: float 
	Parameter REF_JITTER2 bound to: 0.010000 - type: float 
	Parameter SS_EN bound to: FALSE - type: string 
	Parameter SS_MODE bound to: CENTER_HIGH - type: string 
	Parameter SS_MOD_PERIOD bound to: 10000 - type: integer 
	Parameter STARTUP_WAIT bound to: FALSE - type: string 
INFO: [Synth 8-6155] done synthesizing module 'MMCME2_ADV' (3#1) [/home/camilo/Programas/Xilinx/Vivado/2018.2/scripts/rt/data/unisim_comp.v:25762]
INFO: [Synth 8-6155] done synthesizing module 'clk_wiz' (4#1) [/home/camilo/MEGA/Universidad/2018-2/Digital2/Proyecto/SoC/utilities/ClockManager.v:67]
INFO: [Synth 8-6155] done synthesizing module 'ClockManager' (5#1) [/home/camilo/MEGA/Universidad/2018-2/Digital2/Proyecto/SoC/utilities/ClockManager.v:198]
INFO: [Synth 8-6157] synthesizing module 'AudVid' [/home/camilo/MEGA/Universidad/2018-2/Digital2/Proyecto/SoC/Hardware/Peripheral_AudVid/AudVid.v:2]
	Parameter Tile1Address bound to: 24'b000000000000000000010100 
	Parameter Tile2Address bound to: 24'b000000000000000000010110 
	Parameter Track1BeginAddress bound to: 24'b000000000000000000011000 
	Parameter Track2BeginAddress bound to: 24'b000000000000000100000000 
INFO: [Synth 8-6157] synthesizing module 'SD_SPI' [/home/camilo/MEGA/Universidad/2018-2/Digital2/Proyecto/SoC/Hardware/Peripheral_AudVid/SubPeripheral_SD_SPI/SD_SPI.v:1]
INFO: [Synth 8-6157] synthesizing module 'BUF' [/home/camilo/Programas/Xilinx/Vivado/2018.2/scripts/rt/data/unisim_comp.v:569]
INFO: [Synth 8-6155] done synthesizing module 'BUF' (6#1) [/home/camilo/Programas/Xilinx/Vivado/2018.2/scripts/rt/data/unisim_comp.v:569]
INFO: [Synth 8-6157] synthesizing module 'FrequencyGenerator' [/home/camilo/MEGA/Universidad/2018-2/Digital2/Proyecto/SoC/utilities/FrequencyGenerator.v:1]
	Parameter frequency bound to: 400000 - type: integer 
	Parameter bitsNumber bound to: 8 - type: integer 
	Parameter limit bound to: 250 - type: integer 
INFO: [Synth 8-6155] done synthesizing module 'FrequencyGenerator' (7#1) [/home/camilo/MEGA/Universidad/2018-2/Digital2/Proyecto/SoC/utilities/FrequencyGenerator.v:1]
INFO: [Synth 8-6157] synthesizing module 'FrequencyGenerator__parameterized0' [/home/camilo/MEGA/Universidad/2018-2/Digital2/Proyecto/SoC/utilities/FrequencyGenerator.v:1]
	Parameter frequency bound to: 12500000 - type: integer 
	Parameter bitsNumber bound to: 5 - type: integer 
	Parameter limit bound to: 8 - type: integer 
INFO: [Synth 8-6155] done synthesizing module 'FrequencyGenerator__parameterized0' (7#1) [/home/camilo/MEGA/Universidad/2018-2/Digital2/Proyecto/SoC/utilities/FrequencyGenerator.v:1]
INFO: [Synth 8-6157] synthesizing module 'FullSPI' [/home/camilo/MEGA/Universidad/2018-2/Digital2/Proyecto/SoC/Hardware/Peripheral_AudVid/SubPeripheral_SD_SPI/FullSPI.v:1]
INFO: [Synth 8-6155] done synthesizing module 'FullSPI' (8#1) [/home/camilo/MEGA/Universidad/2018-2/Digital2/Proyecto/SoC/Hardware/Peripheral_AudVid/SubPeripheral_SD_SPI/FullSPI.v:1]
WARNING: [Synth 8-350] instance 'spiCount' of module 'FullSPI' requires 8 connections, but only 4 given [/home/camilo/MEGA/Universidad/2018-2/Digital2/Proyecto/SoC/Hardware/Peripheral_AudVid/SubPeripheral_SD_SPI/SD_SPI.v:71]
WARNING: [Synth 8-350] instance 'spiUtilCount' of module 'FullSPI' requires 8 connections, but only 4 given [/home/camilo/MEGA/Universidad/2018-2/Digital2/Proyecto/SoC/Hardware/Peripheral_AudVid/SubPeripheral_SD_SPI/SD_SPI.v:78]
WARNING: [Synth 8-6014] Unused sequential element VideoCount_reg was removed.  [/home/camilo/MEGA/Universidad/2018-2/Digital2/Proyecto/SoC/Hardware/Peripheral_AudVid/SubPeripheral_SD_SPI/SD_SPI.v:96]
INFO: [Synth 8-6155] done synthesizing module 'SD_SPI' (9#1) [/home/camilo/MEGA/Universidad/2018-2/Digital2/Proyecto/SoC/Hardware/Peripheral_AudVid/SubPeripheral_SD_SPI/SD_SPI.v:1]
WARNING: [Synth 8-6014] Unused sequential element TilesRegister_reg was removed. 
WARNING: [Synth 8-6014] Unused sequential element TilesRead_XAddress1_reg was removed.  [/home/camilo/MEGA/Universidad/2018-2/Digital2/Proyecto/SoC/Hardware/Peripheral_AudVid/AudVid.v:125]
WARNING: [Synth 8-6014] Unused sequential element TilesRead_YAddress1_reg was removed.  [/home/camilo/MEGA/Universidad/2018-2/Digital2/Proyecto/SoC/Hardware/Peripheral_AudVid/AudVid.v:125]
WARNING: [Synth 8-6014] Unused sequential element TilesRead_TileAddress1_reg was removed.  [/home/camilo/MEGA/Universidad/2018-2/Digital2/Proyecto/SoC/Hardware/Peripheral_AudVid/AudVid.v:125]
WARNING: [Synth 8-3848] Net TFT_SPI_CLK in module/entity AudVid does not have driver. [/home/camilo/MEGA/Universidad/2018-2/Digital2/Proyecto/SoC/Hardware/Peripheral_AudVid/AudVid.v:9]
WARNING: [Synth 8-3848] Net TFT_SPI_CS in module/entity AudVid does not have driver. [/home/camilo/MEGA/Universidad/2018-2/Digital2/Proyecto/SoC/Hardware/Peripheral_AudVid/AudVid.v:10]
WARNING: [Synth 8-3848] Net TFT_SPI_MOSI in module/entity AudVid does not have driver. [/home/camilo/MEGA/Universidad/2018-2/Digital2/Proyecto/SoC/Hardware/Peripheral_AudVid/AudVid.v:11]
WARNING: [Synth 8-3848] Net TFT_RST in module/entity AudVid does not have driver. [/home/camilo/MEGA/Universidad/2018-2/Digital2/Proyecto/SoC/Hardware/Peripheral_AudVid/AudVid.v:12]
WARNING: [Synth 8-3848] Net TFT_RS in module/entity AudVid does not have driver. [/home/camilo/MEGA/Universidad/2018-2/Digital2/Proyecto/SoC/Hardware/Peripheral_AudVid/AudVid.v:13]
WARNING: [Synth 8-3848] Net DAC_I2S_DATA in module/entity AudVid does not have driver. [/home/camilo/MEGA/Universidad/2018-2/Digital2/Proyecto/SoC/Hardware/Peripheral_AudVid/AudVid.v:20]
WARNING: [Synth 8-3848] Net DAC_I2S_CLK in module/entity AudVid does not have driver. [/home/camilo/MEGA/Universidad/2018-2/Digital2/Proyecto/SoC/Hardware/Peripheral_AudVid/AudVid.v:21]
WARNING: [Synth 8-3848] Net DAC_I2S_WS in module/entity AudVid does not have driver. [/home/camilo/MEGA/Universidad/2018-2/Digital2/Proyecto/SoC/Hardware/Peripheral_AudVid/AudVid.v:22]
INFO: [Synth 8-6155] done synthesizing module 'AudVid' (10#1) [/home/camilo/MEGA/Universidad/2018-2/Digital2/Proyecto/SoC/Hardware/Peripheral_AudVid/AudVid.v:2]
WARNING: [Synth 8-350] instance 'AudVid' of module 'AudVid' requires 20 connections, but only 17 given [/home/camilo/MEGA/Universidad/2018-2/Digital2/Proyecto/SoC/build/top.v:115]
INFO: [Synth 8-6155] done synthesizing module 'top' (11#1) [/home/camilo/MEGA/Universidad/2018-2/Digital2/Proyecto/SoC/build/top.v:2]
WARNING: [Synth 8-3331] design AudVid has unconnected port TFT_SPI_CLK
WARNING: [Synth 8-3331] design AudVid has unconnected port TFT_SPI_CS
WARNING: [Synth 8-3331] design AudVid has unconnected port TFT_SPI_MOSI
WARNING: [Synth 8-3331] design AudVid has unconnected port TFT_RST
WARNING: [Synth 8-3331] design AudVid has unconnected port TFT_RS
WARNING: [Synth 8-3331] design AudVid has unconnected port DAC_I2S_DATA
WARNING: [Synth 8-3331] design AudVid has unconnected port DAC_I2S_CLK
WARNING: [Synth 8-3331] design AudVid has unconnected port DAC_I2S_WS
WARNING: [Synth 8-3331] design AudVid has unconnected port I2SCLK
WARNING: [Synth 8-3331] design AudVid has unconnected port Address[3]
WARNING: [Synth 8-3331] design AudVid has unconnected port Address[2]
WARNING: [Synth 8-3331] design AudVid has unconnected port Address[1]
WARNING: [Synth 8-3331] design AudVid has unconnected port Address[0]
WARNING: [Synth 8-3331] design AudVid has unconnected port Data[31]
WARNING: [Synth 8-3331] design AudVid has unconnected port Data[30]
WARNING: [Synth 8-3331] design AudVid has unconnected port Data[29]
WARNING: [Synth 8-3331] design AudVid has unconnected port Data[28]
WARNING: [Synth 8-3331] design AudVid has unconnected port Data[27]
WARNING: [Synth 8-3331] design AudVid has unconnected port Data[26]
WARNING: [Synth 8-3331] design AudVid has unconnected port Data[25]
WARNING: [Synth 8-3331] design AudVid has unconnected port Data[24]
WARNING: [Synth 8-3331] design AudVid has unconnected port Data[23]
WARNING: [Synth 8-3331] design AudVid has unconnected port Data[22]
WARNING: [Synth 8-3331] design AudVid has unconnected port Data[21]
WARNING: [Synth 8-3331] design AudVid has unconnected port Data[20]
WARNING: [Synth 8-3331] design AudVid has unconnected port Data[19]
WARNING: [Synth 8-3331] design AudVid has unconnected port Data[18]
WARNING: [Synth 8-3331] design AudVid has unconnected port Data[17]
WARNING: [Synth 8-3331] design AudVid has unconnected port Data[16]
WARNING: [Synth 8-3331] design AudVid has unconnected port Data[15]
WARNING: [Synth 8-3331] design AudVid has unconnected port Data[14]
WARNING: [Synth 8-3331] design AudVid has unconnected port Data[13]
WARNING: [Synth 8-3331] design AudVid has unconnected port Data[12]
WARNING: [Synth 8-3331] design AudVid has unconnected port Data[11]
WARNING: [Synth 8-3331] design AudVid has unconnected port Data[10]
WARNING: [Synth 8-3331] design AudVid has unconnected port Data[9]
WARNING: [Synth 8-3331] design AudVid has unconnected port Data[8]
WARNING: [Synth 8-3331] design AudVid has unconnected port Data[7]
WARNING: [Synth 8-3331] design AudVid has unconnected port Data[6]
WARNING: [Synth 8-3331] design AudVid has unconnected port Data[5]
WARNING: [Synth 8-3331] design AudVid has unconnected port Data[4]
WARNING: [Synth 8-3331] design AudVid has unconnected port Data[3]
WARNING: [Synth 8-3331] design AudVid has unconnected port Data[2]
WARNING: [Synth 8-3331] design AudVid has unconnected port Data[1]
WARNING: [Synth 8-3331] design AudVid has unconnected port Data[0]
WARNING: [Synth 8-3331] design AudVid has unconnected port Enable
WARNING: [Synth 8-3331] design top has unconnected port user_led
WARNING: [Synth 8-3331] design top has unconnected port user_led_1
WARNING: [Synth 8-3331] design top has unconnected port user_led_2
WARNING: [Synth 8-3331] design top has unconnected port user_led_3
WARNING: [Synth 8-3331] design top has unconnected port user_led_4
WARNING: [Synth 8-3331] design top has unconnected port user_led_5
WARNING: [Synth 8-3331] design top has unconnected port user_led_6
WARNING: [Synth 8-3331] design top has unconnected port user_led_7
WARNING: [Synth 8-3331] design top has unconnected port user_led_8
WARNING: [Synth 8-3331] design top has unconnected port user_led_9
WARNING: [Synth 8-3331] design top has unconnected port user_led_10
WARNING: [Synth 8-3331] design top has unconnected port user_led_11
WARNING: [Synth 8-3331] design top has unconnected port user_led_12
WARNING: [Synth 8-3331] design top has unconnected port user_led_13
WARNING: [Synth 8-3331] design top has unconnected port user_led_14
WARNING: [Synth 8-3331] design top has unconnected port user_led_15
WARNING: [Synth 8-3331] design top has unconnected port user_sw
WARNING: [Synth 8-3331] design top has unconnected port user_sw_1
WARNING: [Synth 8-3331] design top has unconnected port user_sw_2
WARNING: [Synth 8-3331] design top has unconnected port user_sw_3
WARNING: [Synth 8-3331] design top has unconnected port user_sw_4
WARNING: [Synth 8-3331] design top has unconnected port user_sw_5
WARNING: [Synth 8-3331] design top has unconnected port user_sw_6
WARNING: [Synth 8-3331] design top has unconnected port user_sw_7
WARNING: [Synth 8-3331] design top has unconnected port user_sw_8
WARNING: [Synth 8-3331] design top has unconnected port user_sw_9
WARNING: [Synth 8-3331] design top has unconnected port user_sw_10
WARNING: [Synth 8-3331] design top has unconnected port user_sw_11
WARNING: [Synth 8-3331] design top has unconnected port user_sw_12
WARNING: [Synth 8-3331] design top has unconnected port user_sw_13
WARNING: [Synth 8-3331] design top has unconnected port user_sw_14
WARNING: [Synth 8-3331] design top has unconnected port user_sw_15
WARNING: [Synth 8-3331] design top has unconnected port user_btn
WARNING: [Synth 8-3331] design top has unconnected port user_btn_1
WARNING: [Synth 8-3331] design top has unconnected port user_btn_2
WARNING: [Synth 8-3331] design top has unconnected port user_btn_3
---------------------------------------------------------------------------------
Finished RTL Elaboration : Time (s): cpu = 00:00:04 ; elapsed = 00:00:06 . Memory (MB): peak = 1295.406 ; gain = 111.512 ; free physical = 1098 ; free virtual = 5699
---------------------------------------------------------------------------------

Report Check Netlist: 
+------+------------------+-------+---------+-------+------------------+
|      |Item              |Errors |Warnings |Status |Description       |
+------+------------------+-------+---------+-------+------------------+
|1     |multi_driven_nets |      0|        0|Passed |Multi driven nets |
+------+------------------+-------+---------+-------+------------------+
WARNING: [Synth 8-3295] tying undriven pin spiCount:SPI_MISO to constant 0 [/home/camilo/MEGA/Universidad/2018-2/Digital2/Proyecto/SoC/Hardware/Peripheral_AudVid/SubPeripheral_SD_SPI/SD_SPI.v:71]
WARNING: [Synth 8-3295] tying undriven pin spiUtilCount:SPI_MISO to constant 0 [/home/camilo/MEGA/Universidad/2018-2/Digital2/Proyecto/SoC/Hardware/Peripheral_AudVid/SubPeripheral_SD_SPI/SD_SPI.v:78]
---------------------------------------------------------------------------------
Start Handling Custom Attributes
---------------------------------------------------------------------------------
---------------------------------------------------------------------------------
Finished Handling Custom Attributes : Time (s): cpu = 00:00:05 ; elapsed = 00:00:06 . Memory (MB): peak = 1295.406 ; gain = 111.512 ; free physical = 1099 ; free virtual = 5700
---------------------------------------------------------------------------------
---------------------------------------------------------------------------------
Finished RTL Optimization Phase 1 : Time (s): cpu = 00:00:05 ; elapsed = 00:00:06 . Memory (MB): peak = 1295.406 ; gain = 111.512 ; free physical = 1099 ; free virtual = 5700
---------------------------------------------------------------------------------
INFO: [Netlist 29-17] Analyzing 3 Unisim elements for replacement
INFO: [Netlist 29-28] Unisim Transformation completed in 0 CPU seconds
INFO: [Device 21-403] Loading part xc7a35tcpg236-1
INFO: [Project 1-570] Preparing netlist for logic optimization

Processing XDC Constraints
Initializing timing engine
Parsing XDC File [/home/camilo/MEGA/Universidad/2018-2/Digital2/Proyecto/SoC/build/top.xdc]
WARNING: [Vivado 12-1023] No nets matched for command 'get_nets -filter {mr_ff == TRUE}'. [/home/camilo/MEGA/Universidad/2018-2/Digital2/Proyecto/SoC/build/top.xdc:160]
WARNING: [Vivado 12-180] No cells matched 'get_cells -filter {ars_ff1 == TRUE || ars_ff2 == TRUE}'. [/home/camilo/MEGA/Universidad/2018-2/Digital2/Proyecto/SoC/build/top.xdc:162]
WARNING: [Vivado 12-508] No pins matched 'get_pins -filter {REF_PIN_NAME == PRE} -of [get_cells -filter {ars_ff1 == TRUE || ars_ff2 == TRUE}]'. [/home/camilo/MEGA/Universidad/2018-2/Digital2/Proyecto/SoC/build/top.xdc:162]
WARNING: [Vivado 12-180] No cells matched 'get_cells -filter {ars_ff1 == TRUE}'. [/home/camilo/MEGA/Universidad/2018-2/Digital2/Proyecto/SoC/build/top.xdc:164]
WARNING: [Vivado 12-508] No pins matched 'get_pins -filter {REF_PIN_NAME == Q} -of [get_cells -filter {ars_ff1 == TRUE}]'. [/home/camilo/MEGA/Universidad/2018-2/Digital2/Proyecto/SoC/build/top.xdc:164]
WARNING: [Vivado 12-180] No cells matched 'get_cells -filter {ars_ff2 == TRUE}'. [/home/camilo/MEGA/Universidad/2018-2/Digital2/Proyecto/SoC/build/top.xdc:164]
WARNING: [Vivado 12-508] No pins matched 'get_pins -filter {REF_PIN_NAME == D} -of [get_cells -filter {ars_ff2 == TRUE}]'. [/home/camilo/MEGA/Universidad/2018-2/Digital2/Proyecto/SoC/build/top.xdc:164]
Finished Parsing XDC File [/home/camilo/MEGA/Universidad/2018-2/Digital2/Proyecto/SoC/build/top.xdc]
INFO: [Project 1-236] Implementation specific constraints were found while reading constraint file [/home/camilo/MEGA/Universidad/2018-2/Digital2/Proyecto/SoC/build/top.xdc]. These constraints will be ignored for synthesis but will be used in implementation. Impacted constraints are listed in the file [.Xil/top_propImpl.xdc].
Resolution: To avoid this warning, move constraints listed in [.Xil/top_propImpl.xdc] to another XDC file and exclude this new file from synthesis with the used_in_synthesis property (File Properties dialog in GUI) and re-run elaboration/synthesis.
INFO: [Timing 38-2] Deriving generated clocks
Completed Processing XDC Constraints

INFO: [Project 1-111] Unisim Transformation Summary:
  A total of 1 instances were transformed.
  BUF => LUT1: 1 instances

Constraint Validation Runtime : Time (s): cpu = 00:00:00.01 ; elapsed = 00:00:00 . Memory (MB): peak = 1621.727 ; gain = 0.000 ; free physical = 846 ; free virtual = 5448
---------------------------------------------------------------------------------
Finished Constraint Validation : Time (s): cpu = 00:00:20 ; elapsed = 00:00:39 . Memory (MB): peak = 1621.727 ; gain = 437.832 ; free physical = 927 ; free virtual = 5528
---------------------------------------------------------------------------------
---------------------------------------------------------------------------------
Start Loading Part and Timing Information
---------------------------------------------------------------------------------
Loading part: xc7a35tcpg236-1
---------------------------------------------------------------------------------
Finished Loading Part and Timing Information : Time (s): cpu = 00:00:20 ; elapsed = 00:00:39 . Memory (MB): peak = 1621.727 ; gain = 437.832 ; free physical = 927 ; free virtual = 5528
---------------------------------------------------------------------------------
---------------------------------------------------------------------------------
Start Applying 'set_property' XDC Constraints
---------------------------------------------------------------------------------
---------------------------------------------------------------------------------
Finished applying 'set_property' XDC Constraints : Time (s): cpu = 00:00:20 ; elapsed = 00:00:39 . Memory (MB): peak = 1621.727 ; gain = 437.832 ; free physical = 929 ; free virtual = 5531
---------------------------------------------------------------------------------
INFO: [Synth 8-5546] ROM "count" won't be mapped to RAM because it is too sparse
INFO: [Synth 8-5546] ROM "count" won't be mapped to RAM because it is too sparse
INFO: [Synth 8-5546] ROM "count" won't be mapped to RAM because it is too sparse
INFO: [Synth 8-5546] ROM "OutputData" won't be mapped to RAM because it is too sparse
INFO: [Synth 8-5546] ROM "OutputData" won't be mapped to RAM because it is too sparse
INFO: [Synth 8-5546] ROM "p_0_in" won't be mapped to RAM because it is too sparse
INFO: [Synth 8-5544] ROM "ReadOperationLUT" won't be mapped to Block RAM because address size (3) smaller than threshold (5)
INFO: [Synth 8-5544] ROM "ReadOperationLUT" won't be mapped to Block RAM because address size (3) smaller than threshold (5)
---------------------------------------------------------------------------------
Finished RTL Optimization Phase 2 : Time (s): cpu = 00:00:21 ; elapsed = 00:00:40 . Memory (MB): peak = 1621.727 ; gain = 437.832 ; free physical = 919 ; free virtual = 5521
---------------------------------------------------------------------------------

Report RTL Partitions: 
+-+--------------+------------+----------+
| |RTL Partition |Replication |Instances |
+-+--------------+------------+----------+
+-+--------------+------------+----------+
---------------------------------------------------------------------------------
Start RTL Component Statistics 
---------------------------------------------------------------------------------
Detailed RTL Component Info : 
+---Adders : 
	   2 Input     10 Bit       Adders := 1     
	   2 Input      8 Bit       Adders := 1     
	   2 Input      6 Bit       Adders := 1     
	   2 Input      5 Bit       Adders := 1     
	   2 Input      4 Bit       Adders := 1     
	   2 Input      3 Bit       Adders := 5     
+---Registers : 
	               24 Bit    Registers := 2     
	               10 Bit    Registers := 1     
	                8 Bit    Registers := 8     
	                6 Bit    Registers := 1     
	                5 Bit    Registers := 1     
	                4 Bit    Registers := 2     
	                3 Bit    Registers := 4     
	                1 Bit    Registers := 9     
+---Muxes : 
	  29 Input      8 Bit        Muxes := 1     
	   2 Input      8 Bit        Muxes := 1     
	   2 Input      5 Bit        Muxes := 1     
	   9 Input      5 Bit        Muxes := 2     
	   3 Input      5 Bit        Muxes := 1     
	  36 Input      3 Bit        Muxes := 1     
	  34 Input      2 Bit        Muxes := 1     
	   2 Input      1 Bit        Muxes := 18    
	  33 Input      1 Bit        Muxes := 1     
	  34 Input      1 Bit        Muxes := 1     
	   8 Input      1 Bit        Muxes := 1     
	   4 Input      1 Bit        Muxes := 2     
---------------------------------------------------------------------------------
Finished RTL Component Statistics 
---------------------------------------------------------------------------------
---------------------------------------------------------------------------------
Start RTL Hierarchical Component Statistics 
---------------------------------------------------------------------------------
Hierarchical RTL Component report 
Module ClockManager 
Detailed RTL Component Info : 
+---Adders : 
	   2 Input      3 Bit       Adders := 1     
+---Registers : 
	                3 Bit    Registers := 1     
	                1 Bit    Registers := 1     
Module FrequencyGenerator 
Detailed RTL Component Info : 
+---Adders : 
	   2 Input      8 Bit       Adders := 1     
+---Registers : 
	                8 Bit    Registers := 1     
	                1 Bit    Registers := 1     
Module FrequencyGenerator__parameterized0 
Detailed RTL Component Info : 
+---Adders : 
	   2 Input      4 Bit       Adders := 1     
+---Registers : 
	                4 Bit    Registers := 1     
	                1 Bit    Registers := 1     
Module FullSPI 
Detailed RTL Component Info : 
+---Adders : 
	   2 Input      3 Bit       Adders := 1     
+---Registers : 
	                8 Bit    Registers := 2     
	                3 Bit    Registers := 1     
	                1 Bit    Registers := 1     
+---Muxes : 
	   2 Input      1 Bit        Muxes := 2     
Module SD_SPI 
Detailed RTL Component Info : 
+---Adders : 
	   2 Input     10 Bit       Adders := 1     
	   2 Input      6 Bit       Adders := 1     
+---Registers : 
	               24 Bit    Registers := 1     
	               10 Bit    Registers := 1     
	                8 Bit    Registers := 1     
	                6 Bit    Registers := 1     
	                1 Bit    Registers := 3     
+---Muxes : 
	  29 Input      8 Bit        Muxes := 1     
	   2 Input      8 Bit        Muxes := 1     
	   2 Input      5 Bit        Muxes := 1     
	  36 Input      3 Bit        Muxes := 1     
	  34 Input      2 Bit        Muxes := 1     
	  33 Input      1 Bit        Muxes := 1     
	  34 Input      1 Bit        Muxes := 1     
	   2 Input      1 Bit        Muxes := 8     
	   8 Input      1 Bit        Muxes := 1     
	   4 Input      1 Bit        Muxes := 2     
Module AudVid 
Detailed RTL Component Info : 
+---Adders : 
	   2 Input      5 Bit       Adders := 1     
	   2 Input      3 Bit       Adders := 1     
+---Registers : 
	               24 Bit    Registers := 1     
	                5 Bit    Registers := 1     
	                4 Bit    Registers := 1     
+---Muxes : 
	   9 Input      5 Bit        Muxes := 2     
	   3 Input      5 Bit        Muxes := 1     
	   2 Input      1 Bit        Muxes := 4     
---------------------------------------------------------------------------------
Finished RTL Hierarchical Component Statistics
---------------------------------------------------------------------------------
---------------------------------------------------------------------------------
Start Part Resource Summary
---------------------------------------------------------------------------------
Part Resources:
DSPs: 90 (col length:60)
BRAMs: 100 (col length: RAMB18 60 RAMB36 30)
---------------------------------------------------------------------------------
Finished Part Resource Summary
---------------------------------------------------------------------------------
---------------------------------------------------------------------------------
Start Cross Boundary and Area Optimization
---------------------------------------------------------------------------------
Warning: Parallel synthesis criteria is not met 
INFO: [Synth 8-5546] ROM "OutputData" won't be mapped to RAM because it is too sparse
INFO: [Synth 8-5546] ROM "OutputData" won't be mapped to RAM because it is too sparse
INFO: [Synth 8-5546] ROM "count" won't be mapped to RAM because it is too sparse
INFO: [Synth 8-5546] ROM "count" won't be mapped to RAM because it is too sparse
INFO: [Synth 8-5546] ROM "count" won't be mapped to RAM because it is too sparse
WARNING: [Synth 8-6014] Unused sequential element ClockManager/counter_reg was removed.  [/home/camilo/MEGA/Universidad/2018-2/Digital2/Proyecto/SoC/utilities/ClockManager.v:210]
WARNING: [Synth 8-6014] Unused sequential element ClockManager/I2SCLK_reg was removed.  [/home/camilo/MEGA/Universidad/2018-2/Digital2/Proyecto/SoC/utilities/ClockManager.v:212]
WARNING: [Synth 8-6014] Unused sequential element AudVid/sd_spi/spiCount/Data_reg was removed.  [/home/camilo/MEGA/Universidad/2018-2/Digital2/Proyecto/SoC/Hardware/Peripheral_AudVid/SubPeripheral_SD_SPI/FullSPI.v:35]
WARNING: [Synth 8-6014] Unused sequential element AudVid/sd_spi/spiCount/InputData_reg was removed.  [/home/camilo/MEGA/Universidad/2018-2/Digital2/Proyecto/SoC/Hardware/Peripheral_AudVid/SubPeripheral_SD_SPI/FullSPI.v:24]
WARNING: [Synth 8-6014] Unused sequential element AudVid/sd_spi/spiCount/DataClk_reg was removed.  [/home/camilo/MEGA/Universidad/2018-2/Digital2/Proyecto/SoC/Hardware/Peripheral_AudVid/SubPeripheral_SD_SPI/FullSPI.v:23]
WARNING: [Synth 8-6014] Unused sequential element AudVid/sd_spi/spiUtilCount/Data_reg was removed.  [/home/camilo/MEGA/Universidad/2018-2/Digital2/Proyecto/SoC/Hardware/Peripheral_AudVid/SubPeripheral_SD_SPI/FullSPI.v:35]
WARNING: [Synth 8-6014] Unused sequential element AudVid/sd_spi/spiUtilCount/InputData_reg was removed.  [/home/camilo/MEGA/Universidad/2018-2/Digital2/Proyecto/SoC/Hardware/Peripheral_AudVid/SubPeripheral_SD_SPI/FullSPI.v:24]
WARNING: [Synth 8-6014] Unused sequential element AudVid/sd_spi/spiUtilCount/DataClk_reg was removed.  [/home/camilo/MEGA/Universidad/2018-2/Digital2/Proyecto/SoC/Hardware/Peripheral_AudVid/SubPeripheral_SD_SPI/FullSPI.v:23]
INFO: [Synth 8-5546] ROM "AudVid/sd_spi/count" won't be mapped to RAM because it is too sparse
INFO: [Synth 8-5546] ROM "AudVid/sd_spi/count" won't be mapped to RAM because it is too sparse
INFO: [Synth 8-5546] ROM "AudVid/sd_spi/count" won't be mapped to RAM because it is too sparse
WARNING: [Synth 8-3331] design top has unconnected port DAC_I2S_DATA
WARNING: [Synth 8-3331] design top has unconnected port DAC_I2S_CLK
WARNING: [Synth 8-3331] design top has unconnected port DAC_I2S_WS
WARNING: [Synth 8-3331] design top has unconnected port TFT_SPI_CLK
WARNING: [Synth 8-3331] design top has unconnected port TFT_SPI_MOSI
WARNING: [Synth 8-3331] design top has unconnected port TFT_RS
WARNING: [Synth 8-3331] design top has unconnected port TFT_RST
WARNING: [Synth 8-3331] design top has unconnected port TFT_SPI_CS
WARNING: [Synth 8-3331] design top has unconnected port user_led
WARNING: [Synth 8-3331] design top has unconnected port user_led_1
WARNING: [Synth 8-3331] design top has unconnected port user_led_2
WARNING: [Synth 8-3331] design top has unconnected port user_led_3
WARNING: [Synth 8-3331] design top has unconnected port user_led_4
WARNING: [Synth 8-3331] design top has unconnected port user_led_5
WARNING: [Synth 8-3331] design top has unconnected port user_led_6
WARNING: [Synth 8-3331] design top has unconnected port user_led_7
WARNING: [Synth 8-3331] design top has unconnected port user_led_8
WARNING: [Synth 8-3331] design top has unconnected port user_led_9
INFO: [Common 17-14] Message 'Synth 8-3331' appears 100 times and further instances of the messages will be disabled. Use the Tcl command set_msg_config to change the current settings.
INFO: [Synth 8-3886] merging instance 'AudVid/SD_InputAddress_reg[7]' (FDE) to 'AudVid/SD_InputAddress_reg[23]'
INFO: [Synth 8-3886] merging instance 'AudVid/SD_InputAddress_reg[15]' (FDE) to 'AudVid/SD_InputAddress_reg[23]'
INFO: [Synth 8-3886] merging instance 'AudVid/SD_InputAddress_reg[23]' (FDE) to 'AudVid/SD_InputAddress_reg[22]'
INFO: [Synth 8-3886] merging instance 'AudVid/SD_InputAddress_reg[6]' (FDE) to 'AudVid/SD_InputAddress_reg[8]'
INFO: [Synth 8-3886] merging instance 'AudVid/SD_InputAddress_reg[14]' (FDE) to 'AudVid/SD_InputAddress_reg[22]'
INFO: [Synth 8-3886] merging instance 'AudVid/SD_InputAddress_reg[22]' (FDE) to 'AudVid/SD_InputAddress_reg[21]'
INFO: [Synth 8-3886] merging instance 'AudVid/SD_InputAddress_reg[5]' (FDE) to 'AudVid/SD_InputAddress_reg[21]'
INFO: [Synth 8-3886] merging instance 'AudVid/SD_InputAddress_reg[13]' (FDE) to 'AudVid/SD_InputAddress_reg[21]'
INFO: [Synth 8-3886] merging instance 'AudVid/SD_InputAddress_reg[21]' (FDE) to 'AudVid/SD_InputAddress_reg[20]'
INFO: [Synth 8-3886] merging instance 'AudVid/SD_InputAddress_reg[12]' (FDE) to 'AudVid/SD_InputAddress_reg[20]'
INFO: [Synth 8-3886] merging instance 'AudVid/SD_InputAddress_reg[20]' (FDE) to 'AudVid/SD_InputAddress_reg[19]'
INFO: [Synth 8-3886] merging instance 'AudVid/SD_InputAddress_reg[11]' (FDE) to 'AudVid/SD_InputAddress_reg[19]'
INFO: [Synth 8-3886] merging instance 'AudVid/SD_InputAddress_reg[19]' (FDE) to 'AudVid/SD_InputAddress_reg[18]'
INFO: [Synth 8-3886] merging instance 'AudVid/SD_InputAddress_reg[10]' (FDE) to 'AudVid/SD_InputAddress_reg[18]'
INFO: [Synth 8-3886] merging instance 'AudVid/SD_InputAddress_reg[18]' (FDE) to 'AudVid/SD_InputAddress_reg[17]'
INFO: [Synth 8-3886] merging instance 'AudVid/SD_InputAddress_reg[9]' (FDE) to 'AudVid/SD_InputAddress_reg[17]'
INFO: [Synth 8-3886] merging instance 'AudVid/SD_InputAddress_reg[17]' (FDE) to 'AudVid/SD_InputAddress_reg[16]'
INFO: [Synth 8-3886] merging instance 'AudVid/SD_InputAddress_reg[0]' (FDE) to 'AudVid/SD_InputAddress_reg[16]'
INFO: [Synth 8-3333] propagating constant 0 across sequential element (\AudVid/SD_InputAddress_reg[16] )
INFO: [Synth 8-3886] merging instance 'AudVid/sd_spi/Address_reg[7]' (FD) to 'AudVid/sd_spi/Address_reg[23]'
INFO: [Synth 8-3886] merging instance 'AudVid/sd_spi/Address_reg[15]' (FD) to 'AudVid/sd_spi/Address_reg[23]'
INFO: [Synth 8-3886] merging instance 'AudVid/sd_spi/Address_reg[23]' (FD) to 'AudVid/sd_spi/Address_reg[22]'
INFO: [Synth 8-3886] merging instance 'AudVid/sd_spi/Address_reg[6]' (FD) to 'AudVid/sd_spi/Address_reg[8]'
INFO: [Synth 8-3886] merging instance 'AudVid/sd_spi/Address_reg[14]' (FD) to 'AudVid/sd_spi/Address_reg[22]'
INFO: [Synth 8-3886] merging instance 'AudVid/sd_spi/Address_reg[22]' (FD) to 'AudVid/sd_spi/Address_reg[21]'
INFO: [Synth 8-3886] merging instance 'AudVid/sd_spi/Address_reg[5]' (FD) to 'AudVid/sd_spi/Address_reg[21]'
INFO: [Synth 8-3886] merging instance 'AudVid/sd_spi/Address_reg[13]' (FD) to 'AudVid/sd_spi/Address_reg[21]'
INFO: [Synth 8-3886] merging instance 'AudVid/sd_spi/Address_reg[21]' (FD) to 'AudVid/sd_spi/Address_reg[20]'
INFO: [Synth 8-3886] merging instance 'AudVid/sd_spi/Address_reg[12]' (FD) to 'AudVid/sd_spi/Address_reg[20]'
INFO: [Synth 8-3886] merging instance 'AudVid/sd_spi/Address_reg[20]' (FD) to 'AudVid/sd_spi/Address_reg[19]'
INFO: [Synth 8-3886] merging instance 'AudVid/sd_spi/Address_reg[11]' (FD) to 'AudVid/sd_spi/Address_reg[19]'
INFO: [Synth 8-3886] merging instance 'AudVid/sd_spi/Address_reg[19]' (FD) to 'AudVid/sd_spi/Address_reg[18]'
INFO: [Synth 8-3886] merging instance 'AudVid/sd_spi/Address_reg[10]' (FD) to 'AudVid/sd_spi/Address_reg[18]'
INFO: [Synth 8-3886] merging instance 'AudVid/sd_spi/Address_reg[18]' (FD) to 'AudVid/sd_spi/Address_reg[17]'
INFO: [Synth 8-3886] merging instance 'AudVid/sd_spi/Address_reg[9]' (FD) to 'AudVid/sd_spi/Address_reg[17]'
INFO: [Synth 8-3886] merging instance 'AudVid/sd_spi/Address_reg[17]' (FD) to 'AudVid/sd_spi/Address_reg[16]'
INFO: [Synth 8-3886] merging instance 'AudVid/sd_spi/Address_reg[0]' (FD) to 'AudVid/sd_spi/Address_reg[16]'
INFO: [Synth 8-3333] propagating constant 0 across sequential element (\AudVid/sd_spi/Address_reg[16] )
WARNING: [Synth 8-3332] Sequential element (AudVid/SD_InputAddress_reg[16]) is unused and will be removed from module top.
WARNING: [Synth 8-3332] Sequential element (AudVid/sd_spi/Address_reg[16]) is unused and will be removed from module top.
---------------------------------------------------------------------------------
Finished Cross Boundary and Area Optimization : Time (s): cpu = 00:00:23 ; elapsed = 00:00:42 . Memory (MB): peak = 1621.727 ; gain = 437.832 ; free physical = 906 ; free virtual = 5510
---------------------------------------------------------------------------------

Report RTL Partitions: 
+-+--------------+------------+----------+
| |RTL Partition |Replication |Instances |
+-+--------------+------------+----------+
+-+--------------+------------+----------+
---------------------------------------------------------------------------------
Start Applying XDC Timing Constraints
---------------------------------------------------------------------------------
---------------------------------------------------------------------------------
Finished Applying XDC Timing Constraints : Time (s): cpu = 00:00:33 ; elapsed = 00:00:56 . Memory (MB): peak = 1621.727 ; gain = 437.832 ; free physical = 781 ; free virtual = 5385
---------------------------------------------------------------------------------
---------------------------------------------------------------------------------
Start Timing Optimization
---------------------------------------------------------------------------------
---------------------------------------------------------------------------------
Finished Timing Optimization : Time (s): cpu = 00:00:33 ; elapsed = 00:00:56 . Memory (MB): peak = 1621.727 ; gain = 437.832 ; free physical = 781 ; free virtual = 5384
---------------------------------------------------------------------------------

Report RTL Partitions: 
+-+--------------+------------+----------+
| |RTL Partition |Replication |Instances |
+-+--------------+------------+----------+
+-+--------------+------------+----------+
---------------------------------------------------------------------------------
Start Technology Mapping
---------------------------------------------------------------------------------
WARNING: [Synth 8-3332] Sequential element (AudVid/TilesRead_YAddress2_reg[3]) is unused and will be removed from module top.
WARNING: [Synth 8-3332] Sequential element (AudVid/TilesRead_YAddress2_reg[2]) is unused and will be removed from module top.
WARNING: [Synth 8-3332] Sequential element (AudVid/TilesRead_YAddress2_reg[1]) is unused and will be removed from module top.
WARNING: [Synth 8-3332] Sequential element (AudVid/TilesRead_YAddress2_reg[0]) is unused and will be removed from module top.
WARNING: [Synth 8-3332] Sequential element (AudVid/TilesRead_XAddress2_reg[3]) is unused and will be removed from module top.
WARNING: [Synth 8-3332] Sequential element (AudVid/TilesRead_XAddress2_reg[2]) is unused and will be removed from module top.
WARNING: [Synth 8-3332] Sequential element (AudVid/TilesRead_XAddress2_reg[1]) is unused and will be removed from module top.
WARNING: [Synth 8-3332] Sequential element (AudVid/TilesRead_XAddress2_reg[0]) is unused and will be removed from module top.
---------------------------------------------------------------------------------
Finished Technology Mapping : Time (s): cpu = 00:00:33 ; elapsed = 00:00:57 . Memory (MB): peak = 1621.727 ; gain = 437.832 ; free physical = 781 ; free virtual = 5384
---------------------------------------------------------------------------------

Report RTL Partitions: 
+-+--------------+------------+----------+
| |RTL Partition |Replication |Instances |
+-+--------------+------------+----------+
+-+--------------+------------+----------+
---------------------------------------------------------------------------------
Start IO Insertion
---------------------------------------------------------------------------------
---------------------------------------------------------------------------------
Start Flattening Before IO Insertion
---------------------------------------------------------------------------------
---------------------------------------------------------------------------------
Finished Flattening Before IO Insertion
---------------------------------------------------------------------------------
---------------------------------------------------------------------------------
Start Final Netlist Cleanup
---------------------------------------------------------------------------------
---------------------------------------------------------------------------------
Finished Final Netlist Cleanup
---------------------------------------------------------------------------------
---------------------------------------------------------------------------------
Finished IO Insertion : Time (s): cpu = 00:00:34 ; elapsed = 00:00:57 . Memory (MB): peak = 1621.727 ; gain = 437.832 ; free physical = 781 ; free virtual = 5384
---------------------------------------------------------------------------------

Report Check Netlist: 
+------+------------------+-------+---------+-------+------------------+
|      |Item              |Errors |Warnings |Status |Description       |
+------+------------------+-------+---------+-------+------------------+
|1     |multi_driven_nets |      0|        0|Passed |Multi driven nets |
+------+------------------+-------+---------+-------+------------------+
---------------------------------------------------------------------------------
Start Renaming Generated Instances
---------------------------------------------------------------------------------
---------------------------------------------------------------------------------
Finished Renaming Generated Instances : Time (s): cpu = 00:00:34 ; elapsed = 00:00:58 . Memory (MB): peak = 1621.727 ; gain = 437.832 ; free physical = 781 ; free virtual = 5384
---------------------------------------------------------------------------------

Report RTL Partitions: 
+-+--------------+------------+----------+
| |RTL Partition |Replication |Instances |
+-+--------------+------------+----------+
+-+--------------+------------+----------+
---------------------------------------------------------------------------------
Start Rebuilding User Hierarchy
---------------------------------------------------------------------------------
---------------------------------------------------------------------------------
Finished Rebuilding User Hierarchy : Time (s): cpu = 00:00:34 ; elapsed = 00:00:58 . Memory (MB): peak = 1621.727 ; gain = 437.832 ; free physical = 781 ; free virtual = 5384
---------------------------------------------------------------------------------
---------------------------------------------------------------------------------
Start Renaming Generated Ports
---------------------------------------------------------------------------------
---------------------------------------------------------------------------------
Finished Renaming Generated Ports : Time (s): cpu = 00:00:34 ; elapsed = 00:00:58 . Memory (MB): peak = 1621.727 ; gain = 437.832 ; free physical = 781 ; free virtual = 5384
---------------------------------------------------------------------------------
---------------------------------------------------------------------------------
Start Handling Custom Attributes
---------------------------------------------------------------------------------
---------------------------------------------------------------------------------
Finished Handling Custom Attributes : Time (s): cpu = 00:00:34 ; elapsed = 00:00:58 . Memory (MB): peak = 1621.727 ; gain = 437.832 ; free physical = 781 ; free virtual = 5384
---------------------------------------------------------------------------------
---------------------------------------------------------------------------------
Start Renaming Generated Nets
---------------------------------------------------------------------------------
---------------------------------------------------------------------------------
Finished Renaming Generated Nets : Time (s): cpu = 00:00:34 ; elapsed = 00:00:58 . Memory (MB): peak = 1621.727 ; gain = 437.832 ; free physical = 781 ; free virtual = 5384
---------------------------------------------------------------------------------
---------------------------------------------------------------------------------
Start Writing Synthesis Report
---------------------------------------------------------------------------------

Report BlackBoxes: 
+-+--------------+----------+
| |BlackBox name |Instances |
+-+--------------+----------+
+-+--------------+----------+

Report Cell Usage: 
+------+-----------+------+
|      |Cell       |Count |
+------+-----------+------+
|1     |BUF        |     1|
|2     |BUFG       |     5|
|3     |CARRY4     |     4|
|4     |LUT1       |     9|
|5     |LUT2       |    16|
|6     |LUT3       |    23|
|7     |LUT4       |    16|
|8     |LUT5       |    19|
|9     |LUT6       |    53|
|10    |MMCME2_ADV |     1|
|11    |FDRE       |    91|
|12    |FDSE       |     1|
|13    |IBUF       |     3|
|14    |OBUF       |     5|
|15    |OBUFT      |     8|
+------+-----------+------+

Report Instance Areas: 
+------+-------------------+-----------------------------------+------+
|      |Instance           |Module                             |Cells |
+------+-------------------+-----------------------------------+------+
|1     |top                |                                   |   255|
|2     |  AudVid           |AudVid                             |   234|
|3     |    sd_spi         |SD_SPI                             |   205|
|4     |      spi          |FullSPI                            |    48|
|5     |      spiCount     |FullSPI_0                          |     9|
|6     |      spiInitClock |FrequencyGenerator                 |    23|
|7     |      spiUtilCount |FullSPI_1                          |     9|
|8     |      spiWorkClock |FrequencyGenerator__parameterized0 |    12|
|9     |  ClockManager     |ClockManager                       |     5|
|10    |    Clk_wiz        |clk_wiz                            |     5|
+------+-------------------+-----------------------------------+------+
---------------------------------------------------------------------------------
Finished Writing Synthesis Report : Time (s): cpu = 00:00:34 ; elapsed = 00:00:58 . Memory (MB): peak = 1621.727 ; gain = 437.832 ; free physical = 781 ; free virtual = 5384
---------------------------------------------------------------------------------
Synthesis finished with 0 errors, 0 critical warnings and 62 warnings.
Synthesis Optimization Runtime : Time (s): cpu = 00:00:22 ; elapsed = 00:00:29 . Memory (MB): peak = 1621.727 ; gain = 111.512 ; free physical = 842 ; free virtual = 5438
Synthesis Optimization Complete : Time (s): cpu = 00:00:34 ; elapsed = 00:00:58 . Memory (MB): peak = 1621.734 ; gain = 437.832 ; free physical = 846 ; free virtual = 5443
INFO: [Project 1-571] Translating synthesized netlist
INFO: [Netlist 29-17] Analyzing 9 Unisim elements for replacement
INFO: [Netlist 29-28] Unisim Transformation completed in 0 CPU seconds
INFO: [Project 1-570] Preparing netlist for logic optimization
Parsing XDC File [/home/camilo/MEGA/Universidad/2018-2/Digital2/Proyecto/SoC/build/top.xdc]
WARNING: [Vivado 12-1023] No nets matched for command 'get_nets -filter {mr_ff == TRUE}'. [/home/camilo/MEGA/Universidad/2018-2/Digital2/Proyecto/SoC/build/top.xdc:160]
WARNING: [Vivado 12-180] No cells matched 'get_cells -filter {ars_ff1 == TRUE || ars_ff2 == TRUE}'. [/home/camilo/MEGA/Universidad/2018-2/Digital2/Proyecto/SoC/build/top.xdc:162]
WARNING: [Vivado 12-508] No pins matched 'get_pins -filter {REF_PIN_NAME == PRE} -of [get_cells -filter {ars_ff1 == TRUE || ars_ff2 == TRUE}]'. [/home/camilo/MEGA/Universidad/2018-2/Digital2/Proyecto/SoC/build/top.xdc:162]
WARNING: [Vivado 12-180] No cells matched 'get_cells -filter {ars_ff1 == TRUE}'. [/home/camilo/MEGA/Universidad/2018-2/Digital2/Proyecto/SoC/build/top.xdc:164]
WARNING: [Vivado 12-508] No pins matched 'get_pins -filter {REF_PIN_NAME == Q} -of [get_cells -filter {ars_ff1 == TRUE}]'. [/home/camilo/MEGA/Universidad/2018-2/Digital2/Proyecto/SoC/build/top.xdc:164]
WARNING: [Vivado 12-180] No cells matched 'get_cells -filter {ars_ff2 == TRUE}'. [/home/camilo/MEGA/Universidad/2018-2/Digital2/Proyecto/SoC/build/top.xdc:164]
WARNING: [Vivado 12-508] No pins matched 'get_pins -filter {REF_PIN_NAME == D} -of [get_cells -filter {ars_ff2 == TRUE}]'. [/home/camilo/MEGA/Universidad/2018-2/Digital2/Proyecto/SoC/build/top.xdc:164]
Finished Parsing XDC File [/home/camilo/MEGA/Universidad/2018-2/Digital2/Proyecto/SoC/build/top.xdc]
INFO: [Opt 31-138] Pushed 0 inverter(s) to 0 load pin(s).
INFO: [Project 1-111] Unisim Transformation Summary:
  A total of 1 instances were transformed.
  BUF => LUT1: 1 instances

INFO: [Common 17-83] Releasing license: Synthesis
94 Infos, 151 Warnings, 0 Critical Warnings and 0 Errors encountered.
synth_design completed successfully
synth_design: Time (s): cpu = 00:00:37 ; elapsed = 00:01:00 . Memory (MB): peak = 1621.734 ; gain = 437.953 ; free physical = 837 ; free virtual = 5427
# report_timing_summary -file top_timing_synth.rpt
INFO: [Timing 38-35] Done setting XDC timing constraints.
INFO: [Timing 38-2] Deriving generated clocks
INFO: [Timing 38-91] UpdateTimingParams: Speed grade: -1, Delay Type: min_max.
INFO: [Timing 38-191] Multithreading enabled for timing update using a maximum of 4 CPUs
report_timing_summary: Time (s): cpu = 00:00:08 ; elapsed = 00:00:24 . Memory (MB): peak = 1986.922 ; gain = 365.188 ; free physical = 535 ; free virtual = 5125
# report_utilization -hierarchical -file top_utilization_hierarchical_synth.rpt
report_utilization: Time (s): cpu = 00:00:00.16 ; elapsed = 00:00:00.19 . Memory (MB): peak = 1986.922 ; gain = 0.000 ; free physical = 536 ; free virtual = 5125
# report_utilization -file top_utilization_synth.rpt
report_utilization: Time (s): cpu = 00:00:00.12 ; elapsed = 00:00:00.17 . Memory (MB): peak = 1987.922 ; gain = 1.000 ; free physical = 535 ; free virtual = 5125
# opt_design
Command: opt_design
Attempting to get a license for feature 'Implementation' and/or device 'xc7a35t'
INFO: [Common 17-349] Got license for feature 'Implementation' and/or device 'xc7a35t'
Running DRC as a precondition to command opt_design

Starting DRC Task
INFO: [DRC 23-27] Running DRC with 4 threads
INFO: [Project 1-461] DRC finished with 0 Errors
INFO: [Project 1-462] Please refer to the DRC report (report_drc) for more information.

Time (s): cpu = 00:00:02 ; elapsed = 00:00:03 . Memory (MB): peak = 2030.938 ; gain = 43.016 ; free physical = 530 ; free virtual = 5120

Starting Cache Timing Information Task
Ending Cache Timing Information Task | Checksum: 15831c881

Time (s): cpu = 00:00:00 ; elapsed = 00:00:00 . Memory (MB): peak = 2030.938 ; gain = 0.000 ; free physical = 530 ; free virtual = 5120

Starting Logic Optimization Task

Phase 1 Retarget
INFO: [Opt 31-138] Pushed 1 inverter(s) to 20 load pin(s).
INFO: [Opt 31-49] Retargeted 0 cell(s).
Phase 1 Retarget | Checksum: 21cbfc5ef

Time (s): cpu = 00:00:00.07 ; elapsed = 00:00:00.06 . Memory (MB): peak = 2030.938 ; gain = 0.000 ; free physical = 530 ; free virtual = 5120
INFO: [Opt 31-389] Phase Retarget created 0 cells and removed 0 cells

Phase 2 Constant propagation
INFO: [Opt 31-138] Pushed 0 inverter(s) to 0 load pin(s).
Phase 2 Constant propagation | Checksum: 21cbfc5ef

Time (s): cpu = 00:00:00.08 ; elapsed = 00:00:00.08 . Memory (MB): peak = 2030.938 ; gain = 0.000 ; free physical = 530 ; free virtual = 5120
INFO: [Opt 31-389] Phase Constant propagation created 0 cells and removed 0 cells

Phase 3 Sweep
Phase 3 Sweep | Checksum: 20a0dfae8

Time (s): cpu = 00:00:00.10 ; elapsed = 00:00:00.09 . Memory (MB): peak = 2030.938 ; gain = 0.000 ; free physical = 530 ; free virtual = 5120
INFO: [Opt 31-389] Phase Sweep created 0 cells and removed 3 cells

Phase 4 BUFG optimization
INFO: [Opt 31-194] Inserted BUFG AudVid/sd_spi/spi/CLK_BUFG_inst to drive 48 load(s) on clock net DataClk
INFO: [Opt 31-193] Inserted 1 BUFG(s) on clock nets
Phase 4 BUFG optimization | Checksum: 20c593c8a

Time (s): cpu = 00:00:00.11 ; elapsed = 00:00:00.10 . Memory (MB): peak = 2030.938 ; gain = 0.000 ; free physical = 530 ; free virtual = 5120
INFO: [Opt 31-662] Phase BUFG optimization created 1 cells of which 1 are BUFGs and removed 2 cells.

Phase 5 Shift Register Optimization
Phase 5 Shift Register Optimization | Checksum: 2347b2d2e

Time (s): cpu = 00:00:00.15 ; elapsed = 00:00:00.13 . Memory (MB): peak = 2030.938 ; gain = 0.000 ; free physical = 530 ; free virtual = 5120
INFO: [Opt 31-389] Phase Shift Register Optimization created 0 cells and removed 0 cells

Phase 6 Post Processing Netlist
Phase 6 Post Processing Netlist | Checksum: 2421c2f3d

Time (s): cpu = 00:00:00.16 ; elapsed = 00:00:00.14 . Memory (MB): peak = 2030.938 ; gain = 0.000 ; free physical = 530 ; free virtual = 5120
INFO: [Opt 31-389] Phase Post Processing Netlist created 0 cells and removed 0 cells

Starting Connectivity Check Task

Time (s): cpu = 00:00:00 ; elapsed = 00:00:00 . Memory (MB): peak = 2030.938 ; gain = 0.000 ; free physical = 530 ; free virtual = 5120
Ending Logic Optimization Task | Checksum: 237735a60

Time (s): cpu = 00:00:00.17 ; elapsed = 00:00:00.15 . Memory (MB): peak = 2030.938 ; gain = 0.000 ; free physical = 530 ; free virtual = 5120

Starting Power Optimization Task
INFO: [Pwropt 34-132] Skipping clock gating for clocks with a period < 2.00 ns.
Ending Power Optimization Task | Checksum: 237735a60

Time (s): cpu = 00:00:00.02 ; elapsed = 00:00:00.04 . Memory (MB): peak = 2030.938 ; gain = 0.000 ; free physical = 530 ; free virtual = 5120

Starting Final Cleanup Task
Ending Final Cleanup Task | Checksum: 237735a60

Time (s): cpu = 00:00:00 ; elapsed = 00:00:00 . Memory (MB): peak = 2030.938 ; gain = 0.000 ; free physical = 530 ; free virtual = 5120
INFO: [Common 17-83] Releasing license: Implementation
17 Infos, 0 Warnings, 0 Critical Warnings and 0 Errors encountered.
opt_design completed successfully
# place_design
Command: place_design
Attempting to get a license for feature 'Implementation' and/or device 'xc7a35t'
INFO: [Common 17-349] Got license for feature 'Implementation' and/or device 'xc7a35t'
INFO: [DRC 23-27] Running DRC with 4 threads
INFO: [Vivado_Tcl 4-198] DRC finished with 0 Errors
INFO: [Vivado_Tcl 4-199] Please refer to the DRC report (report_drc) for more information.
Running DRC as a precondition to command place_design
INFO: [DRC 23-27] Running DRC with 4 threads
INFO: [Vivado_Tcl 4-198] DRC finished with 0 Errors
INFO: [Vivado_Tcl 4-199] Please refer to the DRC report (report_drc) for more information.

Starting Placer Task
INFO: [Place 30-611] Multithreading enabled for place_design using a maximum of 4 CPUs

Phase 1 Placer Initialization

Phase 1.1 Placer Initialization Netlist Sorting
Netlist sorting complete. Time (s): cpu = 00:00:00 ; elapsed = 00:00:00 . Memory (MB): peak = 2030.938 ; gain = 0.000 ; free physical = 529 ; free virtual = 5119
Phase 1.1 Placer Initialization Netlist Sorting | Checksum: 179524ad9

Time (s): cpu = 00:00:00.01 ; elapsed = 00:00:00.04 . Memory (MB): peak = 2030.938 ; gain = 0.000 ; free physical = 529 ; free virtual = 5119
INFO: [Timing 38-35] Done setting XDC timing constraints.
INFO: [Opt 31-138] Pushed 0 inverter(s) to 0 load pin(s).
Netlist sorting complete. Time (s): cpu = 00:00:00 ; elapsed = 00:00:00 . Memory (MB): peak = 2030.938 ; gain = 0.000 ; free physical = 529 ; free virtual = 5119

Phase 1.2 IO Placement/ Clock Placement/ Build Placer Device
WARNING: [Place 30-568] A LUT 'AudVid/sd_spi/spiWorkClock/count[2]_i_2' is driving clock pin of 26 registers. This could lead to large hold time violations. First few involved registers are:
	AudVid/sd_spi/spiUtilCount/count_reg[0] {FDRE}
	AudVid/sd_spi/spiUtilCount/count_reg[1] {FDRE}
	AudVid/sd_spi/spiUtilCount/count_reg[2] {FDRE}
	AudVid/sd_spi/spiCount/count_reg[0] {FDRE}
	AudVid/sd_spi/spiCount/count_reg[1] {FDRE}
INFO: [Timing 38-35] Done setting XDC timing constraints.
Phase 1.2 IO Placement/ Clock Placement/ Build Placer Device | Checksum: 5cba2045

Time (s): cpu = 00:00:00.79 ; elapsed = 00:00:00.72 . Memory (MB): peak = 2030.938 ; gain = 0.000 ; free physical = 528 ; free virtual = 5118

Phase 1.3 Build Placer Netlist Model
Phase 1.3 Build Placer Netlist Model | Checksum: e0a09fbd

Time (s): cpu = 00:00:00.94 ; elapsed = 00:00:00.84 . Memory (MB): peak = 2030.938 ; gain = 0.000 ; free physical = 527 ; free virtual = 5116

Phase 1.4 Constrain Clocks/Macros
Phase 1.4 Constrain Clocks/Macros | Checksum: e0a09fbd

Time (s): cpu = 00:00:00.94 ; elapsed = 00:00:00.85 . Memory (MB): peak = 2030.938 ; gain = 0.000 ; free physical = 527 ; free virtual = 5116
Phase 1 Placer Initialization | Checksum: e0a09fbd

Time (s): cpu = 00:00:00.94 ; elapsed = 00:00:00.85 . Memory (MB): peak = 2030.938 ; gain = 0.000 ; free physical = 527 ; free virtual = 5116

Phase 2 Global Placement

Phase 2.1 Floorplanning
Phase 2.1 Floorplanning | Checksum: 7d670b02

Time (s): cpu = 00:00:01 ; elapsed = 00:00:00.90 . Memory (MB): peak = 2070.957 ; gain = 40.020 ; free physical = 526 ; free virtual = 5115

Phase 2.2 Physical Synthesis In Placer
INFO: [Physopt 32-65] No nets found for high-fanout optimization.
INFO: [Physopt 32-232] Optimized 0 net. Created 0 new instance.
INFO: [Physopt 32-775] End 1 Pass. Optimized 0 net or cell. Created 0 new cell, deleted 0 existing cell and moved 0 existing cell
Netlist sorting complete. Time (s): cpu = 00:00:00 ; elapsed = 00:00:00 . Memory (MB): peak = 2078.961 ; gain = 0.000 ; free physical = 522 ; free virtual = 5112

Summary of Physical Synthesis Optimizations
============================================


-----------------------------------------------------------------------------------------------------------------------------
|  Optimization       |  Added Cells  |  Removed Cells  |  Optimized Cells/Nets  |  Dont Touch  |  Iterations  |  Elapsed   |
-----------------------------------------------------------------------------------------------------------------------------
|  Very High Fanout   |            0  |              0  |                     0  |           0  |           1  |  00:00:00  |
|  Total              |            0  |              0  |                     0  |           0  |           1  |  00:00:00  |
-----------------------------------------------------------------------------------------------------------------------------


Phase 2.2 Physical Synthesis In Placer | Checksum: 82ae8562

Time (s): cpu = 00:00:02 ; elapsed = 00:00:02 . Memory (MB): peak = 2078.961 ; gain = 48.023 ; free physical = 522 ; free virtual = 5112
Phase 2 Global Placement | Checksum: 122d84a5f

Time (s): cpu = 00:00:03 ; elapsed = 00:00:02 . Memory (MB): peak = 2078.961 ; gain = 48.023 ; free physical = 522 ; free virtual = 5112

Phase 3 Detail Placement

Phase 3.1 Commit Multi Column Macros
Phase 3.1 Commit Multi Column Macros | Checksum: 122d84a5f

Time (s): cpu = 00:00:03 ; elapsed = 00:00:02 . Memory (MB): peak = 2078.961 ; gain = 48.023 ; free physical = 522 ; free virtual = 5112

Phase 3.2 Commit Most Macros & LUTRAMs
Phase 3.2 Commit Most Macros & LUTRAMs | Checksum: 1085b0041

Time (s): cpu = 00:00:03 ; elapsed = 00:00:02 . Memory (MB): peak = 2078.961 ; gain = 48.023 ; free physical = 522 ; free virtual = 5112

Phase 3.3 Area Swap Optimization
Phase 3.3 Area Swap Optimization | Checksum: 100aaeeac

Time (s): cpu = 00:00:03 ; elapsed = 00:00:02 . Memory (MB): peak = 2078.961 ; gain = 48.023 ; free physical = 522 ; free virtual = 5112

Phase 3.4 Pipeline Register Optimization
Phase 3.4 Pipeline Register Optimization | Checksum: 100aaeeac

Time (s): cpu = 00:00:03 ; elapsed = 00:00:02 . Memory (MB): peak = 2078.961 ; gain = 48.023 ; free physical = 522 ; free virtual = 5112

Phase 3.5 Small Shape Detail Placement
Phase 3.5 Small Shape Detail Placement | Checksum: 1987c2750

Time (s): cpu = 00:00:03 ; elapsed = 00:00:02 . Memory (MB): peak = 2078.961 ; gain = 48.023 ; free physical = 521 ; free virtual = 5111

Phase 3.6 Re-assign LUT pins
Phase 3.6 Re-assign LUT pins | Checksum: c0c601fd

Time (s): cpu = 00:00:03 ; elapsed = 00:00:02 . Memory (MB): peak = 2078.961 ; gain = 48.023 ; free physical = 520 ; free virtual = 5110

Phase 3.7 Pipeline Register Optimization
Phase 3.7 Pipeline Register Optimization | Checksum: c0c601fd

Time (s): cpu = 00:00:03 ; elapsed = 00:00:02 . Memory (MB): peak = 2078.961 ; gain = 48.023 ; free physical = 520 ; free virtual = 5110
Phase 3 Detail Placement | Checksum: c0c601fd

Time (s): cpu = 00:00:03 ; elapsed = 00:00:02 . Memory (MB): peak = 2078.961 ; gain = 48.023 ; free physical = 520 ; free virtual = 5110

Phase 4 Post Placement Optimization and Clean-Up

Phase 4.1 Post Commit Optimization
INFO: [Timing 38-35] Done setting XDC timing constraints.

Phase 4.1.1 Post Placement Optimization
Post Placement Optimization Initialization | Checksum: 1e78c0550

Phase 4.1.1.1 BUFG Insertion
INFO: [Place 46-31] BUFG insertion identified 0 candidate nets, 0 success, 0 skipped for placement/routing, 0 skipped for timing, 0 skipped for netlist change reason.
Phase 4.1.1.1 BUFG Insertion | Checksum: 1e78c0550

Time (s): cpu = 00:00:03 ; elapsed = 00:00:02 . Memory (MB): peak = 2078.961 ; gain = 48.023 ; free physical = 521 ; free virtual = 5111
INFO: [Place 30-746] Post Placement Timing Summary WNS=6.960. For the most accurate timing information please run report_timing.
Phase 4.1.1 Post Placement Optimization | Checksum: 1abea95ba

Time (s): cpu = 00:00:03 ; elapsed = 00:00:02 . Memory (MB): peak = 2078.961 ; gain = 48.023 ; free physical = 521 ; free virtual = 5111
Phase 4.1 Post Commit Optimization | Checksum: 1abea95ba

Time (s): cpu = 00:00:03 ; elapsed = 00:00:02 . Memory (MB): peak = 2078.961 ; gain = 48.023 ; free physical = 521 ; free virtual = 5111

Phase 4.2 Post Placement Cleanup
Phase 4.2 Post Placement Cleanup | Checksum: 1abea95ba

Time (s): cpu = 00:00:03 ; elapsed = 00:00:02 . Memory (MB): peak = 2078.961 ; gain = 48.023 ; free physical = 521 ; free virtual = 5111

Phase 4.3 Placer Reporting
Phase 4.3 Placer Reporting | Checksum: 1abea95ba

Time (s): cpu = 00:00:03 ; elapsed = 00:00:02 . Memory (MB): peak = 2078.961 ; gain = 48.023 ; free physical = 521 ; free virtual = 5111

Phase 4.4 Final Placement Cleanup
Phase 4.4 Final Placement Cleanup | Checksum: bc2788c1

Time (s): cpu = 00:00:03 ; elapsed = 00:00:02 . Memory (MB): peak = 2078.961 ; gain = 48.023 ; free physical = 521 ; free virtual = 5111
Phase 4 Post Placement Optimization and Clean-Up | Checksum: bc2788c1

Time (s): cpu = 00:00:03 ; elapsed = 00:00:02 . Memory (MB): peak = 2078.961 ; gain = 48.023 ; free physical = 521 ; free virtual = 5111
Ending Placer Task | Checksum: 1dc29a57

Time (s): cpu = 00:00:03 ; elapsed = 00:00:02 . Memory (MB): peak = 2078.961 ; gain = 48.023 ; free physical = 527 ; free virtual = 5117
INFO: [Common 17-83] Releasing license: Implementation
18 Infos, 1 Warnings, 0 Critical Warnings and 0 Errors encountered.
place_design completed successfully
# report_utilization -hierarchical -file top_utilization_hierarchical_place.rpt
report_utilization: Time (s): cpu = 00:00:00.15 ; elapsed = 00:00:00.20 . Memory (MB): peak = 2078.961 ; gain = 0.000 ; free physical = 527 ; free virtual = 5117
# report_utilization -file top_utilization_place.rpt
report_utilization: Time (s): cpu = 00:00:00.11 ; elapsed = 00:00:00.18 . Memory (MB): peak = 2078.961 ; gain = 0.000 ; free physical = 526 ; free virtual = 5116
# report_io -file top_io.rpt
report_io: Time (s): cpu = 00:00:00.19 ; elapsed = 00:00:00.23 . Memory (MB): peak = 2078.961 ; gain = 0.000 ; free physical = 520 ; free virtual = 5110
# report_control_sets -verbose -file top_control_sets.rpt
report_control_sets: Time (s): cpu = 00:00:00.11 ; elapsed = 00:00:00.15 . Memory (MB): peak = 2078.961 ; gain = 0.000 ; free physical = 524 ; free virtual = 5114
# report_clock_utilization -file top_clock_utilization.rpt
# route_design
Command: route_design
Attempting to get a license for feature 'Implementation' and/or device 'xc7a35t'
INFO: [Common 17-349] Got license for feature 'Implementation' and/or device 'xc7a35t'
Running DRC as a precondition to command route_design
INFO: [DRC 23-27] Running DRC with 4 threads
INFO: [Vivado_Tcl 4-198] DRC finished with 0 Errors
INFO: [Vivado_Tcl 4-199] Please refer to the DRC report (report_drc) for more information.


Starting Routing Task
INFO: [Route 35-254] Multithreading enabled for route_design using a maximum of 4 CPUs
Checksum: PlaceDB: 18f22f91 ConstDB: 0 ShapeSum: 4d06ac6 RouteDB: 0

Phase 1 Build RT Design
Phase 1 Build RT Design | Checksum: 1928ff1b4

Time (s): cpu = 00:00:24 ; elapsed = 00:00:21 . Memory (MB): peak = 2112.613 ; gain = 33.652 ; free physical = 412 ; free virtual = 5001
Post Restoration Checksum: NetGraph: a89f4d97 NumContArr: e9f0a41d Constraints: 0 Timing: 0

Phase 2 Router Initialization

Phase 2.1 Create Timer
Phase 2.1 Create Timer | Checksum: 1928ff1b4

Time (s): cpu = 00:00:24 ; elapsed = 00:00:21 . Memory (MB): peak = 2112.613 ; gain = 33.652 ; free physical = 412 ; free virtual = 5001

Phase 2.2 Fix Topology Constraints
Phase 2.2 Fix Topology Constraints | Checksum: 1928ff1b4

Time (s): cpu = 00:00:24 ; elapsed = 00:00:21 . Memory (MB): peak = 2112.613 ; gain = 33.652 ; free physical = 396 ; free virtual = 4986

Phase 2.3 Pre Route Cleanup
Phase 2.3 Pre Route Cleanup | Checksum: 1928ff1b4

Time (s): cpu = 00:00:24 ; elapsed = 00:00:21 . Memory (MB): peak = 2112.613 ; gain = 33.652 ; free physical = 396 ; free virtual = 4986
 Number of Nodes with overlaps = 0

Phase 2.4 Update Timing
Phase 2.4 Update Timing | Checksum: 190c18a55

Time (s): cpu = 00:00:25 ; elapsed = 00:00:21 . Memory (MB): peak = 2112.613 ; gain = 33.652 ; free physical = 392 ; free virtual = 4982
INFO: [Route 35-416] Intermediate Timing Summary | WNS=6.921  | TNS=0.000  | WHS=-0.063 | THS=-0.281 |

Phase 2 Router Initialization | Checksum: 15139c968

Time (s): cpu = 00:00:25 ; elapsed = 00:00:21 . Memory (MB): peak = 2112.613 ; gain = 33.652 ; free physical = 392 ; free virtual = 4981

Phase 3 Initial Routing
Phase 3 Initial Routing | Checksum: 207256e78

Time (s): cpu = 00:00:25 ; elapsed = 00:00:21 . Memory (MB): peak = 2112.613 ; gain = 33.652 ; free physical = 394 ; free virtual = 4983

Phase 4 Rip-up And Reroute

Phase 4.1 Global Iteration 0
 Number of Nodes with overlaps = 13
 Number of Nodes with overlaps = 0
INFO: [Route 35-416] Intermediate Timing Summary | WNS=6.549  | TNS=0.000  | WHS=N/A    | THS=N/A    |

Phase 4.1 Global Iteration 0 | Checksum: 20493a991

Time (s): cpu = 00:00:26 ; elapsed = 00:00:21 . Memory (MB): peak = 2112.613 ; gain = 33.652 ; free physical = 393 ; free virtual = 4983

Phase 4.2 Global Iteration 1
 Number of Nodes with overlaps = 0
INFO: [Route 35-416] Intermediate Timing Summary | WNS=6.551  | TNS=0.000  | WHS=N/A    | THS=N/A    |

Phase 4.2 Global Iteration 1 | Checksum: 1e47e0b2d

Time (s): cpu = 00:00:26 ; elapsed = 00:00:21 . Memory (MB): peak = 2112.613 ; gain = 33.652 ; free physical = 393 ; free virtual = 4983
Phase 4 Rip-up And Reroute | Checksum: 1e47e0b2d

Time (s): cpu = 00:00:26 ; elapsed = 00:00:21 . Memory (MB): peak = 2112.613 ; gain = 33.652 ; free physical = 393 ; free virtual = 4983

Phase 5 Delay and Skew Optimization

Phase 5.1 Delay CleanUp
Phase 5.1 Delay CleanUp | Checksum: 1e47e0b2d

Time (s): cpu = 00:00:26 ; elapsed = 00:00:21 . Memory (MB): peak = 2112.613 ; gain = 33.652 ; free physical = 393 ; free virtual = 4982

Phase 5.2 Clock Skew Optimization
Phase 5.2 Clock Skew Optimization | Checksum: 1e47e0b2d

Time (s): cpu = 00:00:26 ; elapsed = 00:00:21 . Memory (MB): peak = 2112.613 ; gain = 33.652 ; free physical = 393 ; free virtual = 4982
Phase 5 Delay and Skew Optimization | Checksum: 1e47e0b2d

Time (s): cpu = 00:00:26 ; elapsed = 00:00:21 . Memory (MB): peak = 2112.613 ; gain = 33.652 ; free physical = 393 ; free virtual = 4982

Phase 6 Post Hold Fix

Phase 6.1 Hold Fix Iter

Phase 6.1.1 Update Timing
Phase 6.1.1 Update Timing | Checksum: 26ed6a915

Time (s): cpu = 00:00:26 ; elapsed = 00:00:21 . Memory (MB): peak = 2112.613 ; gain = 33.652 ; free physical = 393 ; free virtual = 4982
INFO: [Route 35-416] Intermediate Timing Summary | WNS=6.643  | TNS=0.000  | WHS=0.231  | THS=0.000  |

Phase 6.1 Hold Fix Iter | Checksum: 2620c33a6

Time (s): cpu = 00:00:26 ; elapsed = 00:00:21 . Memory (MB): peak = 2112.613 ; gain = 33.652 ; free physical = 393 ; free virtual = 4982
Phase 6 Post Hold Fix | Checksum: 2620c33a6

Time (s): cpu = 00:00:26 ; elapsed = 00:00:21 . Memory (MB): peak = 2112.613 ; gain = 33.652 ; free physical = 393 ; free virtual = 4982

Phase 7 Route finalize

Router Utilization Summary
  Global Vertical Routing Utilization    = 0.0283026 %
  Global Horizontal Routing Utilization  = 0.0252473 %
  Routable Net Status*
  *Does not include unroutable nets such as driverless and loadless.
  Run report_route_status for detailed report.
  Number of Failed Nets               = 0
  Number of Unrouted Nets             = 0
  Number of Partially Routed Nets     = 0
  Number of Node Overlaps             = 0

Phase 7 Route finalize | Checksum: 2809ee6ea

Time (s): cpu = 00:00:26 ; elapsed = 00:00:21 . Memory (MB): peak = 2112.613 ; gain = 33.652 ; free physical = 393 ; free virtual = 4982

Phase 8 Verifying routed nets

 Verification completed successfully
Phase 8 Verifying routed nets | Checksum: 2809ee6ea

Time (s): cpu = 00:00:26 ; elapsed = 00:00:21 . Memory (MB): peak = 2112.613 ; gain = 33.652 ; free physical = 392 ; free virtual = 4982

Phase 9 Depositing Routes
Phase 9 Depositing Routes | Checksum: 2425c9e58

Time (s): cpu = 00:00:26 ; elapsed = 00:00:21 . Memory (MB): peak = 2112.613 ; gain = 33.652 ; free physical = 392 ; free virtual = 4982

Phase 10 Post Router Timing
INFO: [Route 35-57] Estimated Timing Summary | WNS=6.643  | TNS=0.000  | WHS=0.231  | THS=0.000  |

INFO: [Route 35-327] The final timing numbers are based on the router estimated timing analysis. For a complete and accurate timing signoff, please run report_timing_summary.
Phase 10 Post Router Timing | Checksum: 2425c9e58

Time (s): cpu = 00:00:26 ; elapsed = 00:00:21 . Memory (MB): peak = 2112.613 ; gain = 33.652 ; free physical = 392 ; free virtual = 4982
INFO: [Route 35-16] Router Completed Successfully

Time (s): cpu = 00:00:26 ; elapsed = 00:00:21 . Memory (MB): peak = 2112.613 ; gain = 33.652 ; free physical = 410 ; free virtual = 4999

Routing Is Done.
INFO: [Common 17-83] Releasing license: Implementation
13 Infos, 0 Warnings, 0 Critical Warnings and 0 Errors encountered.
route_design completed successfully
route_design: Time (s): cpu = 00:00:29 ; elapsed = 00:00:24 . Memory (MB): peak = 2112.613 ; gain = 33.652 ; free physical = 410 ; free virtual = 4999
# phys_opt_design
Command: phys_opt_design
Attempting to get a license for feature 'Implementation' and/or device 'xc7a35t'
INFO: [Common 17-349] Got license for feature 'Implementation' and/or device 'xc7a35t'
INFO: [Vivado_Tcl 4-241] Physical synthesis in post route mode ( 100.0% nets are fully routed)
INFO: [Vivado_Tcl 4-383] Design worst setup slack (WNS) is greater than or equal to 0.000 ns. Skipping all physical synthesis optimizations.
INFO: [Vivado_Tcl 4-232] No setup violation found. The netlist was not modified.
INFO: [Common 17-83] Releasing license: Implementation
5 Infos, 0 Warnings, 0 Critical Warnings and 0 Errors encountered.
phys_opt_design completed successfully
# report_timing_summary -no_header -no_detailed_paths
INFO: [Timing 38-91] UpdateTimingParams: Speed grade: -1, Delay Type: min_max.
INFO: [Timing 38-191] Multithreading enabled for timing update using a maximum of 4 CPUs
------------------------------------------------------------------------------------------------
| Timer Settings
| --------------
------------------------------------------------------------------------------------------------

  Enable Multi Corner Analysis               :  Yes
  Enable Pessimism Removal                   :  Yes
  Pessimism Removal Resolution               :  Nearest Common Node
  Enable Input Delay Default Clock           :  No
  Enable Preset / Clear Arcs                 :  No
  Disable Flight Delays                      :  No
  Ignore I/O Paths                           :  No
  Timing Early Launch at Borrowing Latches   :  false

  Corner  Analyze    Analyze    
  Name    Max Paths  Min Paths  
  ------  ---------  ---------  
  Slow    Yes        Yes        
  Fast    Yes        Yes        



check_timing report

Table of Contents
-----------------
1. checking no_clock
2. checking constant_clock
3. checking pulse_width_clock
4. checking unconstrained_internal_endpoints
5. checking no_input_delay
6. checking no_output_delay
7. checking multiple_clock
8. checking generated_clocks
9. checking loops
10. checking partial_input_delay
11. checking partial_output_delay
12. checking latch_loops

1. checking no_clock
--------------------
 There are 5 register/latch pins with no clock driven by root clock pin: AudVid/sd_spi/EnableDataRead_reg/Q (HIGH)

 There are 47 register/latch pins with no clock driven by root clock pin: AudVid/sd_spi/spi/DataClk_reg/Q (HIGH)

 There are 26 register/latch pins with no clock driven by root clock pin: AudVid/sd_spi/spiInitClock/outputCLK_reg/Q (HIGH)

 There are 26 register/latch pins with no clock driven by root clock pin: AudVid/sd_spi/spiWorkClock/outputCLK_reg/Q (HIGH)


2. checking constant_clock
--------------------------
 There are 0 register/latch pins with constant_clock.


3. checking pulse_width_clock
-----------------------------
 There are 0 register/latch pins which need pulse_width check


4. checking unconstrained_internal_endpoints
--------------------------------------------
 There are 161 pins that are not constrained for maximum delay. (HIGH)

 There are 0 pins that are not constrained for maximum delay due to constant clock.


5. checking no_input_delay
--------------------------
 There are 2 input ports with no input delay specified. (HIGH)

 There are 0 input ports with no input delay but user has a false path constraint.


6. checking no_output_delay
---------------------------
 There are 5 ports with no output delay specified. (HIGH)

 There are 0 ports with no output delay but user has a false path constraint

 There are 0 ports with no output delay but with a timing clock defined on it or propagating through it


7. checking multiple_clock
--------------------------
 There are 0 register/latch pins with multiple clocks.


8. checking generated_clocks
----------------------------
 There are 0 generated clocks that are not connected to a clock source.


9. checking loops
-----------------
 There are 0 combinational loops in the design.


10. checking partial_input_delay
--------------------------------
 There are 0 input ports with partial input delay specified.


11. checking partial_output_delay
---------------------------------
 There are 0 ports with partial output delay specified.


12. checking latch_loops
------------------------
 There are 0 combinational latch loops in the design through latch input



------------------------------------------------------------------------------------------------
| Design Timing Summary
| ---------------------
------------------------------------------------------------------------------------------------

    WNS(ns)      TNS(ns)  TNS Failing Endpoints  TNS Total Endpoints      WHS(ns)      THS(ns)  THS Failing Endpoints  THS Total Endpoints     WPWS(ns)     TPWS(ns)  TPWS Failing Endpoints  TPWS Total Endpoints  
    -------      -------  ---------------------  -------------------      -------      -------  ---------------------  -------------------     --------     --------  ----------------------  --------------------  
      6.655        0.000                      0                   26        0.232        0.000                      0                   26        4.500        0.000                       0                    15  


All user specified timing constraints are met.


------------------------------------------------------------------------------------------------
| Clock Summary
| -------------
------------------------------------------------------------------------------------------------

Clock   Waveform(ns)       Period(ns)      Frequency(MHz)
-----   ------------       ----------      --------------
clk100  {0.000 5.000}      10.000          100.000         


------------------------------------------------------------------------------------------------
| Intra Clock Table
| -----------------
------------------------------------------------------------------------------------------------

Clock             WNS(ns)      TNS(ns)  TNS Failing Endpoints  TNS Total Endpoints      WHS(ns)      THS(ns)  THS Failing Endpoints  THS Total Endpoints     WPWS(ns)     TPWS(ns)  TPWS Failing Endpoints  TPWS Total Endpoints  
-----             -------      -------  ---------------------  -------------------      -------      -------  ---------------------  -------------------     --------     --------  ----------------------  --------------------  
clk100              6.655        0.000                      0                   26        0.232        0.000                      0                   26        4.500        0.000                       0                    15  


------------------------------------------------------------------------------------------------
| Inter Clock Table
| -----------------
------------------------------------------------------------------------------------------------

From Clock    To Clock          WNS(ns)      TNS(ns)  TNS Failing Endpoints  TNS Total Endpoints      WHS(ns)      THS(ns)  THS Failing Endpoints  THS Total Endpoints  
----------    --------          -------      -------  ---------------------  -------------------      -------      -------  ---------------------  -------------------  


------------------------------------------------------------------------------------------------
| Other Path Groups Table
| -----------------------
------------------------------------------------------------------------------------------------

Path Group    From Clock    To Clock          WNS(ns)      TNS(ns)  TNS Failing Endpoints  TNS Total Endpoints      WHS(ns)      THS(ns)  THS Failing Endpoints  THS Total Endpoints  
----------    ----------    --------          -------      -------  ---------------------  -------------------      -------      -------  ---------------------  -------------------  


# write_checkpoint -force top_route.dcp
INFO: [Timing 38-480] Writing timing data to binary archive.
Writing placer database...
Writing XDEF routing.
Writing XDEF routing logical nets.
Writing XDEF routing special nets.
Write XDEF Complete: Time (s): cpu = 00:00:00.20 ; elapsed = 00:00:00.07 . Memory (MB): peak = 2112.613 ; gain = 0.000 ; free physical = 402 ; free virtual = 4993
INFO: [Common 17-1381] The checkpoint '/home/camilo/MEGA/Universidad/2018-2/Digital2/Proyecto/SoC/build/top_route.dcp' has been generated.
# report_route_status -file top_route_status.rpt
# report_drc -file top_drc.rpt
Command: report_drc -file top_drc.rpt
INFO: [IP_Flow 19-234] Refreshing IP repositories
INFO: [IP_Flow 19-1704] No user IP repositories specified
INFO: [IP_Flow 19-2313] Loaded Vivado IP repository '/home/camilo/Programas/Xilinx/Vivado/2018.2/data/ip'.
INFO: [DRC 23-27] Running DRC with 4 threads
INFO: [Coretcl 2-168] The results of DRC are in file /home/camilo/MEGA/Universidad/2018-2/Digital2/Proyecto/SoC/build/top_drc.rpt.
report_drc completed successfully
report_drc: Time (s): cpu = 00:00:05 ; elapsed = 00:00:05 . Memory (MB): peak = 2136.625 ; gain = 0.000 ; free physical = 388 ; free virtual = 4982
# report_timing_summary -datasheet -max_paths 10 -file top_timing.rpt
INFO: [Timing 38-91] UpdateTimingParams: Speed grade: -1, Delay Type: min_max.
INFO: [Timing 38-191] Multithreading enabled for timing update using a maximum of 4 CPUs
# report_power -file top_power.rpt
Command: report_power -file top_power.rpt
Running Vector-less Activity Propagation...

Finished Running Vector-less Activity Propagation
0 Infos, 0 Warnings, 0 Critical Warnings and 0 Errors encountered.
report_power completed successfully
# write_bitstream -force top.bit 
Command: write_bitstream -force top.bit
Attempting to get a license for feature 'Implementation' and/or device 'xc7a35t'
INFO: [Common 17-349] Got license for feature 'Implementation' and/or device 'xc7a35t'
Running DRC as a precondition to command write_bitstream
INFO: [DRC 23-27] Running DRC with 4 threads
WARNING: [DRC CFGBVS-1] Missing CFGBVS and CONFIG_VOLTAGE Design Properties: Neither the CFGBVS nor CONFIG_VOLTAGE voltage property is set in the current_design.  Configuration bank voltage select (CFGBVS) must be set to VCCO or GND, and CONFIG_VOLTAGE must be set to the correct configuration voltage, in order to determine the I/O voltage support for the pins in bank 0.  It is suggested to specify these either using the 'Edit Device Properties' function in the GUI or directly in the XDC file using the following syntax:

 set_property CFGBVS value1 [current_design]
 #where value1 is either VCCO or GND

 set_property CONFIG_VOLTAGE value2 [current_design]
 #where value2 is the voltage provided to configuration bank 0

Refer to the device configuration user guide for more information.
WARNING: [DRC PDRC-153] Gated clock check: Net AudVid/sd_spi/spiWorkClock/count_reg[0] is a gated clock net sourced by a combinational pin AudVid/sd_spi/spiWorkClock/count[2]_i_2/O, cell AudVid/sd_spi/spiWorkClock/count[2]_i_2. This is not good design practice and will likely impact performance. For SLICE registers, for example, use the CE pin to control the loading of data.
WARNING: [DRC PLHOLDVIO-2] Non-Optimal connections which could lead to hold violations: A LUT AudVid/sd_spi/spiWorkClock/count[2]_i_2 is driving clock pin of 26 cells. This could lead to large hold time violations. First few involved cells are:
    AudVid/sd_spi/spi/DataClk_reg {FDRE}
    AudVid/sd_spi/spi/Data_reg[0] {FDRE}
    AudVid/sd_spi/spi/Data_reg[1] {FDRE}
    AudVid/sd_spi/spi/Data_reg[2] {FDRE}
    AudVid/sd_spi/spi/Data_reg[3] {FDRE}
    AudVid/sd_spi/spi/Data_reg[4] {FDRE}
    AudVid/sd_spi/spi/Data_reg[5] {FDRE}
    AudVid/sd_spi/spi/Data_reg[6] {FDRE}
    AudVid/sd_spi/spi/Data_reg[7] {FDRE}
INFO: [Vivado 12-3199] DRC finished with 0 Errors, 3 Warnings
INFO: [Vivado 12-3200] Please refer to the DRC report (report_drc) for more information.
INFO: [Designutils 20-2272] Running write_bitstream with 4 threads.
Loading data files...
Loading site data...
Loading route data...
Processing options...
Creating bitmap...
Creating bitstream...
Writing bitstream ./top.bit...
INFO: [Vivado 12-1842] Bitgen Completed Successfully.
INFO: [Project 1-120] WebTalk data collection is mandatory when using a WebPACK part without a full Vivado license. To see the specific WebTalk data collected for your design, open the usage_statistics_webtalk.html or usage_statistics_webtalk.xml file in the implementation directory.
INFO: [Common 17-83] Releasing license: Implementation
8 Infos, 3 Warnings, 0 Critical Warnings and 0 Errors encountered.
write_bitstream completed successfully
write_bitstream: Time (s): cpu = 00:00:16 ; elapsed = 00:00:16 . Memory (MB): peak = 2459.613 ; gain = 281.641 ; free physical = 441 ; free virtual = 4963
# quit
INFO: [Common 17-206] Exiting Vivado at Fri Feb 15 17:38:06 2019...
