#-----------------------------------------------------------
# Vivado v2018.2.1 (64-bit)
# SW Build 2288692 on Thu Jul 26 18:23:50 MDT 2018
# IP Build 2289599 on Thu Jul 26 21:09:20 MDT 2018
# Start of session at: Tue Feb 12 23:55:31 2019
# Process ID: 17272
# Current directory: /home/camilo/MEGA/Universidad/2018-2/Digital2/Proyecto/SoC/build
# Command line: vivado -mode batch -source top.tcl
# Log file: /home/camilo/MEGA/Universidad/2018-2/Digital2/Proyecto/SoC/build/vivado.log
# Journal file: /home/camilo/MEGA/Universidad/2018-2/Digital2/Proyecto/SoC/build/vivado.jou
#-----------------------------------------------------------
source top.tcl
# create_project -force -name top -part xc7a35tcpg236-1
# set_property XPM_LIBRARIES {XPM_CDC XPM_MEMORY} [current_project]
# add_files {/home/camilo/MEGA/Universidad/2018-2/Digital2/Proyecto/SoC/Hardware/Peripheral_AudVid/SubPeripheral_TFT_SPI/TFT_SPI.v}
# set_property library work [get_files {/home/camilo/MEGA/Universidad/2018-2/Digital2/Proyecto/SoC/Hardware/Peripheral_AudVid/SubPeripheral_TFT_SPI/TFT_SPI.v}]
WARNING: [filemgmt 56-99] Vivado Synthesis ignores library specification for Verilog or SystemVerilog files. [/home/camilo/MEGA/Universidad/2018-2/Digital2/Proyecto/SoC/Hardware/Peripheral_AudVid/SubPeripheral_TFT_SPI/TFT_SPI.v:]
# add_files {/home/camilo/MEGA/Universidad/2018-2/Digital2/Proyecto/SoC/Hardware/Peripheral_AudVid/SubPeripheral_SD_SPI/FullSPI.v}
# set_property library work [get_files {/home/camilo/MEGA/Universidad/2018-2/Digital2/Proyecto/SoC/Hardware/Peripheral_AudVid/SubPeripheral_SD_SPI/FullSPI.v}]
WARNING: [filemgmt 56-99] Vivado Synthesis ignores library specification for Verilog or SystemVerilog files. [/home/camilo/MEGA/Universidad/2018-2/Digital2/Proyecto/SoC/Hardware/Peripheral_AudVid/SubPeripheral_SD_SPI/FullSPI.v:]
# add_files {/home/camilo/MEGA/Universidad/2018-2/Digital2/Proyecto/SoC/utilities/ClockManager.v}
# set_property library work [get_files {/home/camilo/MEGA/Universidad/2018-2/Digital2/Proyecto/SoC/utilities/ClockManager.v}]
WARNING: [filemgmt 56-99] Vivado Synthesis ignores library specification for Verilog or SystemVerilog files. [/home/camilo/MEGA/Universidad/2018-2/Digital2/Proyecto/SoC/utilities/ClockManager.v:]
# add_files {/home/camilo/MEGA/Universidad/2018-2/Digital2/Proyecto/SoC/utilities/Counter.v}
# set_property library work [get_files {/home/camilo/MEGA/Universidad/2018-2/Digital2/Proyecto/SoC/utilities/Counter.v}]
WARNING: [filemgmt 56-99] Vivado Synthesis ignores library specification for Verilog or SystemVerilog files. [/home/camilo/MEGA/Universidad/2018-2/Digital2/Proyecto/SoC/utilities/Counter.v:]
# add_files {/home/camilo/MEGA/Universidad/2018-2/Digital2/Proyecto/SoC/Hardware/Peripheral_AudVid/SubPeripheral_TFT_SPI/InitializationRegister.v}
# set_property library work [get_files {/home/camilo/MEGA/Universidad/2018-2/Digital2/Proyecto/SoC/Hardware/Peripheral_AudVid/SubPeripheral_TFT_SPI/InitializationRegister.v}]
WARNING: [filemgmt 56-99] Vivado Synthesis ignores library specification for Verilog or SystemVerilog files. [/home/camilo/MEGA/Universidad/2018-2/Digital2/Proyecto/SoC/Hardware/Peripheral_AudVid/SubPeripheral_TFT_SPI/InitializationRegister.v:]
# add_files {/home/camilo/MEGA/Universidad/2018-2/Digital2/Proyecto/SoC/Hardware/Peripheral_AudVid/SubPeripheral_TFT_SPI/SPI.v}
# set_property library work [get_files {/home/camilo/MEGA/Universidad/2018-2/Digital2/Proyecto/SoC/Hardware/Peripheral_AudVid/SubPeripheral_TFT_SPI/SPI.v}]
WARNING: [filemgmt 56-99] Vivado Synthesis ignores library specification for Verilog or SystemVerilog files. [/home/camilo/MEGA/Universidad/2018-2/Digital2/Proyecto/SoC/Hardware/Peripheral_AudVid/SubPeripheral_TFT_SPI/SPI.v:]
# add_files {/home/camilo/MEGA/Universidad/2018-2/Digital2/Proyecto/SoC/Hardware/Peripheral_AudVid/SubPeripheral_SD_SPI/SD_SPI.v}
# set_property library work [get_files {/home/camilo/MEGA/Universidad/2018-2/Digital2/Proyecto/SoC/Hardware/Peripheral_AudVid/SubPeripheral_SD_SPI/SD_SPI.v}]
WARNING: [filemgmt 56-99] Vivado Synthesis ignores library specification for Verilog or SystemVerilog files. [/home/camilo/MEGA/Universidad/2018-2/Digital2/Proyecto/SoC/Hardware/Peripheral_AudVid/SubPeripheral_SD_SPI/SD_SPI.v:]
# add_files {/home/camilo/MEGA/Universidad/2018-2/Digital2/Proyecto/SoC/Hardware/Peripheral_AudVid/SubPeripheral_I2S/SquareGenerator.v}
# set_property library work [get_files {/home/camilo/MEGA/Universidad/2018-2/Digital2/Proyecto/SoC/Hardware/Peripheral_AudVid/SubPeripheral_I2S/SquareGenerator.v}]
WARNING: [filemgmt 56-99] Vivado Synthesis ignores library specification for Verilog or SystemVerilog files. [/home/camilo/MEGA/Universidad/2018-2/Digital2/Proyecto/SoC/Hardware/Peripheral_AudVid/SubPeripheral_I2S/SquareGenerator.v:]
# add_files {/home/camilo/MEGA/Universidad/2018-2/Digital2/Proyecto/SoC/utilities/ButtonDebouncer.v}
# set_property library work [get_files {/home/camilo/MEGA/Universidad/2018-2/Digital2/Proyecto/SoC/utilities/ButtonDebouncer.v}]
WARNING: [filemgmt 56-99] Vivado Synthesis ignores library specification for Verilog or SystemVerilog files. [/home/camilo/MEGA/Universidad/2018-2/Digital2/Proyecto/SoC/utilities/ButtonDebouncer.v:]
# add_files {/home/camilo/MEGA/Universidad/2018-2/Digital2/Proyecto/SoC/Hardware/Peripheral_AudVid/SubPeripheral_I2S/I2S.v}
# set_property library work [get_files {/home/camilo/MEGA/Universidad/2018-2/Digital2/Proyecto/SoC/Hardware/Peripheral_AudVid/SubPeripheral_I2S/I2S.v}]
WARNING: [filemgmt 56-99] Vivado Synthesis ignores library specification for Verilog or SystemVerilog files. [/home/camilo/MEGA/Universidad/2018-2/Digital2/Proyecto/SoC/Hardware/Peripheral_AudVid/SubPeripheral_I2S/I2S.v:]
# add_files {/home/camilo/MEGA/Universidad/2018-2/Digital2/Proyecto/SoC/utilities/FrequencyGenerator.v}
# set_property library work [get_files {/home/camilo/MEGA/Universidad/2018-2/Digital2/Proyecto/SoC/utilities/FrequencyGenerator.v}]
WARNING: [filemgmt 56-99] Vivado Synthesis ignores library specification for Verilog or SystemVerilog files. [/home/camilo/MEGA/Universidad/2018-2/Digital2/Proyecto/SoC/utilities/FrequencyGenerator.v:]
# add_files {/home/camilo/MEGA/Universidad/2018-2/Digital2/Proyecto/SoC/utilities/ButtonDebouncerTester.v}
# set_property library work [get_files {/home/camilo/MEGA/Universidad/2018-2/Digital2/Proyecto/SoC/utilities/ButtonDebouncerTester.v}]
WARNING: [filemgmt 56-99] Vivado Synthesis ignores library specification for Verilog or SystemVerilog files. [/home/camilo/MEGA/Universidad/2018-2/Digital2/Proyecto/SoC/utilities/ButtonDebouncerTester.v:]
# add_files {top.v}
# set_property library work [get_files {top.v}]
WARNING: [filemgmt 56-99] Vivado Synthesis ignores library specification for Verilog or SystemVerilog files. [/home/camilo/MEGA/Universidad/2018-2/Digital2/Proyecto/SoC/build/top.v:]
# add_files {/home/camilo/MEGA/Universidad/2018-2/Digital2/Proyecto/SoC/Hardware/Peripheral_AudVid/AudVid.v}
# set_property library work [get_files {/home/camilo/MEGA/Universidad/2018-2/Digital2/Proyecto/SoC/Hardware/Peripheral_AudVid/AudVid.v}]
WARNING: [filemgmt 56-99] Vivado Synthesis ignores library specification for Verilog or SystemVerilog files. [/home/camilo/MEGA/Universidad/2018-2/Digital2/Proyecto/SoC/Hardware/Peripheral_AudVid/AudVid.v:]
# read_xdc top.xdc
# synth_design -top top -part xc7a35tcpg236-1
Command: synth_design -top top -part xc7a35tcpg236-1
Starting synth_design
Attempting to get a license for feature 'Synthesis' and/or device 'xc7a35t'
INFO: [Common 17-349] Got license for feature 'Synthesis' and/or device 'xc7a35t'
INFO: Launching helper process for spawning children vivado processes
INFO: Helper process launched with PID 17307 
WARNING: [Synth 8-2507] parameter declaration becomes local in FrequencyGenerator with formal parameter declaration list [/home/camilo/MEGA/Universidad/2018-2/Digital2/Proyecto/SoC/utilities/FrequencyGenerator.v:6]
---------------------------------------------------------------------------------
Starting RTL Elaboration : Time (s): cpu = 00:00:03 ; elapsed = 00:00:04 . Memory (MB): peak = 1261.152 ; gain = 77.262 ; free physical = 763 ; free virtual = 4281
---------------------------------------------------------------------------------
INFO: [Synth 8-6157] synthesizing module 'top' [/home/camilo/MEGA/Universidad/2018-2/Digital2/Proyecto/SoC/build/top.v:2]
INFO: [Synth 8-6157] synthesizing module 'ClockManager' [/home/camilo/MEGA/Universidad/2018-2/Digital2/Proyecto/SoC/utilities/ClockManager.v:193]
INFO: [Synth 8-6157] synthesizing module 'clk_wiz' [/home/camilo/MEGA/Universidad/2018-2/Digital2/Proyecto/SoC/utilities/ClockManager.v:67]
INFO: [Synth 8-6157] synthesizing module 'IBUF' [/home/camilo/Programas/Xilinx/Vivado/2018.2/scripts/rt/data/unisim_comp.v:19473]
	Parameter CAPACITANCE bound to: DONT_CARE - type: string 
	Parameter IBUF_DELAY_VALUE bound to: 0 - type: string 
	Parameter IBUF_LOW_PWR bound to: TRUE - type: string 
	Parameter IFD_DELAY_VALUE bound to: AUTO - type: string 
	Parameter IOSTANDARD bound to: DEFAULT - type: string 
INFO: [Synth 8-6155] done synthesizing module 'IBUF' (1#1) [/home/camilo/Programas/Xilinx/Vivado/2018.2/scripts/rt/data/unisim_comp.v:19473]
INFO: [Synth 8-6157] synthesizing module 'MMCME2_ADV' [/home/camilo/Programas/Xilinx/Vivado/2018.2/scripts/rt/data/unisim_comp.v:25762]
	Parameter BANDWIDTH bound to: OPTIMIZED - type: string 
	Parameter CLKFBOUT_MULT_F bound to: 55.125000 - type: float 
	Parameter CLKFBOUT_PHASE bound to: 0.000000 - type: float 
	Parameter CLKFBOUT_USE_FINE_PS bound to: FALSE - type: string 
	Parameter CLKIN1_PERIOD bound to: 10.000000 - type: float 
	Parameter CLKIN2_PERIOD bound to: 0.000000 - type: float 
	Parameter CLKOUT0_DIVIDE_F bound to: 78.125000 - type: float 
	Parameter CLKOUT0_DUTY_CYCLE bound to: 0.500000 - type: float 
	Parameter CLKOUT0_PHASE bound to: 0.000000 - type: float 
	Parameter CLKOUT0_USE_FINE_PS bound to: FALSE - type: string 
	Parameter CLKOUT1_DIVIDE bound to: 1 - type: integer 
	Parameter CLKOUT1_DUTY_CYCLE bound to: 0.500000 - type: float 
	Parameter CLKOUT1_PHASE bound to: 0.000000 - type: float 
	Parameter CLKOUT1_USE_FINE_PS bound to: FALSE - type: string 
	Parameter CLKOUT2_DIVIDE bound to: 1 - type: integer 
	Parameter CLKOUT2_DUTY_CYCLE bound to: 0.500000 - type: float 
	Parameter CLKOUT2_PHASE bound to: 0.000000 - type: float 
	Parameter CLKOUT2_USE_FINE_PS bound to: FALSE - type: string 
	Parameter CLKOUT3_DIVIDE bound to: 1 - type: integer 
	Parameter CLKOUT3_DUTY_CYCLE bound to: 0.500000 - type: float 
	Parameter CLKOUT3_PHASE bound to: 0.000000 - type: float 
	Parameter CLKOUT3_USE_FINE_PS bound to: FALSE - type: string 
	Parameter CLKOUT4_CASCADE bound to: FALSE - type: string 
	Parameter CLKOUT4_DIVIDE bound to: 1 - type: integer 
	Parameter CLKOUT4_DUTY_CYCLE bound to: 0.500000 - type: float 
	Parameter CLKOUT4_PHASE bound to: 0.000000 - type: float 
	Parameter CLKOUT4_USE_FINE_PS bound to: FALSE - type: string 
	Parameter CLKOUT5_DIVIDE bound to: 1 - type: integer 
	Parameter CLKOUT5_DUTY_CYCLE bound to: 0.500000 - type: float 
	Parameter CLKOUT5_PHASE bound to: 0.000000 - type: float 
	Parameter CLKOUT5_USE_FINE_PS bound to: FALSE - type: string 
	Parameter CLKOUT6_DIVIDE bound to: 1 - type: integer 
	Parameter CLKOUT6_DUTY_CYCLE bound to: 0.500000 - type: float 
	Parameter CLKOUT6_PHASE bound to: 0.000000 - type: float 
	Parameter CLKOUT6_USE_FINE_PS bound to: FALSE - type: string 
	Parameter COMPENSATION bound to: ZHOLD - type: string 
	Parameter DIVCLK_DIVIDE bound to: 5 - type: integer 
	Parameter IS_CLKINSEL_INVERTED bound to: 1'b0 
	Parameter IS_PSEN_INVERTED bound to: 1'b0 
	Parameter IS_PSINCDEC_INVERTED bound to: 1'b0 
	Parameter IS_PWRDWN_INVERTED bound to: 1'b0 
	Parameter IS_RST_INVERTED bound to: 1'b0 
	Parameter REF_JITTER1 bound to: 0.010000 - type: float 
	Parameter REF_JITTER2 bound to: 0.010000 - type: float 
	Parameter SS_EN bound to: FALSE - type: string 
	Parameter SS_MODE bound to: CENTER_HIGH - type: string 
	Parameter SS_MOD_PERIOD bound to: 10000 - type: integer 
	Parameter STARTUP_WAIT bound to: FALSE - type: string 
INFO: [Synth 8-6155] done synthesizing module 'MMCME2_ADV' (2#1) [/home/camilo/Programas/Xilinx/Vivado/2018.2/scripts/rt/data/unisim_comp.v:25762]
INFO: [Synth 8-6157] synthesizing module 'BUFG' [/home/camilo/Programas/Xilinx/Vivado/2018.2/scripts/rt/data/unisim_comp.v:609]
INFO: [Synth 8-6155] done synthesizing module 'BUFG' (3#1) [/home/camilo/Programas/Xilinx/Vivado/2018.2/scripts/rt/data/unisim_comp.v:609]
INFO: [Synth 8-6155] done synthesizing module 'clk_wiz' (4#1) [/home/camilo/MEGA/Universidad/2018-2/Digital2/Proyecto/SoC/utilities/ClockManager.v:67]
INFO: [Synth 8-6155] done synthesizing module 'ClockManager' (5#1) [/home/camilo/MEGA/Universidad/2018-2/Digital2/Proyecto/SoC/utilities/ClockManager.v:193]
INFO: [Synth 8-6157] synthesizing module 'AudVid' [/home/camilo/MEGA/Universidad/2018-2/Digital2/Proyecto/SoC/Hardware/Peripheral_AudVid/AudVid.v:2]
INFO: [Synth 8-6157] synthesizing module 'SD_SPI' [/home/camilo/MEGA/Universidad/2018-2/Digital2/Proyecto/SoC/Hardware/Peripheral_AudVid/SubPeripheral_SD_SPI/SD_SPI.v:1]
INFO: [Synth 8-6157] synthesizing module 'FrequencyGenerator' [/home/camilo/MEGA/Universidad/2018-2/Digital2/Proyecto/SoC/utilities/FrequencyGenerator.v:1]
	Parameter frequency bound to: 400000 - type: integer 
	Parameter bitsNumber bound to: 8 - type: integer 
	Parameter limit bound to: 250 - type: integer 
INFO: [Synth 8-6155] done synthesizing module 'FrequencyGenerator' (6#1) [/home/camilo/MEGA/Universidad/2018-2/Digital2/Proyecto/SoC/utilities/FrequencyGenerator.v:1]
INFO: [Synth 8-6157] synthesizing module 'FrequencyGenerator__parameterized0' [/home/camilo/MEGA/Universidad/2018-2/Digital2/Proyecto/SoC/utilities/FrequencyGenerator.v:1]
	Parameter frequency bound to: 12500000 - type: integer 
	Parameter bitsNumber bound to: 5 - type: integer 
	Parameter limit bound to: 8 - type: integer 
INFO: [Synth 8-6155] done synthesizing module 'FrequencyGenerator__parameterized0' (6#1) [/home/camilo/MEGA/Universidad/2018-2/Digital2/Proyecto/SoC/utilities/FrequencyGenerator.v:1]
INFO: [Synth 8-6157] synthesizing module 'FullSPI' [/home/camilo/MEGA/Universidad/2018-2/Digital2/Proyecto/SoC/Hardware/Peripheral_AudVid/SubPeripheral_SD_SPI/FullSPI.v:1]
INFO: [Synth 8-6155] done synthesizing module 'FullSPI' (7#1) [/home/camilo/MEGA/Universidad/2018-2/Digital2/Proyecto/SoC/Hardware/Peripheral_AudVid/SubPeripheral_SD_SPI/FullSPI.v:1]
WARNING: [Synth 8-350] instance 'spiCount' of module 'FullSPI' requires 8 connections, but only 4 given [/home/camilo/MEGA/Universidad/2018-2/Digital2/Proyecto/SoC/Hardware/Peripheral_AudVid/SubPeripheral_SD_SPI/SD_SPI.v:65]
WARNING: [Synth 8-350] instance 'spiUtilCount' of module 'FullSPI' requires 8 connections, but only 4 given [/home/camilo/MEGA/Universidad/2018-2/Digital2/Proyecto/SoC/Hardware/Peripheral_AudVid/SubPeripheral_SD_SPI/SD_SPI.v:72]
WARNING: [Synth 8-6014] Unused sequential element VideoCount_reg was removed.  [/home/camilo/MEGA/Universidad/2018-2/Digital2/Proyecto/SoC/Hardware/Peripheral_AudVid/SubPeripheral_SD_SPI/SD_SPI.v:90]
INFO: [Synth 8-6155] done synthesizing module 'SD_SPI' (8#1) [/home/camilo/MEGA/Universidad/2018-2/Digital2/Proyecto/SoC/Hardware/Peripheral_AudVid/SubPeripheral_SD_SPI/SD_SPI.v:1]
INFO: [Synth 8-6157] synthesizing module 'TFT_SPI' [/home/camilo/MEGA/Universidad/2018-2/Digital2/Proyecto/SoC/Hardware/Peripheral_AudVid/SubPeripheral_TFT_SPI/TFT_SPI.v:1]
	Parameter InitDataSize bound to: 104 - type: integer 
	Parameter InitFrequency bound to: 10000 - type: integer 
	Parameter InitFrequencyBits bound to: 26 - type: integer 
	Parameter WorkFrequency bound to: 5000000 - type: integer 
	Parameter WorkFrequencyBits bound to: 24 - type: integer 
	Parameter delayUnit bound to: 10 - type: integer 
	Parameter delayTime bound to: 1600 - type: integer 
INFO: [Synth 8-6157] synthesizing module 'FrequencyGenerator__parameterized1' [/home/camilo/MEGA/Universidad/2018-2/Digital2/Proyecto/SoC/utilities/FrequencyGenerator.v:1]
	Parameter frequency bound to: 10000 - type: integer 
	Parameter bitsNumber bound to: 26 - type: integer 
	Parameter limit bound to: 10000 - type: integer 
INFO: [Synth 8-6155] done synthesizing module 'FrequencyGenerator__parameterized1' (8#1) [/home/camilo/MEGA/Universidad/2018-2/Digital2/Proyecto/SoC/utilities/FrequencyGenerator.v:1]
INFO: [Synth 8-6157] synthesizing module 'FrequencyGenerator__parameterized2' [/home/camilo/MEGA/Universidad/2018-2/Digital2/Proyecto/SoC/utilities/FrequencyGenerator.v:1]
	Parameter frequency bound to: 5000000 - type: integer 
	Parameter bitsNumber bound to: 24 - type: integer 
	Parameter limit bound to: 20 - type: integer 
INFO: [Synth 8-6155] done synthesizing module 'FrequencyGenerator__parameterized2' (8#1) [/home/camilo/MEGA/Universidad/2018-2/Digital2/Proyecto/SoC/utilities/FrequencyGenerator.v:1]
INFO: [Synth 8-6157] synthesizing module 'InitializationRegister' [/home/camilo/MEGA/Universidad/2018-2/Digital2/Proyecto/SoC/Hardware/Peripheral_AudVid/SubPeripheral_TFT_SPI/InitializationRegister.v:4]
	Parameter InitFrequency bound to: 10000 - type: integer 
	Parameter delayUnit bound to: 10 - type: integer 
INFO: [Synth 8-6155] done synthesizing module 'InitializationRegister' (9#1) [/home/camilo/MEGA/Universidad/2018-2/Digital2/Proyecto/SoC/Hardware/Peripheral_AudVid/SubPeripheral_TFT_SPI/InitializationRegister.v:4]
INFO: [Synth 8-6157] synthesizing module 'Counter' [/home/camilo/MEGA/Universidad/2018-2/Digital2/Proyecto/SoC/utilities/Counter.v:2]
	Parameter Begin bound to: 0 - type: integer 
	Parameter bitsNumber bound to: 25 - type: integer 
	Parameter End bound to: 1704 - type: integer 
	Parameter mode bound to: 0 - type: integer 
INFO: [Synth 8-6155] done synthesizing module 'Counter' (10#1) [/home/camilo/MEGA/Universidad/2018-2/Digital2/Proyecto/SoC/utilities/Counter.v:2]
WARNING: [Synth 8-350] instance 'counter' of module 'Counter' requires 3 connections, but only 2 given [/home/camilo/MEGA/Universidad/2018-2/Digital2/Proyecto/SoC/Hardware/Peripheral_AudVid/SubPeripheral_TFT_SPI/TFT_SPI.v:61]
INFO: [Synth 8-6157] synthesizing module 'SPI' [/home/camilo/MEGA/Universidad/2018-2/Digital2/Proyecto/SoC/Hardware/Peripheral_AudVid/SubPeripheral_TFT_SPI/SPI.v:1]
INFO: [Synth 8-6155] done synthesizing module 'SPI' (11#1) [/home/camilo/MEGA/Universidad/2018-2/Digital2/Proyecto/SoC/Hardware/Peripheral_AudVid/SubPeripheral_TFT_SPI/SPI.v:1]
WARNING: [Synth 8-350] instance 'spi' of module 'SPI' requires 5 connections, but only 4 given [/home/camilo/MEGA/Universidad/2018-2/Digital2/Proyecto/SoC/Hardware/Peripheral_AudVid/SubPeripheral_TFT_SPI/TFT_SPI.v:66]
WARNING: [Synth 8-3848] Net RST in module/entity TFT_SPI does not have driver. [/home/camilo/MEGA/Universidad/2018-2/Digital2/Proyecto/SoC/Hardware/Peripheral_AudVid/SubPeripheral_TFT_SPI/TFT_SPI.v:9]
INFO: [Synth 8-6155] done synthesizing module 'TFT_SPI' (12#1) [/home/camilo/MEGA/Universidad/2018-2/Digital2/Proyecto/SoC/Hardware/Peripheral_AudVid/SubPeripheral_TFT_SPI/TFT_SPI.v:1]
WARNING: [Synth 8-350] instance 'tft_spi' of module 'TFT_SPI' requires 8 connections, but only 7 given [/home/camilo/MEGA/Universidad/2018-2/Digital2/Proyecto/SoC/Hardware/Peripheral_AudVid/AudVid.v:64]
WARNING: [Synth 8-6014] Unused sequential element TilesRegister_reg was removed. 
WARNING: [Synth 8-6014] Unused sequential element TilesRead_XAddress_reg was removed.  [/home/camilo/MEGA/Universidad/2018-2/Digital2/Proyecto/SoC/Hardware/Peripheral_AudVid/AudVid.v:82]
WARNING: [Synth 8-6014] Unused sequential element TilesRead_YAddress_reg was removed.  [/home/camilo/MEGA/Universidad/2018-2/Digital2/Proyecto/SoC/Hardware/Peripheral_AudVid/AudVid.v:82]
WARNING: [Synth 8-6014] Unused sequential element TilesRead_TileAddress_reg was removed.  [/home/camilo/MEGA/Universidad/2018-2/Digital2/Proyecto/SoC/Hardware/Peripheral_AudVid/AudVid.v:82]
WARNING: [Synth 8-3848] Net TFT_RST in module/entity AudVid does not have driver. [/home/camilo/MEGA/Universidad/2018-2/Digital2/Proyecto/SoC/Hardware/Peripheral_AudVid/AudVid.v:12]
WARNING: [Synth 8-3848] Net DAC_I2S_DATA in module/entity AudVid does not have driver. [/home/camilo/MEGA/Universidad/2018-2/Digital2/Proyecto/SoC/Hardware/Peripheral_AudVid/AudVid.v:20]
WARNING: [Synth 8-3848] Net DAC_I2S_CLK in module/entity AudVid does not have driver. [/home/camilo/MEGA/Universidad/2018-2/Digital2/Proyecto/SoC/Hardware/Peripheral_AudVid/AudVid.v:21]
WARNING: [Synth 8-3848] Net DAC_I2S_WS in module/entity AudVid does not have driver. [/home/camilo/MEGA/Universidad/2018-2/Digital2/Proyecto/SoC/Hardware/Peripheral_AudVid/AudVid.v:22]
INFO: [Synth 8-6155] done synthesizing module 'AudVid' (13#1) [/home/camilo/MEGA/Universidad/2018-2/Digital2/Proyecto/SoC/Hardware/Peripheral_AudVid/AudVid.v:2]
WARNING: [Synth 8-350] instance 'AudVid' of module 'AudVid' requires 20 connections, but only 17 given [/home/camilo/MEGA/Universidad/2018-2/Digital2/Proyecto/SoC/build/top.v:115]
INFO: [Synth 8-6155] done synthesizing module 'top' (14#1) [/home/camilo/MEGA/Universidad/2018-2/Digital2/Proyecto/SoC/build/top.v:2]
WARNING: [Synth 8-3331] design TFT_SPI has unconnected port RST
WARNING: [Synth 8-3331] design AudVid has unconnected port TFT_RST
WARNING: [Synth 8-3331] design AudVid has unconnected port DAC_I2S_DATA
WARNING: [Synth 8-3331] design AudVid has unconnected port DAC_I2S_CLK
WARNING: [Synth 8-3331] design AudVid has unconnected port DAC_I2S_WS
WARNING: [Synth 8-3331] design AudVid has unconnected port I2SCLK
WARNING: [Synth 8-3331] design AudVid has unconnected port Address[3]
WARNING: [Synth 8-3331] design AudVid has unconnected port Address[2]
WARNING: [Synth 8-3331] design AudVid has unconnected port Address[1]
WARNING: [Synth 8-3331] design AudVid has unconnected port Address[0]
WARNING: [Synth 8-3331] design AudVid has unconnected port Data[31]
WARNING: [Synth 8-3331] design AudVid has unconnected port Data[30]
WARNING: [Synth 8-3331] design AudVid has unconnected port Data[29]
WARNING: [Synth 8-3331] design AudVid has unconnected port Data[28]
WARNING: [Synth 8-3331] design AudVid has unconnected port Data[27]
WARNING: [Synth 8-3331] design AudVid has unconnected port Data[26]
WARNING: [Synth 8-3331] design AudVid has unconnected port Data[25]
WARNING: [Synth 8-3331] design AudVid has unconnected port Data[24]
WARNING: [Synth 8-3331] design AudVid has unconnected port Data[23]
WARNING: [Synth 8-3331] design AudVid has unconnected port Data[22]
WARNING: [Synth 8-3331] design AudVid has unconnected port Data[21]
WARNING: [Synth 8-3331] design AudVid has unconnected port Data[20]
WARNING: [Synth 8-3331] design AudVid has unconnected port Data[19]
WARNING: [Synth 8-3331] design AudVid has unconnected port Data[18]
WARNING: [Synth 8-3331] design AudVid has unconnected port Data[17]
WARNING: [Synth 8-3331] design AudVid has unconnected port Data[16]
WARNING: [Synth 8-3331] design AudVid has unconnected port Data[15]
WARNING: [Synth 8-3331] design AudVid has unconnected port Data[14]
WARNING: [Synth 8-3331] design AudVid has unconnected port Data[13]
WARNING: [Synth 8-3331] design AudVid has unconnected port Data[12]
WARNING: [Synth 8-3331] design AudVid has unconnected port Data[11]
WARNING: [Synth 8-3331] design AudVid has unconnected port Data[10]
WARNING: [Synth 8-3331] design AudVid has unconnected port Data[9]
WARNING: [Synth 8-3331] design AudVid has unconnected port Data[8]
WARNING: [Synth 8-3331] design AudVid has unconnected port Data[7]
WARNING: [Synth 8-3331] design AudVid has unconnected port Data[6]
WARNING: [Synth 8-3331] design AudVid has unconnected port Data[5]
WARNING: [Synth 8-3331] design AudVid has unconnected port Data[4]
WARNING: [Synth 8-3331] design AudVid has unconnected port Data[3]
WARNING: [Synth 8-3331] design AudVid has unconnected port Data[2]
WARNING: [Synth 8-3331] design AudVid has unconnected port Data[1]
WARNING: [Synth 8-3331] design AudVid has unconnected port Data[0]
WARNING: [Synth 8-3331] design AudVid has unconnected port Enable
WARNING: [Synth 8-3331] design top has unconnected port user_led
WARNING: [Synth 8-3331] design top has unconnected port user_led_1
WARNING: [Synth 8-3331] design top has unconnected port user_led_2
WARNING: [Synth 8-3331] design top has unconnected port user_led_3
WARNING: [Synth 8-3331] design top has unconnected port user_led_4
WARNING: [Synth 8-3331] design top has unconnected port user_led_5
WARNING: [Synth 8-3331] design top has unconnected port user_led_6
WARNING: [Synth 8-3331] design top has unconnected port user_led_7
WARNING: [Synth 8-3331] design top has unconnected port user_led_8
WARNING: [Synth 8-3331] design top has unconnected port user_led_9
WARNING: [Synth 8-3331] design top has unconnected port user_led_10
WARNING: [Synth 8-3331] design top has unconnected port user_led_11
WARNING: [Synth 8-3331] design top has unconnected port user_led_12
WARNING: [Synth 8-3331] design top has unconnected port user_led_13
WARNING: [Synth 8-3331] design top has unconnected port user_led_14
WARNING: [Synth 8-3331] design top has unconnected port user_led_15
WARNING: [Synth 8-3331] design top has unconnected port user_sw
WARNING: [Synth 8-3331] design top has unconnected port user_sw_1
WARNING: [Synth 8-3331] design top has unconnected port user_sw_2
WARNING: [Synth 8-3331] design top has unconnected port user_sw_3
WARNING: [Synth 8-3331] design top has unconnected port user_sw_4
WARNING: [Synth 8-3331] design top has unconnected port user_sw_5
WARNING: [Synth 8-3331] design top has unconnected port user_sw_6
WARNING: [Synth 8-3331] design top has unconnected port user_sw_7
WARNING: [Synth 8-3331] design top has unconnected port user_sw_8
WARNING: [Synth 8-3331] design top has unconnected port user_sw_9
WARNING: [Synth 8-3331] design top has unconnected port user_sw_10
WARNING: [Synth 8-3331] design top has unconnected port user_sw_11
WARNING: [Synth 8-3331] design top has unconnected port user_sw_12
WARNING: [Synth 8-3331] design top has unconnected port user_sw_13
WARNING: [Synth 8-3331] design top has unconnected port user_sw_14
WARNING: [Synth 8-3331] design top has unconnected port user_sw_15
WARNING: [Synth 8-3331] design top has unconnected port user_btn
WARNING: [Synth 8-3331] design top has unconnected port user_btn_1
WARNING: [Synth 8-3331] design top has unconnected port user_btn_2
WARNING: [Synth 8-3331] design top has unconnected port user_btn_3
---------------------------------------------------------------------------------
Finished RTL Elaboration : Time (s): cpu = 00:00:05 ; elapsed = 00:00:06 . Memory (MB): peak = 1296.402 ; gain = 112.512 ; free physical = 777 ; free virtual = 4295
---------------------------------------------------------------------------------

Report Check Netlist: 
+------+------------------+-------+---------+-------+------------------+
|      |Item              |Errors |Warnings |Status |Description       |
+------+------------------+-------+---------+-------+------------------+
|1     |multi_driven_nets |      0|        0|Passed |Multi driven nets |
+------+------------------+-------+---------+-------+------------------+
WARNING: [Synth 8-3295] tying undriven pin spiCount:SPI_MISO to constant 0 [/home/camilo/MEGA/Universidad/2018-2/Digital2/Proyecto/SoC/Hardware/Peripheral_AudVid/SubPeripheral_SD_SPI/SD_SPI.v:65]
WARNING: [Synth 8-3295] tying undriven pin spiUtilCount:SPI_MISO to constant 0 [/home/camilo/MEGA/Universidad/2018-2/Digital2/Proyecto/SoC/Hardware/Peripheral_AudVid/SubPeripheral_SD_SPI/SD_SPI.v:72]
WARNING: [Synth 8-3295] tying undriven pin counter:reset to constant 0 [/home/camilo/MEGA/Universidad/2018-2/Digital2/Proyecto/SoC/Hardware/Peripheral_AudVid/SubPeripheral_TFT_SPI/TFT_SPI.v:61]
---------------------------------------------------------------------------------
Start Handling Custom Attributes
---------------------------------------------------------------------------------
---------------------------------------------------------------------------------
Finished Handling Custom Attributes : Time (s): cpu = 00:00:05 ; elapsed = 00:00:06 . Memory (MB): peak = 1296.402 ; gain = 112.512 ; free physical = 776 ; free virtual = 4294
---------------------------------------------------------------------------------
---------------------------------------------------------------------------------
Finished RTL Optimization Phase 1 : Time (s): cpu = 00:00:05 ; elapsed = 00:00:06 . Memory (MB): peak = 1296.402 ; gain = 112.512 ; free physical = 776 ; free virtual = 4294
---------------------------------------------------------------------------------
INFO: [Netlist 29-17] Analyzing 2 Unisim elements for replacement
INFO: [Netlist 29-28] Unisim Transformation completed in 0 CPU seconds
INFO: [Device 21-403] Loading part xc7a35tcpg236-1
INFO: [Project 1-570] Preparing netlist for logic optimization

Processing XDC Constraints
Initializing timing engine
Parsing XDC File [/home/camilo/MEGA/Universidad/2018-2/Digital2/Proyecto/SoC/build/top.xdc]
WARNING: [Vivado 12-1023] No nets matched for command 'get_nets -filter {mr_ff == TRUE}'. [/home/camilo/MEGA/Universidad/2018-2/Digital2/Proyecto/SoC/build/top.xdc:160]
WARNING: [Vivado 12-180] No cells matched 'get_cells -filter {ars_ff1 == TRUE || ars_ff2 == TRUE}'. [/home/camilo/MEGA/Universidad/2018-2/Digital2/Proyecto/SoC/build/top.xdc:162]
WARNING: [Vivado 12-508] No pins matched 'get_pins -filter {REF_PIN_NAME == PRE} -of [get_cells -filter {ars_ff1 == TRUE || ars_ff2 == TRUE}]'. [/home/camilo/MEGA/Universidad/2018-2/Digital2/Proyecto/SoC/build/top.xdc:162]
WARNING: [Vivado 12-180] No cells matched 'get_cells -filter {ars_ff1 == TRUE}'. [/home/camilo/MEGA/Universidad/2018-2/Digital2/Proyecto/SoC/build/top.xdc:164]
WARNING: [Vivado 12-508] No pins matched 'get_pins -filter {REF_PIN_NAME == Q} -of [get_cells -filter {ars_ff1 == TRUE}]'. [/home/camilo/MEGA/Universidad/2018-2/Digital2/Proyecto/SoC/build/top.xdc:164]
WARNING: [Vivado 12-180] No cells matched 'get_cells -filter {ars_ff2 == TRUE}'. [/home/camilo/MEGA/Universidad/2018-2/Digital2/Proyecto/SoC/build/top.xdc:164]
WARNING: [Vivado 12-508] No pins matched 'get_pins -filter {REF_PIN_NAME == D} -of [get_cells -filter {ars_ff2 == TRUE}]'. [/home/camilo/MEGA/Universidad/2018-2/Digital2/Proyecto/SoC/build/top.xdc:164]
Finished Parsing XDC File [/home/camilo/MEGA/Universidad/2018-2/Digital2/Proyecto/SoC/build/top.xdc]
INFO: [Project 1-236] Implementation specific constraints were found while reading constraint file [/home/camilo/MEGA/Universidad/2018-2/Digital2/Proyecto/SoC/build/top.xdc]. These constraints will be ignored for synthesis but will be used in implementation. Impacted constraints are listed in the file [.Xil/top_propImpl.xdc].
Resolution: To avoid this warning, move constraints listed in [.Xil/top_propImpl.xdc] to another XDC file and exclude this new file from synthesis with the used_in_synthesis property (File Properties dialog in GUI) and re-run elaboration/synthesis.
INFO: [Timing 38-2] Deriving generated clocks
Completed Processing XDC Constraints

INFO: [Project 1-111] Unisim Transformation Summary:
No Unisim elements were transformed.

Constraint Validation Runtime : Time (s): cpu = 00:00:00.01 ; elapsed = 00:00:00 . Memory (MB): peak = 1622.715 ; gain = 0.000 ; free physical = 517 ; free virtual = 4047
---------------------------------------------------------------------------------
Finished Constraint Validation : Time (s): cpu = 00:00:20 ; elapsed = 00:00:39 . Memory (MB): peak = 1622.715 ; gain = 438.824 ; free physical = 597 ; free virtual = 4126
---------------------------------------------------------------------------------
---------------------------------------------------------------------------------
Start Loading Part and Timing Information
---------------------------------------------------------------------------------
Loading part: xc7a35tcpg236-1
---------------------------------------------------------------------------------
Finished Loading Part and Timing Information : Time (s): cpu = 00:00:20 ; elapsed = 00:00:39 . Memory (MB): peak = 1622.715 ; gain = 438.824 ; free physical = 597 ; free virtual = 4126
---------------------------------------------------------------------------------
---------------------------------------------------------------------------------
Start Applying 'set_property' XDC Constraints
---------------------------------------------------------------------------------
---------------------------------------------------------------------------------
Finished applying 'set_property' XDC Constraints : Time (s): cpu = 00:00:20 ; elapsed = 00:00:39 . Memory (MB): peak = 1622.715 ; gain = 438.824 ; free physical = 598 ; free virtual = 4128
---------------------------------------------------------------------------------
INFO: [Synth 8-5546] ROM "count" won't be mapped to RAM because it is too sparse
INFO: [Synth 8-5546] ROM "count" won't be mapped to RAM because it is too sparse
INFO: [Synth 8-5546] ROM "count" won't be mapped to RAM because it is too sparse
INFO: [Synth 8-5546] ROM "OutputData" won't be mapped to RAM because it is too sparse
INFO: [Synth 8-5546] ROM "OutputData" won't be mapped to RAM because it is too sparse
INFO: [Synth 8-5546] ROM "p_0_in" won't be mapped to RAM because it is too sparse
INFO: [Synth 8-5546] ROM "Data" won't be mapped to RAM because it is too sparse
INFO: [Synth 8-5546] ROM "Data" won't be mapped to RAM because it is too sparse
---------------------------------------------------------------------------------
Finished RTL Optimization Phase 2 : Time (s): cpu = 00:00:21 ; elapsed = 00:00:40 . Memory (MB): peak = 1622.715 ; gain = 438.824 ; free physical = 589 ; free virtual = 4119
---------------------------------------------------------------------------------

Report RTL Partitions: 
+-+--------------+------------+----------+
| |RTL Partition |Replication |Instances |
+-+--------------+------------+----------+
+-+--------------+------------+----------+
---------------------------------------------------------------------------------
Start RTL Component Statistics 
---------------------------------------------------------------------------------
Detailed RTL Component Info : 
+---Adders : 
	   2 Input     25 Bit       Adders := 1     
	   2 Input     11 Bit       Adders := 1     
	   2 Input     10 Bit       Adders := 1     
	   2 Input      8 Bit       Adders := 1     
	   2 Input      7 Bit       Adders := 4     
	   2 Input      6 Bit       Adders := 1     
	   2 Input      5 Bit       Adders := 1     
	   2 Input      4 Bit       Adders := 4     
	   2 Input      3 Bit       Adders := 4     
+---Registers : 
	               25 Bit    Registers := 1     
	               16 Bit    Registers := 3     
	               11 Bit    Registers := 1     
	               10 Bit    Registers := 1     
	                8 Bit    Registers := 8     
	                6 Bit    Registers := 1     
	                5 Bit    Registers := 1     
	                4 Bit    Registers := 3     
	                3 Bit    Registers := 4     
	                1 Bit    Registers := 16    
+---Muxes : 
	   2 Input     25 Bit        Muxes := 1     
	 105 Input     17 Bit        Muxes := 1     
	   2 Input     16 Bit        Muxes := 2     
	   4 Input     16 Bit        Muxes := 1     
	  29 Input      8 Bit        Muxes := 1     
	   2 Input      8 Bit        Muxes := 1     
	   2 Input      5 Bit        Muxes := 1     
	  36 Input      3 Bit        Muxes := 1     
	  34 Input      2 Bit        Muxes := 1     
	   3 Input      2 Bit        Muxes := 1     
	   2 Input      1 Bit        Muxes := 18    
	  33 Input      1 Bit        Muxes := 1     
	  34 Input      1 Bit        Muxes := 1     
	   8 Input      1 Bit        Muxes := 1     
	   4 Input      1 Bit        Muxes := 2     
	   5 Input      1 Bit        Muxes := 1     
---------------------------------------------------------------------------------
Finished RTL Component Statistics 
---------------------------------------------------------------------------------
---------------------------------------------------------------------------------
Start RTL Hierarchical Component Statistics 
---------------------------------------------------------------------------------
Hierarchical RTL Component report 
Module ClockManager 
Detailed RTL Component Info : 
+---Adders : 
	   2 Input      3 Bit       Adders := 1     
+---Registers : 
	                3 Bit    Registers := 1     
	                1 Bit    Registers := 1     
Module FrequencyGenerator 
Detailed RTL Component Info : 
+---Adders : 
	   2 Input      8 Bit       Adders := 1     
+---Registers : 
	                8 Bit    Registers := 1     
	                1 Bit    Registers := 1     
Module FrequencyGenerator__parameterized0 
Detailed RTL Component Info : 
+---Adders : 
	   2 Input      4 Bit       Adders := 1     
+---Registers : 
	                4 Bit    Registers := 1     
	                1 Bit    Registers := 1     
Module FullSPI 
Detailed RTL Component Info : 
+---Adders : 
	   2 Input      3 Bit       Adders := 1     
+---Registers : 
	                8 Bit    Registers := 2     
	                3 Bit    Registers := 1     
	                1 Bit    Registers := 1     
+---Muxes : 
	   2 Input      1 Bit        Muxes := 2     
Module SD_SPI 
Detailed RTL Component Info : 
+---Adders : 
	   2 Input     10 Bit       Adders := 1     
	   2 Input      6 Bit       Adders := 1     
+---Registers : 
	               16 Bit    Registers := 1     
	               10 Bit    Registers := 1     
	                8 Bit    Registers := 1     
	                6 Bit    Registers := 1     
	                1 Bit    Registers := 3     
+---Muxes : 
	  29 Input      8 Bit        Muxes := 1     
	   2 Input      8 Bit        Muxes := 1     
	   2 Input      5 Bit        Muxes := 1     
	  36 Input      3 Bit        Muxes := 1     
	  34 Input      2 Bit        Muxes := 1     
	  33 Input      1 Bit        Muxes := 1     
	  34 Input      1 Bit        Muxes := 1     
	   2 Input      1 Bit        Muxes := 8     
	   8 Input      1 Bit        Muxes := 1     
	   4 Input      1 Bit        Muxes := 2     
Module FrequencyGenerator__parameterized1 
Detailed RTL Component Info : 
+---Registers : 
	                1 Bit    Registers := 1     
Module FrequencyGenerator__parameterized2 
Detailed RTL Component Info : 
+---Adders : 
	   2 Input      5 Bit       Adders := 1     
+---Registers : 
	                5 Bit    Registers := 1     
	                1 Bit    Registers := 1     
Module InitializationRegister 
Detailed RTL Component Info : 
+---Adders : 
	   2 Input      7 Bit       Adders := 4     
+---Registers : 
	                1 Bit    Registers := 1     
+---Muxes : 
	 105 Input     17 Bit        Muxes := 1     
	   5 Input      1 Bit        Muxes := 1     
Module Counter 
Detailed RTL Component Info : 
+---Adders : 
	   2 Input     25 Bit       Adders := 1     
+---Registers : 
	               25 Bit    Registers := 1     
	                1 Bit    Registers := 1     
+---Muxes : 
	   2 Input     25 Bit        Muxes := 1     
	   2 Input      1 Bit        Muxes := 1     
Module SPI 
Detailed RTL Component Info : 
+---Adders : 
	   2 Input      4 Bit       Adders := 1     
+---Registers : 
	                4 Bit    Registers := 1     
	                1 Bit    Registers := 3     
+---Muxes : 
	   2 Input      1 Bit        Muxes := 1     
Module TFT_SPI 
Detailed RTL Component Info : 
+---Adders : 
	   2 Input      4 Bit       Adders := 2     
+---Registers : 
	               16 Bit    Registers := 1     
	                4 Bit    Registers := 1     
+---Muxes : 
	   2 Input     16 Bit        Muxes := 2     
	   2 Input      1 Bit        Muxes := 2     
Module AudVid 
Detailed RTL Component Info : 
+---Adders : 
	   2 Input     11 Bit       Adders := 1     
+---Registers : 
	               16 Bit    Registers := 1     
	               11 Bit    Registers := 1     
+---Muxes : 
	   4 Input     16 Bit        Muxes := 1     
	   3 Input      2 Bit        Muxes := 1     
---------------------------------------------------------------------------------
Finished RTL Hierarchical Component Statistics
---------------------------------------------------------------------------------
---------------------------------------------------------------------------------
Start Part Resource Summary
---------------------------------------------------------------------------------
Part Resources:
DSPs: 90 (col length:60)
BRAMs: 100 (col length: RAMB18 60 RAMB36 30)
---------------------------------------------------------------------------------
Finished Part Resource Summary
---------------------------------------------------------------------------------
---------------------------------------------------------------------------------
Start Cross Boundary and Area Optimization
---------------------------------------------------------------------------------
Warning: Parallel synthesis criteria is not met 
INFO: [Synth 8-5546] ROM "OutputData" won't be mapped to RAM because it is too sparse
INFO: [Synth 8-5546] ROM "OutputData" won't be mapped to RAM because it is too sparse
INFO: [Synth 8-5546] ROM "count" won't be mapped to RAM because it is too sparse
INFO: [Synth 8-5546] ROM "count" won't be mapped to RAM because it is too sparse
INFO: [Synth 8-5546] ROM "count" won't be mapped to RAM because it is too sparse
WARNING: [Synth 8-6014] Unused sequential element ClockManager/counter_reg was removed.  [/home/camilo/MEGA/Universidad/2018-2/Digital2/Proyecto/SoC/utilities/ClockManager.v:205]
WARNING: [Synth 8-6014] Unused sequential element ClockManager/I2SCLK_reg was removed.  [/home/camilo/MEGA/Universidad/2018-2/Digital2/Proyecto/SoC/utilities/ClockManager.v:207]
WARNING: [Synth 8-6014] Unused sequential element AudVid/sd_spi/spiCount/Data_reg was removed.  [/home/camilo/MEGA/Universidad/2018-2/Digital2/Proyecto/SoC/Hardware/Peripheral_AudVid/SubPeripheral_SD_SPI/FullSPI.v:35]
WARNING: [Synth 8-6014] Unused sequential element AudVid/sd_spi/spiCount/InputData_reg was removed.  [/home/camilo/MEGA/Universidad/2018-2/Digital2/Proyecto/SoC/Hardware/Peripheral_AudVid/SubPeripheral_SD_SPI/FullSPI.v:24]
WARNING: [Synth 8-6014] Unused sequential element AudVid/sd_spi/spiCount/DataClk_reg was removed.  [/home/camilo/MEGA/Universidad/2018-2/Digital2/Proyecto/SoC/Hardware/Peripheral_AudVid/SubPeripheral_SD_SPI/FullSPI.v:23]
WARNING: [Synth 8-6014] Unused sequential element AudVid/sd_spi/spiUtilCount/Data_reg was removed.  [/home/camilo/MEGA/Universidad/2018-2/Digital2/Proyecto/SoC/Hardware/Peripheral_AudVid/SubPeripheral_SD_SPI/FullSPI.v:35]
WARNING: [Synth 8-6014] Unused sequential element AudVid/sd_spi/spiUtilCount/InputData_reg was removed.  [/home/camilo/MEGA/Universidad/2018-2/Digital2/Proyecto/SoC/Hardware/Peripheral_AudVid/SubPeripheral_SD_SPI/FullSPI.v:24]
WARNING: [Synth 8-6014] Unused sequential element AudVid/sd_spi/spiUtilCount/DataClk_reg was removed.  [/home/camilo/MEGA/Universidad/2018-2/Digital2/Proyecto/SoC/Hardware/Peripheral_AudVid/SubPeripheral_SD_SPI/FullSPI.v:23]
WARNING: [Synth 8-6014] Unused sequential element AudVid/tft_spi/spi/reset_reg was removed.  [/home/camilo/MEGA/Universidad/2018-2/Digital2/Proyecto/SoC/Hardware/Peripheral_AudVid/SubPeripheral_TFT_SPI/SPI.v:24]
INFO: [Synth 8-5546] ROM "AudVid/sd_spi/count" won't be mapped to RAM because it is too sparse
INFO: [Synth 8-5546] ROM "AudVid/sd_spi/count" won't be mapped to RAM because it is too sparse
INFO: [Synth 8-5546] ROM "AudVid/sd_spi/count" won't be mapped to RAM because it is too sparse
WARNING: [Synth 8-3331] design top has unconnected port DAC_I2S_DATA
WARNING: [Synth 8-3331] design top has unconnected port DAC_I2S_CLK
WARNING: [Synth 8-3331] design top has unconnected port DAC_I2S_WS
WARNING: [Synth 8-3331] design top has unconnected port TFT_RST
WARNING: [Synth 8-3331] design top has unconnected port user_led
WARNING: [Synth 8-3331] design top has unconnected port user_led_1
WARNING: [Synth 8-3331] design top has unconnected port user_led_2
WARNING: [Synth 8-3331] design top has unconnected port user_led_3
WARNING: [Synth 8-3331] design top has unconnected port user_led_4
WARNING: [Synth 8-3331] design top has unconnected port user_led_5
WARNING: [Synth 8-3331] design top has unconnected port user_led_6
WARNING: [Synth 8-3331] design top has unconnected port user_led_7
WARNING: [Synth 8-3331] design top has unconnected port user_led_8
WARNING: [Synth 8-3331] design top has unconnected port user_led_9
WARNING: [Synth 8-3331] design top has unconnected port user_led_10
WARNING: [Synth 8-3331] design top has unconnected port user_led_11
WARNING: [Synth 8-3331] design top has unconnected port user_led_12
WARNING: [Synth 8-3331] design top has unconnected port user_led_13
WARNING: [Synth 8-3331] design top has unconnected port user_led_14
WARNING: [Synth 8-3331] design top has unconnected port user_led_15
WARNING: [Synth 8-3331] design top has unconnected port user_sw
INFO: [Common 17-14] Message 'Synth 8-3331' appears 100 times and further instances of the messages will be disabled. Use the Tcl command set_msg_config to change the current settings.
INFO: [Synth 8-3886] merging instance 'AudVid/SD_InputAddress_reg[7]' (FDRE) to 'AudVid/SD_InputAddress_reg[15]'
INFO: [Synth 8-3886] merging instance 'AudVid/SD_InputAddress_reg[15]' (FDRE) to 'AudVid/SD_InputAddress_reg[6]'
INFO: [Synth 8-3886] merging instance 'AudVid/SD_InputAddress_reg[6]' (FDRE) to 'AudVid/SD_InputAddress_reg[14]'
INFO: [Synth 8-3886] merging instance 'AudVid/SD_InputAddress_reg[14]' (FDRE) to 'AudVid/SD_InputAddress_reg[5]'
INFO: [Synth 8-3886] merging instance 'AudVid/SD_InputAddress_reg[5]' (FDRE) to 'AudVid/SD_InputAddress_reg[13]'
INFO: [Synth 8-3886] merging instance 'AudVid/SD_InputAddress_reg[13]' (FDRE) to 'AudVid/SD_InputAddress_reg[4]'
INFO: [Synth 8-3886] merging instance 'AudVid/SD_InputAddress_reg[4]' (FDRE) to 'AudVid/SD_InputAddress_reg[12]'
INFO: [Synth 8-3886] merging instance 'AudVid/SD_InputAddress_reg[12]' (FDRE) to 'AudVid/SD_InputAddress_reg[11]'
INFO: [Synth 8-3333] propagating constant 1 across sequential element (\AudVid/SD_InputAddress_reg[3] )
INFO: [Synth 8-3886] merging instance 'AudVid/SD_InputAddress_reg[11]' (FDRE) to 'AudVid/SD_InputAddress_reg[2]'
INFO: [Synth 8-3886] merging instance 'AudVid/SD_InputAddress_reg[2]' (FDRE) to 'AudVid/SD_InputAddress_reg[10]'
INFO: [Synth 8-3886] merging instance 'AudVid/SD_InputAddress_reg[10]' (FDRE) to 'AudVid/SD_InputAddress_reg[9]'
INFO: [Synth 8-3886] merging instance 'AudVid/SD_InputAddress_reg[9]' (FDRE) to 'AudVid/SD_InputAddress_reg[0]'
INFO: [Synth 8-3886] merging instance 'AudVid/SD_InputAddress_reg[0]' (FDRE) to 'AudVid/SD_InputAddress_reg[8]'
INFO: [Synth 8-3333] propagating constant 0 across sequential element (\AudVid/SD_InputAddress_reg[8] )
INFO: [Synth 8-3886] merging instance 'AudVid/sd_spi/Address_reg[7]' (FD) to 'AudVid/sd_spi/Address_reg[15]'
INFO: [Synth 8-3886] merging instance 'AudVid/sd_spi/Address_reg[15]' (FD) to 'AudVid/sd_spi/Address_reg[14]'
INFO: [Synth 8-3886] merging instance 'AudVid/sd_spi/Address_reg[6]' (FD) to 'AudVid/sd_spi/Address_reg[14]'
INFO: [Synth 8-3886] merging instance 'AudVid/sd_spi/Address_reg[14]' (FD) to 'AudVid/sd_spi/Address_reg[13]'
INFO: [Synth 8-3886] merging instance 'AudVid/sd_spi/Address_reg[5]' (FD) to 'AudVid/sd_spi/Address_reg[13]'
INFO: [Synth 8-3886] merging instance 'AudVid/sd_spi/Address_reg[13]' (FD) to 'AudVid/sd_spi/Address_reg[12]'
INFO: [Synth 8-3886] merging instance 'AudVid/sd_spi/Address_reg[4]' (FD) to 'AudVid/sd_spi/Address_reg[12]'
INFO: [Synth 8-3886] merging instance 'AudVid/sd_spi/Address_reg[12]' (FD) to 'AudVid/sd_spi/Address_reg[11]'
INFO: [Synth 8-3886] merging instance 'AudVid/sd_spi/Address_reg[11]' (FD) to 'AudVid/sd_spi/Address_reg[10]'
INFO: [Synth 8-3886] merging instance 'AudVid/sd_spi/Address_reg[2]' (FD) to 'AudVid/sd_spi/Address_reg[10]'
INFO: [Synth 8-3886] merging instance 'AudVid/sd_spi/Address_reg[10]' (FD) to 'AudVid/sd_spi/Address_reg[9]'
INFO: [Synth 8-3886] merging instance 'AudVid/sd_spi/Address_reg[9]' (FD) to 'AudVid/sd_spi/Address_reg[8]'
INFO: [Synth 8-3886] merging instance 'AudVid/sd_spi/Address_reg[0]' (FD) to 'AudVid/sd_spi/Address_reg[8]'
INFO: [Synth 8-3886] merging instance 'AudVid/tft_spi/data1_reg[15]' (FD) to 'AudVid/tft_spi/data1_reg[14]'
INFO: [Synth 8-3886] merging instance 'AudVid/tft_spi/data1_reg[14]' (FD) to 'AudVid/tft_spi/data1_reg[13]'
INFO: [Synth 8-3886] merging instance 'AudVid/tft_spi/data1_reg[13]' (FD) to 'AudVid/tft_spi/data1_reg[12]'
INFO: [Synth 8-3886] merging instance 'AudVid/tft_spi/data1_reg[12]' (FD) to 'AudVid/tft_spi/data1_reg[11]'
INFO: [Synth 8-3886] merging instance 'AudVid/tft_spi/data1_reg[11]' (FD) to 'AudVid/tft_spi/data1_reg[10]'
INFO: [Synth 8-3886] merging instance 'AudVid/tft_spi/data1_reg[10]' (FD) to 'AudVid/tft_spi/data1_reg[9]'
INFO: [Synth 8-3886] merging instance 'AudVid/tft_spi/data1_reg[9]' (FD) to 'AudVid/tft_spi/data1_reg[8]'
INFO: [Synth 8-3886] merging instance 'AudVid/tft_spi/data1_reg[8]' (FD) to 'AudVid/tft_spi/data1_reg[7]'
INFO: [Synth 8-3886] merging instance 'AudVid/tft_spi/data1_reg[7]' (FD) to 'AudVid/tft_spi/data1_reg[6]'
INFO: [Synth 8-3886] merging instance 'AudVid/tft_spi/data1_reg[6]' (FD) to 'AudVid/tft_spi/data1_reg[5]'
INFO: [Synth 8-3886] merging instance 'AudVid/tft_spi/data1_reg[5]' (FD) to 'AudVid/tft_spi/data1_reg[4]'
INFO: [Synth 8-3886] merging instance 'AudVid/tft_spi/data1_reg[4]' (FD) to 'AudVid/tft_spi/data1_reg[3]'
INFO: [Synth 8-3886] merging instance 'AudVid/tft_spi/data1_reg[3]' (FD) to 'AudVid/tft_spi/data1_reg[2]'
INFO: [Synth 8-3886] merging instance 'AudVid/tft_spi/data1_reg[2]' (FD) to 'AudVid/tft_spi/data1_reg[1]'
INFO: [Synth 8-3886] merging instance 'AudVid/tft_spi/data1_reg[1]' (FD) to 'AudVid/tft_spi/data1_reg[0]'
INFO: [Synth 8-3333] propagating constant 1 across sequential element (\AudVid/sd_spi/Address_reg[3] )
INFO: [Synth 8-3333] propagating constant 0 across sequential element (\AudVid/sd_spi/Address_reg[8] )
WARNING: [Synth 8-3332] Sequential element (AudVid/SD_InputAddress_reg[8]) is unused and will be removed from module top.
WARNING: [Synth 8-3332] Sequential element (AudVid/SD_InputAddress_reg[3]) is unused and will be removed from module top.
WARNING: [Synth 8-3332] Sequential element (AudVid/sd_spi/Address_reg[8]) is unused and will be removed from module top.
WARNING: [Synth 8-3332] Sequential element (AudVid/sd_spi/Address_reg[3]) is unused and will be removed from module top.
WARNING: [Synth 8-3332] Sequential element (AudVid/tft_spi/spi/reseted_reg) is unused and will be removed from module top.
---------------------------------------------------------------------------------
Finished Cross Boundary and Area Optimization : Time (s): cpu = 00:00:25 ; elapsed = 00:00:45 . Memory (MB): peak = 1622.715 ; gain = 438.824 ; free physical = 571 ; free virtual = 4103
---------------------------------------------------------------------------------

Report RTL Partitions: 
+-+--------------+------------+----------+
| |RTL Partition |Replication |Instances |
+-+--------------+------------+----------+
+-+--------------+------------+----------+
---------------------------------------------------------------------------------
Start Applying XDC Timing Constraints
---------------------------------------------------------------------------------
---------------------------------------------------------------------------------
Finished Applying XDC Timing Constraints : Time (s): cpu = 00:00:35 ; elapsed = 00:00:59 . Memory (MB): peak = 1622.715 ; gain = 438.824 ; free physical = 451 ; free virtual = 3983
---------------------------------------------------------------------------------
---------------------------------------------------------------------------------
Start Timing Optimization
---------------------------------------------------------------------------------
---------------------------------------------------------------------------------
Finished Timing Optimization : Time (s): cpu = 00:00:35 ; elapsed = 00:00:59 . Memory (MB): peak = 1622.715 ; gain = 438.824 ; free physical = 450 ; free virtual = 3982
---------------------------------------------------------------------------------

Report RTL Partitions: 
+-+--------------+------------+----------+
| |RTL Partition |Replication |Instances |
+-+--------------+------------+----------+
+-+--------------+------------+----------+
---------------------------------------------------------------------------------
Start Technology Mapping
---------------------------------------------------------------------------------
---------------------------------------------------------------------------------
Finished Technology Mapping : Time (s): cpu = 00:00:35 ; elapsed = 00:00:59 . Memory (MB): peak = 1622.715 ; gain = 438.824 ; free physical = 449 ; free virtual = 3981
---------------------------------------------------------------------------------

Report RTL Partitions: 
+-+--------------+------------+----------+
| |RTL Partition |Replication |Instances |
+-+--------------+------------+----------+
+-+--------------+------------+----------+
---------------------------------------------------------------------------------
Start IO Insertion
---------------------------------------------------------------------------------
---------------------------------------------------------------------------------
Start Flattening Before IO Insertion
---------------------------------------------------------------------------------
---------------------------------------------------------------------------------
Finished Flattening Before IO Insertion
---------------------------------------------------------------------------------
---------------------------------------------------------------------------------
Start Final Netlist Cleanup
---------------------------------------------------------------------------------
---------------------------------------------------------------------------------
Finished Final Netlist Cleanup
---------------------------------------------------------------------------------
---------------------------------------------------------------------------------
Finished IO Insertion : Time (s): cpu = 00:00:36 ; elapsed = 00:01:00 . Memory (MB): peak = 1622.715 ; gain = 438.824 ; free physical = 449 ; free virtual = 3981
---------------------------------------------------------------------------------

Report Check Netlist: 
+------+------------------+-------+---------+-------+------------------+
|      |Item              |Errors |Warnings |Status |Description       |
+------+------------------+-------+---------+-------+------------------+
|1     |multi_driven_nets |      0|        0|Passed |Multi driven nets |
+------+------------------+-------+---------+-------+------------------+
---------------------------------------------------------------------------------
Start Renaming Generated Instances
---------------------------------------------------------------------------------
---------------------------------------------------------------------------------
Finished Renaming Generated Instances : Time (s): cpu = 00:00:36 ; elapsed = 00:01:00 . Memory (MB): peak = 1622.715 ; gain = 438.824 ; free physical = 449 ; free virtual = 3981
---------------------------------------------------------------------------------

Report RTL Partitions: 
+-+--------------+------------+----------+
| |RTL Partition |Replication |Instances |
+-+--------------+------------+----------+
+-+--------------+------------+----------+
---------------------------------------------------------------------------------
Start Rebuilding User Hierarchy
---------------------------------------------------------------------------------
---------------------------------------------------------------------------------
Finished Rebuilding User Hierarchy : Time (s): cpu = 00:00:36 ; elapsed = 00:01:00 . Memory (MB): peak = 1622.715 ; gain = 438.824 ; free physical = 449 ; free virtual = 3981
---------------------------------------------------------------------------------
---------------------------------------------------------------------------------
Start Renaming Generated Ports
---------------------------------------------------------------------------------
---------------------------------------------------------------------------------
Finished Renaming Generated Ports : Time (s): cpu = 00:00:36 ; elapsed = 00:01:00 . Memory (MB): peak = 1622.715 ; gain = 438.824 ; free physical = 449 ; free virtual = 3981
---------------------------------------------------------------------------------
---------------------------------------------------------------------------------
Start Handling Custom Attributes
---------------------------------------------------------------------------------
---------------------------------------------------------------------------------
Finished Handling Custom Attributes : Time (s): cpu = 00:00:36 ; elapsed = 00:01:00 . Memory (MB): peak = 1622.715 ; gain = 438.824 ; free physical = 449 ; free virtual = 3981
---------------------------------------------------------------------------------
---------------------------------------------------------------------------------
Start Renaming Generated Nets
---------------------------------------------------------------------------------
---------------------------------------------------------------------------------
Finished Renaming Generated Nets : Time (s): cpu = 00:00:36 ; elapsed = 00:01:00 . Memory (MB): peak = 1622.715 ; gain = 438.824 ; free physical = 449 ; free virtual = 3981
---------------------------------------------------------------------------------
---------------------------------------------------------------------------------
Start Writing Synthesis Report
---------------------------------------------------------------------------------

Report BlackBoxes: 
+-+--------------+----------+
| |BlackBox name |Instances |
+-+--------------+----------+
+-+--------------+----------+

Report Cell Usage: 
+------+-----------+------+
|      |Cell       |Count |
+------+-----------+------+
|1     |BUFG       |     4|
|2     |CARRY4     |    10|
|3     |LUT1       |    14|
|4     |LUT2       |    54|
|5     |LUT3       |    36|
|6     |LUT4       |    30|
|7     |LUT5       |    39|
|8     |LUT6       |   106|
|9     |MMCME2_ADV |     1|
|10    |MUXF7      |     6|
|11    |MUXF8      |     1|
|12    |FDRE       |   144|
|13    |FDSE       |     1|
|14    |IBUF       |     3|
|15    |OBUF       |     9|
|16    |OBUFT      |     4|
+------+-----------+------+

Report Instance Areas: 
+------+-----------------------------+-----------------------------------+------+
|      |Instance                     |Module                             |Cells |
+------+-----------------------------+-----------------------------------+------+
|1     |top                          |                                   |   462|
|2     |  AudVid                     |AudVid                             |   440|
|3     |    sd_spi                   |SD_SPI                             |   191|
|4     |      spi                    |FullSPI                            |    46|
|5     |      spiCount               |FullSPI_0                          |     9|
|6     |      spiInitClock           |FrequencyGenerator                 |    23|
|7     |      spiUtilCount           |FullSPI_1                          |     9|
|8     |      spiWorkClock           |FrequencyGenerator__parameterized0 |    11|
|9     |    tft_spi                  |TFT_SPI                            |   225|
|10    |      counter                |Counter                            |   118|
|11    |      initializationRegister |InitializationRegister             |    47|
|12    |      spi                    |SPI                                |    11|
|13    |      spiInitRegClock        |FrequencyGenerator__parameterized1 |    25|
|14    |      spiWorkClock           |FrequencyGenerator__parameterized2 |    14|
|15    |  ClockManager               |ClockManager                       |     4|
|16    |    Clk_wiz                  |clk_wiz                            |     4|
+------+-----------------------------+-----------------------------------+------+
---------------------------------------------------------------------------------
Finished Writing Synthesis Report : Time (s): cpu = 00:00:36 ; elapsed = 00:01:00 . Memory (MB): peak = 1622.715 ; gain = 438.824 ; free physical = 449 ; free virtual = 3981
---------------------------------------------------------------------------------
Synthesis finished with 0 errors, 0 critical warnings and 54 warnings.
Synthesis Optimization Runtime : Time (s): cpu = 00:00:24 ; elapsed = 00:00:31 . Memory (MB): peak = 1622.715 ; gain = 112.512 ; free physical = 503 ; free virtual = 4034
Synthesis Optimization Complete : Time (s): cpu = 00:00:37 ; elapsed = 00:01:00 . Memory (MB): peak = 1622.723 ; gain = 438.824 ; free physical = 513 ; free virtual = 4045
INFO: [Project 1-571] Translating synthesized netlist
INFO: [Netlist 29-17] Analyzing 21 Unisim elements for replacement
INFO: [Netlist 29-28] Unisim Transformation completed in 0 CPU seconds
INFO: [Project 1-570] Preparing netlist for logic optimization
Parsing XDC File [/home/camilo/MEGA/Universidad/2018-2/Digital2/Proyecto/SoC/build/top.xdc]
WARNING: [Vivado 12-1023] No nets matched for command 'get_nets -filter {mr_ff == TRUE}'. [/home/camilo/MEGA/Universidad/2018-2/Digital2/Proyecto/SoC/build/top.xdc:160]
WARNING: [Vivado 12-180] No cells matched 'get_cells -filter {ars_ff1 == TRUE || ars_ff2 == TRUE}'. [/home/camilo/MEGA/Universidad/2018-2/Digital2/Proyecto/SoC/build/top.xdc:162]
WARNING: [Vivado 12-508] No pins matched 'get_pins -filter {REF_PIN_NAME == PRE} -of [get_cells -filter {ars_ff1 == TRUE || ars_ff2 == TRUE}]'. [/home/camilo/MEGA/Universidad/2018-2/Digital2/Proyecto/SoC/build/top.xdc:162]
WARNING: [Vivado 12-180] No cells matched 'get_cells -filter {ars_ff1 == TRUE}'. [/home/camilo/MEGA/Universidad/2018-2/Digital2/Proyecto/SoC/build/top.xdc:164]
WARNING: [Vivado 12-508] No pins matched 'get_pins -filter {REF_PIN_NAME == Q} -of [get_cells -filter {ars_ff1 == TRUE}]'. [/home/camilo/MEGA/Universidad/2018-2/Digital2/Proyecto/SoC/build/top.xdc:164]
WARNING: [Vivado 12-180] No cells matched 'get_cells -filter {ars_ff2 == TRUE}'. [/home/camilo/MEGA/Universidad/2018-2/Digital2/Proyecto/SoC/build/top.xdc:164]
WARNING: [Vivado 12-508] No pins matched 'get_pins -filter {REF_PIN_NAME == D} -of [get_cells -filter {ars_ff2 == TRUE}]'. [/home/camilo/MEGA/Universidad/2018-2/Digital2/Proyecto/SoC/build/top.xdc:164]
Finished Parsing XDC File [/home/camilo/MEGA/Universidad/2018-2/Digital2/Proyecto/SoC/build/top.xdc]
INFO: [Opt 31-138] Pushed 0 inverter(s) to 0 load pin(s).
INFO: [Project 1-111] Unisim Transformation Summary:
No Unisim elements were transformed.

INFO: [Common 17-83] Releasing license: Synthesis
111 Infos, 148 Warnings, 0 Critical Warnings and 0 Errors encountered.
synth_design completed successfully
synth_design: Time (s): cpu = 00:00:40 ; elapsed = 00:01:02 . Memory (MB): peak = 1622.723 ; gain = 438.945 ; free physical = 494 ; free virtual = 4025
# report_timing_summary -file top_timing_synth.rpt
INFO: [Timing 38-35] Done setting XDC timing constraints.
INFO: [Timing 38-2] Deriving generated clocks
INFO: [Timing 38-91] UpdateTimingParams: Speed grade: -1, Delay Type: min_max.
INFO: [Timing 38-191] Multithreading enabled for timing update using a maximum of 4 CPUs
report_timing_summary: Time (s): cpu = 00:00:09 ; elapsed = 00:00:26 . Memory (MB): peak = 1994.922 ; gain = 372.199 ; free physical = 162 ; free virtual = 3723
# report_utilization -hierarchical -file top_utilization_hierarchical_synth.rpt
report_utilization: Time (s): cpu = 00:00:00.19 ; elapsed = 00:00:00.26 . Memory (MB): peak = 1995.922 ; gain = 1.000 ; free physical = 161 ; free virtual = 3722
# report_utilization -file top_utilization_synth.rpt
report_utilization: Time (s): cpu = 00:00:00.14 ; elapsed = 00:00:00.21 . Memory (MB): peak = 1995.922 ; gain = 0.000 ; free physical = 160 ; free virtual = 3722
# opt_design
Command: opt_design
Attempting to get a license for feature 'Implementation' and/or device 'xc7a35t'
INFO: [Common 17-349] Got license for feature 'Implementation' and/or device 'xc7a35t'
Running DRC as a precondition to command opt_design

Starting DRC Task
INFO: [DRC 23-27] Running DRC with 4 threads
INFO: [Project 1-461] DRC finished with 0 Errors
INFO: [Project 1-462] Please refer to the DRC report (report_drc) for more information.

Time (s): cpu = 00:00:03 ; elapsed = 00:00:03 . Memory (MB): peak = 2048.938 ; gain = 53.016 ; free physical = 154 ; free virtual = 3717

Starting Cache Timing Information Task
Ending Cache Timing Information Task | Checksum: eb373ea3

Time (s): cpu = 00:00:00 ; elapsed = 00:00:00 . Memory (MB): peak = 2048.938 ; gain = 0.000 ; free physical = 154 ; free virtual = 3717

Starting Logic Optimization Task

Phase 1 Retarget
INFO: [Opt 31-138] Pushed 1 inverter(s) to 12 load pin(s).
INFO: [Opt 31-49] Retargeted 0 cell(s).
Phase 1 Retarget | Checksum: 128b67da6

Time (s): cpu = 00:00:00.07 ; elapsed = 00:00:00.14 . Memory (MB): peak = 2048.938 ; gain = 0.000 ; free physical = 155 ; free virtual = 3718
INFO: [Opt 31-389] Phase Retarget created 0 cells and removed 0 cells

Phase 2 Constant propagation
INFO: [Opt 31-138] Pushed 0 inverter(s) to 0 load pin(s).
Phase 2 Constant propagation | Checksum: 128b67da6

Time (s): cpu = 00:00:00.10 ; elapsed = 00:00:00.16 . Memory (MB): peak = 2048.938 ; gain = 0.000 ; free physical = 155 ; free virtual = 3718
INFO: [Opt 31-389] Phase Constant propagation created 0 cells and removed 0 cells

Phase 3 Sweep
Phase 3 Sweep | Checksum: 15f92c482

Time (s): cpu = 00:00:00.12 ; elapsed = 00:00:00.19 . Memory (MB): peak = 2048.938 ; gain = 0.000 ; free physical = 155 ; free virtual = 3718
INFO: [Opt 31-389] Phase Sweep created 0 cells and removed 3 cells

Phase 4 BUFG optimization
INFO: [Opt 31-194] Inserted BUFG AudVid/sd_spi/spi/CLK_BUFG_inst to drive 40 load(s) on clock net DataClk
INFO: [Opt 31-193] Inserted 1 BUFG(s) on clock nets
Phase 4 BUFG optimization | Checksum: 14eea83fe

Time (s): cpu = 00:00:00.13 ; elapsed = 00:00:00.20 . Memory (MB): peak = 2048.938 ; gain = 0.000 ; free physical = 155 ; free virtual = 3718
INFO: [Opt 31-662] Phase BUFG optimization created 1 cells of which 1 are BUFGs and removed 0 cells.

Phase 5 Shift Register Optimization
Phase 5 Shift Register Optimization | Checksum: 16585186e

Time (s): cpu = 00:00:00.18 ; elapsed = 00:00:00.24 . Memory (MB): peak = 2048.938 ; gain = 0.000 ; free physical = 155 ; free virtual = 3718
INFO: [Opt 31-389] Phase Shift Register Optimization created 0 cells and removed 0 cells

Phase 6 Post Processing Netlist
Phase 6 Post Processing Netlist | Checksum: 16585186e

Time (s): cpu = 00:00:00.18 ; elapsed = 00:00:00.25 . Memory (MB): peak = 2048.938 ; gain = 0.000 ; free physical = 155 ; free virtual = 3718
INFO: [Opt 31-389] Phase Post Processing Netlist created 0 cells and removed 0 cells

Starting Connectivity Check Task

Time (s): cpu = 00:00:00 ; elapsed = 00:00:00.01 . Memory (MB): peak = 2048.938 ; gain = 0.000 ; free physical = 155 ; free virtual = 3718
Ending Logic Optimization Task | Checksum: 16585186e

Time (s): cpu = 00:00:00.20 ; elapsed = 00:00:00.26 . Memory (MB): peak = 2048.938 ; gain = 0.000 ; free physical = 155 ; free virtual = 3718

Starting Power Optimization Task
INFO: [Pwropt 34-132] Skipping clock gating for clocks with a period < 2.00 ns.
Ending Power Optimization Task | Checksum: 16585186e

Time (s): cpu = 00:00:00.01 ; elapsed = 00:00:00.04 . Memory (MB): peak = 2048.938 ; gain = 0.000 ; free physical = 155 ; free virtual = 3718

Starting Final Cleanup Task
Ending Final Cleanup Task | Checksum: 16585186e

Time (s): cpu = 00:00:00 ; elapsed = 00:00:00 . Memory (MB): peak = 2048.938 ; gain = 0.000 ; free physical = 155 ; free virtual = 3718
INFO: [Common 17-83] Releasing license: Implementation
17 Infos, 0 Warnings, 0 Critical Warnings and 0 Errors encountered.
opt_design completed successfully
# place_design
Command: place_design
Attempting to get a license for feature 'Implementation' and/or device 'xc7a35t'
INFO: [Common 17-349] Got license for feature 'Implementation' and/or device 'xc7a35t'
INFO: [DRC 23-27] Running DRC with 4 threads
INFO: [Vivado_Tcl 4-198] DRC finished with 0 Errors
INFO: [Vivado_Tcl 4-199] Please refer to the DRC report (report_drc) for more information.
Running DRC as a precondition to command place_design
INFO: [DRC 23-27] Running DRC with 4 threads
INFO: [Vivado_Tcl 4-198] DRC finished with 0 Errors
INFO: [Vivado_Tcl 4-199] Please refer to the DRC report (report_drc) for more information.

Starting Placer Task
INFO: [Place 30-611] Multithreading enabled for place_design using a maximum of 4 CPUs

Phase 1 Placer Initialization

Phase 1.1 Placer Initialization Netlist Sorting
Netlist sorting complete. Time (s): cpu = 00:00:00 ; elapsed = 00:00:00 . Memory (MB): peak = 2048.938 ; gain = 0.000 ; free physical = 166 ; free virtual = 3716
Phase 1.1 Placer Initialization Netlist Sorting | Checksum: 124bf0d3d

Time (s): cpu = 00:00:00.01 ; elapsed = 00:00:00.04 . Memory (MB): peak = 2048.938 ; gain = 0.000 ; free physical = 166 ; free virtual = 3716
Netlist sorting complete. Time (s): cpu = 00:00:00 ; elapsed = 00:00:00.01 . Memory (MB): peak = 2048.938 ; gain = 0.000 ; free physical = 166 ; free virtual = 3716

Phase 1.2 IO Placement/ Clock Placement/ Build Placer Device
INFO: [Timing 38-35] Done setting XDC timing constraints.
WARNING: [Place 30-568] A LUT 'AudVid/tft_spi/spiWorkClock/TFT_SPI_CLK_OBUF_inst_i_1' is driving clock pin of 5 registers. This could lead to large hold time violations. First few involved registers are:
	AudVid/tft_spi/spi/count_reg[0] {FDRE}
	AudVid/tft_spi/spi/count_reg[1] {FDRE}
	AudVid/tft_spi/spi/count_reg[2] {FDRE}
	AudVid/tft_spi/spi/count_reg[3] {FDRE}
	AudVid/tft_spi/spi/dataClk_reg {FDRE}
WARNING: [Place 30-568] A LUT 'AudVid/sd_spi/spiWorkClock/count[2]_i_2' is driving clock pin of 26 registers. This could lead to large hold time violations. First few involved registers are:
	AudVid/sd_spi/spiUtilCount/count_reg[0] {FDRE}
	AudVid/sd_spi/spiUtilCount/count_reg[1] {FDRE}
	AudVid/sd_spi/spiUtilCount/count_reg[2] {FDRE}
	AudVid/sd_spi/spiCount/count_reg[0] {FDRE}
	AudVid/sd_spi/spiCount/count_reg[1] {FDRE}
Phase 1.2 IO Placement/ Clock Placement/ Build Placer Device | Checksum: 1677fcd4e

Time (s): cpu = 00:00:02 ; elapsed = 00:00:01 . Memory (MB): peak = 2048.938 ; gain = 0.000 ; free physical = 164 ; free virtual = 3716

Phase 1.3 Build Placer Netlist Model
Phase 1.3 Build Placer Netlist Model | Checksum: 168c94b3b

Time (s): cpu = 00:00:02 ; elapsed = 00:00:01 . Memory (MB): peak = 2048.938 ; gain = 0.000 ; free physical = 163 ; free virtual = 3714

Phase 1.4 Constrain Clocks/Macros
Phase 1.4 Constrain Clocks/Macros | Checksum: 168c94b3b

Time (s): cpu = 00:00:02 ; elapsed = 00:00:01 . Memory (MB): peak = 2048.938 ; gain = 0.000 ; free physical = 163 ; free virtual = 3714
Phase 1 Placer Initialization | Checksum: 168c94b3b

Time (s): cpu = 00:00:02 ; elapsed = 00:00:01 . Memory (MB): peak = 2048.938 ; gain = 0.000 ; free physical = 163 ; free virtual = 3714

Phase 2 Global Placement

Phase 2.1 Floorplanning
Phase 2.1 Floorplanning | Checksum: 227bba797

Time (s): cpu = 00:00:02 ; elapsed = 00:00:02 . Memory (MB): peak = 2088.957 ; gain = 40.020 ; free physical = 162 ; free virtual = 3714

Phase 2.2 Physical Synthesis In Placer
INFO: [Physopt 32-65] No nets found for high-fanout optimization.
INFO: [Physopt 32-232] Optimized 0 net. Created 0 new instance.
INFO: [Physopt 32-775] End 1 Pass. Optimized 0 net or cell. Created 0 new cell, deleted 0 existing cell and moved 0 existing cell
Netlist sorting complete. Time (s): cpu = 00:00:00 ; elapsed = 00:00:00 . Memory (MB): peak = 2104.965 ; gain = 0.000 ; free physical = 154 ; free virtual = 3707

Summary of Physical Synthesis Optimizations
============================================


-----------------------------------------------------------------------------------------------------------------------------
|  Optimization       |  Added Cells  |  Removed Cells  |  Optimized Cells/Nets  |  Dont Touch  |  Iterations  |  Elapsed   |
-----------------------------------------------------------------------------------------------------------------------------
|  Very High Fanout   |            0  |              0  |                     0  |           0  |           1  |  00:00:00  |
|  Total              |            0  |              0  |                     0  |           0  |           1  |  00:00:00  |
-----------------------------------------------------------------------------------------------------------------------------


Phase 2.2 Physical Synthesis In Placer | Checksum: 200c067d9

Time (s): cpu = 00:00:04 ; elapsed = 00:00:03 . Memory (MB): peak = 2104.965 ; gain = 56.027 ; free physical = 155 ; free virtual = 3708
Phase 2 Global Placement | Checksum: 187ce6b59

Time (s): cpu = 00:00:05 ; elapsed = 00:00:03 . Memory (MB): peak = 2104.965 ; gain = 56.027 ; free physical = 157 ; free virtual = 3708

Phase 3 Detail Placement

Phase 3.1 Commit Multi Column Macros
Phase 3.1 Commit Multi Column Macros | Checksum: 187ce6b59

Time (s): cpu = 00:00:05 ; elapsed = 00:00:03 . Memory (MB): peak = 2104.965 ; gain = 56.027 ; free physical = 157 ; free virtual = 3708

Phase 3.2 Commit Most Macros & LUTRAMs
Phase 3.2 Commit Most Macros & LUTRAMs | Checksum: 1242c3c5d

Time (s): cpu = 00:00:05 ; elapsed = 00:00:03 . Memory (MB): peak = 2104.965 ; gain = 56.027 ; free physical = 156 ; free virtual = 3707

Phase 3.3 Area Swap Optimization
Phase 3.3 Area Swap Optimization | Checksum: 12da80857

Time (s): cpu = 00:00:05 ; elapsed = 00:00:03 . Memory (MB): peak = 2104.965 ; gain = 56.027 ; free physical = 157 ; free virtual = 3707

Phase 3.4 Pipeline Register Optimization
Phase 3.4 Pipeline Register Optimization | Checksum: 12da80857

Time (s): cpu = 00:00:05 ; elapsed = 00:00:03 . Memory (MB): peak = 2104.965 ; gain = 56.027 ; free physical = 157 ; free virtual = 3707

Phase 3.5 Small Shape Detail Placement
Phase 3.5 Small Shape Detail Placement | Checksum: 1b9c0a1db

Time (s): cpu = 00:00:05 ; elapsed = 00:00:04 . Memory (MB): peak = 2104.965 ; gain = 56.027 ; free physical = 134 ; free virtual = 3704

Phase 3.6 Re-assign LUT pins
Phase 3.6 Re-assign LUT pins | Checksum: 13c214d6e

Time (s): cpu = 00:00:06 ; elapsed = 00:00:04 . Memory (MB): peak = 2104.965 ; gain = 56.027 ; free physical = 132 ; free virtual = 3704

Phase 3.7 Pipeline Register Optimization
Phase 3.7 Pipeline Register Optimization | Checksum: 13c214d6e

Time (s): cpu = 00:00:06 ; elapsed = 00:00:04 . Memory (MB): peak = 2104.965 ; gain = 56.027 ; free physical = 129 ; free virtual = 3704
Phase 3 Detail Placement | Checksum: 13c214d6e

Time (s): cpu = 00:00:06 ; elapsed = 00:00:04 . Memory (MB): peak = 2104.965 ; gain = 56.027 ; free physical = 129 ; free virtual = 3704

Phase 4 Post Placement Optimization and Clean-Up

Phase 4.1 Post Commit Optimization
INFO: [Timing 38-35] Done setting XDC timing constraints.

Phase 4.1.1 Post Placement Optimization
Post Placement Optimization Initialization | Checksum: 1558dab21

Phase 4.1.1.1 BUFG Insertion
INFO: [Place 46-31] BUFG insertion identified 0 candidate nets, 0 success, 0 skipped for placement/routing, 0 skipped for timing, 0 skipped for netlist change reason.
Phase 4.1.1.1 BUFG Insertion | Checksum: 1558dab21

Time (s): cpu = 00:00:06 ; elapsed = 00:00:04 . Memory (MB): peak = 2104.965 ; gain = 56.027 ; free physical = 125 ; free virtual = 3704
INFO: [Place 30-746] Post Placement Timing Summary WNS=6.601. For the most accurate timing information please run report_timing.
Phase 4.1.1 Post Placement Optimization | Checksum: e98e67db

Time (s): cpu = 00:00:06 ; elapsed = 00:00:04 . Memory (MB): peak = 2104.965 ; gain = 56.027 ; free physical = 125 ; free virtual = 3704
Phase 4.1 Post Commit Optimization | Checksum: e98e67db

Time (s): cpu = 00:00:06 ; elapsed = 00:00:04 . Memory (MB): peak = 2104.965 ; gain = 56.027 ; free physical = 125 ; free virtual = 3704

Phase 4.2 Post Placement Cleanup
Phase 4.2 Post Placement Cleanup | Checksum: e98e67db

Time (s): cpu = 00:00:06 ; elapsed = 00:00:04 . Memory (MB): peak = 2104.965 ; gain = 56.027 ; free physical = 125 ; free virtual = 3704

Phase 4.3 Placer Reporting
Phase 4.3 Placer Reporting | Checksum: e98e67db

Time (s): cpu = 00:00:06 ; elapsed = 00:00:04 . Memory (MB): peak = 2104.965 ; gain = 56.027 ; free physical = 125 ; free virtual = 3704

Phase 4.4 Final Placement Cleanup
Phase 4.4 Final Placement Cleanup | Checksum: e37b860f

Time (s): cpu = 00:00:06 ; elapsed = 00:00:04 . Memory (MB): peak = 2104.965 ; gain = 56.027 ; free physical = 125 ; free virtual = 3704
Phase 4 Post Placement Optimization and Clean-Up | Checksum: e37b860f

Time (s): cpu = 00:00:06 ; elapsed = 00:00:04 . Memory (MB): peak = 2104.965 ; gain = 56.027 ; free physical = 125 ; free virtual = 3704
Ending Placer Task | Checksum: 7d74c173

Time (s): cpu = 00:00:06 ; elapsed = 00:00:04 . Memory (MB): peak = 2104.965 ; gain = 56.027 ; free physical = 132 ; free virtual = 3710
INFO: [Common 17-83] Releasing license: Implementation
16 Infos, 2 Warnings, 0 Critical Warnings and 0 Errors encountered.
place_design completed successfully
place_design: Time (s): cpu = 00:00:09 ; elapsed = 00:00:07 . Memory (MB): peak = 2104.965 ; gain = 56.027 ; free physical = 132 ; free virtual = 3710
# report_utilization -hierarchical -file top_utilization_hierarchical_place.rpt
report_utilization: Time (s): cpu = 00:00:00.19 ; elapsed = 00:00:00.28 . Memory (MB): peak = 2104.965 ; gain = 0.000 ; free physical = 133 ; free virtual = 3710
# report_utilization -file top_utilization_place.rpt
report_utilization: Time (s): cpu = 00:00:00.19 ; elapsed = 00:00:00.28 . Memory (MB): peak = 2104.965 ; gain = 0.000 ; free physical = 134 ; free virtual = 3709
# report_io -file top_io.rpt
report_io: Time (s): cpu = 00:00:00.19 ; elapsed = 00:00:00.25 . Memory (MB): peak = 2104.965 ; gain = 0.000 ; free physical = 129 ; free virtual = 3703
# report_control_sets -verbose -file top_control_sets.rpt
report_control_sets: Time (s): cpu = 00:00:00.10 ; elapsed = 00:00:00.16 . Memory (MB): peak = 2104.965 ; gain = 0.000 ; free physical = 138 ; free virtual = 3710
# report_clock_utilization -file top_clock_utilization.rpt
# route_design
Command: route_design
Attempting to get a license for feature 'Implementation' and/or device 'xc7a35t'
INFO: [Common 17-349] Got license for feature 'Implementation' and/or device 'xc7a35t'
Running DRC as a precondition to command route_design
INFO: [DRC 23-27] Running DRC with 4 threads
INFO: [Vivado_Tcl 4-198] DRC finished with 0 Errors
INFO: [Vivado_Tcl 4-199] Please refer to the DRC report (report_drc) for more information.


Starting Routing Task
INFO: [Route 35-254] Multithreading enabled for route_design using a maximum of 4 CPUs
Checksum: PlaceDB: 365318e6 ConstDB: 0 ShapeSum: 4721a88d RouteDB: 0

Phase 1 Build RT Design
Phase 1 Build RT Design | Checksum: b9dddb4e

Time (s): cpu = 00:00:28 ; elapsed = 00:00:24 . Memory (MB): peak = 2119.613 ; gain = 14.648 ; free physical = 121 ; free virtual = 3603
Post Restoration Checksum: NetGraph: 565ac7f2 NumContArr: 6383135c Constraints: 0 Timing: 0

Phase 2 Router Initialization

Phase 2.1 Create Timer
Phase 2.1 Create Timer | Checksum: b9dddb4e

Time (s): cpu = 00:00:28 ; elapsed = 00:00:24 . Memory (MB): peak = 2119.613 ; gain = 14.648 ; free physical = 121 ; free virtual = 3603

Phase 2.2 Fix Topology Constraints
Phase 2.2 Fix Topology Constraints | Checksum: b9dddb4e

Time (s): cpu = 00:00:28 ; elapsed = 00:00:24 . Memory (MB): peak = 2119.613 ; gain = 14.648 ; free physical = 107 ; free virtual = 3589

Phase 2.3 Pre Route Cleanup
Phase 2.3 Pre Route Cleanup | Checksum: b9dddb4e

Time (s): cpu = 00:00:28 ; elapsed = 00:00:24 . Memory (MB): peak = 2119.613 ; gain = 14.648 ; free physical = 107 ; free virtual = 3589
 Number of Nodes with overlaps = 0

Phase 2.4 Update Timing
Phase 2.4 Update Timing | Checksum: 1073e675f

Time (s): cpu = 00:00:29 ; elapsed = 00:00:24 . Memory (MB): peak = 2120.613 ; gain = 15.648 ; free physical = 108 ; free virtual = 3579
INFO: [Route 35-416] Intermediate Timing Summary | WNS=6.586  | TNS=0.000  | WHS=-0.140 | THS=-0.706 |

Phase 2 Router Initialization | Checksum: 14f644032

Time (s): cpu = 00:00:29 ; elapsed = 00:00:24 . Memory (MB): peak = 2120.613 ; gain = 15.648 ; free physical = 108 ; free virtual = 3578

Phase 3 Initial Routing
Phase 3 Initial Routing | Checksum: 1ca2d8c78

Time (s): cpu = 00:00:29 ; elapsed = 00:00:25 . Memory (MB): peak = 2120.613 ; gain = 15.648 ; free physical = 109 ; free virtual = 3580

Phase 4 Rip-up And Reroute

Phase 4.1 Global Iteration 0
 Number of Nodes with overlaps = 34
 Number of Nodes with overlaps = 0
INFO: [Route 35-416] Intermediate Timing Summary | WNS=6.522  | TNS=0.000  | WHS=N/A    | THS=N/A    |

Phase 4.1 Global Iteration 0 | Checksum: 24f3776da

Time (s): cpu = 00:00:30 ; elapsed = 00:00:25 . Memory (MB): peak = 2120.613 ; gain = 15.648 ; free physical = 110 ; free virtual = 3580
Phase 4 Rip-up And Reroute | Checksum: 24f3776da

Time (s): cpu = 00:00:30 ; elapsed = 00:00:25 . Memory (MB): peak = 2120.613 ; gain = 15.648 ; free physical = 110 ; free virtual = 3580

Phase 5 Delay and Skew Optimization

Phase 5.1 Delay CleanUp

Phase 5.1.1 Update Timing
Phase 5.1.1 Update Timing | Checksum: 20fd42b91

Time (s): cpu = 00:00:30 ; elapsed = 00:00:25 . Memory (MB): peak = 2120.613 ; gain = 15.648 ; free physical = 110 ; free virtual = 3580
INFO: [Route 35-416] Intermediate Timing Summary | WNS=6.601  | TNS=0.000  | WHS=N/A    | THS=N/A    |

Phase 5.1 Delay CleanUp | Checksum: 20fd42b91

Time (s): cpu = 00:00:30 ; elapsed = 00:00:25 . Memory (MB): peak = 2120.613 ; gain = 15.648 ; free physical = 110 ; free virtual = 3580

Phase 5.2 Clock Skew Optimization
Phase 5.2 Clock Skew Optimization | Checksum: 20fd42b91

Time (s): cpu = 00:00:30 ; elapsed = 00:00:25 . Memory (MB): peak = 2120.613 ; gain = 15.648 ; free physical = 110 ; free virtual = 3580
Phase 5 Delay and Skew Optimization | Checksum: 20fd42b91

Time (s): cpu = 00:00:30 ; elapsed = 00:00:25 . Memory (MB): peak = 2120.613 ; gain = 15.648 ; free physical = 110 ; free virtual = 3580

Phase 6 Post Hold Fix

Phase 6.1 Hold Fix Iter

Phase 6.1.1 Update Timing
Phase 6.1.1 Update Timing | Checksum: 1d09a4bb9

Time (s): cpu = 00:00:30 ; elapsed = 00:00:25 . Memory (MB): peak = 2120.613 ; gain = 15.648 ; free physical = 110 ; free virtual = 3580
INFO: [Route 35-416] Intermediate Timing Summary | WNS=6.601  | TNS=0.000  | WHS=0.152  | THS=0.000  |

Phase 6.1 Hold Fix Iter | Checksum: 2cc4460a1

Time (s): cpu = 00:00:30 ; elapsed = 00:00:25 . Memory (MB): peak = 2120.613 ; gain = 15.648 ; free physical = 110 ; free virtual = 3580
Phase 6 Post Hold Fix | Checksum: 2cc4460a1

Time (s): cpu = 00:00:30 ; elapsed = 00:00:25 . Memory (MB): peak = 2120.613 ; gain = 15.648 ; free physical = 110 ; free virtual = 3580

Phase 7 Route finalize

Router Utilization Summary
  Global Vertical Routing Utilization    = 0.0491908 %
  Global Horizontal Routing Utilization  = 0.053748 %
  Routable Net Status*
  *Does not include unroutable nets such as driverless and loadless.
  Run report_route_status for detailed report.
  Number of Failed Nets               = 0
  Number of Unrouted Nets             = 0
  Number of Partially Routed Nets     = 0
  Number of Node Overlaps             = 0

Phase 7 Route finalize | Checksum: 22d9fa0fc

Time (s): cpu = 00:00:30 ; elapsed = 00:00:25 . Memory (MB): peak = 2120.613 ; gain = 15.648 ; free physical = 110 ; free virtual = 3580

Phase 8 Verifying routed nets

 Verification completed successfully
Phase 8 Verifying routed nets | Checksum: 22d9fa0fc

Time (s): cpu = 00:00:30 ; elapsed = 00:00:25 . Memory (MB): peak = 2120.613 ; gain = 15.648 ; free physical = 110 ; free virtual = 3580

Phase 9 Depositing Routes
Phase 9 Depositing Routes | Checksum: 1afba8372

Time (s): cpu = 00:00:30 ; elapsed = 00:00:25 . Memory (MB): peak = 2120.613 ; gain = 15.648 ; free physical = 110 ; free virtual = 3580

Phase 10 Post Router Timing
INFO: [Route 35-57] Estimated Timing Summary | WNS=6.601  | TNS=0.000  | WHS=0.152  | THS=0.000  |

INFO: [Route 35-327] The final timing numbers are based on the router estimated timing analysis. For a complete and accurate timing signoff, please run report_timing_summary.
Phase 10 Post Router Timing | Checksum: 1afba8372

Time (s): cpu = 00:00:30 ; elapsed = 00:00:25 . Memory (MB): peak = 2120.613 ; gain = 15.648 ; free physical = 110 ; free virtual = 3580
INFO: [Route 35-16] Router Completed Successfully

Time (s): cpu = 00:00:30 ; elapsed = 00:00:25 . Memory (MB): peak = 2120.613 ; gain = 15.648 ; free physical = 125 ; free virtual = 3595

Routing Is Done.
INFO: [Common 17-83] Releasing license: Implementation
13 Infos, 0 Warnings, 0 Critical Warnings and 0 Errors encountered.
route_design completed successfully
route_design: Time (s): cpu = 00:00:34 ; elapsed = 00:00:28 . Memory (MB): peak = 2120.613 ; gain = 15.648 ; free physical = 125 ; free virtual = 3595
# phys_opt_design
Command: phys_opt_design
Attempting to get a license for feature 'Implementation' and/or device 'xc7a35t'
INFO: [Common 17-349] Got license for feature 'Implementation' and/or device 'xc7a35t'
INFO: [Vivado_Tcl 4-241] Physical synthesis in post route mode ( 100.0% nets are fully routed)
INFO: [Vivado_Tcl 4-383] Design worst setup slack (WNS) is greater than or equal to 0.000 ns. Skipping all physical synthesis optimizations.
INFO: [Vivado_Tcl 4-232] No setup violation found. The netlist was not modified.
INFO: [Common 17-83] Releasing license: Implementation
5 Infos, 0 Warnings, 0 Critical Warnings and 0 Errors encountered.
phys_opt_design completed successfully
# report_timing_summary -no_header -no_detailed_paths
INFO: [Timing 38-91] UpdateTimingParams: Speed grade: -1, Delay Type: min_max.
INFO: [Timing 38-191] Multithreading enabled for timing update using a maximum of 4 CPUs
------------------------------------------------------------------------------------------------
| Timer Settings
| --------------
------------------------------------------------------------------------------------------------

  Enable Multi Corner Analysis               :  Yes
  Enable Pessimism Removal                   :  Yes
  Pessimism Removal Resolution               :  Nearest Common Node
  Enable Input Delay Default Clock           :  No
  Enable Preset / Clear Arcs                 :  No
  Disable Flight Delays                      :  No
  Ignore I/O Paths                           :  No
  Timing Early Launch at Borrowing Latches   :  false

  Corner  Analyze    Analyze    
  Name    Max Paths  Min Paths  
  ------  ---------  ---------  
  Slow    Yes        Yes        
  Fast    Yes        Yes        



check_timing report

Table of Contents
-----------------
1. checking no_clock
2. checking constant_clock
3. checking pulse_width_clock
4. checking unconstrained_internal_endpoints
5. checking no_input_delay
6. checking no_output_delay
7. checking multiple_clock
8. checking generated_clocks
9. checking loops
10. checking partial_input_delay
11. checking partial_output_delay
12. checking latch_loops

1. checking no_clock
--------------------
 There is 1 register/latch pin with no clock driven by root clock pin: AudVid/sd_spi/EnableDataRead_reg/Q (HIGH)

 There are 39 register/latch pins with no clock driven by root clock pin: AudVid/sd_spi/spi/DataClk_reg/Q (HIGH)

 There are 26 register/latch pins with no clock driven by root clock pin: AudVid/sd_spi/spiInitClock/OutputCLK_reg/Q (HIGH)

 There are 26 register/latch pins with no clock driven by root clock pin: AudVid/sd_spi/spiWorkClock/OutputCLK_reg/Q (HIGH)

 There are 31 register/latch pins with no clock driven by root clock pin: AudVid/tft_spi/spi/dataClk_reg/Q (HIGH)

 There are 5 register/latch pins with no clock driven by root clock pin: AudVid/tft_spi/spiInitRegClock/OutputCLK_reg/Q (HIGH)

 There are 5 register/latch pins with no clock driven by root clock pin: AudVid/tft_spi/spiWorkClock/OutputCLK_reg/Q (HIGH)


2. checking constant_clock
--------------------------
 There are 0 register/latch pins with constant_clock.


3. checking pulse_width_clock
-----------------------------
 There are 0 register/latch pins which need pulse_width check


4. checking unconstrained_internal_endpoints
--------------------------------------------
 There are 202 pins that are not constrained for maximum delay. (HIGH)

 There are 0 pins that are not constrained for maximum delay due to constant clock.


5. checking no_input_delay
--------------------------
 There are 2 input ports with no input delay specified. (HIGH)

 There are 0 input ports with no input delay but user has a false path constraint.


6. checking no_output_delay
---------------------------
 There are 9 ports with no output delay specified. (HIGH)

 There are 0 ports with no output delay but user has a false path constraint

 There are 0 ports with no output delay but with a timing clock defined on it or propagating through it


7. checking multiple_clock
--------------------------
 There are 0 register/latch pins with multiple clocks.


8. checking generated_clocks
----------------------------
 There are 0 generated clocks that are not connected to a clock source.


9. checking loops
-----------------
 There are 0 combinational loops in the design.


10. checking partial_input_delay
--------------------------------
 There are 0 input ports with partial input delay specified.


11. checking partial_output_delay
---------------------------------
 There are 0 ports with partial output delay specified.


12. checking latch_loops
------------------------
 There are 0 combinational latch loops in the design through latch input



------------------------------------------------------------------------------------------------
| Design Timing Summary
| ---------------------
------------------------------------------------------------------------------------------------

    WNS(ns)      TNS(ns)  TNS Failing Endpoints  TNS Total Endpoints      WHS(ns)      THS(ns)  THS Failing Endpoints  THS Total Endpoints     WPWS(ns)     TPWS(ns)  TPWS Failing Endpoints  TPWS Total Endpoints  
    -------      -------  ---------------------  -------------------      -------      -------  ---------------------  -------------------     --------     --------  ----------------------  --------------------  
      6.605        0.000                      0                   66        0.154        0.000                      0                   66        4.500        0.000                       0                    44  


All user specified timing constraints are met.


------------------------------------------------------------------------------------------------
| Clock Summary
| -------------
------------------------------------------------------------------------------------------------

Clock   Waveform(ns)       Period(ns)      Frequency(MHz)
-----   ------------       ----------      --------------
clk100  {0.000 5.000}      10.000          100.000         


------------------------------------------------------------------------------------------------
| Intra Clock Table
| -----------------
------------------------------------------------------------------------------------------------

Clock             WNS(ns)      TNS(ns)  TNS Failing Endpoints  TNS Total Endpoints      WHS(ns)      THS(ns)  THS Failing Endpoints  THS Total Endpoints     WPWS(ns)     TPWS(ns)  TPWS Failing Endpoints  TPWS Total Endpoints  
-----             -------      -------  ---------------------  -------------------      -------      -------  ---------------------  -------------------     --------     --------  ----------------------  --------------------  
clk100              6.605        0.000                      0                   66        0.154        0.000                      0                   66        4.500        0.000                       0                    44  


------------------------------------------------------------------------------------------------
| Inter Clock Table
| -----------------
------------------------------------------------------------------------------------------------

From Clock    To Clock          WNS(ns)      TNS(ns)  TNS Failing Endpoints  TNS Total Endpoints      WHS(ns)      THS(ns)  THS Failing Endpoints  THS Total Endpoints  
----------    --------          -------      -------  ---------------------  -------------------      -------      -------  ---------------------  -------------------  


------------------------------------------------------------------------------------------------
| Other Path Groups Table
| -----------------------
------------------------------------------------------------------------------------------------

Path Group    From Clock    To Clock          WNS(ns)      TNS(ns)  TNS Failing Endpoints  TNS Total Endpoints      WHS(ns)      THS(ns)  THS Failing Endpoints  THS Total Endpoints  
----------    ----------    --------          -------      -------  ---------------------  -------------------      -------      -------  ---------------------  -------------------  


# write_checkpoint -force top_route.dcp
INFO: [Timing 38-480] Writing timing data to binary archive.
Writing placer database...
Writing XDEF routing.
Writing XDEF routing logical nets.
Writing XDEF routing special nets.
Write XDEF Complete: Time (s): cpu = 00:00:00.27 ; elapsed = 00:00:00.11 . Memory (MB): peak = 2120.613 ; gain = 0.000 ; free physical = 120 ; free virtual = 3592
INFO: [Common 17-1381] The checkpoint '/home/camilo/MEGA/Universidad/2018-2/Digital2/Proyecto/SoC/build/top_route.dcp' has been generated.
# report_route_status -file top_route_status.rpt
# report_drc -file top_drc.rpt
Command: report_drc -file top_drc.rpt
INFO: [IP_Flow 19-234] Refreshing IP repositories
INFO: [IP_Flow 19-1704] No user IP repositories specified
INFO: [IP_Flow 19-2313] Loaded Vivado IP repository '/home/camilo/Programas/Xilinx/Vivado/2018.2/data/ip'.
INFO: [DRC 23-27] Running DRC with 4 threads
INFO: [Coretcl 2-168] The results of DRC are in file /home/camilo/MEGA/Universidad/2018-2/Digital2/Proyecto/SoC/build/top_drc.rpt.
report_drc completed successfully
report_drc: Time (s): cpu = 00:00:05 ; elapsed = 00:00:07 . Memory (MB): peak = 2144.625 ; gain = 0.000 ; free physical = 122 ; free virtual = 3573
# report_timing_summary -datasheet -max_paths 10 -file top_timing.rpt
INFO: [Timing 38-91] UpdateTimingParams: Speed grade: -1, Delay Type: min_max.
INFO: [Timing 38-191] Multithreading enabled for timing update using a maximum of 4 CPUs
# report_power -file top_power.rpt
Command: report_power -file top_power.rpt
Running Vector-less Activity Propagation...

Finished Running Vector-less Activity Propagation
0 Infos, 0 Warnings, 0 Critical Warnings and 0 Errors encountered.
report_power completed successfully
# write_bitstream -force top.bit 
Command: write_bitstream -force top.bit
Attempting to get a license for feature 'Implementation' and/or device 'xc7a35t'
INFO: [Common 17-349] Got license for feature 'Implementation' and/or device 'xc7a35t'
Running DRC as a precondition to command write_bitstream
INFO: [DRC 23-27] Running DRC with 4 threads
WARNING: [DRC CFGBVS-1] Missing CFGBVS and CONFIG_VOLTAGE Design Properties: Neither the CFGBVS nor CONFIG_VOLTAGE voltage property is set in the current_design.  Configuration bank voltage select (CFGBVS) must be set to VCCO or GND, and CONFIG_VOLTAGE must be set to the correct configuration voltage, in order to determine the I/O voltage support for the pins in bank 0.  It is suggested to specify these either using the 'Edit Device Properties' function in the GUI or directly in the XDC file using the following syntax:

 set_property CFGBVS value1 [current_design]
 #where value1 is either VCCO or GND

 set_property CONFIG_VOLTAGE value2 [current_design]
 #where value2 is the voltage provided to configuration bank 0

Refer to the device configuration user guide for more information.
WARNING: [DRC PDRC-153] Gated clock check: Net AudVid/sd_spi/spiWorkClock/CLK is a gated clock net sourced by a combinational pin AudVid/sd_spi/spiWorkClock/count[2]_i_2/O, cell AudVid/sd_spi/spiWorkClock/count[2]_i_2. This is not good design practice and will likely impact performance. For SLICE registers, for example, use the CE pin to control the loading of data.
WARNING: [DRC PDRC-153] Gated clock check: Net AudVid/tft_spi/spiWorkClock/count_reg[0] is a gated clock net sourced by a combinational pin AudVid/tft_spi/spiWorkClock/TFT_SPI_CLK_OBUF_inst_i_1/O, cell AudVid/tft_spi/spiWorkClock/TFT_SPI_CLK_OBUF_inst_i_1. This is not good design practice and will likely impact performance. For SLICE registers, for example, use the CE pin to control the loading of data.
WARNING: [DRC PLHOLDVIO-2] Non-Optimal connections which could lead to hold violations: A LUT AudVid/sd_spi/spiWorkClock/count[2]_i_2 is driving clock pin of 26 cells. This could lead to large hold time violations. First few involved cells are:
    AudVid/sd_spi/spi/DataClk_reg {FDRE}
    AudVid/sd_spi/spi/Data_reg[0] {FDRE}
    AudVid/sd_spi/spi/Data_reg[1] {FDRE}
    AudVid/sd_spi/spi/Data_reg[2] {FDRE}
    AudVid/sd_spi/spi/Data_reg[3] {FDRE}
    AudVid/sd_spi/spi/Data_reg[4] {FDRE}
    AudVid/sd_spi/spi/Data_reg[5] {FDRE}
    AudVid/sd_spi/spi/Data_reg[6] {FDRE}
    AudVid/sd_spi/spi/Data_reg[7] {FDRE}
WARNING: [DRC PLHOLDVIO-2] Non-Optimal connections which could lead to hold violations: A LUT AudVid/tft_spi/spiWorkClock/TFT_SPI_CLK_OBUF_inst_i_1 is driving clock pin of 5 cells. This could lead to large hold time violations. First few involved cells are:
    AudVid/tft_spi/spi/count_reg[0] {FDRE}
    AudVid/tft_spi/spi/count_reg[1] {FDRE}
    AudVid/tft_spi/spi/count_reg[2] {FDRE}
    AudVid/tft_spi/spi/count_reg[3] {FDRE}
    AudVid/tft_spi/spi/dataClk_reg {FDRE}
INFO: [Vivado 12-3199] DRC finished with 0 Errors, 5 Warnings
INFO: [Vivado 12-3200] Please refer to the DRC report (report_drc) for more information.
INFO: [Designutils 20-2272] Running write_bitstream with 4 threads.
Loading data files...
Loading site data...
Loading route data...
Processing options...
Creating bitmap...
Creating bitstream...
Writing bitstream ./top.bit...
INFO: [Vivado 12-1842] Bitgen Completed Successfully.
INFO: [Project 1-120] WebTalk data collection is mandatory when using a WebPACK part without a full Vivado license. To see the specific WebTalk data collected for your design, open the usage_statistics_webtalk.html or usage_statistics_webtalk.xml file in the implementation directory.
INFO: [Common 17-186] '/home/camilo/MEGA/Universidad/2018-2/Digital2/Proyecto/SoC/build/usage_statistics_webtalk.xml' has been successfully sent to Xilinx on Tue Feb 12 23:58:23 2019. For additional details about this file, please refer to the WebTalk help file at /home/camilo/Programas/Xilinx/Vivado/2018.2/doc/webtalk_introduction.html.
INFO: [Common 17-83] Releasing license: Implementation
9 Infos, 5 Warnings, 0 Critical Warnings and 0 Errors encountered.
write_bitstream completed successfully
write_bitstream: Time (s): cpu = 00:00:17 ; elapsed = 00:00:25 . Memory (MB): peak = 2463.902 ; gain = 278.633 ; free physical = 408 ; free virtual = 3577
# quit
INFO: [Common 17-206] Exiting Vivado at Tue Feb 12 23:58:23 2019...
