Copyright 1986-2018 Xilinx, Inc. All Rights Reserved.
--------------------------------------------------------------------------------------
| Tool Version : Vivado v.2018.2.1 (lin64) Build 2288692 Thu Jul 26 18:23:50 MDT 2018
| Date         : Sun Mar  3 22:57:33 2019
| Host         : camilo-X455LAB running 64-bit Ubuntu 18.04.2 LTS
| Command      : report_clock_utilization -file top_clock_utilization.rpt
| Design       : top
| Device       : 7a35t-cpg236
| Speed File   : -1  PRODUCTION 1.23 2018-06-13
--------------------------------------------------------------------------------------

Clock Utilization Report

Table of Contents
-----------------
1. Clock Primitive Utilization
2. Global Clock Resources
3. Global Clock Source Details
4. Local Clock Details
5. Clock Regions: Key Resource Utilization
6. Clock Regions : Global Clock Summary
7. Device Cell Placement Summary for Global Clock g0
8. Device Cell Placement Summary for Global Clock g1
9. Device Cell Placement Summary for Global Clock g2
10. Device Cell Placement Summary for Global Clock g3
11. Device Cell Placement Summary for Global Clock g4
12. Device Cell Placement Summary for Global Clock g5
13. Device Cell Placement Summary for Global Clock g6
14. Device Cell Placement Summary for Global Clock g7
15. Device Cell Placement Summary for Global Clock g8
16. Device Cell Placement Summary for Global Clock g9
17. Device Cell Placement Summary for Global Clock g10
18. Device Cell Placement Summary for Global Clock g11
19. Device Cell Placement Summary for Global Clock g12
20. Device Cell Placement Summary for Global Clock g13
21. Clock Region Cell Placement per Global Clock: Region X0Y0
22. Clock Region Cell Placement per Global Clock: Region X1Y0
23. Clock Region Cell Placement per Global Clock: Region X1Y1
24. Clock Region Cell Placement per Global Clock: Region X0Y2

1. Clock Primitive Utilization
------------------------------

+----------+------+-----------+-----+--------------+--------+
| Type     | Used | Available | LOC | Clock Region | Pblock |
+----------+------+-----------+-----+--------------+--------+
| BUFGCTRL |   11 |        32 |   0 |            0 |      0 |
| BUFH     |    3 |        72 |   0 |            0 |      0 |
| BUFIO    |    0 |        20 |   0 |            0 |      0 |
| BUFMR    |    0 |        10 |   0 |            0 |      0 |
| BUFR     |    0 |        20 |   0 |            0 |      0 |
| MMCM     |    2 |         5 |   0 |            0 |      0 |
| PLL      |    0 |         5 |   0 |            0 |      0 |
+----------+------+-----------+-----+--------------+--------+


2. Global Clock Resources
-------------------------

+-----------+-----------+-----------------+------------+----------------+--------------+-------------------+-------------+-----------------+--------------+--------------------------------+-------------------------------------------------+--------------------------------------------------------------------+
| Global Id | Source Id | Driver Type/Pin | Constraint | Site           | Clock Region | Load Clock Region | Clock Loads | Non-Clock Loads | Clock Period | Clock                          | Driver Pin                                      | Net                                                                |
+-----------+-----------+-----------------+------------+----------------+--------------+-------------------+-------------+-----------------+--------------+--------------------------------+-------------------------------------------------+--------------------------------------------------------------------+
| g0        | src0      | BUFG/O          | None       | BUFGCTRL_X0Y2  | n/a          |                 3 |        2038 |               0 |       10.000 | clk100                         | clk100_IBUF_BUFG_inst/O                         | clk100_IBUF_BUFG                                                   |
| g1        | src1      | BUFG/O          | None       | BUFGCTRL_X0Y0  | n/a          |                 3 |          61 |               2 |              |                                | Audio/i2s/Data_reg[15]_0_BUFG_inst/O            | Audio/i2s/Data_reg[15]_0_BUFG                                      |
| g2        | src2      | BUFG/O          | None       | BUFGCTRL_X0Y4  | n/a          |                 1 |          42 |               0 |              |                                | FSM_onehot_Init_Count_reg[25]_i_2/O             | sd_spi/Init_DataClock                                              |
| g3        | src3      | BUFG/O          | None       | BUFGCTRL_X0Y5  | n/a          |                 2 |          35 |               0 |              |                                | FSM_sequential_Work_Count_reg[3]_i_3/O          | SD_InputDataClock                                                  |
| g4        | src4      | BUFG/O          | None       | BUFGCTRL_X0Y6  | n/a          |                 1 |          35 |               0 |              |                                | n_0_2529_BUFG_inst/O                            | n_0_2529_BUFG                                                      |
| g5        | src5      | BUFG/O          | None       | BUFGCTRL_X0Y7  | n/a          |                 2 |          24 |              10 |              |                                | Address_reg[23]_i_1/O                           | SD_EnableDataRead                                                  |
| g6        | src6      | BUFGCTRL/O      | None       | BUFGCTRL_X0Y3  | n/a          |                 1 |          23 |               0 |       10.000 | MasterClocK_reloj1_clk_wiz_0_0 | Video/video_clockmanager/cm1/clkout1_buf1/O     | Video/video_clockmanager/cm1/MasterCLK                             |
| g7        | src6      | BUFH/O          | None       | BUFHCE_X0Y1    | X0Y0         |                 1 |           8 |               0 |       10.000 | MasterClocK_reloj1_clk_wiz_0_0 | Video/video_clockmanager/cm1/clkout1_buf_en1/O  | Video/video_clockmanager/cm1/MasterClocK_reloj1_clk_wiz_0_0_en_clk |
| g8        | src7      | BUFH/O          | None       | BUFHCE_X0Y0    | X0Y0         |                 1 |           8 |               0 |       70.862 | I2S_CLK_reloj2_clk_wiz_0_0     | Audio/audvid_clockmanager/cm2/clkout1_buf_en2/O | Audio/audvid_clockmanager/cm2/I2S_CLK_reloj2_clk_wiz_0_0_en_clk    |
| g9        | src7      | BUFGCTRL/O      | None       | BUFGCTRL_X0Y8  | n/a          |                 1 |           5 |               0 |       70.862 | I2S_CLK_reloj2_clk_wiz_0_0     | Audio/audvid_clockmanager/cm2/clkout1_buf2/O    | Audio/audvid_clockmanager/cm2/CLK                                  |
| g10       | src6      | BUFH/O          | None       | BUFHCE_X0Y2    | X0Y0         |                 1 |           8 |               0 |      160.000 | TFT_Clock_reloj1_clk_wiz_0_0   | Video/video_clockmanager/cm1/clkout3_buf_en1/O  | Video/video_clockmanager/cm1/TFT_Clock_reloj1_clk_wiz_0_0_en_clk   |
| g11       | src6      | BUFGCTRL/O      | None       | BUFGCTRL_X0Y1  | n/a          |                 2 |           5 |               1 |      160.000 | TFT_Clock_reloj1_clk_wiz_0_0   | Video/video_clockmanager/cm1/clkout3_buf1/O     | Video/video_clockmanager/cm1/TFT_SPI_CLK                           |
| g12       | src7      | BUFG/O          | None       | BUFGCTRL_X0Y9  | n/a          |                 1 |           1 |               0 |       50.000 | clkfbout_reloj2_clk_wiz_0_0    | Audio/audvid_clockmanager/cm2/clkf_buf2/O       | Audio/audvid_clockmanager/cm2/clkfbout_buf_reloj2_clk_wiz_0_0      |
| g13       | src6      | BUFG/O          | None       | BUFGCTRL_X0Y10 | n/a          |                 1 |           1 |               0 |       10.000 | clkfbout_reloj1_clk_wiz_0_0    | Video/video_clockmanager/cm1/clkf_buf1/O        | Video/video_clockmanager/cm1/clkfbout_buf_reloj1_clk_wiz_0_0       |
+-----------+-----------+-----------------+------------+----------------+--------------+-------------------+-------------+-----------------+--------------+--------------------------------+-------------------------------------------------+--------------------------------------------------------------------+
* Clock Loads column represents the clock pin loads (pin count)
** Non-Clock Loads column represents the non-clock pin loads (pin count)


3. Global Clock Source Details
------------------------------

+-----------+-----------+---------------------+------------+-----------------+--------------+-------------+-----------------+---------------------+--------------------------------+-------------------------------------------------------+-------------------------------------------------------------+
| Source Id | Global Id | Driver Type/Pin     | Constraint | Site            | Clock Region | Clock Loads | Non-Clock Loads | Source Clock Period | Source Clock                   | Driver Pin                                            | Net                                                         |
+-----------+-----------+---------------------+------------+-----------------+--------------+-------------+-----------------+---------------------+--------------------------------+-------------------------------------------------------+-------------------------------------------------------------+
| src0      | g0        | IBUF/O              | IOB_X1Y26  | IOB_X1Y26       | X1Y0         |           1 |               0 |              10.000 | clk100                         | clk100_IBUF_inst/O                                    | clk100_IBUF                                                 |
| src1      | g1        | FDRE/Q              | None       | SLICE_X1Y126    | X0Y2         |           1 |               0 |                     |                                | Audio/i2s/I2S_WS_reg/Q                                | Audio/i2s/Data_reg[15]_0                                    |
| src2      | g2        | FDRE/Q              | None       | SLICE_X32Y33    | X0Y0         |           1 |               1 |                     |                                | Audio/sd_spi/InitSpi/DataClk_reg/Q                    | Audio/sd_spi/InitSpi/DataClk_reg_0                          |
| src3      | g3        | FDRE/Q              | None       | SLICE_X33Y29    | X0Y0         |           1 |               1 |                     |                                | Audio/sd_spi/WorkSpi/DataClk_reg/Q                    | Audio/sd_spi/WorkSpi/DataClk_reg_0                          |
| src4      | g4        | LUT2/O              | None       | SLICE_X36Y46    | X1Y0         |           1 |               0 |                     |                                | Video/tft_spi/spi/n_0_2529_BUFG_inst_i_1/O            | Video/tft_spi/spi/n_0_2529_BUFG_inst_n_1                    |
| src5      | g5        | FDRE/Q              | None       | SLICE_X34Y29    | X0Y0         |           1 |               1 |                     |                                | Audio/sd_spi/EnableDataRead_reg/Q                     | Audio/sd_spi/EnableDataRead_reg_0                           |
| src6      | g6, g7    | MMCME2_ADV/CLKOUT0  | None       | MMCME2_ADV_X1Y0 | X1Y0         |           2 |               0 |              10.000 | MasterClocK_reloj1_clk_wiz_0_0 | Video/video_clockmanager/cm1/mmcm_adv_inst1/CLKOUT0   | Video/video_clockmanager/cm1/MasterClocK_reloj1_clk_wiz_0_0 |
| src6      | g10, g11  | MMCME2_ADV/CLKOUT2  | None       | MMCME2_ADV_X1Y0 | X1Y0         |           2 |               0 |             160.000 | TFT_Clock_reloj1_clk_wiz_0_0   | Video/video_clockmanager/cm1/mmcm_adv_inst1/CLKOUT2   | Video/video_clockmanager/cm1/TFT_Clock_reloj1_clk_wiz_0_0   |
| src6      | g13       | MMCME2_ADV/CLKFBOUT | None       | MMCME2_ADV_X1Y0 | X1Y0         |           1 |               0 |              10.000 | clkfbout_reloj1_clk_wiz_0_0    | Video/video_clockmanager/cm1/mmcm_adv_inst1/CLKFBOUT  | Video/video_clockmanager/cm1/clkfbout_reloj1_clk_wiz_0_0    |
| src7      | g8, g9    | MMCME2_ADV/CLKOUT0  | None       | MMCME2_ADV_X0Y0 | X0Y0         |           2 |               0 |              70.862 | I2S_CLK_reloj2_clk_wiz_0_0     | Audio/audvid_clockmanager/cm2/mmcm_adv_inst2/CLKOUT0  | Audio/audvid_clockmanager/cm2/I2S_CLK_reloj2_clk_wiz_0_0    |
| src7      | g12       | MMCME2_ADV/CLKFBOUT | None       | MMCME2_ADV_X0Y0 | X0Y0         |           1 |               0 |              50.000 | clkfbout_reloj2_clk_wiz_0_0    | Audio/audvid_clockmanager/cm2/mmcm_adv_inst2/CLKFBOUT | Audio/audvid_clockmanager/cm2/clkfbout_reloj2_clk_wiz_0_0   |
+-----------+-----------+---------------------+------------+-----------------+--------------+-------------+-----------------+---------------------+--------------------------------+-------------------------------------------------------+-------------------------------------------------------------+
* Clock Loads column represents the clock pin loads (pin count)
** Non-Clock Loads column represents the non-clock pin loads (pin count)


4. Local Clock Details
----------------------

+----------+-----------------+------------+-------------------+--------------+-------------+-----------------+--------------+-------+-------------------------------------------------+-------------------------------------------+
| Local Id | Driver Type/Pin | Constraint | Site/BEL          | Clock Region | Clock Loads | Non-Clock Loads | Clock Period | Clock | Driver Pin                                      | Net                                       |
+----------+-----------------+------------+-------------------+--------------+-------------+-----------------+--------------+-------+-------------------------------------------------+-------------------------------------------||
| 0        | FDRE/Q          | None       | SLICE_X44Y31/C5FF | X1Y0         |          26 |               2 |              |       | Video/tft_spi/spi/dataClk_reg/Q                 | Video/tft_spi/spi/dataClk                 - Static -
| 1        | FDRE/Q          | None       | SLICE_X32Y36/BFF  | X0Y0         |          20 |               1 |              |       | Audio/sd_spi/spiInitClock/OutputCLK_reg/Q       | Audio/sd_spi/spiInitClock/CLK             - Static -
| 2        | FDRE/Q          | None       | SLICE_X30Y24/BFF  | X0Y0         |          20 |               1 |              |       | Audio/sd_spi/spiWorkClock/OutputCLK_reg/Q       | Audio/sd_spi/spiWorkClock/CLK             - Static -
| 3        | FDRE/Q          | None       | SLICE_X1Y127/AFF  | X0Y2         |           6 |               0 |              |       | Audio/audvid_clockmanager/I2S_CLK_reg/Q         | Audio/audvid_clockmanager/CLK             - Static -
| 4        | FDRE/Q          | None       | SLICE_X15Y6/AFF   | X0Y0         |           2 |               0 |              |       | Buttons/button1/verificationCLk/OutputCLK_reg/Q | Buttons/button1/verificationCLk/OutputCLK - Static -
| 5        | FDRE/Q          | None       | SLICE_X29Y10/AFF  | X0Y0         |           2 |               0 |              |       | Buttons/button2/verificationCLk/OutputCLK_reg/Q | Buttons/button2/verificationCLk/state_reg - Static -
| 6        | FDRE/Q          | None       | SLICE_X31Y4/AFF   | X0Y0         |           2 |               0 |              |       | Buttons/button3/verificationCLk/OutputCLK_reg/Q | Buttons/button3/verificationCLk/state_reg - Static -
| 7        | FDRE/Q          | None       | SLICE_X29Y3/AFF   | X0Y0         |           2 |               0 |              |       | Buttons/button4/verificationCLk/OutputCLK_reg/Q | Buttons/button4/verificationCLk/state_reg - Static -
+----------+-----------------+------------+-------------------+--------------+-------------+-----------------+--------------+-------+-------------------------------------------------+-------------------------------------------||
* Local Clocks in this context represents only clocks driven by non-global buffers
** Clock Loads column represents the clock pin loads (pin count)
*** Non-Clock Loads column represents the non-clock pin loads (pin count)


5. Clock Regions: Key Resource Utilization
------------------------------------------

+-------------------+--------------+--------------+--------------+--------------+--------------+--------------+--------------+--------------+--------------+--------------+--------------+--------------+--------------+--------------+--------------+
|                   | Global Clock |     BUFRs    |    BUFMRs    |    BUFIOs    |     MMCM     |      PLL     |      GT      |      PCI     |    ILOGIC    |    OLOGIC    |      FF      |     LUTM     |    RAMB18    |    RAMB36    |    DSP48E2   |
+-------------------+------+-------+------+-------+------+-------+------+-------+------+-------+------+-------+------+-------+------+-------+------+-------+------+-------+------+-------+------+-------+------+-------+------+-------+------+-------+
| Clock Region Name | Used | Avail | Used | Avail | Used | Avail | Used | Avail | Used | Avail | Used | Avail | Used | Avail | Used | Avail | Used | Avail | Used | Avail | Used | Avail | Used | Avail | Used | Avail | Used | Avail | Used | Avail |
+-------------------+------+-------+------+-------+------+-------+------+-------+------+-------+------+-------+------+-------+------+-------+------+-------+------+-------+------+-------+------+-------+------+-------+------+-------+------+-------+
| X0Y0              |    9 |    12 |    0 |     4 |    0 |     2 |    0 |     4 |    1 |     1 |    0 |     1 |    0 |     0 |    0 |     0 |    0 |    50 |    0 |    50 |  838 |  1200 |  262 |   400 |    0 |    20 |    4 |    10 |    0 |    20 |
| X1Y0              |    8 |    12 |    0 |     4 |    0 |     2 |    0 |     4 |    1 |     1 |    0 |     1 |    0 |     0 |    0 |     0 |    0 |    50 |    0 |    50 | 1446 |  1500 |  395 |   450 |    0 |    40 |    7 |    20 |    3 |    20 |
| X0Y1              |    0 |    12 |    0 |     4 |    0 |     2 |    0 |     4 |    0 |     1 |    0 |     1 |    0 |     0 |    0 |     0 |    0 |    50 |    0 |    50 |    0 |  1200 |    0 |   400 |    0 |    20 |    0 |    10 |    0 |    20 |
| X1Y1              |    1 |    12 |    0 |     4 |    0 |     2 |    0 |     4 |    0 |     1 |    0 |     1 |    0 |     0 |    0 |     0 |    0 |    50 |    0 |    50 |    0 |  1500 |    0 |   450 |    0 |    40 |    0 |    20 |    0 |    20 |
| X0Y2              |    3 |    12 |    0 |     4 |    0 |     2 |    0 |     4 |    0 |     1 |    0 |     1 |    0 |     0 |    0 |     0 |    0 |    50 |    0 |    50 |   34 |  1800 |    5 |   400 |    0 |    20 |    0 |    10 |    0 |    20 |
| X1Y2              |    0 |    12 |    0 |     0 |    0 |     0 |    0 |     0 |    0 |     0 |    0 |     0 |    0 |     4 |    0 |     1 |    0 |     0 |    0 |     0 |    0 |   950 |    0 |   300 |    0 |    10 |    0 |     5 |    0 |    20 |
+-------------------+------+-------+------+-------+------+-------+------+-------+------+-------+------+-------+------+-------+------+-------+------+-------+------+-------+------+-------+------+-------+------+-------+------+-------+------+-------+
* Global Clock column represents track count; while other columns represents cell counts


6. Clock Regions : Global Clock Summary
---------------------------------------

All Modules
+----+----+----+
|    | X0 | X1 |
+----+----+----+
| Y2 |  3 |  0 |
| Y1 |  0 |  1 |
| Y0 |  9 |  8 |
+----+----+----+


7. Device Cell Placement Summary for Global Clock g0
----------------------------------------------------

+-----------+-----------------+-------------------+--------+-------------+---------------+-------------+----------+----------------+----------+------------------+
| Global Id | Driver Type/Pin | Driver Region (D) | Clock  | Period (ns) | Waveform (ns) | Slice Loads | IO Loads | Clocking Loads | GT Loads | Net              |
+-----------+-----------------+-------------------+--------+-------------+---------------+-------------+----------+----------------+----------+------------------+
| g0        | BUFG/O          | n/a               | clk100 |      10.000 | {0.000 5.000} |        2016 |        0 |              2 |        0 | clk100_IBUF_BUFG |
+-----------+-----------------+-------------------+--------+-------------+---------------+-------------+----------+----------------+----------+------------------+
* Logic Loads column represents load cell count of all cell types other than IO, GT and clock resources
** IO Loads column represents load cell count of IO types
*** Clocking Loads column represents load cell count that are clock resources (global clock buffer, MMCM, PLL, etc)
**** GT Loads column represents load cell count of GT types


+----+------+-------+
|    | X0   | X1    |
+----+------+-------+
| Y2 |   20 |     0 |
| Y1 |    0 |     0 |
| Y0 |  652 |  1346 |
+----+------+-------+


8. Device Cell Placement Summary for Global Clock g1
----------------------------------------------------

+-----------+-----------------+-------------------+-------+-------------+---------------+-------------+----------+----------------+----------+-------------------------------+
| Global Id | Driver Type/Pin | Driver Region (D) | Clock | Period (ns) | Waveform (ns) | Slice Loads | IO Loads | Clocking Loads | GT Loads | Net                           |
+-----------+-----------------+-------------------+-------+-------------+---------------+-------------+----------+----------------+----------+-------------------------------+
| g1        | BUFG/O          | n/a               |       |             |               |          62 |        1 |              0 |        0 | Audio/i2s/Data_reg[15]_0_BUFG |
+-----------+-----------------+-------------------+-------+-------------+---------------+-------------+----------+----------------+----------+-------------------------------+
* Logic Loads column represents load cell count of all cell types other than IO, GT and clock resources
** IO Loads column represents load cell count of IO types
*** Clocking Loads column represents load cell count that are clock resources (global clock buffer, MMCM, PLL, etc)
**** GT Loads column represents load cell count of GT types


+----+-----+-----+
|    | X0  | X1  |
+----+-----+-----+
| Y2 |   5 |   0 |
| Y1 |   0 |   0 |
| Y0 |  34 |  24 |
+----+-----+-----+


9. Device Cell Placement Summary for Global Clock g2
----------------------------------------------------

+-----------+-----------------+-------------------+-------+-------------+---------------+-------------+----------+----------------+----------+-----------------------+
| Global Id | Driver Type/Pin | Driver Region (D) | Clock | Period (ns) | Waveform (ns) | Slice Loads | IO Loads | Clocking Loads | GT Loads | Net                   |
+-----------+-----------------+-------------------+-------+-------------+---------------+-------------+----------+----------------+----------+-----------------------+
| g2        | BUFG/O          | n/a               |       |             |               |          42 |        0 |              0 |        0 | sd_spi/Init_DataClock |
+-----------+-----------------+-------------------+-------+-------------+---------------+-------------+----------+----------------+----------+-----------------------+
* Logic Loads column represents load cell count of all cell types other than IO, GT and clock resources
** IO Loads column represents load cell count of IO types
*** Clocking Loads column represents load cell count that are clock resources (global clock buffer, MMCM, PLL, etc)
**** GT Loads column represents load cell count of GT types


+----+-----+----+
|    | X0  | X1 |
+----+-----+----+
| Y2 |   0 |  0 |
| Y1 |   0 |  0 |
| Y0 |  42 |  0 |
+----+-----+----+


10. Device Cell Placement Summary for Global Clock g3
-----------------------------------------------------

+-----------+-----------------+-------------------+-------+-------------+---------------+-------------+----------+----------------+----------+-------------------+
| Global Id | Driver Type/Pin | Driver Region (D) | Clock | Period (ns) | Waveform (ns) | Slice Loads | IO Loads | Clocking Loads | GT Loads | Net               |
+-----------+-----------------+-------------------+-------+-------------+---------------+-------------+----------+----------------+----------+-------------------+
| g3        | BUFG/O          | n/a               |       |             |               |          35 |        0 |              0 |        0 | SD_InputDataClock |
+-----------+-----------------+-------------------+-------+-------------+---------------+-------------+----------+----------------+----------+-------------------+
* Logic Loads column represents load cell count of all cell types other than IO, GT and clock resources
** IO Loads column represents load cell count of IO types
*** Clocking Loads column represents load cell count that are clock resources (global clock buffer, MMCM, PLL, etc)
**** GT Loads column represents load cell count of GT types


+----+-----+-----+
|    | X0  | X1  |
+----+-----+-----+
| Y2 |   0 |   0 |
| Y1 |   0 |   0 |
| Y0 |  25 |  10 |
+----+-----+-----+


11. Device Cell Placement Summary for Global Clock g4
-----------------------------------------------------

+-----------+-----------------+-------------------+-------+-------------+---------------+-------------+----------+----------------+----------+---------------+
| Global Id | Driver Type/Pin | Driver Region (D) | Clock | Period (ns) | Waveform (ns) | Slice Loads | IO Loads | Clocking Loads | GT Loads | Net           |
+-----------+-----------------+-------------------+-------+-------------+---------------+-------------+----------+----------------+----------+---------------+
| g4        | BUFG/O          | n/a               |       |             |               |          35 |        0 |              0 |        0 | n_0_2529_BUFG |
+-----------+-----------------+-------------------+-------+-------------+---------------+-------------+----------+----------------+----------+---------------+
* Logic Loads column represents load cell count of all cell types other than IO, GT and clock resources
** IO Loads column represents load cell count of IO types
*** Clocking Loads column represents load cell count that are clock resources (global clock buffer, MMCM, PLL, etc)
**** GT Loads column represents load cell count of GT types


+----+----+-----+
|    | X0 | X1  |
+----+----+-----+
| Y2 |  0 |   0 |
| Y1 |  0 |   0 |
| Y0 |  0 |  35 |
+----+----+-----+


12. Device Cell Placement Summary for Global Clock g5
-----------------------------------------------------

+-----------+-----------------+-------------------+-------+-------------+---------------+-------------+----------+----------------+----------+-------------------+
| Global Id | Driver Type/Pin | Driver Region (D) | Clock | Period (ns) | Waveform (ns) | Slice Loads | IO Loads | Clocking Loads | GT Loads | Net               |
+-----------+-----------------+-------------------+-------+-------------+---------------+-------------+----------+----------------+----------+-------------------+
| g5        | BUFG/O          | n/a               |       |             |               |          34 |        0 |              0 |        0 | SD_EnableDataRead |
+-----------+-----------------+-------------------+-------+-------------+---------------+-------------+----------+----------------+----------+-------------------+
* Logic Loads column represents load cell count of all cell types other than IO, GT and clock resources
** IO Loads column represents load cell count of IO types
*** Clocking Loads column represents load cell count that are clock resources (global clock buffer, MMCM, PLL, etc)
**** GT Loads column represents load cell count of GT types


+----+-----+-----+
|    | X0  | X1  |
+----+-----+-----+
| Y2 |   0 |   0 |
| Y1 |   0 |   0 |
| Y0 |  18 |  16 |
+----+-----+-----+


13. Device Cell Placement Summary for Global Clock g6
-----------------------------------------------------

+-----------+-----------------+-------------------+--------------------------------+-------------+---------------+-------------+----------+----------------+----------+----------------------------------------+
| Global Id | Driver Type/Pin | Driver Region (D) | Clock                          | Period (ns) | Waveform (ns) | Slice Loads | IO Loads | Clocking Loads | GT Loads | Net                                    |
+-----------+-----------------+-------------------+--------------------------------+-------------+---------------+-------------+----------+----------------+----------+----------------------------------------+
| g6        | BUFGCTRL/O      | n/a               | MasterClocK_reloj1_clk_wiz_0_0 |      10.000 | {0.000 5.000} |           8 |        0 |              0 |        0 | Video/video_clockmanager/cm1/MasterCLK |
+-----------+-----------------+-------------------+--------------------------------+-------------+---------------+-------------+----------+----------------+----------+----------------------------------------+
* Logic Loads column represents load cell count of all cell types other than IO, GT and clock resources
** IO Loads column represents load cell count of IO types
*** Clocking Loads column represents load cell count that are clock resources (global clock buffer, MMCM, PLL, etc)
**** GT Loads column represents load cell count of GT types


+----+----+----+
|    | X0 | X1 |
+----+----+----+
| Y2 |  0 |  0 |
| Y1 |  0 |  0 |
| Y0 |  0 |  8 |
+----+----+----+


14. Device Cell Placement Summary for Global Clock g7
-----------------------------------------------------

+-----------+-----------------+-------------------+--------------------------------+-------------+---------------+-------------+----------+----------------+----------+--------------------------------------------------------------------+
| Global Id | Driver Type/Pin | Driver Region (D) | Clock                          | Period (ns) | Waveform (ns) | Slice Loads | IO Loads | Clocking Loads | GT Loads | Net                                                                |
+-----------+-----------------+-------------------+--------------------------------+-------------+---------------+-------------+----------+----------------+----------+--------------------------------------------------------------------+
| g7        | BUFH/O          | X0Y0              | MasterClocK_reloj1_clk_wiz_0_0 |      10.000 | {0.000 5.000} |           8 |        0 |              0 |        0 | Video/video_clockmanager/cm1/MasterClocK_reloj1_clk_wiz_0_0_en_clk |
+-----------+-----------------+-------------------+--------------------------------+-------------+---------------+-------------+----------+----------------+----------+--------------------------------------------------------------------+
* Logic Loads column represents load cell count of all cell types other than IO, GT and clock resources
** IO Loads column represents load cell count of IO types
*** Clocking Loads column represents load cell count that are clock resources (global clock buffer, MMCM, PLL, etc)
**** GT Loads column represents load cell count of GT types


+----+--------+----+
|    | X0     | X1 |
+----+--------+----+
| Y2 |      0 |  0 |
| Y1 |      0 |  0 |
| Y0 |  (D) 8 |  0 |
+----+--------+----+


15. Device Cell Placement Summary for Global Clock g8
-----------------------------------------------------

+-----------+-----------------+-------------------+----------------------------+-------------+----------------+-------------+----------+----------------+----------+-----------------------------------------------------------------+
| Global Id | Driver Type/Pin | Driver Region (D) | Clock                      | Period (ns) | Waveform (ns)  | Slice Loads | IO Loads | Clocking Loads | GT Loads | Net                                                             |
+-----------+-----------------+-------------------+----------------------------+-------------+----------------+-------------+----------+----------------+----------+-----------------------------------------------------------------+
| g8        | BUFH/O          | X0Y0              | I2S_CLK_reloj2_clk_wiz_0_0 |      70.862 | {0.000 35.431} |           8 |        0 |              0 |        0 | Audio/audvid_clockmanager/cm2/I2S_CLK_reloj2_clk_wiz_0_0_en_clk |
+-----------+-----------------+-------------------+----------------------------+-------------+----------------+-------------+----------+----------------+----------+-----------------------------------------------------------------+
* Logic Loads column represents load cell count of all cell types other than IO, GT and clock resources
** IO Loads column represents load cell count of IO types
*** Clocking Loads column represents load cell count that are clock resources (global clock buffer, MMCM, PLL, etc)
**** GT Loads column represents load cell count of GT types


+----+--------+----+
|    | X0     | X1 |
+----+--------+----+
| Y2 |      0 |  0 |
| Y1 |      0 |  0 |
| Y0 |  (D) 8 |  0 |
+----+--------+----+


16. Device Cell Placement Summary for Global Clock g9
-----------------------------------------------------

+-----------+-----------------+-------------------+----------------------------+-------------+----------------+-------------+----------+----------------+----------+-----------------------------------+
| Global Id | Driver Type/Pin | Driver Region (D) | Clock                      | Period (ns) | Waveform (ns)  | Slice Loads | IO Loads | Clocking Loads | GT Loads | Net                               |
+-----------+-----------------+-------------------+----------------------------+-------------+----------------+-------------+----------+----------------+----------+-----------------------------------+
| g9        | BUFGCTRL/O      | n/a               | I2S_CLK_reloj2_clk_wiz_0_0 |      70.862 | {0.000 35.431} |           5 |        0 |              0 |        0 | Audio/audvid_clockmanager/cm2/CLK |
+-----------+-----------------+-------------------+----------------------------+-------------+----------------+-------------+----------+----------------+----------+-----------------------------------+
* Logic Loads column represents load cell count of all cell types other than IO, GT and clock resources
** IO Loads column represents load cell count of IO types
*** Clocking Loads column represents load cell count that are clock resources (global clock buffer, MMCM, PLL, etc)
**** GT Loads column represents load cell count of GT types


+----+----+----+
|    | X0 | X1 |
+----+----+----+
| Y2 |  5 |  0 |
| Y1 |  0 |  0 |
| Y0 |  0 |  0 |
+----+----+----+


17. Device Cell Placement Summary for Global Clock g10
------------------------------------------------------

+-----------+-----------------+-------------------+------------------------------+-------------+----------------+-------------+----------+----------------+----------+------------------------------------------------------------------+
| Global Id | Driver Type/Pin | Driver Region (D) | Clock                        | Period (ns) | Waveform (ns)  | Slice Loads | IO Loads | Clocking Loads | GT Loads | Net                                                              |
+-----------+-----------------+-------------------+------------------------------+-------------+----------------+-------------+----------+----------------+----------+------------------------------------------------------------------+
| g10       | BUFH/O          | X0Y0              | TFT_Clock_reloj1_clk_wiz_0_0 |     160.000 | {0.000 80.000} |           8 |        0 |              0 |        0 | Video/video_clockmanager/cm1/TFT_Clock_reloj1_clk_wiz_0_0_en_clk |
+-----------+-----------------+-------------------+------------------------------+-------------+----------------+-------------+----------+----------------+----------+------------------------------------------------------------------+
* Logic Loads column represents load cell count of all cell types other than IO, GT and clock resources
** IO Loads column represents load cell count of IO types
*** Clocking Loads column represents load cell count that are clock resources (global clock buffer, MMCM, PLL, etc)
**** GT Loads column represents load cell count of GT types


+----+--------+----+
|    | X0     | X1 |
+----+--------+----+
| Y2 |      0 |  0 |
| Y1 |      0 |  0 |
| Y0 |  (D) 8 |  0 |
+----+--------+----+


18. Device Cell Placement Summary for Global Clock g11
------------------------------------------------------

+-----------+-----------------+-------------------+------------------------------+-------------+----------------+-------------+----------+----------------+----------+------------------------------------------+
| Global Id | Driver Type/Pin | Driver Region (D) | Clock                        | Period (ns) | Waveform (ns)  | Slice Loads | IO Loads | Clocking Loads | GT Loads | Net                                      |
+-----------+-----------------+-------------------+------------------------------+-------------+----------------+-------------+----------+----------------+----------+------------------------------------------+
| g11       | BUFGCTRL/O      | n/a               | TFT_Clock_reloj1_clk_wiz_0_0 |     160.000 | {0.000 80.000} |           5 |        1 |              0 |        0 | Video/video_clockmanager/cm1/TFT_SPI_CLK |
+-----------+-----------------+-------------------+------------------------------+-------------+----------------+-------------+----------+----------------+----------+------------------------------------------+
* Logic Loads column represents load cell count of all cell types other than IO, GT and clock resources
** IO Loads column represents load cell count of IO types
*** Clocking Loads column represents load cell count that are clock resources (global clock buffer, MMCM, PLL, etc)
**** GT Loads column represents load cell count of GT types


+----+----+----+
|    | X0 | X1 |
+----+----+----+
| Y2 |  0 |  0 |
| Y1 |  0 |  1 |
| Y0 |  0 |  5 |
+----+----+----+


19. Device Cell Placement Summary for Global Clock g12
------------------------------------------------------

+-----------+-----------------+-------------------+-----------------------------+-------------+----------------+-------------+----------+----------------+----------+---------------------------------------------------------------+
| Global Id | Driver Type/Pin | Driver Region (D) | Clock                       | Period (ns) | Waveform (ns)  | Slice Loads | IO Loads | Clocking Loads | GT Loads | Net                                                           |
+-----------+-----------------+-------------------+-----------------------------+-------------+----------------+-------------+----------+----------------+----------+---------------------------------------------------------------+
| g12       | BUFG/O          | n/a               | clkfbout_reloj2_clk_wiz_0_0 |      50.000 | {0.000 25.000} |           0 |        0 |              1 |        0 | Audio/audvid_clockmanager/cm2/clkfbout_buf_reloj2_clk_wiz_0_0 |
+-----------+-----------------+-------------------+-----------------------------+-------------+----------------+-------------+----------+----------------+----------+---------------------------------------------------------------+
* Logic Loads column represents load cell count of all cell types other than IO, GT and clock resources
** IO Loads column represents load cell count of IO types
*** Clocking Loads column represents load cell count that are clock resources (global clock buffer, MMCM, PLL, etc)
**** GT Loads column represents load cell count of GT types


+----+----+----+
|    | X0 | X1 |
+----+----+----+
| Y2 |  0 |  0 |
| Y1 |  0 |  0 |
| Y0 |  1 |  0 |
+----+----+----+


20. Device Cell Placement Summary for Global Clock g13
------------------------------------------------------

+-----------+-----------------+-------------------+-----------------------------+-------------+---------------+-------------+----------+----------------+----------+--------------------------------------------------------------+
| Global Id | Driver Type/Pin | Driver Region (D) | Clock                       | Period (ns) | Waveform (ns) | Slice Loads | IO Loads | Clocking Loads | GT Loads | Net                                                          |
+-----------+-----------------+-------------------+-----------------------------+-------------+---------------+-------------+----------+----------------+----------+--------------------------------------------------------------+
| g13       | BUFG/O          | n/a               | clkfbout_reloj1_clk_wiz_0_0 |      10.000 | {0.000 5.000} |           0 |        0 |              1 |        0 | Video/video_clockmanager/cm1/clkfbout_buf_reloj1_clk_wiz_0_0 |
+-----------+-----------------+-------------------+-----------------------------+-------------+---------------+-------------+----------+----------------+----------+--------------------------------------------------------------+
* Logic Loads column represents load cell count of all cell types other than IO, GT and clock resources
** IO Loads column represents load cell count of IO types
*** Clocking Loads column represents load cell count that are clock resources (global clock buffer, MMCM, PLL, etc)
**** GT Loads column represents load cell count of GT types


+----+----+----+
|    | X0 | X1 |
+----+----+----+
| Y2 |  0 |  0 |
| Y1 |  0 |  0 |
| Y0 |  0 |  1 |
+----+----+----+


21. Clock Region Cell Placement per Global Clock: Region X0Y0
-------------------------------------------------------------

+-----------+-------+-----------------+------------+-------------+-----------------+-----+--------+------+-----+----+------+-----+---------+--------------------------------------------------------------------+
| Global Id | Track | Driver Type/Pin | Constraint | Clock Loads | Non-Clock Loads | FF  | LUTRAM | RAMB | DSP | GT | MMCM | PLL | Hard IP | Net                                                                |
+-----------+-------+-----------------+------------+-------------+-----------------+-----+--------+------+-----+----+------+-----+---------+--------------------------------------------------------------------+
| g0        | n/a   | BUFG/O          | None       |         652 |               0 | 647 |      0 |    4 |   0 |  0 |    1 |   0 |       0 | clk100_IBUF_BUFG                                                   |
| g1        | n/a   | BUFG/O          | None       |          34 |               0 |  34 |      0 |    0 |   0 |  0 |    0 |   0 |       0 | Audio/i2s/Data_reg[15]_0_BUFG                                      |
| g2        | n/a   | BUFG/O          | None       |          42 |               0 |  42 |      0 |    0 |   0 |  0 |    0 |   0 |       0 | sd_spi/Init_DataClock                                              |
| g3        | n/a   | BUFG/O          | None       |          25 |               0 |  25 |      0 |    0 |   0 |  0 |    0 |   0 |       0 | SD_InputDataClock                                                  |
| g5        | n/a   | BUFG/O          | None       |          18 |               0 |  18 |      0 |    0 |   0 |  0 |    0 |   0 |       0 | SD_EnableDataRead                                                  |
| g8        | n/a   | BUFH/O          | None       |           8 |               0 |   8 |      0 |    0 |   0 |  0 |    0 |   0 |       0 | Audio/audvid_clockmanager/cm2/I2S_CLK_reloj2_clk_wiz_0_0_en_clk    |
| g7        | n/a   | BUFH/O          | None       |           8 |               0 |   8 |      0 |    0 |   0 |  0 |    0 |   0 |       0 | Video/video_clockmanager/cm1/MasterClocK_reloj1_clk_wiz_0_0_en_clk |
| g10       | n/a   | BUFH/O          | None       |           8 |               0 |   8 |      0 |    0 |   0 |  0 |    0 |   0 |       0 | Video/video_clockmanager/cm1/TFT_Clock_reloj1_clk_wiz_0_0_en_clk   |
| g12       | n/a   | BUFG/O          | None       |           1 |               0 |   0 |      0 |    0 |   0 |  0 |    1 |   0 |       0 | Audio/audvid_clockmanager/cm2/clkfbout_buf_reloj2_clk_wiz_0_0      |
+-----------+-------+-----------------+------------+-------------+-----------------+-----+--------+------+-----+----+------+-----+---------+--------------------------------------------------------------------+
* Clock Loads column represents the clock pin loads (pin count)
** Non-Clock Loads column represents the non-clock pin loads (pin count)
*** Columns FF, LUTRAM, RAMB through 'Hard IP' represents load cell counts


22. Clock Region Cell Placement per Global Clock: Region X1Y0
-------------------------------------------------------------

+-----------+-------+-----------------+------------+-------------+-----------------+------+--------+------+-----+----+------+-----+---------+--------------------------------------------------------------+
| Global Id | Track | Driver Type/Pin | Constraint | Clock Loads | Non-Clock Loads | FF   | LUTRAM | RAMB | DSP | GT | MMCM | PLL | Hard IP | Net                                                          |
+-----------+-------+-----------------+------------+-------------+-----------------+------+--------+------+-----+----+------+-----+---------+--------------------------------------------------------------+
| g0        | n/a   | BUFG/O          | None       |        1346 |               0 | 1333 |      0 |    7 |   3 |  0 |    1 |   0 |       0 | clk100_IBUF_BUFG                                             |
| g1        | n/a   | BUFG/O          | None       |          24 |               0 |   24 |      0 |    0 |   0 |  0 |    0 |   0 |       0 | Audio/i2s/Data_reg[15]_0_BUFG                                |
| g3        | n/a   | BUFG/O          | None       |          10 |               0 |   10 |      0 |    0 |   0 |  0 |    0 |   0 |       0 | SD_InputDataClock                                            |
| g4        | n/a   | BUFG/O          | None       |          35 |               0 |   34 |      0 |    0 |   0 |  0 |    0 |   0 |       0 | n_0_2529_BUFG                                                |
| g5        | n/a   | BUFG/O          | None       |           6 |              10 |   16 |      0 |    0 |   0 |  0 |    0 |   0 |       0 | SD_EnableDataRead                                            |
| g6        | n/a   | BUFGCTRL/O      | None       |           8 |               0 |    8 |      0 |    0 |   0 |  0 |    0 |   0 |       0 | Video/video_clockmanager/cm1/MasterCLK                       |
| g11       | n/a   | BUFGCTRL/O      | None       |           5 |               0 |    5 |      0 |    0 |   0 |  0 |    0 |   0 |       0 | Video/video_clockmanager/cm1/TFT_SPI_CLK                     |
| g13       | n/a   | BUFG/O          | None       |           1 |               0 |    0 |      0 |    0 |   0 |  0 |    1 |   0 |       0 | Video/video_clockmanager/cm1/clkfbout_buf_reloj1_clk_wiz_0_0 |
+-----------+-------+-----------------+------------+-------------+-----------------+------+--------+------+-----+----+------+-----+---------+--------------------------------------------------------------+
* Clock Loads column represents the clock pin loads (pin count)
** Non-Clock Loads column represents the non-clock pin loads (pin count)
*** Columns FF, LUTRAM, RAMB through 'Hard IP' represents load cell counts


23. Clock Region Cell Placement per Global Clock: Region X1Y1
-------------------------------------------------------------

+-----------+-------+-----------------+------------+-------------+-----------------+----+--------+------+-----+----+------+-----+---------+------------------------------------------+
| Global Id | Track | Driver Type/Pin | Constraint | Clock Loads | Non-Clock Loads | FF | LUTRAM | RAMB | DSP | GT | MMCM | PLL | Hard IP | Net                                      |
+-----------+-------+-----------------+------------+-------------+-----------------+----+--------+------+-----+----+------+-----+---------+------------------------------------------+
| g11       | n/a   | BUFGCTRL/O      | None       |           0 |               1 |  0 |      0 |    0 |   0 |  0 |    0 |   0 |       0 | Video/video_clockmanager/cm1/TFT_SPI_CLK |
+-----------+-------+-----------------+------------+-------------+-----------------+----+--------+------+-----+----+------+-----+---------+------------------------------------------+
* Clock Loads column represents the clock pin loads (pin count)
** Non-Clock Loads column represents the non-clock pin loads (pin count)
*** Columns FF, LUTRAM, RAMB through 'Hard IP' represents load cell counts


24. Clock Region Cell Placement per Global Clock: Region X0Y2
-------------------------------------------------------------

+-----------+-------+-----------------+------------+-------------+-----------------+----+--------+------+-----+----+------+-----+---------+-----------------------------------+
| Global Id | Track | Driver Type/Pin | Constraint | Clock Loads | Non-Clock Loads | FF | LUTRAM | RAMB | DSP | GT | MMCM | PLL | Hard IP | Net                               |
+-----------+-------+-----------------+------------+-------------+-----------------+----+--------+------+-----+----+------+-----+---------+-----------------------------------+
| g0        | n/a   | BUFG/O          | None       |          20 |               0 | 20 |      0 |    0 |   0 |  0 |    0 |   0 |       0 | clk100_IBUF_BUFG                  |
| g1        | n/a   | BUFG/O          | None       |           3 |               2 |  3 |      0 |    0 |   0 |  0 |    0 |   0 |       0 | Audio/i2s/Data_reg[15]_0_BUFG     |
| g9        | n/a   | BUFGCTRL/O      | None       |           5 |               0 |  5 |      0 |    0 |   0 |  0 |    0 |   0 |       0 | Audio/audvid_clockmanager/cm2/CLK |
+-----------+-------+-----------------+------------+-------------+-----------------+----+--------+------+-----+----+------+-----+---------+-----------------------------------+
* Clock Loads column represents the clock pin loads (pin count)
** Non-Clock Loads column represents the non-clock pin loads (pin count)
*** Columns FF, LUTRAM, RAMB through 'Hard IP' represents load cell counts



# Location of BUFG Primitives 
set_property LOC BUFGCTRL_X0Y4 [get_cells FSM_onehot_Init_Count_reg[25]_i_2]
set_property LOC BUFGCTRL_X0Y6 [get_cells n_0_2529_BUFG_inst]
set_property LOC BUFGCTRL_X0Y2 [get_cells clk100_IBUF_BUFG_inst]
set_property LOC BUFGCTRL_X0Y10 [get_cells Video/video_clockmanager/cm1/clkf_buf1]
set_property LOC BUFGCTRL_X0Y1 [get_cells Video/video_clockmanager/cm1/clkout3_buf1]
set_property LOC BUFGCTRL_X0Y3 [get_cells Video/video_clockmanager/cm1/clkout1_buf1]
set_property LOC BUFGCTRL_X0Y5 [get_cells FSM_sequential_Work_Count_reg[3]_i_3]
set_property LOC BUFGCTRL_X0Y7 [get_cells Address_reg[23]_i_1]
set_property LOC BUFGCTRL_X0Y0 [get_cells Audio/i2s/Data_reg[15]_0_BUFG_inst]
set_property LOC BUFGCTRL_X0Y9 [get_cells Audio/audvid_clockmanager/cm2/clkf_buf2]
set_property LOC BUFGCTRL_X0Y8 [get_cells Audio/audvid_clockmanager/cm2/clkout1_buf2]

# Location of BUFH Primitives 
set_property LOC BUFHCE_X0Y2 [get_cells Video/video_clockmanager/cm1/clkout3_buf_en1]
set_property LOC BUFHCE_X0Y1 [get_cells Video/video_clockmanager/cm1/clkout1_buf_en1]
set_property LOC BUFHCE_X0Y0 [get_cells Audio/audvid_clockmanager/cm2/clkout1_buf_en2]

# Location of IO Primitives which is load of clock spine
set_property LOC IOB_X1Y94 [get_cells TFT_SPI_CLK_OBUF_inst]
set_property LOC IOB_X0Y138 [get_cells DAC_I2S_WS_OBUF_inst]

# Location of clock ports
set_property LOC IOB_X1Y26 [get_ports clk100]

# Clock net "sd_spi/Init_DataClock" driven by instance "FSM_onehot_Init_Count_reg[25]_i_2" located at site "BUFGCTRL_X0Y4"
#startgroup
create_pblock {CLKAG_sd_spi/Init_DataClock}
add_cells_to_pblock [get_pblocks  {CLKAG_sd_spi/Init_DataClock}] [get_cells -filter { PRIMITIVE_GROUP != I/O && IS_PRIMITIVE==1 && PRIMITIVE_LEVEL !=INTERNAL } -of_object [get_pins -filter {DIRECTION==IN} -of_objects [get_nets -hierarchical -filter {PARENT=="sd_spi/Init_DataClock"}]]]
resize_pblock [get_pblocks {CLKAG_sd_spi/Init_DataClock}] -add {CLOCKREGION_X0Y0:CLOCKREGION_X0Y0 CLOCKREGION_X0Y1:CLOCKREGION_X0Y1 CLOCKREGION_X0Y2:CLOCKREGION_X0Y2 CLOCKREGION_X1Y0:CLOCKREGION_X1Y0 CLOCKREGION_X1Y1:CLOCKREGION_X1Y1 CLOCKREGION_X1Y2:CLOCKREGION_X1Y2}
#endgroup

# Clock net "n_0_2529_BUFG" driven by instance "n_0_2529_BUFG_inst" located at site "BUFGCTRL_X0Y6"
#startgroup
create_pblock {CLKAG_n_0_2529_BUFG}
add_cells_to_pblock [get_pblocks  {CLKAG_n_0_2529_BUFG}] [get_cells -filter { PRIMITIVE_GROUP != I/O && IS_PRIMITIVE==1 && PRIMITIVE_LEVEL !=INTERNAL } -of_object [get_pins -filter {DIRECTION==IN} -of_objects [get_nets -hierarchical -filter {PARENT=="n_0_2529_BUFG"}]]]
resize_pblock [get_pblocks {CLKAG_n_0_2529_BUFG}] -add {CLOCKREGION_X0Y0:CLOCKREGION_X0Y0 CLOCKREGION_X0Y1:CLOCKREGION_X0Y1 CLOCKREGION_X0Y2:CLOCKREGION_X0Y2 CLOCKREGION_X1Y0:CLOCKREGION_X1Y0 CLOCKREGION_X1Y1:CLOCKREGION_X1Y1 CLOCKREGION_X1Y2:CLOCKREGION_X1Y2}
#endgroup

# Clock net "clk100_IBUF_BUFG" driven by instance "clk100_IBUF_BUFG_inst" located at site "BUFGCTRL_X0Y2"
#startgroup
create_pblock {CLKAG_clk100_IBUF_BUFG}
add_cells_to_pblock [get_pblocks  {CLKAG_clk100_IBUF_BUFG}] [get_cells -filter { PRIMITIVE_GROUP != I/O && IS_PRIMITIVE==1 && PRIMITIVE_LEVEL !=INTERNAL && NAME!=Video/video_clockmanager/cm1/mmcm_adv_inst1 && NAME!=Audio/audvid_clockmanager/cm2/mmcm_adv_inst2} -of_object [get_pins -filter {DIRECTION==IN} -of_objects [get_nets -hierarchical -filter {PARENT=="clk100_IBUF_BUFG"}]]]
resize_pblock [get_pblocks {CLKAG_clk100_IBUF_BUFG}] -add {CLOCKREGION_X0Y0:CLOCKREGION_X0Y0 CLOCKREGION_X0Y1:CLOCKREGION_X0Y1 CLOCKREGION_X0Y2:CLOCKREGION_X0Y2 CLOCKREGION_X1Y0:CLOCKREGION_X1Y0 CLOCKREGION_X1Y1:CLOCKREGION_X1Y1 CLOCKREGION_X1Y2:CLOCKREGION_X1Y2}
#endgroup

# Clock net "Video/video_clockmanager/cm1/TFT_SPI_CLK" driven by instance "Video/video_clockmanager/cm1/clkout3_buf1" located at site "BUFGCTRL_X0Y1"
#startgroup
create_pblock {CLKAG_Video/video_clockmanager/cm1/TFT_SPI_CLK}
add_cells_to_pblock [get_pblocks  {CLKAG_Video/video_clockmanager/cm1/TFT_SPI_CLK}] [get_cells -filter { PRIMITIVE_GROUP != I/O && IS_PRIMITIVE==1 && PRIMITIVE_LEVEL !=INTERNAL && NAME!=TFT_SPI_CLK_OBUF_inst} -of_object [get_pins -filter {DIRECTION==IN} -of_objects [get_nets -hierarchical -filter {PARENT=="Video/video_clockmanager/cm1/TFT_SPI_CLK"}]]]
resize_pblock [get_pblocks {CLKAG_Video/video_clockmanager/cm1/TFT_SPI_CLK}] -add {CLOCKREGION_X1Y0:CLOCKREGION_X1Y0 CLOCKREGION_X1Y1:CLOCKREGION_X1Y1 CLOCKREGION_X1Y2:CLOCKREGION_X1Y2}
#endgroup

# Clock net "Video/video_clockmanager/cm1/TFT_Clock_reloj1_clk_wiz_0_0_en_clk" driven by instance "Video/video_clockmanager/cm1/clkout3_buf_en1" located at site "BUFHCE_X0Y2"
#startgroup
create_pblock {CLKAG_Video/video_clockmanager/cm1/TFT_Clock_reloj1_clk_wiz_0_0_en_clk}
add_cells_to_pblock [get_pblocks  {CLKAG_Video/video_clockmanager/cm1/TFT_Clock_reloj1_clk_wiz_0_0_en_clk}] [get_cells -filter { PRIMITIVE_GROUP != I/O && IS_PRIMITIVE==1 && PRIMITIVE_LEVEL !=INTERNAL } -of_object [get_pins -filter {DIRECTION==IN} -of_objects [get_nets -hierarchical -filter {PARENT=="Video/video_clockmanager/cm1/TFT_Clock_reloj1_clk_wiz_0_0_en_clk"}]]]
resize_pblock [get_pblocks {CLKAG_Video/video_clockmanager/cm1/TFT_Clock_reloj1_clk_wiz_0_0_en_clk}] -add {CLOCKREGION_X0Y0:CLOCKREGION_X0Y0}
#endgroup

# Clock net "Video/video_clockmanager/cm1/MasterClocK_reloj1_clk_wiz_0_0_en_clk" driven by instance "Video/video_clockmanager/cm1/clkout1_buf_en1" located at site "BUFHCE_X0Y1"
#startgroup
create_pblock {CLKAG_Video/video_clockmanager/cm1/MasterClocK_reloj1_clk_wiz_0_0_en_clk}
add_cells_to_pblock [get_pblocks  {CLKAG_Video/video_clockmanager/cm1/MasterClocK_reloj1_clk_wiz_0_0_en_clk}] [get_cells -filter { PRIMITIVE_GROUP != I/O && IS_PRIMITIVE==1 && PRIMITIVE_LEVEL !=INTERNAL } -of_object [get_pins -filter {DIRECTION==IN} -of_objects [get_nets -hierarchical -filter {PARENT=="Video/video_clockmanager/cm1/MasterClocK_reloj1_clk_wiz_0_0_en_clk"}]]]
resize_pblock [get_pblocks {CLKAG_Video/video_clockmanager/cm1/MasterClocK_reloj1_clk_wiz_0_0_en_clk}] -add {CLOCKREGION_X0Y0:CLOCKREGION_X0Y0}
#endgroup

# Clock net "Video/video_clockmanager/cm1/MasterCLK" driven by instance "Video/video_clockmanager/cm1/clkout1_buf1" located at site "BUFGCTRL_X0Y3"
#startgroup
create_pblock {CLKAG_Video/video_clockmanager/cm1/MasterCLK}
add_cells_to_pblock [get_pblocks  {CLKAG_Video/video_clockmanager/cm1/MasterCLK}] [get_cells -filter { PRIMITIVE_GROUP != I/O && IS_PRIMITIVE==1 && PRIMITIVE_LEVEL !=INTERNAL } -of_object [get_pins -filter {DIRECTION==IN} -of_objects [get_nets -hierarchical -filter {PARENT=="Video/video_clockmanager/cm1/MasterCLK"}]]]
resize_pblock [get_pblocks {CLKAG_Video/video_clockmanager/cm1/MasterCLK}] -add {CLOCKREGION_X0Y0:CLOCKREGION_X0Y0 CLOCKREGION_X0Y1:CLOCKREGION_X0Y1 CLOCKREGION_X0Y2:CLOCKREGION_X0Y2 CLOCKREGION_X1Y0:CLOCKREGION_X1Y0 CLOCKREGION_X1Y1:CLOCKREGION_X1Y1 CLOCKREGION_X1Y2:CLOCKREGION_X1Y2}
#endgroup

# Clock net "SD_InputDataClock" driven by instance "FSM_sequential_Work_Count_reg[3]_i_3" located at site "BUFGCTRL_X0Y5"
#startgroup
create_pblock {CLKAG_SD_InputDataClock}
add_cells_to_pblock [get_pblocks  {CLKAG_SD_InputDataClock}] [get_cells -filter { PRIMITIVE_GROUP != I/O && IS_PRIMITIVE==1 && PRIMITIVE_LEVEL !=INTERNAL } -of_object [get_pins -filter {DIRECTION==IN} -of_objects [get_nets -hierarchical -filter {PARENT=="SD_InputDataClock"}]]]
resize_pblock [get_pblocks {CLKAG_SD_InputDataClock}] -add {CLOCKREGION_X0Y0:CLOCKREGION_X0Y0 CLOCKREGION_X0Y1:CLOCKREGION_X0Y1 CLOCKREGION_X0Y2:CLOCKREGION_X0Y2 CLOCKREGION_X1Y0:CLOCKREGION_X1Y0 CLOCKREGION_X1Y1:CLOCKREGION_X1Y1 CLOCKREGION_X1Y2:CLOCKREGION_X1Y2}
#endgroup

# Clock net "SD_EnableDataRead" driven by instance "Address_reg[23]_i_1" located at site "BUFGCTRL_X0Y7"
#startgroup
create_pblock {CLKAG_SD_EnableDataRead}
add_cells_to_pblock [get_pblocks  {CLKAG_SD_EnableDataRead}] [get_cells -filter { PRIMITIVE_GROUP != I/O && IS_PRIMITIVE==1 && PRIMITIVE_LEVEL !=INTERNAL } -of_object [get_pins -filter {DIRECTION==IN} -of_objects [get_nets -hierarchical -filter {PARENT=="SD_EnableDataRead"}]]]
resize_pblock [get_pblocks {CLKAG_SD_EnableDataRead}] -add {CLOCKREGION_X0Y0:CLOCKREGION_X0Y0 CLOCKREGION_X0Y1:CLOCKREGION_X0Y1 CLOCKREGION_X0Y2:CLOCKREGION_X0Y2 CLOCKREGION_X1Y0:CLOCKREGION_X1Y0 CLOCKREGION_X1Y1:CLOCKREGION_X1Y1 CLOCKREGION_X1Y2:CLOCKREGION_X1Y2}
#endgroup

# Clock net "Audio/i2s/Data_reg[15]_0_BUFG" driven by instance "Audio/i2s/Data_reg[15]_0_BUFG_inst" located at site "BUFGCTRL_X0Y0"
#startgroup
create_pblock {CLKAG_Audio/i2s/Data_reg[15]_0_BUFG}
add_cells_to_pblock [get_pblocks  {CLKAG_Audio/i2s/Data_reg[15]_0_BUFG}] [get_cells -filter { PRIMITIVE_GROUP != I/O && IS_PRIMITIVE==1 && PRIMITIVE_LEVEL !=INTERNAL && NAME!=DAC_I2S_WS_OBUF_inst} -of_object [get_pins -filter {DIRECTION==IN} -of_objects [get_nets -hierarchical -filter {PARENT=="Audio/i2s/Data_reg[15]_0_BUFG"}]]]
resize_pblock [get_pblocks {CLKAG_Audio/i2s/Data_reg[15]_0_BUFG}] -add {CLOCKREGION_X0Y0:CLOCKREGION_X0Y0 CLOCKREGION_X0Y1:CLOCKREGION_X0Y1 CLOCKREGION_X0Y2:CLOCKREGION_X0Y2 CLOCKREGION_X1Y0:CLOCKREGION_X1Y0 CLOCKREGION_X1Y1:CLOCKREGION_X1Y1 CLOCKREGION_X1Y2:CLOCKREGION_X1Y2}
#endgroup

# Clock net "Audio/audvid_clockmanager/cm2/I2S_CLK_reloj2_clk_wiz_0_0_en_clk" driven by instance "Audio/audvid_clockmanager/cm2/clkout1_buf_en2" located at site "BUFHCE_X0Y0"
#startgroup
create_pblock {CLKAG_Audio/audvid_clockmanager/cm2/I2S_CLK_reloj2_clk_wiz_0_0_en_clk}
add_cells_to_pblock [get_pblocks  {CLKAG_Audio/audvid_clockmanager/cm2/I2S_CLK_reloj2_clk_wiz_0_0_en_clk}] [get_cells -filter { PRIMITIVE_GROUP != I/O && IS_PRIMITIVE==1 && PRIMITIVE_LEVEL !=INTERNAL } -of_object [get_pins -filter {DIRECTION==IN} -of_objects [get_nets -hierarchical -filter {PARENT=="Audio/audvid_clockmanager/cm2/I2S_CLK_reloj2_clk_wiz_0_0_en_clk"}]]]
resize_pblock [get_pblocks {CLKAG_Audio/audvid_clockmanager/cm2/I2S_CLK_reloj2_clk_wiz_0_0_en_clk}] -add {CLOCKREGION_X0Y0:CLOCKREGION_X0Y0}
#endgroup

# Clock net "Audio/audvid_clockmanager/cm2/CLK" driven by instance "Audio/audvid_clockmanager/cm2/clkout1_buf2" located at site "BUFGCTRL_X0Y8"
#startgroup
create_pblock {CLKAG_Audio/audvid_clockmanager/cm2/CLK}
add_cells_to_pblock [get_pblocks  {CLKAG_Audio/audvid_clockmanager/cm2/CLK}] [get_cells -filter { PRIMITIVE_GROUP != I/O && IS_PRIMITIVE==1 && PRIMITIVE_LEVEL !=INTERNAL } -of_object [get_pins -filter {DIRECTION==IN} -of_objects [get_nets -hierarchical -filter {PARENT=="Audio/audvid_clockmanager/cm2/CLK"}]]]
resize_pblock [get_pblocks {CLKAG_Audio/audvid_clockmanager/cm2/CLK}] -add {CLOCKREGION_X0Y2:CLOCKREGION_X0Y2}
#endgroup
