Copyright 1986-2018 Xilinx, Inc. All Rights Reserved.
--------------------------------------------------------------------------------------
| Tool Version : Vivado v.2018.2.1 (lin64) Build 2288692 Thu Jul 26 18:23:50 MDT 2018
| Date         : Sun Feb 24 19:20:11 2019
| Host         : camilo-X455LAB running 64-bit Ubuntu 18.04.2 LTS
| Command      : report_timing_summary -file top_timing_synth.rpt
| Design       : top
| Device       : 7a35t-cpg236
| Speed File   : -1  PRODUCTION 1.23 2018-06-13
--------------------------------------------------------------------------------------

Timing Summary Report

------------------------------------------------------------------------------------------------
| Timer Settings
| --------------
------------------------------------------------------------------------------------------------

  Enable Multi Corner Analysis               :  Yes
  Enable Pessimism Removal                   :  Yes
  Pessimism Removal Resolution               :  Nearest Common Node
  Enable Input Delay Default Clock           :  No
  Enable Preset / Clear Arcs                 :  No
  Disable Flight Delays                      :  No
  Ignore I/O Paths                           :  No
  Timing Early Launch at Borrowing Latches   :  false

  Corner  Analyze    Analyze    
  Name    Max Paths  Min Paths  
  ------  ---------  ---------  
  Slow    Yes        Yes        
  Fast    Yes        Yes        



check_timing report

Table of Contents
-----------------
1. checking no_clock
2. checking constant_clock
3. checking pulse_width_clock
4. checking unconstrained_internal_endpoints
5. checking no_input_delay
6. checking no_output_delay
7. checking multiple_clock
8. checking generated_clocks
9. checking loops
10. checking partial_input_delay
11. checking partial_output_delay
12. checking latch_loops

1. checking no_clock
--------------------
 There are 6 register/latch pins with no clock driven by root clock pin: AudVid/audvid_clockmanager/Reloj2/I2SCLK_reg/Q (HIGH)

 There are 3 register/latch pins with no clock driven by root clock pin: AudVid/i2s/I2S_WS_reg/Q (HIGH)

 There are 54 register/latch pins with no clock driven by root clock pin: AudVid/sd_spi/spi/DataClk_reg/Q (HIGH)

 There are 2 register/latch pins with no clock driven by root clock pin: AudVid/sd_spi/spiInitClock/OutputCLK_reg/Q (HIGH)

 There are 35 register/latch pins with no clock driven by root clock pin: AudVid/tft_spi/counter/count_reg[10]/Q (HIGH)

 There are 35 register/latch pins with no clock driven by root clock pin: AudVid/tft_spi/counter/count_reg[11]/Q (HIGH)

 There are 35 register/latch pins with no clock driven by root clock pin: AudVid/tft_spi/counter/count_reg[12]/Q (HIGH)

 There are 35 register/latch pins with no clock driven by root clock pin: AudVid/tft_spi/counter/count_reg[13]/Q (HIGH)

 There are 35 register/latch pins with no clock driven by root clock pin: AudVid/tft_spi/counter/count_reg[14]/Q (HIGH)

 There are 35 register/latch pins with no clock driven by root clock pin: AudVid/tft_spi/counter/count_reg[15]/Q (HIGH)

 There are 35 register/latch pins with no clock driven by root clock pin: AudVid/tft_spi/counter/count_reg[16]/Q (HIGH)

 There are 35 register/latch pins with no clock driven by root clock pin: AudVid/tft_spi/counter/count_reg[17]/Q (HIGH)

 There are 35 register/latch pins with no clock driven by root clock pin: AudVid/tft_spi/counter/count_reg[18]/Q (HIGH)

 There are 35 register/latch pins with no clock driven by root clock pin: AudVid/tft_spi/counter/count_reg[19]/Q (HIGH)

 There are 35 register/latch pins with no clock driven by root clock pin: AudVid/tft_spi/counter/count_reg[20]/Q (HIGH)

 There are 35 register/latch pins with no clock driven by root clock pin: AudVid/tft_spi/counter/count_reg[21]/Q (HIGH)

 There are 35 register/latch pins with no clock driven by root clock pin: AudVid/tft_spi/counter/count_reg[22]/Q (HIGH)

 There are 35 register/latch pins with no clock driven by root clock pin: AudVid/tft_spi/counter/count_reg[23]/Q (HIGH)

 There are 35 register/latch pins with no clock driven by root clock pin: AudVid/tft_spi/counter/count_reg[24]/Q (HIGH)

 There are 35 register/latch pins with no clock driven by root clock pin: AudVid/tft_spi/counter/count_reg[3]/Q (HIGH)

 There are 35 register/latch pins with no clock driven by root clock pin: AudVid/tft_spi/counter/count_reg[4]/Q (HIGH)

 There are 35 register/latch pins with no clock driven by root clock pin: AudVid/tft_spi/counter/count_reg[5]/Q (HIGH)

 There are 35 register/latch pins with no clock driven by root clock pin: AudVid/tft_spi/counter/count_reg[6]/Q (HIGH)

 There are 35 register/latch pins with no clock driven by root clock pin: AudVid/tft_spi/counter/count_reg[7]/Q (HIGH)

 There are 35 register/latch pins with no clock driven by root clock pin: AudVid/tft_spi/counter/count_reg[8]/Q (HIGH)

 There are 35 register/latch pins with no clock driven by root clock pin: AudVid/tft_spi/counter/count_reg[9]/Q (HIGH)

 There are 61 register/latch pins with no clock driven by root clock pin: AudVid/tft_spi/spi/dataClk_reg/Q (HIGH)


2. checking constant_clock
--------------------------
 There are 0 register/latch pins with constant_clock.


3. checking pulse_width_clock
-----------------------------
 There are 0 register/latch pins which need pulse_width check


4. checking unconstrained_internal_endpoints
--------------------------------------------
 There are 269 pins that are not constrained for maximum delay. (HIGH)

 There are 0 pins that are not constrained for maximum delay due to constant clock.


5. checking no_input_delay
--------------------------
 There are 3 input ports with no input delay specified. (HIGH)

 There are 0 input ports with no input delay but user has a false path constraint.


6. checking no_output_delay
---------------------------
 There are 9 ports with no output delay specified. (HIGH)

 There are 0 ports with no output delay but user has a false path constraint

 There are 2 ports with no output delay but with a timing clock defined on it or propagating through it (LOW)


7. checking multiple_clock
--------------------------
 There are 0 register/latch pins with multiple clocks.


8. checking generated_clocks
----------------------------
 There are 0 generated clocks that are not connected to a clock source.


9. checking loops
-----------------
 There are 0 combinational loops in the design.


10. checking partial_input_delay
--------------------------------
 There are 0 input ports with partial input delay specified.


11. checking partial_output_delay
---------------------------------
 There are 0 ports with partial output delay specified.


12. checking latch_loops
------------------------
 There are 0 combinational latch loops in the design through latch input



------------------------------------------------------------------------------------------------
| Design Timing Summary
| ---------------------
------------------------------------------------------------------------------------------------

    WNS(ns)      TNS(ns)  TNS Failing Endpoints  TNS Total Endpoints      WHS(ns)      THS(ns)  THS Failing Endpoints  THS Total Endpoints     WPWS(ns)     TPWS(ns)  TPWS Failing Endpoints  TPWS Total Endpoints  
    -------      -------  ---------------------  -------------------      -------      -------  ---------------------  -------------------     --------     --------  ----------------------  --------------------  
      2.742        0.000                      0                 6185       -0.021       -0.521                     35                 6185        3.000        0.000                       0                  1953  


Timing constraints are not met.


------------------------------------------------------------------------------------------------
| Clock Summary
| -------------
------------------------------------------------------------------------------------------------

Clock                             Waveform(ns)         Period(ns)      Frequency(MHz)
-----                             ------------         ----------      --------------
clk100                            {0.000 5.000}        10.000          100.000         
  I2S_CLK_reloj2_clk_wiz_0_0      {0.000 35.431}       70.862          14.112          
  MasterClocK_reloj1_clk_wiz_0_0  {0.000 5.000}        10.000          100.000         
  SD_Clock_reloj1_clk_wiz_0_0     {0.000 40.000}       80.000          12.500          
  TFT_Clock_reloj1_clk_wiz_0_0    {0.000 80.000}       160.000         6.250           
  clkfbout_reloj1_clk_wiz_0_0     {0.000 5.000}        10.000          100.000         
  clkfbout_reloj2_clk_wiz_0_0     {0.000 25.000}       50.000          20.000          


------------------------------------------------------------------------------------------------
| Intra Clock Table
| -----------------
------------------------------------------------------------------------------------------------

Clock                                 WNS(ns)      TNS(ns)  TNS Failing Endpoints  TNS Total Endpoints      WHS(ns)      THS(ns)  THS Failing Endpoints  THS Total Endpoints     WPWS(ns)     TPWS(ns)  TPWS Failing Endpoints  TPWS Total Endpoints  
-----                                 -------      -------  ---------------------  -------------------      -------      -------  ---------------------  -------------------     --------     --------  ----------------------  --------------------  
clk100                                  2.742        0.000                      0                 5750        0.007        0.000                      0                 5750        3.000        0.000                       0                  1799  
  I2S_CLK_reloj2_clk_wiz_0_0           68.271        0.000                      0                   12        0.007        0.000                      0                   12       34.931        0.000                       0                    15  
  MasterClocK_reloj1_clk_wiz_0_0        5.641        0.000                      0                   46        0.007        0.000                      0                   46        3.750        0.000                       0                    79  
  SD_Clock_reloj1_clk_wiz_0_0          37.308        0.000                      0                   49        0.007        0.000                      0                   49       39.500        0.000                       0                    38  
  TFT_Clock_reloj1_clk_wiz_0_0        157.428        0.000                      0                   13        0.007        0.000                      0                   13       53.360        0.000                       0                    16  
  clkfbout_reloj1_clk_wiz_0_0                                                                                                                                                       7.845        0.000                       0                     3  
  clkfbout_reloj2_clk_wiz_0_0                                                                                                                                                      47.845        0.000                       0                     3  


------------------------------------------------------------------------------------------------
| Inter Clock Table
| -----------------
------------------------------------------------------------------------------------------------

From Clock                      To Clock                            WNS(ns)      TNS(ns)  TNS Failing Endpoints  TNS Total Endpoints      WHS(ns)      THS(ns)  THS Failing Endpoints  THS Total Endpoints  
----------                      --------                            -------      -------  ---------------------  -------------------      -------      -------  ---------------------  -------------------  
clk100                          MasterClocK_reloj1_clk_wiz_0_0        6.918        0.000                      0                  315       -0.021       -0.521                     35                  315  


------------------------------------------------------------------------------------------------
| Other Path Groups Table
| -----------------------
------------------------------------------------------------------------------------------------

Path Group    From Clock    To Clock          WNS(ns)      TNS(ns)  TNS Failing Endpoints  TNS Total Endpoints      WHS(ns)      THS(ns)  THS Failing Endpoints  THS Total Endpoints  
----------    ----------    --------          -------      -------  ---------------------  -------------------      -------      -------  ---------------------  -------------------  


------------------------------------------------------------------------------------------------
| Timing Details
| --------------
------------------------------------------------------------------------------------------------


---------------------------------------------------------------------------------------------------
From Clock:  clk100
  To Clock:  clk100

Setup :            0  Failing Endpoints,  Worst Slack        2.742ns,  Total Violation        0.000ns
Hold  :            0  Failing Endpoints,  Worst Slack        0.007ns,  Total Violation        0.000ns
PW    :            0  Failing Endpoints,  Worst Slack        3.000ns,  Total Violation        0.000ns
---------------------------------------------------------------------------------------------------


Max Delay Paths
--------------------------------------------------------------------------------------
Slack (MET) :             2.742ns  (required time - arrival time)
  Source:                 soc_uart_rx_pending_reg/C
                            (rising edge-triggered cell FDRE clocked by clk100  {rise@0.000ns fall@5.000ns period=10.000ns})
  Destination:            lm32_cpu/instruction_unit/icache/memories[0].way_0_data_ram/mem_reg/ADDRBWRADDR[10]
                            (rising edge-triggered cell RAMB36E1 clocked by clk100  {rise@0.000ns fall@5.000ns period=10.000ns})
  Path Group:             clk100
  Path Type:              Setup (Max at Slow Process Corner)
  Requirement:            10.000ns  (clk100 rise@10.000ns - clk100 rise@0.000ns)
  Data Path Delay:        6.512ns  (logic 1.495ns (22.959%)  route 5.017ns (77.041%))
  Logic Levels:           7  (LUT3=1 LUT4=1 LUT5=2 LUT6=3)
  Clock Path Skew:        -0.145ns (DCD - SCD + CPR)
    Destination Clock Delay (DCD):    2.678ns = ( 12.678 - 10.000 ) 
    Source Clock Delay      (SCD):    2.938ns
    Clock Pessimism Removal (CPR):    0.115ns
  Clock Uncertainty:      0.035ns  ((TSJ^2 + TIJ^2)^1/2 + DJ) / 2 + PE
    Total System Jitter     (TSJ):    0.071ns
    Total Input Jitter      (TIJ):    0.000ns
    Discrete Jitter          (DJ):    0.000ns
    Phase Error              (PE):    0.000ns

    Location             Delay type                Incr(ns)  Path(ns)    Netlist Resource(s)
  -------------------------------------------------------------------    -------------------
                         (clock clk100 rise edge)     0.000     0.000 r  
    W5                                                0.000     0.000 r  clk100 (IN)
                         net (fo=0)                   0.000     0.000    clk100
    W5                   IBUF (Prop_ibuf_I_O)         1.458     1.458 r  clk100_IBUF_inst/O
                         net (fo=1, unplaced)         0.800     2.258    clk100_IBUF
                         BUFG (Prop_bufg_I_O)         0.096     2.354 r  clk100_IBUF_BUFG_inst/O
                         net (fo=1799, unplaced)      0.584     2.938    clk100_IBUF_BUFG
                         FDRE                                         r  soc_uart_rx_pending_reg/C
  -------------------------------------------------------------------    -------------------
                         FDRE (Prop_fdre_C_Q)         0.456     3.394 r  soc_uart_rx_pending_reg/Q
                         net (fo=3, unplaced)         0.759     4.153    lm32_cpu/multiplier/soc_uart_rx_pending
                         LUT4 (Prop_lut4_I1_O)        0.295     4.448 r  lm32_cpu/multiplier/pc_m[31]_i_5/O
                         net (fo=2, unplaced)         0.460     4.908    lm32_cpu/interrupt_unit/soc_lm32_interrupt[1]
                         LUT6 (Prop_lut6_I5_O)        0.124     5.032 f  lm32_cpu/interrupt_unit/pc_m[31]_i_3/O
                         net (fo=3, unplaced)         0.467     5.499    lm32_cpu/interrupt_unit/product_reg[0]__0
                         LUT5 (Prop_lut5_I2_O)        0.124     5.623 f  lm32_cpu/interrupt_unit/pc_m[31]_i_1/O
                         net (fo=183, unplaced)       0.564     6.187    lm32_cpu/interrupt_unit/branch_flushX_m0
                         LUT6 (Prop_lut6_I5_O)        0.124     6.311 f  lm32_cpu/interrupt_unit/pc_f[31]_i_6/O
                         net (fo=25, unplaced)        0.514     6.825    lm32_cpu/interrupt_unit/a_reg[0]_1
                         LUT5 (Prop_lut5_I0_O)        0.124     6.949 f  lm32_cpu/interrupt_unit/pc_f[11]_i_3/O
                         net (fo=53, unplaced)        0.986     7.935    lm32_cpu/interrupt_unit/pc_f_reg[2]
                         LUT6 (Prop_lut6_I3_O)        0.124     8.059 r  lm32_cpu/interrupt_unit/pc_f[7]_i_1/O
                         net (fo=3, unplaced)         0.467     8.526    lm32_cpu/instruction_unit/icache/memories[0].way_0_tag_ram/D[3]
                         LUT3 (Prop_lut3_I2_O)        0.124     8.650 r  lm32_cpu/instruction_unit/icache/memories[0].way_0_tag_ram/mem_reg_i_5__2/O
                         net (fo=2, unplaced)         0.800     9.450    lm32_cpu/instruction_unit/icache/memories[0].way_0_data_ram/mem_reg_i_11__0[3]
                         RAMB36E1                                     r  lm32_cpu/instruction_unit/icache/memories[0].way_0_data_ram/mem_reg/ADDRBWRADDR[10]
  -------------------------------------------------------------------    -------------------

                         (clock clk100 rise edge)    10.000    10.000 r  
    W5                                                0.000    10.000 r  clk100 (IN)
                         net (fo=0)                   0.000    10.000    clk100
    W5                   IBUF (Prop_ibuf_I_O)         1.388    11.388 r  clk100_IBUF_inst/O
                         net (fo=1, unplaced)         0.760    12.148    clk100_IBUF
                         BUFG (Prop_bufg_I_O)         0.091    12.239 r  clk100_IBUF_BUFG_inst/O
                         net (fo=1799, unplaced)      0.439    12.678    lm32_cpu/instruction_unit/icache/memories[0].way_0_data_ram/clk100_IBUF_BUFG
                         RAMB36E1                                     r  lm32_cpu/instruction_unit/icache/memories[0].way_0_data_ram/mem_reg/CLKBWRCLK
                         clock pessimism              0.115    12.793    
                         clock uncertainty           -0.035    12.758    
                         RAMB36E1 (Setup_ramb36e1_CLKBWRCLK_ADDRBWRADDR[10])
                                                     -0.566    12.192    lm32_cpu/instruction_unit/icache/memories[0].way_0_data_ram/mem_reg
  -------------------------------------------------------------------
                         required time                         12.192    
                         arrival time                          -9.450    
  -------------------------------------------------------------------
                         slack                                  2.742    





Min Delay Paths
--------------------------------------------------------------------------------------
Slack (MET) :             0.007ns  (arrival time - required time)
  Source:                 regs0_reg/C
                            (rising edge-triggered cell FDRE clocked by clk100  {rise@0.000ns fall@5.000ns period=10.000ns})
  Destination:            regs1_reg/D
                            (rising edge-triggered cell FDRE clocked by clk100  {rise@0.000ns fall@5.000ns period=10.000ns})
  Path Group:             clk100
  Path Type:              Hold (Min at Fast Process Corner)
  Requirement:            0.000ns  (clk100 rise@0.000ns - clk100 rise@0.000ns)
  Data Path Delay:        0.222ns  (logic 0.141ns (63.533%)  route 0.081ns (36.467%))
  Logic Levels:           0  
  Clock Path Skew:        0.145ns (DCD - SCD - CPR)
    Destination Clock Delay (DCD):    1.057ns
    Source Clock Delay      (SCD):    0.704ns
    Clock Pessimism Removal (CPR):    0.208ns

    Location             Delay type                Incr(ns)  Path(ns)    Netlist Resource(s)
  -------------------------------------------------------------------    -------------------
                         (clock clk100 rise edge)     0.000     0.000 r  
    W5                                                0.000     0.000 r  clk100 (IN)
                         net (fo=0)                   0.000     0.000    clk100
    W5                   IBUF (Prop_ibuf_I_O)         0.226     0.226 r  clk100_IBUF_inst/O
                         net (fo=1, unplaced)         0.337     0.564    clk100_IBUF
                         BUFG (Prop_bufg_I_O)         0.026     0.590 r  clk100_IBUF_BUFG_inst/O
                         net (fo=1799, unplaced)      0.114     0.704    clk100_IBUF_BUFG
                         FDRE                                         r  regs0_reg/C
  -------------------------------------------------------------------    -------------------
                         FDRE (Prop_fdre_C_Q)         0.141     0.845 r  regs0_reg/Q
                         net (fo=1, unplaced)         0.081     0.925    regs0
                         FDRE                                         r  regs1_reg/D
  -------------------------------------------------------------------    -------------------

                         (clock clk100 rise edge)     0.000     0.000 r  
    W5                                                0.000     0.000 r  clk100 (IN)
                         net (fo=0)                   0.000     0.000    clk100
    W5                   IBUF (Prop_ibuf_I_O)         0.414     0.414 r  clk100_IBUF_inst/O
                         net (fo=1, unplaced)         0.355     0.769    clk100_IBUF
                         BUFG (Prop_bufg_I_O)         0.029     0.798 r  clk100_IBUF_BUFG_inst/O
                         net (fo=1799, unplaced)      0.259     1.057    clk100_IBUF_BUFG
                         FDRE                                         r  regs1_reg/C
                         clock pessimism             -0.208     0.849    
                         FDRE (Hold_fdre_C_D)         0.070     0.919    regs1_reg
  -------------------------------------------------------------------
                         required time                         -0.919    
                         arrival time                           0.925    
  -------------------------------------------------------------------
                         slack                                  0.007    





Pulse Width Checks
--------------------------------------------------------------------------------------
Clock Name:         clk100
Waveform(ns):       { 0.000 5.000 }
Period(ns):         10.000
Sources:            { clk100 }

Check Type        Corner  Lib Pin            Reference Pin  Required(ns)  Actual(ns)  Slack(ns)  Location  Pin
Min Period        n/a     DSP48E1/CLK        n/a            3.884         10.000      6.116                lm32_cpu/multiplier/product_reg__0/CLK
Max Period        n/a     MMCME2_ADV/CLKIN1  n/a            100.000       10.000      90.000               AudVid/audvid_clockmanager/Reloj1/MainClockWizard/inst/mmcm_adv_inst1/CLKIN1
Low Pulse Width   Fast    MMCME2_ADV/CLKIN1  n/a            2.000         5.000       3.000                AudVid/audvid_clockmanager/Reloj1/MainClockWizard/inst/mmcm_adv_inst1/CLKIN1
High Pulse Width  Slow    MMCME2_ADV/CLKIN1  n/a            2.000         5.000       3.000                AudVid/audvid_clockmanager/Reloj1/MainClockWizard/inst/mmcm_adv_inst1/CLKIN1



---------------------------------------------------------------------------------------------------
From Clock:  I2S_CLK_reloj2_clk_wiz_0_0
  To Clock:  I2S_CLK_reloj2_clk_wiz_0_0

Setup :            0  Failing Endpoints,  Worst Slack       68.271ns,  Total Violation        0.000ns
Hold  :            0  Failing Endpoints,  Worst Slack        0.007ns,  Total Violation        0.000ns
PW    :            0  Failing Endpoints,  Worst Slack       34.931ns,  Total Violation        0.000ns
---------------------------------------------------------------------------------------------------


Max Delay Paths
--------------------------------------------------------------------------------------
Slack (MET) :             68.271ns  (required time - arrival time)
  Source:                 AudVid/audvid_clockmanager/Reloj2/AudioClock/inst/seq_reg1_reg[7]/C
                            (rising edge-triggered cell FDRE clocked by I2S_CLK_reloj2_clk_wiz_0_0  {rise@0.000ns fall@35.431ns period=70.862ns})
  Destination:            AudVid/audvid_clockmanager/Reloj2/AudioClock/inst/clkout1_buf2/CE0
                            (rising edge-triggered cell BUFGCTRL clocked by I2S_CLK_reloj2_clk_wiz_0_0  {rise@0.000ns fall@35.431ns period=70.862ns})
  Path Group:             I2S_CLK_reloj2_clk_wiz_0_0
  Path Type:              Setup (Max at Slow Process Corner)
  Requirement:            70.862ns  (I2S_CLK_reloj2_clk_wiz_0_0 rise@70.862ns - I2S_CLK_reloj2_clk_wiz_0_0 rise@0.000ns)
  Data Path Delay:        1.256ns  (logic 0.456ns (36.314%)  route 0.800ns (63.686%))
  Logic Levels:           0  
  Clock Path Skew:        -0.856ns (DCD - SCD + CPR)
    Destination Clock Delay (DCD):    1.827ns = ( 72.689 - 70.862 ) 
    Source Clock Delay      (SCD):    2.753ns
    Clock Pessimism Removal (CPR):    0.070ns
  Clock Uncertainty:      0.145ns  ((TSJ^2 + DJ^2)^1/2) / 2 + PE
    Total System Jitter     (TSJ):    0.071ns
    Discrete Jitter          (DJ):    0.282ns
    Phase Error              (PE):    0.000ns

    Location             Delay type                Incr(ns)  Path(ns)    Netlist Resource(s)
  -------------------------------------------------------------------    -------------------
                         (clock I2S_CLK_reloj2_clk_wiz_0_0 rise edge)
                                                      0.000     0.000 r  
    W5                                                0.000     0.000 r  clk100 (IN)
                         net (fo=0)                   0.000     0.000    clk100
    W5                   IBUF (Prop_ibuf_I_O)         1.458     1.458 r  clk100_IBUF_inst/O
                         net (fo=1, unplaced)         0.800     2.258    clk100_IBUF
                         BUFG (Prop_bufg_I_O)         0.096     2.354 r  clk100_IBUF_BUFG_inst/O
                         net (fo=1799, unplaced)      0.584     2.938    AudVid/audvid_clockmanager/Reloj2/AudioClock/inst/clk100_IBUF_BUFG
                         MMCME2_ADV (Prop_mmcme2_adv_CLKIN1_CLKOUT0)
                                                     -1.480     1.458 r  AudVid/audvid_clockmanager/Reloj2/AudioClock/inst/mmcm_adv_inst2/CLKOUT0
                         net (fo=2, unplaced)         0.584     2.042    AudVid/audvid_clockmanager/Reloj2/AudioClock/inst/I2S_CLK_reloj2_clk_wiz_0_0
                         BUFH (Prop_bufh_I_O)         0.127     2.169 r  AudVid/audvid_clockmanager/Reloj2/AudioClock/inst/clkout1_buf_en2/O
                         net (fo=8, unplaced)         0.584     2.753    AudVid/audvid_clockmanager/Reloj2/AudioClock/inst/I2S_CLK_reloj2_clk_wiz_0_0_en_clk
                         FDRE                                         r  AudVid/audvid_clockmanager/Reloj2/AudioClock/inst/seq_reg1_reg[7]/C
  -------------------------------------------------------------------    -------------------
                         FDRE (Prop_fdre_C_Q)         0.456     3.209 r  AudVid/audvid_clockmanager/Reloj2/AudioClock/inst/seq_reg1_reg[7]/Q
                         net (fo=1, unplaced)         0.800     4.009    AudVid/audvid_clockmanager/Reloj2/AudioClock/inst/seq_reg1[7]
                         BUFGCTRL                                     r  AudVid/audvid_clockmanager/Reloj2/AudioClock/inst/clkout1_buf2/CE0
  -------------------------------------------------------------------    -------------------

                         (clock I2S_CLK_reloj2_clk_wiz_0_0 rise edge)
                                                     70.862    70.862 r  
    W5                                                0.000    70.862 r  clk100 (IN)
                         net (fo=0)                   0.000    70.862    clk100
    W5                   IBUF (Prop_ibuf_I_O)         1.388    72.250 r  clk100_IBUF_inst/O
                         net (fo=1, unplaced)         0.760    73.009    clk100_IBUF
                         BUFG (Prop_bufg_I_O)         0.091    73.100 r  clk100_IBUF_BUFG_inst/O
                         net (fo=1799, unplaced)      0.439    73.539    AudVid/audvid_clockmanager/Reloj2/AudioClock/inst/clk100_IBUF_BUFG
                         MMCME2_ADV (Prop_mmcme2_adv_CLKIN1_CLKOUT0)
                                                     -1.290    72.250 r  AudVid/audvid_clockmanager/Reloj2/AudioClock/inst/mmcm_adv_inst2/CLKOUT0
                         net (fo=2, unplaced)         0.439    72.689    AudVid/audvid_clockmanager/Reloj2/AudioClock/inst/I2S_CLK_reloj2_clk_wiz_0_0
                         BUFGCTRL                                     r  AudVid/audvid_clockmanager/Reloj2/AudioClock/inst/clkout1_buf2/I0
                         clock pessimism              0.070    72.759    
                         clock uncertainty           -0.145    72.614    
                         BUFGCTRL (Setup_bufgctrl_I0_CE0)
                                                     -0.334    72.280    AudVid/audvid_clockmanager/Reloj2/AudioClock/inst/clkout1_buf2
  -------------------------------------------------------------------
                         required time                         72.280    
                         arrival time                          -4.009    
  -------------------------------------------------------------------
                         slack                                 68.271    





Min Delay Paths
--------------------------------------------------------------------------------------
Slack (MET) :             0.007ns  (arrival time - required time)
  Source:                 AudVid/audvid_clockmanager/Reloj2/AudioClock/inst/seq_reg1_reg[0]/C
                            (rising edge-triggered cell FDRE clocked by I2S_CLK_reloj2_clk_wiz_0_0  {rise@0.000ns fall@35.431ns period=70.862ns})
  Destination:            AudVid/audvid_clockmanager/Reloj2/AudioClock/inst/seq_reg1_reg[1]/D
                            (rising edge-triggered cell FDRE clocked by I2S_CLK_reloj2_clk_wiz_0_0  {rise@0.000ns fall@35.431ns period=70.862ns})
  Path Group:             I2S_CLK_reloj2_clk_wiz_0_0
  Path Type:              Hold (Min at Fast Process Corner)
  Requirement:            0.000ns  (I2S_CLK_reloj2_clk_wiz_0_0 rise@0.000ns - I2S_CLK_reloj2_clk_wiz_0_0 rise@0.000ns)
  Data Path Delay:        0.222ns  (logic 0.141ns (63.533%)  route 0.081ns (36.467%))
  Logic Levels:           0  
  Clock Path Skew:        0.145ns (DCD - SCD - CPR)
    Destination Clock Delay (DCD):    0.975ns
    Source Clock Delay      (SCD):    0.474ns
    Clock Pessimism Removal (CPR):    0.356ns

    Location             Delay type                Incr(ns)  Path(ns)    Netlist Resource(s)
  -------------------------------------------------------------------    -------------------
                         (clock I2S_CLK_reloj2_clk_wiz_0_0 rise edge)
                                                      0.000     0.000 r  
    W5                                                0.000     0.000 r  clk100 (IN)
                         net (fo=0)                   0.000     0.000    clk100
    W5                   IBUF (Prop_ibuf_I_O)         0.226     0.226 r  clk100_IBUF_inst/O
                         net (fo=1, unplaced)         0.337     0.564    clk100_IBUF
                         BUFG (Prop_bufg_I_O)         0.026     0.590 r  clk100_IBUF_BUFG_inst/O
                         net (fo=1799, unplaced)      0.114     0.704    AudVid/audvid_clockmanager/Reloj2/AudioClock/inst/clk100_IBUF_BUFG
                         MMCME2_ADV (Prop_mmcme2_adv_CLKIN1_CLKOUT0)
                                                     -0.477     0.226 r  AudVid/audvid_clockmanager/Reloj2/AudioClock/inst/mmcm_adv_inst2/CLKOUT0
                         net (fo=2, unplaced)         0.114     0.340    AudVid/audvid_clockmanager/Reloj2/AudioClock/inst/I2S_CLK_reloj2_clk_wiz_0_0
                         BUFH (Prop_bufh_I_O)         0.020     0.360 r  AudVid/audvid_clockmanager/Reloj2/AudioClock/inst/clkout1_buf_en2/O
                         net (fo=8, unplaced)         0.114     0.474    AudVid/audvid_clockmanager/Reloj2/AudioClock/inst/I2S_CLK_reloj2_clk_wiz_0_0_en_clk
                         FDRE                                         r  AudVid/audvid_clockmanager/Reloj2/AudioClock/inst/seq_reg1_reg[0]/C
  -------------------------------------------------------------------    -------------------
                         FDRE (Prop_fdre_C_Q)         0.141     0.615 r  AudVid/audvid_clockmanager/Reloj2/AudioClock/inst/seq_reg1_reg[0]/Q
                         net (fo=1, unplaced)         0.081     0.696    AudVid/audvid_clockmanager/Reloj2/AudioClock/inst/seq_reg1[0]
                         FDRE                                         r  AudVid/audvid_clockmanager/Reloj2/AudioClock/inst/seq_reg1_reg[1]/D
  -------------------------------------------------------------------    -------------------

                         (clock I2S_CLK_reloj2_clk_wiz_0_0 rise edge)
                                                      0.000     0.000 r  
    W5                                                0.000     0.000 r  clk100 (IN)
                         net (fo=0)                   0.000     0.000    clk100
    W5                   IBUF (Prop_ibuf_I_O)         0.414     0.414 r  clk100_IBUF_inst/O
                         net (fo=1, unplaced)         0.355     0.769    clk100_IBUF
                         BUFG (Prop_bufg_I_O)         0.029     0.798 r  clk100_IBUF_BUFG_inst/O
                         net (fo=1799, unplaced)      0.259     1.057    AudVid/audvid_clockmanager/Reloj2/AudioClock/inst/clk100_IBUF_BUFG
                         MMCME2_ADV (Prop_mmcme2_adv_CLKIN1_CLKOUT0)
                                                     -0.643     0.414 r  AudVid/audvid_clockmanager/Reloj2/AudioClock/inst/mmcm_adv_inst2/CLKOUT0
                         net (fo=2, unplaced)         0.259     0.673    AudVid/audvid_clockmanager/Reloj2/AudioClock/inst/I2S_CLK_reloj2_clk_wiz_0_0
                         BUFH (Prop_bufh_I_O)         0.043     0.716 r  AudVid/audvid_clockmanager/Reloj2/AudioClock/inst/clkout1_buf_en2/O
                         net (fo=8, unplaced)         0.259     0.975    AudVid/audvid_clockmanager/Reloj2/AudioClock/inst/I2S_CLK_reloj2_clk_wiz_0_0_en_clk
                         FDRE                                         r  AudVid/audvid_clockmanager/Reloj2/AudioClock/inst/seq_reg1_reg[1]/C
                         clock pessimism             -0.356     0.619    
                         FDRE (Hold_fdre_C_D)         0.070     0.689    AudVid/audvid_clockmanager/Reloj2/AudioClock/inst/seq_reg1_reg[1]
  -------------------------------------------------------------------
                         required time                         -0.689    
                         arrival time                           0.696    
  -------------------------------------------------------------------
                         slack                                  0.007    





Pulse Width Checks
--------------------------------------------------------------------------------------
Clock Name:         I2S_CLK_reloj2_clk_wiz_0_0
Waveform(ns):       { 0.000 35.431 }
Period(ns):         70.862
Sources:            { AudVid/audvid_clockmanager/Reloj2/AudioClock/inst/mmcm_adv_inst2/CLKOUT0 }

Check Type        Corner  Lib Pin             Reference Pin  Required(ns)  Actual(ns)  Slack(ns)  Location  Pin
Min Period        n/a     BUFGCTRL/I0         n/a            2.155         70.862      68.706               AudVid/audvid_clockmanager/Reloj2/AudioClock/inst/clkout1_buf2/I0
Max Period        n/a     MMCME2_ADV/CLKOUT0  n/a            213.360       70.862      142.498              AudVid/audvid_clockmanager/Reloj2/AudioClock/inst/mmcm_adv_inst2/CLKOUT0
Low Pulse Width   Fast    FDRE/C              n/a            0.500         35.431      34.931               AudVid/audvid_clockmanager/Reloj2/I2SCLK_reg/C
High Pulse Width  Slow    FDRE/C              n/a            0.500         35.431      34.931               AudVid/audvid_clockmanager/Reloj2/AudioClock/inst/seq_reg1_reg[0]/C



---------------------------------------------------------------------------------------------------
From Clock:  MasterClocK_reloj1_clk_wiz_0_0
  To Clock:  MasterClocK_reloj1_clk_wiz_0_0

Setup :            0  Failing Endpoints,  Worst Slack        5.641ns,  Total Violation        0.000ns
Hold  :            0  Failing Endpoints,  Worst Slack        0.007ns,  Total Violation        0.000ns
PW    :            0  Failing Endpoints,  Worst Slack        3.750ns,  Total Violation        0.000ns
---------------------------------------------------------------------------------------------------


Max Delay Paths
--------------------------------------------------------------------------------------
Slack (MET) :             5.641ns  (required time - arrival time)
  Source:                 AudVid/i2s/squaregenerator/count_reg[9]/C
                            (rising edge-triggered cell FDRE clocked by MasterClocK_reloj1_clk_wiz_0_0  {rise@0.000ns fall@5.000ns period=10.000ns})
  Destination:            AudVid/i2s/squaregenerator/count_reg[0]/R
                            (rising edge-triggered cell FDRE clocked by MasterClocK_reloj1_clk_wiz_0_0  {rise@0.000ns fall@5.000ns period=10.000ns})
  Path Group:             MasterClocK_reloj1_clk_wiz_0_0
  Path Type:              Setup (Max at Slow Process Corner)
  Requirement:            10.000ns  (MasterClocK_reloj1_clk_wiz_0_0 rise@10.000ns - MasterClocK_reloj1_clk_wiz_0_0 rise@0.000ns)
  Data Path Delay:        3.701ns  (logic 0.999ns (26.993%)  route 2.702ns (73.007%))
  Logic Levels:           3  (LUT1=1 LUT5=1 LUT6=1)
  Clock Path Skew:        -0.145ns (DCD - SCD + CPR)
    Destination Clock Delay (DCD):    2.357ns = ( 12.357 - 10.000 ) 
    Source Clock Delay      (SCD):    2.722ns
    Clock Pessimism Removal (CPR):    0.220ns
  Clock Uncertainty:      0.080ns  ((TSJ^2 + DJ^2)^1/2) / 2 + PE
    Total System Jitter     (TSJ):    0.071ns
    Discrete Jitter          (DJ):    0.142ns
    Phase Error              (PE):    0.000ns

    Location             Delay type                Incr(ns)  Path(ns)    Netlist Resource(s)
  -------------------------------------------------------------------    -------------------
                         (clock MasterClocK_reloj1_clk_wiz_0_0 rise edge)
                                                      0.000     0.000 r  
    W5                                                0.000     0.000 r  clk100 (IN)
                         net (fo=0)                   0.000     0.000    clk100
    W5                   IBUF (Prop_ibuf_I_O)         1.458     1.458 r  clk100_IBUF_inst/O
                         net (fo=1, unplaced)         0.800     2.258    clk100_IBUF
                         BUFG (Prop_bufg_I_O)         0.096     2.354 r  clk100_IBUF_BUFG_inst/O
                         net (fo=1799, unplaced)      0.584     2.938    AudVid/audvid_clockmanager/Reloj1/MainClockWizard/inst/clk100_IBUF_BUFG
                         MMCME2_ADV (Prop_mmcme2_adv_CLKIN1_CLKOUT0)
                                                     -1.480     1.458 r  AudVid/audvid_clockmanager/Reloj1/MainClockWizard/inst/mmcm_adv_inst1/CLKOUT0
                         net (fo=2, unplaced)         0.584     2.042    AudVid/audvid_clockmanager/Reloj1/MainClockWizard/inst/MasterClocK_reloj1_clk_wiz_0_0
                         BUFGCTRL (Prop_bufgctrl_I0_O)
                                                      0.096     2.138 r  AudVid/audvid_clockmanager/Reloj1/MainClockWizard/inst/clkout1_buf1/O
                         net (fo=61, unplaced)        0.584     2.722    AudVid/i2s/squaregenerator/MasterCLK
                         FDRE                                         r  AudVid/i2s/squaregenerator/count_reg[9]/C
  -------------------------------------------------------------------    -------------------
                         FDRE (Prop_fdre_C_Q)         0.456     3.178 r  AudVid/i2s/squaregenerator/count_reg[9]/Q
                         net (fo=3, unplaced)         0.983     4.161    AudVid/i2s/squaregenerator/count_reg[9]
                         LUT6 (Prop_lut6_I0_O)        0.295     4.456 f  AudVid/i2s/squaregenerator/data[15]_i_4/O
                         net (fo=1, unplaced)         0.419     4.875    AudVid/i2s/squaregenerator/data[15]_i_4_n_1
                         LUT5 (Prop_lut5_I2_O)        0.124     4.999 f  AudVid/i2s/squaregenerator/data[15]_i_2/O
                         net (fo=3, unplaced)         0.467     5.466    AudVid/i2s/squaregenerator/data1
                         LUT1 (Prop_lut1_I0_O)        0.124     5.590 r  AudVid/i2s/squaregenerator/count[0]_i_1__3/O
                         net (fo=18, unplaced)        0.833     6.423    AudVid/i2s/squaregenerator/clear
                         FDRE                                         r  AudVid/i2s/squaregenerator/count_reg[0]/R
  -------------------------------------------------------------------    -------------------

                         (clock MasterClocK_reloj1_clk_wiz_0_0 rise edge)
                                                     10.000    10.000 r  
    W5                                                0.000    10.000 r  clk100 (IN)
                         net (fo=0)                   0.000    10.000    clk100
    W5                   IBUF (Prop_ibuf_I_O)         1.388    11.388 r  clk100_IBUF_inst/O
                         net (fo=1, unplaced)         0.760    12.148    clk100_IBUF
                         BUFG (Prop_bufg_I_O)         0.091    12.239 r  clk100_IBUF_BUFG_inst/O
                         net (fo=1799, unplaced)      0.439    12.678    AudVid/audvid_clockmanager/Reloj1/MainClockWizard/inst/clk100_IBUF_BUFG
                         MMCME2_ADV (Prop_mmcme2_adv_CLKIN1_CLKOUT0)
                                                     -1.290    11.388 r  AudVid/audvid_clockmanager/Reloj1/MainClockWizard/inst/mmcm_adv_inst1/CLKOUT0
                         net (fo=2, unplaced)         0.439    11.827    AudVid/audvid_clockmanager/Reloj1/MainClockWizard/inst/MasterClocK_reloj1_clk_wiz_0_0
                         BUFGCTRL (Prop_bufgctrl_I0_O)
                                                      0.091    11.918 r  AudVid/audvid_clockmanager/Reloj1/MainClockWizard/inst/clkout1_buf1/O
                         net (fo=61, unplaced)        0.439    12.357    AudVid/i2s/squaregenerator/MasterCLK
                         FDRE                                         r  AudVid/i2s/squaregenerator/count_reg[0]/C
                         clock pessimism              0.220    12.577    
                         clock uncertainty           -0.080    12.498    
                         FDRE (Setup_fdre_C_R)       -0.433    12.065    AudVid/i2s/squaregenerator/count_reg[0]
  -------------------------------------------------------------------
                         required time                         12.065    
                         arrival time                          -6.423    
  -------------------------------------------------------------------
                         slack                                  5.641    





Min Delay Paths
--------------------------------------------------------------------------------------
Slack (MET) :             0.007ns  (arrival time - required time)
  Source:                 AudVid/audvid_clockmanager/Reloj1/MainClockWizard/inst/seq_reg1_reg[0]/C
                            (rising edge-triggered cell FDRE clocked by MasterClocK_reloj1_clk_wiz_0_0  {rise@0.000ns fall@5.000ns period=10.000ns})
  Destination:            AudVid/audvid_clockmanager/Reloj1/MainClockWizard/inst/seq_reg1_reg[1]/D
                            (rising edge-triggered cell FDRE clocked by MasterClocK_reloj1_clk_wiz_0_0  {rise@0.000ns fall@5.000ns period=10.000ns})
  Path Group:             MasterClocK_reloj1_clk_wiz_0_0
  Path Type:              Hold (Min at Fast Process Corner)
  Requirement:            0.000ns  (MasterClocK_reloj1_clk_wiz_0_0 rise@0.000ns - MasterClocK_reloj1_clk_wiz_0_0 rise@0.000ns)
  Data Path Delay:        0.222ns  (logic 0.141ns (63.533%)  route 0.081ns (36.467%))
  Logic Levels:           0  
  Clock Path Skew:        0.145ns (DCD - SCD - CPR)
    Destination Clock Delay (DCD):    0.975ns
    Source Clock Delay      (SCD):    0.474ns
    Clock Pessimism Removal (CPR):    0.356ns

    Location             Delay type                Incr(ns)  Path(ns)    Netlist Resource(s)
  -------------------------------------------------------------------    -------------------
                         (clock MasterClocK_reloj1_clk_wiz_0_0 rise edge)
                                                      0.000     0.000 r  
    W5                                                0.000     0.000 r  clk100 (IN)
                         net (fo=0)                   0.000     0.000    clk100
    W5                   IBUF (Prop_ibuf_I_O)         0.226     0.226 r  clk100_IBUF_inst/O
                         net (fo=1, unplaced)         0.337     0.564    clk100_IBUF
                         BUFG (Prop_bufg_I_O)         0.026     0.590 r  clk100_IBUF_BUFG_inst/O
                         net (fo=1799, unplaced)      0.114     0.704    AudVid/audvid_clockmanager/Reloj1/MainClockWizard/inst/clk100_IBUF_BUFG
                         MMCME2_ADV (Prop_mmcme2_adv_CLKIN1_CLKOUT0)
                                                     -0.477     0.226 r  AudVid/audvid_clockmanager/Reloj1/MainClockWizard/inst/mmcm_adv_inst1/CLKOUT0
                         net (fo=2, unplaced)         0.114     0.340    AudVid/audvid_clockmanager/Reloj1/MainClockWizard/inst/MasterClocK_reloj1_clk_wiz_0_0
                         BUFH (Prop_bufh_I_O)         0.020     0.360 r  AudVid/audvid_clockmanager/Reloj1/MainClockWizard/inst/clkout1_buf_en1/O
                         net (fo=8, unplaced)         0.114     0.474    AudVid/audvid_clockmanager/Reloj1/MainClockWizard/inst/MasterClocK_reloj1_clk_wiz_0_0_en_clk
                         FDRE                                         r  AudVid/audvid_clockmanager/Reloj1/MainClockWizard/inst/seq_reg1_reg[0]/C
  -------------------------------------------------------------------    -------------------
                         FDRE (Prop_fdre_C_Q)         0.141     0.615 r  AudVid/audvid_clockmanager/Reloj1/MainClockWizard/inst/seq_reg1_reg[0]/Q
                         net (fo=1, unplaced)         0.081     0.696    AudVid/audvid_clockmanager/Reloj1/MainClockWizard/inst/seq_reg1[0]
                         FDRE                                         r  AudVid/audvid_clockmanager/Reloj1/MainClockWizard/inst/seq_reg1_reg[1]/D
  -------------------------------------------------------------------    -------------------

                         (clock MasterClocK_reloj1_clk_wiz_0_0 rise edge)
                                                      0.000     0.000 r  
    W5                                                0.000     0.000 r  clk100 (IN)
                         net (fo=0)                   0.000     0.000    clk100
    W5                   IBUF (Prop_ibuf_I_O)         0.414     0.414 r  clk100_IBUF_inst/O
                         net (fo=1, unplaced)         0.355     0.769    clk100_IBUF
                         BUFG (Prop_bufg_I_O)         0.029     0.798 r  clk100_IBUF_BUFG_inst/O
                         net (fo=1799, unplaced)      0.259     1.057    AudVid/audvid_clockmanager/Reloj1/MainClockWizard/inst/clk100_IBUF_BUFG
                         MMCME2_ADV (Prop_mmcme2_adv_CLKIN1_CLKOUT0)
                                                     -0.643     0.414 r  AudVid/audvid_clockmanager/Reloj1/MainClockWizard/inst/mmcm_adv_inst1/CLKOUT0
                         net (fo=2, unplaced)         0.259     0.673    AudVid/audvid_clockmanager/Reloj1/MainClockWizard/inst/MasterClocK_reloj1_clk_wiz_0_0
                         BUFH (Prop_bufh_I_O)         0.043     0.716 r  AudVid/audvid_clockmanager/Reloj1/MainClockWizard/inst/clkout1_buf_en1/O
                         net (fo=8, unplaced)         0.259     0.975    AudVid/audvid_clockmanager/Reloj1/MainClockWizard/inst/MasterClocK_reloj1_clk_wiz_0_0_en_clk
                         FDRE                                         r  AudVid/audvid_clockmanager/Reloj1/MainClockWizard/inst/seq_reg1_reg[1]/C
                         clock pessimism             -0.356     0.619    
                         FDRE (Hold_fdre_C_D)         0.070     0.689    AudVid/audvid_clockmanager/Reloj1/MainClockWizard/inst/seq_reg1_reg[1]
  -------------------------------------------------------------------
                         required time                         -0.689    
                         arrival time                           0.696    
  -------------------------------------------------------------------
                         slack                                  0.007    





Pulse Width Checks
--------------------------------------------------------------------------------------
Clock Name:         MasterClocK_reloj1_clk_wiz_0_0
Waveform(ns):       { 0.000 5.000 }
Period(ns):         10.000
Sources:            { AudVid/audvid_clockmanager/Reloj1/MainClockWizard/inst/mmcm_adv_inst1/CLKOUT0 }

Check Type        Corner  Lib Pin             Reference Pin  Required(ns)  Actual(ns)  Slack(ns)  Location  Pin
Min Period        n/a     BUFGCTRL/I0         n/a            2.155         10.000      7.845                AudVid/audvid_clockmanager/Reloj1/MainClockWizard/inst/clkout1_buf1/I0
Max Period        n/a     MMCME2_ADV/CLKOUT0  n/a            213.360       10.000      203.360              AudVid/audvid_clockmanager/Reloj1/MainClockWizard/inst/mmcm_adv_inst1/CLKOUT0
Low Pulse Width   Slow    RAMD64E/CLK         n/a            1.250         5.000       3.750                AudVid/TilesPositionsRegister_reg_0_63_0_2/RAMA/CLK
High Pulse Width  Fast    RAMD64E/CLK         n/a            1.250         5.000       3.750                AudVid/TilesPositionsRegister_reg_0_63_0_2/RAMA/CLK



---------------------------------------------------------------------------------------------------
From Clock:  SD_Clock_reloj1_clk_wiz_0_0
  To Clock:  SD_Clock_reloj1_clk_wiz_0_0

Setup :            0  Failing Endpoints,  Worst Slack       37.308ns,  Total Violation        0.000ns
Hold  :            0  Failing Endpoints,  Worst Slack        0.007ns,  Total Violation        0.000ns
PW    :            0  Failing Endpoints,  Worst Slack       39.500ns,  Total Violation        0.000ns
---------------------------------------------------------------------------------------------------


Max Delay Paths
--------------------------------------------------------------------------------------
Slack (MET) :             37.308ns  (required time - arrival time)
  Source:                 AudVid/sd_spi/spi/count_reg[1]/C
                            (rising edge-triggered cell FDRE clocked by SD_Clock_reloj1_clk_wiz_0_0'  {rise@0.000ns fall@40.000ns period=80.000ns})
  Destination:            AudVid/sd_spi/spi/Data_reg[0]/CE
                            (rising edge-triggered cell FDRE clocked by SD_Clock_reloj1_clk_wiz_0_0  {rise@0.000ns fall@40.000ns period=80.000ns})
  Path Group:             SD_Clock_reloj1_clk_wiz_0_0
  Path Type:              Setup (Max at Slow Process Corner)
  Requirement:            40.000ns  (SD_Clock_reloj1_clk_wiz_0_0 rise@80.000ns - SD_Clock_reloj1_clk_wiz_0_0 fall@40.000ns)
  Data Path Delay:        2.097ns  (logic 0.791ns (37.721%)  route 1.306ns (62.279%))
  Logic Levels:           1  (LUT3=1)
  Clock Path Skew:        -0.314ns (DCD - SCD + CPR)
    Destination Clock Delay (DCD):    2.896ns = ( 82.896 - 80.000 ) 
    Source Clock Delay      (SCD):    3.430ns = ( 43.430 - 40.000 ) 
    Clock Pessimism Removal (CPR):    0.220ns
  Clock Uncertainty:      0.112ns  ((TSJ^2 + DJ^2)^1/2) / 2 + PE
    Total System Jitter     (TSJ):    0.071ns
    Discrete Jitter          (DJ):    0.212ns
    Phase Error              (PE):    0.000ns

    Location             Delay type                Incr(ns)  Path(ns)    Netlist Resource(s)
  -------------------------------------------------------------------    -------------------
                         (clock SD_Clock_reloj1_clk_wiz_0_0 fall edge)
                                                     40.000    40.000 f  
    W5                                                0.000    40.000 f  clk100 (IN)
                         net (fo=0)                   0.000    40.000    clk100
    W5                   IBUF (Prop_ibuf_I_O)         1.458    41.458 f  clk100_IBUF_inst/O
                         net (fo=1, unplaced)         0.800    42.258    clk100_IBUF
                         BUFG (Prop_bufg_I_O)         0.096    42.354 f  clk100_IBUF_BUFG_inst/O
                         net (fo=1799, unplaced)      0.584    42.938    AudVid/audvid_clockmanager/Reloj1/MainClockWizard/inst/clk100_IBUF_BUFG
                         MMCME2_ADV (Prop_mmcme2_adv_CLKIN1_CLKOUT1)
                                                     -1.480    41.458 f  AudVid/audvid_clockmanager/Reloj1/MainClockWizard/inst/mmcm_adv_inst1/CLKOUT1
                         net (fo=2, unplaced)         0.584    42.042    AudVid/audvid_clockmanager/Reloj1/MainClockWizard/inst/SD_Clock_reloj1_clk_wiz_0_0
                         BUFGCTRL (Prop_bufgctrl_I0_O)
                                                      0.096    42.138 f  AudVid/audvid_clockmanager/Reloj1/MainClockWizard/inst/clkout2_buf1/O
                         net (fo=12, unplaced)        0.584    42.722    AudVid/sd_spi/spiInitClock/SD_WorkCLK
                         LUT5 (Prop_lut5_I0_O)        0.124    42.846 r  AudVid/sd_spi/spiInitClock/count[2]_i_2/O
                         net (fo=12, unplaced)        0.584    43.430    AudVid/sd_spi/spi/CLK
                         FDRE                                         r  AudVid/sd_spi/spi/count_reg[1]/C
  -------------------------------------------------------------------    -------------------
                         FDRE (Prop_fdre_C_Q)         0.496    43.926 r  AudVid/sd_spi/spi/count_reg[1]/Q
                         net (fo=14, unplaced)        0.792    44.718    AudVid/sd_spi/spi/count_reg_n_1_[1]
                         LUT3 (Prop_lut3_I0_O)        0.295    45.013 r  AudVid/sd_spi/spi/Data[0]_i_1/O
                         net (fo=9, unplaced)         0.514    45.527    AudVid/sd_spi/spi/p_1_in
                         FDRE                                         r  AudVid/sd_spi/spi/Data_reg[0]/CE
  -------------------------------------------------------------------    -------------------

                         (clock SD_Clock_reloj1_clk_wiz_0_0 rise edge)
                                                     80.000    80.000 r  
    W5                                                0.000    80.000 r  clk100 (IN)
                         net (fo=0)                   0.000    80.000    clk100
    W5                   IBUF (Prop_ibuf_I_O)         1.388    81.388 r  clk100_IBUF_inst/O
                         net (fo=1, unplaced)         0.760    82.148    clk100_IBUF
                         BUFG (Prop_bufg_I_O)         0.091    82.239 r  clk100_IBUF_BUFG_inst/O
                         net (fo=1799, unplaced)      0.439    82.678    AudVid/audvid_clockmanager/Reloj1/MainClockWizard/inst/clk100_IBUF_BUFG
                         MMCME2_ADV (Prop_mmcme2_adv_CLKIN1_CLKOUT1)
                                                     -1.290    81.388 r  AudVid/audvid_clockmanager/Reloj1/MainClockWizard/inst/mmcm_adv_inst1/CLKOUT1
                         net (fo=2, unplaced)         0.439    81.827    AudVid/audvid_clockmanager/Reloj1/MainClockWizard/inst/SD_Clock_reloj1_clk_wiz_0_0
                         BUFGCTRL (Prop_bufgctrl_I0_O)
                                                      0.091    81.918 r  AudVid/audvid_clockmanager/Reloj1/MainClockWizard/inst/clkout2_buf1/O
                         net (fo=12, unplaced)        0.439    82.357    AudVid/sd_spi/spiInitClock/SD_WorkCLK
                         LUT5 (Prop_lut5_I0_O)        0.100    82.457 r  AudVid/sd_spi/spiInitClock/Data[7]_i_2/O
                         net (fo=8, unplaced)         0.439    82.896    AudVid/sd_spi/spi/seq_reg2_reg[7]
                         FDRE                                         r  AudVid/sd_spi/spi/Data_reg[0]/C
                         clock pessimism              0.220    83.116    
                         clock uncertainty           -0.112    83.004    
                         FDRE (Setup_fdre_C_CE)      -0.169    82.835    AudVid/sd_spi/spi/Data_reg[0]
  -------------------------------------------------------------------
                         required time                         82.835    
                         arrival time                         -45.527    
  -------------------------------------------------------------------
                         slack                                 37.308    





Min Delay Paths
--------------------------------------------------------------------------------------
Slack (MET) :             0.007ns  (arrival time - required time)
  Source:                 AudVid/audvid_clockmanager/Reloj1/MainClockWizard/inst/seq_reg2_reg[0]/C
                            (rising edge-triggered cell FDRE clocked by SD_Clock_reloj1_clk_wiz_0_0  {rise@0.000ns fall@40.000ns period=80.000ns})
  Destination:            AudVid/audvid_clockmanager/Reloj1/MainClockWizard/inst/seq_reg2_reg[1]/D
                            (rising edge-triggered cell FDRE clocked by SD_Clock_reloj1_clk_wiz_0_0  {rise@0.000ns fall@40.000ns period=80.000ns})
  Path Group:             SD_Clock_reloj1_clk_wiz_0_0
  Path Type:              Hold (Min at Fast Process Corner)
  Requirement:            0.000ns  (SD_Clock_reloj1_clk_wiz_0_0 rise@0.000ns - SD_Clock_reloj1_clk_wiz_0_0 rise@0.000ns)
  Data Path Delay:        0.222ns  (logic 0.141ns (63.533%)  route 0.081ns (36.467%))
  Logic Levels:           0  
  Clock Path Skew:        0.145ns (DCD - SCD - CPR)
    Destination Clock Delay (DCD):    0.975ns
    Source Clock Delay      (SCD):    0.474ns
    Clock Pessimism Removal (CPR):    0.356ns

    Location             Delay type                Incr(ns)  Path(ns)    Netlist Resource(s)
  -------------------------------------------------------------------    -------------------
                         (clock SD_Clock_reloj1_clk_wiz_0_0 rise edge)
                                                      0.000     0.000 r  
    W5                                                0.000     0.000 r  clk100 (IN)
                         net (fo=0)                   0.000     0.000    clk100
    W5                   IBUF (Prop_ibuf_I_O)         0.226     0.226 r  clk100_IBUF_inst/O
                         net (fo=1, unplaced)         0.337     0.564    clk100_IBUF
                         BUFG (Prop_bufg_I_O)         0.026     0.590 r  clk100_IBUF_BUFG_inst/O
                         net (fo=1799, unplaced)      0.114     0.704    AudVid/audvid_clockmanager/Reloj1/MainClockWizard/inst/clk100_IBUF_BUFG
                         MMCME2_ADV (Prop_mmcme2_adv_CLKIN1_CLKOUT1)
                                                     -0.477     0.226 r  AudVid/audvid_clockmanager/Reloj1/MainClockWizard/inst/mmcm_adv_inst1/CLKOUT1
                         net (fo=2, unplaced)         0.114     0.340    AudVid/audvid_clockmanager/Reloj1/MainClockWizard/inst/SD_Clock_reloj1_clk_wiz_0_0
                         BUFH (Prop_bufh_I_O)         0.020     0.360 r  AudVid/audvid_clockmanager/Reloj1/MainClockWizard/inst/clkout2_buf_en1/O
                         net (fo=8, unplaced)         0.114     0.474    AudVid/audvid_clockmanager/Reloj1/MainClockWizard/inst/SD_Clock_reloj1_clk_wiz_0_0_en_clk
                         FDRE                                         r  AudVid/audvid_clockmanager/Reloj1/MainClockWizard/inst/seq_reg2_reg[0]/C
  -------------------------------------------------------------------    -------------------
                         FDRE (Prop_fdre_C_Q)         0.141     0.615 r  AudVid/audvid_clockmanager/Reloj1/MainClockWizard/inst/seq_reg2_reg[0]/Q
                         net (fo=1, unplaced)         0.081     0.696    AudVid/audvid_clockmanager/Reloj1/MainClockWizard/inst/seq_reg2[0]
                         FDRE                                         r  AudVid/audvid_clockmanager/Reloj1/MainClockWizard/inst/seq_reg2_reg[1]/D
  -------------------------------------------------------------------    -------------------

                         (clock SD_Clock_reloj1_clk_wiz_0_0 rise edge)
                                                      0.000     0.000 r  
    W5                                                0.000     0.000 r  clk100 (IN)
                         net (fo=0)                   0.000     0.000    clk100
    W5                   IBUF (Prop_ibuf_I_O)         0.414     0.414 r  clk100_IBUF_inst/O
                         net (fo=1, unplaced)         0.355     0.769    clk100_IBUF
                         BUFG (Prop_bufg_I_O)         0.029     0.798 r  clk100_IBUF_BUFG_inst/O
                         net (fo=1799, unplaced)      0.259     1.057    AudVid/audvid_clockmanager/Reloj1/MainClockWizard/inst/clk100_IBUF_BUFG
                         MMCME2_ADV (Prop_mmcme2_adv_CLKIN1_CLKOUT1)
                                                     -0.643     0.414 r  AudVid/audvid_clockmanager/Reloj1/MainClockWizard/inst/mmcm_adv_inst1/CLKOUT1
                         net (fo=2, unplaced)         0.259     0.673    AudVid/audvid_clockmanager/Reloj1/MainClockWizard/inst/SD_Clock_reloj1_clk_wiz_0_0
                         BUFH (Prop_bufh_I_O)         0.043     0.716 r  AudVid/audvid_clockmanager/Reloj1/MainClockWizard/inst/clkout2_buf_en1/O
                         net (fo=8, unplaced)         0.259     0.975    AudVid/audvid_clockmanager/Reloj1/MainClockWizard/inst/SD_Clock_reloj1_clk_wiz_0_0_en_clk
                         FDRE                                         r  AudVid/audvid_clockmanager/Reloj1/MainClockWizard/inst/seq_reg2_reg[1]/C
                         clock pessimism             -0.356     0.619    
                         FDRE (Hold_fdre_C_D)         0.070     0.689    AudVid/audvid_clockmanager/Reloj1/MainClockWizard/inst/seq_reg2_reg[1]
  -------------------------------------------------------------------
                         required time                         -0.689    
                         arrival time                           0.696    
  -------------------------------------------------------------------
                         slack                                  0.007    





Pulse Width Checks
--------------------------------------------------------------------------------------
Clock Name:         SD_Clock_reloj1_clk_wiz_0_0
Waveform(ns):       { 0.000 40.000 }
Period(ns):         80.000
Sources:            { AudVid/audvid_clockmanager/Reloj1/MainClockWizard/inst/mmcm_adv_inst1/CLKOUT1 }

Check Type        Corner  Lib Pin             Reference Pin  Required(ns)  Actual(ns)  Slack(ns)  Location  Pin
Min Period        n/a     BUFGCTRL/I0         n/a            2.155         80.000      77.845               AudVid/audvid_clockmanager/Reloj1/MainClockWizard/inst/clkout2_buf1/I0
Max Period        n/a     MMCME2_ADV/CLKOUT1  n/a            213.360       80.000      133.360              AudVid/audvid_clockmanager/Reloj1/MainClockWizard/inst/mmcm_adv_inst1/CLKOUT1
Low Pulse Width   Slow    FDRE/C              n/a            0.500         40.000      39.500               AudVid/sd_spi/spi/DataClk_reg/C
High Pulse Width  Slow    FDRE/C              n/a            0.500         40.000      39.500               AudVid/audvid_clockmanager/Reloj1/MainClockWizard/inst/seq_reg2_reg[0]/C



---------------------------------------------------------------------------------------------------
From Clock:  TFT_Clock_reloj1_clk_wiz_0_0
  To Clock:  TFT_Clock_reloj1_clk_wiz_0_0

Setup :            0  Failing Endpoints,  Worst Slack      157.428ns,  Total Violation        0.000ns
Hold  :            0  Failing Endpoints,  Worst Slack        0.007ns,  Total Violation        0.000ns
PW    :            0  Failing Endpoints,  Worst Slack       53.360ns,  Total Violation        0.000ns
---------------------------------------------------------------------------------------------------


Max Delay Paths
--------------------------------------------------------------------------------------
Slack (MET) :             157.428ns  (required time - arrival time)
  Source:                 AudVid/audvid_clockmanager/Reloj1/MainClockWizard/inst/seq_reg3_reg[7]/C
                            (rising edge-triggered cell FDRE clocked by TFT_Clock_reloj1_clk_wiz_0_0  {rise@0.000ns fall@80.000ns period=160.000ns})
  Destination:            AudVid/audvid_clockmanager/Reloj1/MainClockWizard/inst/clkout3_buf1/CE0
                            (rising edge-triggered cell BUFGCTRL clocked by TFT_Clock_reloj1_clk_wiz_0_0  {rise@0.000ns fall@80.000ns period=160.000ns})
  Path Group:             TFT_Clock_reloj1_clk_wiz_0_0
  Path Type:              Setup (Max at Slow Process Corner)
  Requirement:            160.000ns  (TFT_Clock_reloj1_clk_wiz_0_0 rise@160.000ns - TFT_Clock_reloj1_clk_wiz_0_0 rise@0.000ns)
  Data Path Delay:        1.256ns  (logic 0.456ns (36.314%)  route 0.800ns (63.686%))
  Logic Levels:           0  
  Clock Path Skew:        -0.856ns (DCD - SCD + CPR)
    Destination Clock Delay (DCD):    1.827ns = ( 161.827 - 160.000 ) 
    Source Clock Delay      (SCD):    2.753ns
    Clock Pessimism Removal (CPR):    0.070ns
  Clock Uncertainty:      0.126ns  ((TSJ^2 + DJ^2)^1/2) / 2 + PE
    Total System Jitter     (TSJ):    0.071ns
    Discrete Jitter          (DJ):    0.243ns
    Phase Error              (PE):    0.000ns

    Location             Delay type                Incr(ns)  Path(ns)    Netlist Resource(s)
  -------------------------------------------------------------------    -------------------
                         (clock TFT_Clock_reloj1_clk_wiz_0_0 rise edge)
                                                      0.000     0.000 r  
    W5                                                0.000     0.000 r  clk100 (IN)
                         net (fo=0)                   0.000     0.000    clk100
    W5                   IBUF (Prop_ibuf_I_O)         1.458     1.458 r  clk100_IBUF_inst/O
                         net (fo=1, unplaced)         0.800     2.258    clk100_IBUF
                         BUFG (Prop_bufg_I_O)         0.096     2.354 r  clk100_IBUF_BUFG_inst/O
                         net (fo=1799, unplaced)      0.584     2.938    AudVid/audvid_clockmanager/Reloj1/MainClockWizard/inst/clk100_IBUF_BUFG
                         MMCME2_ADV (Prop_mmcme2_adv_CLKIN1_CLKOUT2)
                                                     -1.480     1.458 r  AudVid/audvid_clockmanager/Reloj1/MainClockWizard/inst/mmcm_adv_inst1/CLKOUT2
                         net (fo=2, unplaced)         0.584     2.042    AudVid/audvid_clockmanager/Reloj1/MainClockWizard/inst/TFT_Clock_reloj1_clk_wiz_0_0
                         BUFH (Prop_bufh_I_O)         0.127     2.169 r  AudVid/audvid_clockmanager/Reloj1/MainClockWizard/inst/clkout3_buf_en1/O
                         net (fo=8, unplaced)         0.584     2.753    AudVid/audvid_clockmanager/Reloj1/MainClockWizard/inst/TFT_Clock_reloj1_clk_wiz_0_0_en_clk
                         FDRE                                         r  AudVid/audvid_clockmanager/Reloj1/MainClockWizard/inst/seq_reg3_reg[7]/C
  -------------------------------------------------------------------    -------------------
                         FDRE (Prop_fdre_C_Q)         0.456     3.209 r  AudVid/audvid_clockmanager/Reloj1/MainClockWizard/inst/seq_reg3_reg[7]/Q
                         net (fo=1, unplaced)         0.800     4.009    AudVid/audvid_clockmanager/Reloj1/MainClockWizard/inst/seq_reg3[7]
                         BUFGCTRL                                     r  AudVid/audvid_clockmanager/Reloj1/MainClockWizard/inst/clkout3_buf1/CE0
  -------------------------------------------------------------------    -------------------

                         (clock TFT_Clock_reloj1_clk_wiz_0_0 rise edge)
                                                    160.000   160.000 r  
    W5                                                0.000   160.000 r  clk100 (IN)
                         net (fo=0)                   0.000   160.000    clk100
    W5                   IBUF (Prop_ibuf_I_O)         1.388   161.388 r  clk100_IBUF_inst/O
                         net (fo=1, unplaced)         0.760   162.148    clk100_IBUF
                         BUFG (Prop_bufg_I_O)         0.091   162.239 r  clk100_IBUF_BUFG_inst/O
                         net (fo=1799, unplaced)      0.439   162.678    AudVid/audvid_clockmanager/Reloj1/MainClockWizard/inst/clk100_IBUF_BUFG
                         MMCME2_ADV (Prop_mmcme2_adv_CLKIN1_CLKOUT2)
                                                     -1.290   161.388 r  AudVid/audvid_clockmanager/Reloj1/MainClockWizard/inst/mmcm_adv_inst1/CLKOUT2
                         net (fo=2, unplaced)         0.439   161.827    AudVid/audvid_clockmanager/Reloj1/MainClockWizard/inst/TFT_Clock_reloj1_clk_wiz_0_0
                         BUFGCTRL                                     r  AudVid/audvid_clockmanager/Reloj1/MainClockWizard/inst/clkout3_buf1/I0
                         clock pessimism              0.070   161.897    
                         clock uncertainty           -0.126   161.771    
                         BUFGCTRL (Setup_bufgctrl_I0_CE0)
                                                     -0.334   161.437    AudVid/audvid_clockmanager/Reloj1/MainClockWizard/inst/clkout3_buf1
  -------------------------------------------------------------------
                         required time                        161.437    
                         arrival time                          -4.009    
  -------------------------------------------------------------------
                         slack                                157.428    





Min Delay Paths
--------------------------------------------------------------------------------------
Slack (MET) :             0.007ns  (arrival time - required time)
  Source:                 AudVid/audvid_clockmanager/Reloj1/MainClockWizard/inst/seq_reg3_reg[0]/C
                            (rising edge-triggered cell FDRE clocked by TFT_Clock_reloj1_clk_wiz_0_0  {rise@0.000ns fall@80.000ns period=160.000ns})
  Destination:            AudVid/audvid_clockmanager/Reloj1/MainClockWizard/inst/seq_reg3_reg[1]/D
                            (rising edge-triggered cell FDRE clocked by TFT_Clock_reloj1_clk_wiz_0_0  {rise@0.000ns fall@80.000ns period=160.000ns})
  Path Group:             TFT_Clock_reloj1_clk_wiz_0_0
  Path Type:              Hold (Min at Fast Process Corner)
  Requirement:            0.000ns  (TFT_Clock_reloj1_clk_wiz_0_0 rise@0.000ns - TFT_Clock_reloj1_clk_wiz_0_0 rise@0.000ns)
  Data Path Delay:        0.222ns  (logic 0.141ns (63.533%)  route 0.081ns (36.467%))
  Logic Levels:           0  
  Clock Path Skew:        0.145ns (DCD - SCD - CPR)
    Destination Clock Delay (DCD):    0.975ns
    Source Clock Delay      (SCD):    0.474ns
    Clock Pessimism Removal (CPR):    0.356ns

    Location             Delay type                Incr(ns)  Path(ns)    Netlist Resource(s)
  -------------------------------------------------------------------    -------------------
                         (clock TFT_Clock_reloj1_clk_wiz_0_0 rise edge)
                                                      0.000     0.000 r  
    W5                                                0.000     0.000 r  clk100 (IN)
                         net (fo=0)                   0.000     0.000    clk100
    W5                   IBUF (Prop_ibuf_I_O)         0.226     0.226 r  clk100_IBUF_inst/O
                         net (fo=1, unplaced)         0.337     0.564    clk100_IBUF
                         BUFG (Prop_bufg_I_O)         0.026     0.590 r  clk100_IBUF_BUFG_inst/O
                         net (fo=1799, unplaced)      0.114     0.704    AudVid/audvid_clockmanager/Reloj1/MainClockWizard/inst/clk100_IBUF_BUFG
                         MMCME2_ADV (Prop_mmcme2_adv_CLKIN1_CLKOUT2)
                                                     -0.477     0.226 r  AudVid/audvid_clockmanager/Reloj1/MainClockWizard/inst/mmcm_adv_inst1/CLKOUT2
                         net (fo=2, unplaced)         0.114     0.340    AudVid/audvid_clockmanager/Reloj1/MainClockWizard/inst/TFT_Clock_reloj1_clk_wiz_0_0
                         BUFH (Prop_bufh_I_O)         0.020     0.360 r  AudVid/audvid_clockmanager/Reloj1/MainClockWizard/inst/clkout3_buf_en1/O
                         net (fo=8, unplaced)         0.114     0.474    AudVid/audvid_clockmanager/Reloj1/MainClockWizard/inst/TFT_Clock_reloj1_clk_wiz_0_0_en_clk
                         FDRE                                         r  AudVid/audvid_clockmanager/Reloj1/MainClockWizard/inst/seq_reg3_reg[0]/C
  -------------------------------------------------------------------    -------------------
                         FDRE (Prop_fdre_C_Q)         0.141     0.615 r  AudVid/audvid_clockmanager/Reloj1/MainClockWizard/inst/seq_reg3_reg[0]/Q
                         net (fo=1, unplaced)         0.081     0.696    AudVid/audvid_clockmanager/Reloj1/MainClockWizard/inst/seq_reg3[0]
                         FDRE                                         r  AudVid/audvid_clockmanager/Reloj1/MainClockWizard/inst/seq_reg3_reg[1]/D
  -------------------------------------------------------------------    -------------------

                         (clock TFT_Clock_reloj1_clk_wiz_0_0 rise edge)
                                                      0.000     0.000 r  
    W5                                                0.000     0.000 r  clk100 (IN)
                         net (fo=0)                   0.000     0.000    clk100
    W5                   IBUF (Prop_ibuf_I_O)         0.414     0.414 r  clk100_IBUF_inst/O
                         net (fo=1, unplaced)         0.355     0.769    clk100_IBUF
                         BUFG (Prop_bufg_I_O)         0.029     0.798 r  clk100_IBUF_BUFG_inst/O
                         net (fo=1799, unplaced)      0.259     1.057    AudVid/audvid_clockmanager/Reloj1/MainClockWizard/inst/clk100_IBUF_BUFG
                         MMCME2_ADV (Prop_mmcme2_adv_CLKIN1_CLKOUT2)
                                                     -0.643     0.414 r  AudVid/audvid_clockmanager/Reloj1/MainClockWizard/inst/mmcm_adv_inst1/CLKOUT2
                         net (fo=2, unplaced)         0.259     0.673    AudVid/audvid_clockmanager/Reloj1/MainClockWizard/inst/TFT_Clock_reloj1_clk_wiz_0_0
                         BUFH (Prop_bufh_I_O)         0.043     0.716 r  AudVid/audvid_clockmanager/Reloj1/MainClockWizard/inst/clkout3_buf_en1/O
                         net (fo=8, unplaced)         0.259     0.975    AudVid/audvid_clockmanager/Reloj1/MainClockWizard/inst/TFT_Clock_reloj1_clk_wiz_0_0_en_clk
                         FDRE                                         r  AudVid/audvid_clockmanager/Reloj1/MainClockWizard/inst/seq_reg3_reg[1]/C
                         clock pessimism             -0.356     0.619    
                         FDRE (Hold_fdre_C_D)         0.070     0.689    AudVid/audvid_clockmanager/Reloj1/MainClockWizard/inst/seq_reg3_reg[1]
  -------------------------------------------------------------------
                         required time                         -0.689    
                         arrival time                           0.696    
  -------------------------------------------------------------------
                         slack                                  0.007    





Pulse Width Checks
--------------------------------------------------------------------------------------
Clock Name:         TFT_Clock_reloj1_clk_wiz_0_0
Waveform(ns):       { 0.000 80.000 }
Period(ns):         160.000
Sources:            { AudVid/audvid_clockmanager/Reloj1/MainClockWizard/inst/mmcm_adv_inst1/CLKOUT2 }

Check Type        Corner  Lib Pin             Reference Pin  Required(ns)  Actual(ns)  Slack(ns)  Location  Pin
Min Period        n/a     BUFGCTRL/I0         n/a            2.155         160.000     157.845              AudVid/audvid_clockmanager/Reloj1/MainClockWizard/inst/clkout3_buf1/I0
Max Period        n/a     MMCME2_ADV/CLKOUT2  n/a            213.360       160.000     53.360               AudVid/audvid_clockmanager/Reloj1/MainClockWizard/inst/mmcm_adv_inst1/CLKOUT2
Low Pulse Width   Slow    FDRE/C              n/a            0.500         80.000      79.500               AudVid/audvid_clockmanager/Reloj1/MainClockWizard/inst/seq_reg3_reg[0]/C
High Pulse Width  Fast    FDRE/C              n/a            0.500         80.000      79.500               AudVid/audvid_clockmanager/Reloj1/MainClockWizard/inst/seq_reg3_reg[0]/C



---------------------------------------------------------------------------------------------------
From Clock:  clkfbout_reloj1_clk_wiz_0_0
  To Clock:  clkfbout_reloj1_clk_wiz_0_0

Setup :           NA  Failing Endpoints,  Worst Slack           NA  ,  Total Violation           NA
Hold  :           NA  Failing Endpoints,  Worst Slack           NA  ,  Total Violation           NA
PW    :            0  Failing Endpoints,  Worst Slack        7.845ns,  Total Violation        0.000ns
---------------------------------------------------------------------------------------------------


Pulse Width Checks
--------------------------------------------------------------------------------------
Clock Name:         clkfbout_reloj1_clk_wiz_0_0
Waveform(ns):       { 0.000 5.000 }
Period(ns):         10.000
Sources:            { AudVid/audvid_clockmanager/Reloj1/MainClockWizard/inst/mmcm_adv_inst1/CLKFBOUT }

Check Type  Corner  Lib Pin             Reference Pin  Required(ns)  Actual(ns)  Slack(ns)  Location  Pin
Min Period  n/a     BUFG/I              n/a            2.155         10.000      7.845                AudVid/audvid_clockmanager/Reloj1/MainClockWizard/inst/clkf_buf1/I
Max Period  n/a     MMCME2_ADV/CLKFBIN  n/a            100.000       10.000      90.000               AudVid/audvid_clockmanager/Reloj1/MainClockWizard/inst/mmcm_adv_inst1/CLKFBIN



---------------------------------------------------------------------------------------------------
From Clock:  clkfbout_reloj2_clk_wiz_0_0
  To Clock:  clkfbout_reloj2_clk_wiz_0_0

Setup :           NA  Failing Endpoints,  Worst Slack           NA  ,  Total Violation           NA
Hold  :           NA  Failing Endpoints,  Worst Slack           NA  ,  Total Violation           NA
PW    :            0  Failing Endpoints,  Worst Slack       47.845ns,  Total Violation        0.000ns
---------------------------------------------------------------------------------------------------


Pulse Width Checks
--------------------------------------------------------------------------------------
Clock Name:         clkfbout_reloj2_clk_wiz_0_0
Waveform(ns):       { 0.000 25.000 }
Period(ns):         50.000
Sources:            { AudVid/audvid_clockmanager/Reloj2/AudioClock/inst/mmcm_adv_inst2/CLKFBOUT }

Check Type  Corner  Lib Pin             Reference Pin  Required(ns)  Actual(ns)  Slack(ns)  Location  Pin
Min Period  n/a     BUFG/I              n/a            2.155         50.000      47.845               AudVid/audvid_clockmanager/Reloj2/AudioClock/inst/clkf_buf2/I
Max Period  n/a     MMCME2_ADV/CLKFBIN  n/a            100.000       50.000      50.000               AudVid/audvid_clockmanager/Reloj2/AudioClock/inst/mmcm_adv_inst2/CLKFBIN



---------------------------------------------------------------------------------------------------
From Clock:  clk100
  To Clock:  MasterClocK_reloj1_clk_wiz_0_0

Setup :            0  Failing Endpoints,  Worst Slack        6.918ns,  Total Violation        0.000ns
Hold  :           35  Failing Endpoints,  Worst Slack       -0.021ns,  Total Violation       -0.521ns
---------------------------------------------------------------------------------------------------


Max Delay Paths
--------------------------------------------------------------------------------------
Slack (MET) :             6.918ns  (required time - arrival time)
  Source:                 soc_TilesControlRegisterCSR_storage_full_reg[13]/C
                            (rising edge-triggered cell FDRE clocked by clk100  {rise@0.000ns fall@5.000ns period=10.000ns})
  Destination:            AudVid/TilesPositionsRegister_reg_0_63_0_2/RAMA/WE
                            (rising edge-triggered cell RAMD64E clocked by MasterClocK_reloj1_clk_wiz_0_0  {rise@0.000ns fall@5.000ns period=10.000ns})
  Path Group:             MasterClocK_reloj1_clk_wiz_0_0
  Path Type:              Setup (Max at Slow Process Corner)
  Requirement:            10.000ns  (MasterClocK_reloj1_clk_wiz_0_0 rise@10.000ns - clk100 rise@0.000ns)
  Data Path Delay:        1.895ns  (logic 0.751ns (39.631%)  route 1.144ns (60.369%))
  Logic Levels:           1  (LUT3=1)
  Clock Path Skew:        -0.466ns (DCD - SCD + CPR)
    Destination Clock Delay (DCD):    2.357ns = ( 12.357 - 10.000 ) 
    Source Clock Delay      (SCD):    2.938ns
    Clock Pessimism Removal (CPR):    0.115ns
  Clock Uncertainty:      0.194ns  ((TSJ^2 + DJ^2)^1/2) / 2 + PE
    Total System Jitter     (TSJ):    0.071ns
    Discrete Jitter          (DJ):    0.142ns
    Phase Error              (PE):    0.114ns

    Location             Delay type                Incr(ns)  Path(ns)    Netlist Resource(s)
  -------------------------------------------------------------------    -------------------
                         (clock clk100 rise edge)     0.000     0.000 r  
    W5                                                0.000     0.000 r  clk100 (IN)
                         net (fo=0)                   0.000     0.000    clk100
    W5                   IBUF (Prop_ibuf_I_O)         1.458     1.458 r  clk100_IBUF_inst/O
                         net (fo=1, unplaced)         0.800     2.258    clk100_IBUF
                         BUFG (Prop_bufg_I_O)         0.096     2.354 r  clk100_IBUF_BUFG_inst/O
                         net (fo=1799, unplaced)      0.584     2.938    clk100_IBUF_BUFG
                         FDRE                                         r  soc_TilesControlRegisterCSR_storage_full_reg[13]/C
  -------------------------------------------------------------------    -------------------
                         FDRE (Prop_fdre_C_Q)         0.456     3.394 f  soc_TilesControlRegisterCSR_storage_full_reg[13]/Q
                         net (fo=6, unplaced)         0.773     4.167    AudVid/Q[13]
                         LUT3 (Prop_lut3_I0_O)        0.295     4.462 r  AudVid/TilesPositionsRegister_reg_0_63_0_2_i_1/O
                         net (fo=8, unplaced)         0.371     4.833    AudVid/TilesPositionsRegister_reg_0_63_0_2/WE
                         RAMD64E                                      r  AudVid/TilesPositionsRegister_reg_0_63_0_2/RAMA/WE
  -------------------------------------------------------------------    -------------------

                         (clock MasterClocK_reloj1_clk_wiz_0_0 rise edge)
                                                     10.000    10.000 r  
    W5                                                0.000    10.000 r  clk100 (IN)
                         net (fo=0)                   0.000    10.000    clk100
    W5                   IBUF (Prop_ibuf_I_O)         1.388    11.388 r  clk100_IBUF_inst/O
                         net (fo=1, unplaced)         0.760    12.148    clk100_IBUF
                         BUFG (Prop_bufg_I_O)         0.091    12.239 r  clk100_IBUF_BUFG_inst/O
                         net (fo=1799, unplaced)      0.439    12.678    AudVid/audvid_clockmanager/Reloj1/MainClockWizard/inst/clk100_IBUF_BUFG
                         MMCME2_ADV (Prop_mmcme2_adv_CLKIN1_CLKOUT0)
                                                     -1.290    11.388 r  AudVid/audvid_clockmanager/Reloj1/MainClockWizard/inst/mmcm_adv_inst1/CLKOUT0
                         net (fo=2, unplaced)         0.439    11.827    AudVid/audvid_clockmanager/Reloj1/MainClockWizard/inst/MasterClocK_reloj1_clk_wiz_0_0
                         BUFGCTRL (Prop_bufgctrl_I0_O)
                                                      0.091    11.918 r  AudVid/audvid_clockmanager/Reloj1/MainClockWizard/inst/clkout1_buf1/O
                         net (fo=61, unplaced)        0.439    12.357    AudVid/TilesPositionsRegister_reg_0_63_0_2/WCLK
                         RAMD64E                                      r  AudVid/TilesPositionsRegister_reg_0_63_0_2/RAMA/CLK
                         clock pessimism              0.115    12.472    
                         clock uncertainty           -0.194    12.279    
                         RAMD64E (Setup_ramd64e_CLK_WE)
                                                     -0.528    11.751    AudVid/TilesPositionsRegister_reg_0_63_0_2/RAMA
  -------------------------------------------------------------------
                         required time                         11.751    
                         arrival time                          -4.833    
  -------------------------------------------------------------------
                         slack                                  6.918    





Min Delay Paths
--------------------------------------------------------------------------------------
Slack (VIOLATED) :        -0.021ns  (arrival time - required time)
  Source:                 soc_TilesControlRegisterCSR_storage_full_reg[0]/C
                            (rising edge-triggered cell FDRE clocked by clk100  {rise@0.000ns fall@5.000ns period=10.000ns})
  Destination:            AudVid/TilesPositionsRegister_reg_0_63_0_2/RAMA/I
                            (rising edge-triggered cell RAMD64E clocked by MasterClocK_reloj1_clk_wiz_0_0  {rise@0.000ns fall@5.000ns period=10.000ns})
  Path Group:             MasterClocK_reloj1_clk_wiz_0_0
  Path Type:              Hold (Min at Fast Process Corner)
  Requirement:            0.000ns  (MasterClocK_reloj1_clk_wiz_0_0 rise@0.000ns - clk100 rise@0.000ns)
  Data Path Delay:        0.316ns  (logic 0.141ns (44.571%)  route 0.175ns (55.429%))
  Logic Levels:           0  
  Clock Path Skew:        0.049ns (DCD - SCD - CPR)
    Destination Clock Delay (DCD):    0.961ns
    Source Clock Delay      (SCD):    0.704ns
    Clock Pessimism Removal (CPR):    0.208ns
  Clock Uncertainty:      0.194ns  ((TSJ^2 + DJ^2)^1/2) / 2 + PE
    Total System Jitter     (TSJ):    0.071ns
    Discrete Jitter          (DJ):    0.142ns
    Phase Error              (PE):    0.114ns

    Location             Delay type                Incr(ns)  Path(ns)    Netlist Resource(s)
  -------------------------------------------------------------------    -------------------
                         (clock clk100 rise edge)     0.000     0.000 r  
    W5                                                0.000     0.000 r  clk100 (IN)
                         net (fo=0)                   0.000     0.000    clk100
    W5                   IBUF (Prop_ibuf_I_O)         0.226     0.226 r  clk100_IBUF_inst/O
                         net (fo=1, unplaced)         0.337     0.564    clk100_IBUF
                         BUFG (Prop_bufg_I_O)         0.026     0.590 r  clk100_IBUF_BUFG_inst/O
                         net (fo=1799, unplaced)      0.114     0.704    clk100_IBUF_BUFG
                         FDRE                                         r  soc_TilesControlRegisterCSR_storage_full_reg[0]/C
  -------------------------------------------------------------------    -------------------
                         FDRE (Prop_fdre_C_Q)         0.141     0.845 r  soc_TilesControlRegisterCSR_storage_full_reg[0]/Q
                         net (fo=6, unplaced)         0.175     1.020    AudVid/TilesPositionsRegister_reg_0_63_0_2/DIA
                         RAMD64E                                      r  AudVid/TilesPositionsRegister_reg_0_63_0_2/RAMA/I
  -------------------------------------------------------------------    -------------------

                         (clock MasterClocK_reloj1_clk_wiz_0_0 rise edge)
                                                      0.000     0.000 r  
    W5                                                0.000     0.000 r  clk100 (IN)
                         net (fo=0)                   0.000     0.000    clk100
    W5                   IBUF (Prop_ibuf_I_O)         0.414     0.414 r  clk100_IBUF_inst/O
                         net (fo=1, unplaced)         0.355     0.769    clk100_IBUF
                         BUFG (Prop_bufg_I_O)         0.029     0.798 r  clk100_IBUF_BUFG_inst/O
                         net (fo=1799, unplaced)      0.259     1.057    AudVid/audvid_clockmanager/Reloj1/MainClockWizard/inst/clk100_IBUF_BUFG
                         MMCME2_ADV (Prop_mmcme2_adv_CLKIN1_CLKOUT0)
                                                     -0.643     0.414 r  AudVid/audvid_clockmanager/Reloj1/MainClockWizard/inst/mmcm_adv_inst1/CLKOUT0
                         net (fo=2, unplaced)         0.259     0.673    AudVid/audvid_clockmanager/Reloj1/MainClockWizard/inst/MasterClocK_reloj1_clk_wiz_0_0
                         BUFGCTRL (Prop_bufgctrl_I0_O)
                                                      0.029     0.702 r  AudVid/audvid_clockmanager/Reloj1/MainClockWizard/inst/clkout1_buf1/O
                         net (fo=61, unplaced)        0.259     0.961    AudVid/TilesPositionsRegister_reg_0_63_0_2/WCLK
                         RAMD64E                                      r  AudVid/TilesPositionsRegister_reg_0_63_0_2/RAMA/CLK
                         clock pessimism             -0.208     0.753    
                         clock uncertainty            0.194     0.946    
                         RAMD64E (Hold_ramd64e_CLK_I)
                                                      0.094     1.040    AudVid/TilesPositionsRegister_reg_0_63_0_2/RAMA
  -------------------------------------------------------------------
                         required time                         -1.040    
                         arrival time                           1.020    
  -------------------------------------------------------------------
                         slack                                 -0.021    





