Copyright 1986-2018 Xilinx, Inc. All Rights Reserved.
-----------------------------------------------------------------------------------------------
| Tool Version : Vivado v.2018.2.1 (lin64) Build 2288692 Thu Jul 26 18:23:50 MDT 2018
| Date         : Mon Mar  4 20:52:24 2019
| Host         : camilo-X455LAB running 64-bit Ubuntu 18.04.2 LTS
| Command      : report_utilization -hierarchical -file top_utilization_hierarchical_synth.rpt
| Design       : top
| Device       : 7a35tcpg236-1
| Design State : Synthesized
-----------------------------------------------------------------------------------------------

Utilization Design Information

Table of Contents
-----------------
1. Utilization by Hierarchy

1. Utilization by Hierarchy
---------------------------

+--------------------------------------------------+--------------------------------------+------------+------------+---------+------+------+--------+--------+--------------+
|                     Instance                     |                Module                | Total LUTs | Logic LUTs | LUTRAMs | SRLs |  FFs | RAMB36 | RAMB18 | DSP48 Blocks |
+--------------------------------------------------+--------------------------------------+------------+------------+---------+------+------+--------+--------+--------------+
| top                                              |                                (top) |       2265 |       2161 |     104 |    0 | 2017 |     11 |      3 |            3 |
|   (top)                                          |                                (top) |        401 |        385 |      16 |    0 |  678 |      9 |      0 |            0 |
|   Audio                                          |                                Audio |         21 |         21 |       0 |    0 |   32 |      0 |      0 |            0 |
|     audvid_clockmanager                          |                   Audio_ClockManager |          2 |          2 |       0 |    0 |   12 |      0 |      0 |            0 |
|       (audvid_clockmanager)                      |                   Audio_ClockManager |          2 |          2 |       0 |    0 |    4 |      0 |      0 |            0 |
|       cm2                                        |                                  CM2 |          0 |          0 |       0 |    0 |    8 |      0 |      0 |            0 |
|     i2s                                          |                                  I2S |          6 |          6 |       0 |    0 |    8 |      0 |      0 |            0 |
|     synthesizer1                                 |                          Synthesizer |         13 |         13 |       0 |    0 |   12 |      0 |      0 |            0 |
|       (synthesizer1)                             |                          Synthesizer |          0 |          0 |       0 |    0 |    2 |      0 |      0 |            0 |
|       E4                                         |           Oscillator__parameterized6 |         13 |         13 |       0 |    0 |   10 |      0 |      0 |            0 |
|   Buttons                                        |                              Buttons |         36 |         36 |       0 |    0 |   96 |      0 |      0 |            0 |
|     button1                                      |                      ButtonDebouncer |          9 |          9 |       0 |    0 |   24 |      0 |      0 |            0 |
|       (button1)                                  |                      ButtonDebouncer |          1 |          1 |       0 |    0 |    2 |      0 |      0 |            0 |
|       verificationCLk                            | FrequencyGenerator__parameterized0_7 |          8 |          8 |       0 |    0 |   22 |      0 |      0 |            0 |
|     button2                                      |                    ButtonDebouncer_2 |          9 |          9 |       0 |    0 |   24 |      0 |      0 |            0 |
|       (button2)                                  |                    ButtonDebouncer_2 |          1 |          1 |       0 |    0 |    2 |      0 |      0 |            0 |
|       verificationCLk                            | FrequencyGenerator__parameterized0_6 |          8 |          8 |       0 |    0 |   22 |      0 |      0 |            0 |
|     button3                                      |                    ButtonDebouncer_3 |          9 |          9 |       0 |    0 |   24 |      0 |      0 |            0 |
|       (button3)                                  |                    ButtonDebouncer_3 |          1 |          1 |       0 |    0 |    2 |      0 |      0 |            0 |
|       verificationCLk                            | FrequencyGenerator__parameterized0_5 |          8 |          8 |       0 |    0 |   22 |      0 |      0 |            0 |
|     button4                                      |                    ButtonDebouncer_4 |          9 |          9 |       0 |    0 |   24 |      0 |      0 |            0 |
|       (button4)                                  |                    ButtonDebouncer_4 |          1 |          1 |       0 |    0 |    2 |      0 |      0 |            0 |
|       verificationCLk                            |   FrequencyGenerator__parameterized0 |          8 |          8 |       0 |    0 |   22 |      0 |      0 |            0 |
|   Video                                          |                                Video |        237 |        197 |      40 |    0 |   97 |      0 |      1 |            0 |
|     (Video)                                      |                                Video |        115 |         75 |      40 |    0 |   34 |      0 |      1 |            0 |
|     tft_spi                                      |                              TFT_SPI |        122 |        122 |       0 |    0 |   39 |      0 |      0 |            0 |
|       (tft_spi)                                  |                              TFT_SPI |          1 |          1 |       0 |    0 |    0 |      0 |      0 |            0 |
|       counter                                    |                              Counter |         90 |         90 |       0 |    0 |   26 |      0 |      0 |            0 |
|       initializationRegister                     |               InitializationRegister |         27 |         27 |       0 |    0 |    8 |      0 |      0 |            0 |
|       spi                                        |                                  SPI |          4 |          4 |       0 |    0 |    5 |      0 |      0 |            0 |
|     video_clockmanager                           |                   Video_ClockManager |          0 |          0 |       0 |    0 |   24 |      0 |      0 |            0 |
|       cm1                                        |                                  CM1 |          0 |          0 |       0 |    0 |   24 |      0 |      0 |            0 |
|   lm32_cpu                                       |                             lm32_cpu |       1570 |       1522 |      48 |    0 | 1114 |      2 |      2 |            3 |
|     (lm32_cpu)                                   |                             lm32_cpu |        161 |        113 |      48 |    0 |  340 |      0 |      0 |            0 |
|     adder                                        |                           lm32_adder |          8 |          8 |       0 |    0 |    0 |      0 |      0 |            0 |
|       addsub                                     |                          lm32_addsub |          8 |          8 |       0 |    0 |    0 |      0 |      0 |            0 |
|     instruction_unit                             |                lm32_instruction_unit |        571 |        571 |       0 |    0 |  310 |      1 |      1 |            0 |
|       (instruction_unit)                         |                lm32_instruction_unit |        368 |        368 |       0 |    0 |  264 |      0 |      0 |            0 |
|       icache                                     |                          lm32_icache |        203 |        203 |       0 |    0 |   46 |      1 |      1 |            0 |
|         (icache)                                 |                          lm32_icache |        129 |        129 |       0 |    0 |   46 |      0 |      0 |            0 |
|         memories[0].way_0_data_ram               |                           lm32_ram_0 |         22 |         22 |       0 |    0 |    0 |      1 |      0 |            0 |
|         memories[0].way_0_tag_ram                |           lm32_ram__parameterized0_1 |         52 |         52 |       0 |    0 |    0 |      0 |      1 |            0 |
|     interrupt_unit                               |                       lm32_interrupt |         72 |         72 |       0 |    0 |   34 |      0 |      0 |            0 |
|     load_store_unit                              |                 lm32_load_store_unit |        354 |        354 |       0 |    0 |  211 |      1 |      1 |            0 |
|       (load_store_unit)                          |                 lm32_load_store_unit |        152 |        152 |       0 |    0 |  167 |      0 |      0 |            0 |
|       dcache                                     |                          lm32_dcache |        202 |        202 |       0 |    0 |   44 |      1 |      1 |            0 |
|         (dcache)                                 |                          lm32_dcache |        100 |        100 |       0 |    0 |   44 |      0 |      0 |            0 |
|         memories[0].data_memories.way_0_data_ram |                             lm32_ram |         84 |         84 |       0 |    0 |    0 |      1 |      0 |            0 |
|         memories[0].way_0_tag_ram                |             lm32_ram__parameterized0 |         18 |         18 |       0 |    0 |    0 |      0 |      1 |            0 |
|     mc_arithmetic                                |                   lm32_mc_arithmetic |        201 |        201 |       0 |    0 |  137 |      0 |      0 |            0 |
|     multiplier                                   |                      lm32_multiplier |         67 |         67 |       0 |    0 |   49 |      0 |      0 |            3 |
|     shifter                                      |                         lm32_shifter |        136 |        136 |       0 |    0 |   33 |      0 |      0 |            0 |
+--------------------------------------------------+--------------------------------------+------------+------------+---------+------+------+--------+--------+--------------+


