#-----------------------------------------------------------
# Vivado v2018.2.1 (64-bit)
# SW Build 2288692 on Thu Jul 26 18:23:50 MDT 2018
# IP Build 2289599 on Thu Jul 26 21:09:20 MDT 2018
# Start of session at: Thu Feb 28 18:03:34 2019
# Process ID: 19437
# Current directory: /home/camilo/MEGA/Universidad/2018-2/Digital2/Proyecto/SoC/build/gateware
# Command line: vivado -mode batch -source top.tcl
# Log file: /home/camilo/MEGA/Universidad/2018-2/Digital2/Proyecto/SoC/build/gateware/vivado.log
# Journal file: /home/camilo/MEGA/Universidad/2018-2/Digital2/Proyecto/SoC/build/gateware/vivado.jou
#-----------------------------------------------------------
source top.tcl
# create_project -force -name top -part xc7a35tcpg236-1
# set_property XPM_LIBRARIES {XPM_CDC XPM_MEMORY} [current_project]
# add_files {/home/camilo/MEGA/Universidad/2018-2/Digital2/Proyecto/SoC/Hardware/Peripheral_AudVid/SubPeripheral_TFT_SPI/SPI.v}
# set_property library work [get_files {/home/camilo/MEGA/Universidad/2018-2/Digital2/Proyecto/SoC/Hardware/Peripheral_AudVid/SubPeripheral_TFT_SPI/SPI.v}]
WARNING: [filemgmt 56-99] Vivado Synthesis ignores library specification for Verilog or SystemVerilog files. [/home/camilo/MEGA/Universidad/2018-2/Digital2/Proyecto/SoC/Hardware/Peripheral_AudVid/SubPeripheral_TFT_SPI/SPI.v:]
# add_files {/home/camilo/MEGA/Universidad/2018-2/Digital2/Proyecto/SoC/Hardware/Peripheral_AudVid/SubPeripheral_SD_SPI/FullSPI.v}
# set_property library work [get_files {/home/camilo/MEGA/Universidad/2018-2/Digital2/Proyecto/SoC/Hardware/Peripheral_AudVid/SubPeripheral_SD_SPI/FullSPI.v}]
WARNING: [filemgmt 56-99] Vivado Synthesis ignores library specification for Verilog or SystemVerilog files. [/home/camilo/MEGA/Universidad/2018-2/Digital2/Proyecto/SoC/Hardware/Peripheral_AudVid/SubPeripheral_SD_SPI/FullSPI.v:]
# add_files {/home/camilo/Programas/Litex/litex/litex/soc/cores/cpu/lm32/verilog/submodule/rtl/lm32_mc_arithmetic.v}
# set_property library work [get_files {/home/camilo/Programas/Litex/litex/litex/soc/cores/cpu/lm32/verilog/submodule/rtl/lm32_mc_arithmetic.v}]
WARNING: [filemgmt 56-99] Vivado Synthesis ignores library specification for Verilog or SystemVerilog files. [/home/camilo/Programas/Litex/litex/litex/soc/cores/cpu/lm32/verilog/submodule/rtl/lm32_mc_arithmetic.v:]
# add_files {/home/camilo/MEGA/Universidad/2018-2/Digital2/Proyecto/SoC/Hardware/Peripheral_AudVid/SubPeripheral_I2S/SquareGenerator.v}
# set_property library work [get_files {/home/camilo/MEGA/Universidad/2018-2/Digital2/Proyecto/SoC/Hardware/Peripheral_AudVid/SubPeripheral_I2S/SquareGenerator.v}]
WARNING: [filemgmt 56-99] Vivado Synthesis ignores library specification for Verilog or SystemVerilog files. [/home/camilo/MEGA/Universidad/2018-2/Digital2/Proyecto/SoC/Hardware/Peripheral_AudVid/SubPeripheral_I2S/SquareGenerator.v:]
# add_files {/home/camilo/Programas/Litex/litex/litex/soc/cores/cpu/lm32/verilog/submodule/rtl/lm32_itlb.v}
# set_property library work [get_files {/home/camilo/Programas/Litex/litex/litex/soc/cores/cpu/lm32/verilog/submodule/rtl/lm32_itlb.v}]
WARNING: [filemgmt 56-99] Vivado Synthesis ignores library specification for Verilog or SystemVerilog files. [/home/camilo/Programas/Litex/litex/litex/soc/cores/cpu/lm32/verilog/submodule/rtl/lm32_itlb.v:]
# add_files {top.v}
# set_property library work [get_files {top.v}]
WARNING: [filemgmt 56-99] Vivado Synthesis ignores library specification for Verilog or SystemVerilog files. [/home/camilo/MEGA/Universidad/2018-2/Digital2/Proyecto/SoC/build/gateware/top.v:]
# add_files {/home/camilo/MEGA/Universidad/2018-2/Digital2/Proyecto/SoC/Hardware/Peripheral_AudVid/VideoData.mem}
# set_property library work [get_files {/home/camilo/MEGA/Universidad/2018-2/Digital2/Proyecto/SoC/Hardware/Peripheral_AudVid/VideoData.mem}]
# add_files {/home/camilo/MEGA/Universidad/2018-2/Digital2/Proyecto/SoC/Hardware/Peripheral_AudVid/SubPeripheral_TFT_SPI/InitializationRegister.v}
# set_property library work [get_files {/home/camilo/MEGA/Universidad/2018-2/Digital2/Proyecto/SoC/Hardware/Peripheral_AudVid/SubPeripheral_TFT_SPI/InitializationRegister.v}]
WARNING: [filemgmt 56-99] Vivado Synthesis ignores library specification for Verilog or SystemVerilog files. [/home/camilo/MEGA/Universidad/2018-2/Digital2/Proyecto/SoC/Hardware/Peripheral_AudVid/SubPeripheral_TFT_SPI/InitializationRegister.v:]
# add_files {/home/camilo/MEGA/Universidad/2018-2/Digital2/Proyecto/SoC/Hardware/utilities/Counter.v}
# set_property library work [get_files {/home/camilo/MEGA/Universidad/2018-2/Digital2/Proyecto/SoC/Hardware/utilities/Counter.v}]
WARNING: [filemgmt 56-99] Vivado Synthesis ignores library specification for Verilog or SystemVerilog files. [/home/camilo/MEGA/Universidad/2018-2/Digital2/Proyecto/SoC/Hardware/utilities/Counter.v:]
# add_files {/home/camilo/MEGA/Universidad/2018-2/Digital2/Proyecto/SoC/Hardware/utilities/ButtonDebouncer.v}
# set_property library work [get_files {/home/camilo/MEGA/Universidad/2018-2/Digital2/Proyecto/SoC/Hardware/utilities/ButtonDebouncer.v}]
WARNING: [filemgmt 56-99] Vivado Synthesis ignores library specification for Verilog or SystemVerilog files. [/home/camilo/MEGA/Universidad/2018-2/Digital2/Proyecto/SoC/Hardware/utilities/ButtonDebouncer.v:]
# add_files {/home/camilo/Programas/Litex/litex/litex/soc/cores/cpu/lm32/verilog/submodule/rtl/lm32_dtlb.v}
# set_property library work [get_files {/home/camilo/Programas/Litex/litex/litex/soc/cores/cpu/lm32/verilog/submodule/rtl/lm32_dtlb.v}]
WARNING: [filemgmt 56-99] Vivado Synthesis ignores library specification for Verilog or SystemVerilog files. [/home/camilo/Programas/Litex/litex/litex/soc/cores/cpu/lm32/verilog/submodule/rtl/lm32_dtlb.v:]
# add_files {/home/camilo/Programas/Litex/litex/litex/soc/cores/cpu/lm32/verilog/submodule/rtl/lm32_decoder.v}
# set_property library work [get_files {/home/camilo/Programas/Litex/litex/litex/soc/cores/cpu/lm32/verilog/submodule/rtl/lm32_decoder.v}]
WARNING: [filemgmt 56-99] Vivado Synthesis ignores library specification for Verilog or SystemVerilog files. [/home/camilo/Programas/Litex/litex/litex/soc/cores/cpu/lm32/verilog/submodule/rtl/lm32_decoder.v:]
# add_files {/home/camilo/MEGA/Universidad/2018-2/Digital2/Proyecto/SoC/Hardware/utilities/FrequencyGenerator.v}
# set_property library work [get_files {/home/camilo/MEGA/Universidad/2018-2/Digital2/Proyecto/SoC/Hardware/utilities/FrequencyGenerator.v}]
WARNING: [filemgmt 56-99] Vivado Synthesis ignores library specification for Verilog or SystemVerilog files. [/home/camilo/MEGA/Universidad/2018-2/Digital2/Proyecto/SoC/Hardware/utilities/FrequencyGenerator.v:]
# add_files {/home/camilo/Programas/Litex/litex/litex/soc/cores/cpu/lm32/verilog/submodule/rtl/lm32_adder.v}
# set_property library work [get_files {/home/camilo/Programas/Litex/litex/litex/soc/cores/cpu/lm32/verilog/submodule/rtl/lm32_adder.v}]
WARNING: [filemgmt 56-99] Vivado Synthesis ignores library specification for Verilog or SystemVerilog files. [/home/camilo/Programas/Litex/litex/litex/soc/cores/cpu/lm32/verilog/submodule/rtl/lm32_adder.v:]
# add_files {/home/camilo/MEGA/Universidad/2018-2/Digital2/Proyecto/SoC/Hardware/Peripheral_AudVid/AudVid.v}
# set_property library work [get_files {/home/camilo/MEGA/Universidad/2018-2/Digital2/Proyecto/SoC/Hardware/Peripheral_AudVid/AudVid.v}]
WARNING: [filemgmt 56-99] Vivado Synthesis ignores library specification for Verilog or SystemVerilog files. [/home/camilo/MEGA/Universidad/2018-2/Digital2/Proyecto/SoC/Hardware/Peripheral_AudVid/AudVid.v:]
# add_files {/home/camilo/Programas/Litex/litex/litex/soc/cores/cpu/lm32/verilog/submodule/rtl/lm32_icache.v}
# set_property library work [get_files {/home/camilo/Programas/Litex/litex/litex/soc/cores/cpu/lm32/verilog/submodule/rtl/lm32_icache.v}]
WARNING: [filemgmt 56-99] Vivado Synthesis ignores library specification for Verilog or SystemVerilog files. [/home/camilo/Programas/Litex/litex/litex/soc/cores/cpu/lm32/verilog/submodule/rtl/lm32_icache.v:]
# add_files {/home/camilo/Programas/Litex/litex/litex/soc/cores/cpu/lm32/verilog/submodule/rtl/lm32_ram.v}
# set_property library work [get_files {/home/camilo/Programas/Litex/litex/litex/soc/cores/cpu/lm32/verilog/submodule/rtl/lm32_ram.v}]
WARNING: [filemgmt 56-99] Vivado Synthesis ignores library specification for Verilog or SystemVerilog files. [/home/camilo/Programas/Litex/litex/litex/soc/cores/cpu/lm32/verilog/submodule/rtl/lm32_ram.v:]
# add_files {/home/camilo/Programas/Litex/litex/litex/soc/cores/cpu/lm32/verilog/submodule/rtl/lm32_addsub.v}
# set_property library work [get_files {/home/camilo/Programas/Litex/litex/litex/soc/cores/cpu/lm32/verilog/submodule/rtl/lm32_addsub.v}]
WARNING: [filemgmt 56-99] Vivado Synthesis ignores library specification for Verilog or SystemVerilog files. [/home/camilo/Programas/Litex/litex/litex/soc/cores/cpu/lm32/verilog/submodule/rtl/lm32_addsub.v:]
# add_files {/home/camilo/Programas/Litex/litex/litex/soc/cores/cpu/lm32/verilog/submodule/rtl/lm32_dp_ram.v}
# set_property library work [get_files {/home/camilo/Programas/Litex/litex/litex/soc/cores/cpu/lm32/verilog/submodule/rtl/lm32_dp_ram.v}]
WARNING: [filemgmt 56-99] Vivado Synthesis ignores library specification for Verilog or SystemVerilog files. [/home/camilo/Programas/Litex/litex/litex/soc/cores/cpu/lm32/verilog/submodule/rtl/lm32_dp_ram.v:]
# add_files {/home/camilo/Programas/Litex/litex/litex/soc/cores/cpu/lm32/verilog/submodule/rtl/lm32_multiplier.v}
# set_property library work [get_files {/home/camilo/Programas/Litex/litex/litex/soc/cores/cpu/lm32/verilog/submodule/rtl/lm32_multiplier.v}]
WARNING: [filemgmt 56-99] Vivado Synthesis ignores library specification for Verilog or SystemVerilog files. [/home/camilo/Programas/Litex/litex/litex/soc/cores/cpu/lm32/verilog/submodule/rtl/lm32_multiplier.v:]
# add_files {/home/camilo/Programas/Litex/litex/litex/soc/cores/cpu/lm32/verilog/submodule/rtl/lm32_dcache.v}
# set_property library work [get_files {/home/camilo/Programas/Litex/litex/litex/soc/cores/cpu/lm32/verilog/submodule/rtl/lm32_dcache.v}]
WARNING: [filemgmt 56-99] Vivado Synthesis ignores library specification for Verilog or SystemVerilog files. [/home/camilo/Programas/Litex/litex/litex/soc/cores/cpu/lm32/verilog/submodule/rtl/lm32_dcache.v:]
# add_files {/home/camilo/MEGA/Universidad/2018-2/Digital2/Proyecto/SoC/Hardware/Peripheral_AudVid/InitialPosition.mem}
# set_property library work [get_files {/home/camilo/MEGA/Universidad/2018-2/Digital2/Proyecto/SoC/Hardware/Peripheral_AudVid/InitialPosition.mem}]
# add_files {/home/camilo/MEGA/Universidad/2018-2/Digital2/Proyecto/SoC/Hardware/Peripheral_AudVid/AudVid_ClockManager.v}
# set_property library work [get_files {/home/camilo/MEGA/Universidad/2018-2/Digital2/Proyecto/SoC/Hardware/Peripheral_AudVid/AudVid_ClockManager.v}]
WARNING: [filemgmt 56-99] Vivado Synthesis ignores library specification for Verilog or SystemVerilog files. [/home/camilo/MEGA/Universidad/2018-2/Digital2/Proyecto/SoC/Hardware/Peripheral_AudVid/AudVid_ClockManager.v:]
# add_files {/home/camilo/Programas/Litex/litex/litex/soc/cores/cpu/lm32/verilog/submodule/rtl/lm32_debug.v}
# set_property library work [get_files {/home/camilo/Programas/Litex/litex/litex/soc/cores/cpu/lm32/verilog/submodule/rtl/lm32_debug.v}]
WARNING: [filemgmt 56-99] Vivado Synthesis ignores library specification for Verilog or SystemVerilog files. [/home/camilo/Programas/Litex/litex/litex/soc/cores/cpu/lm32/verilog/submodule/rtl/lm32_debug.v:]
# add_files {/home/camilo/Programas/Litex/litex/litex/soc/cores/cpu/lm32/verilog/submodule/rtl/lm32_interrupt.v}
# set_property library work [get_files {/home/camilo/Programas/Litex/litex/litex/soc/cores/cpu/lm32/verilog/submodule/rtl/lm32_interrupt.v}]
WARNING: [filemgmt 56-99] Vivado Synthesis ignores library specification for Verilog or SystemVerilog files. [/home/camilo/Programas/Litex/litex/litex/soc/cores/cpu/lm32/verilog/submodule/rtl/lm32_interrupt.v:]
# add_files {/home/camilo/Programas/Litex/litex/litex/soc/cores/cpu/lm32/verilog/submodule/rtl/lm32_logic_op.v}
# set_property library work [get_files {/home/camilo/Programas/Litex/litex/litex/soc/cores/cpu/lm32/verilog/submodule/rtl/lm32_logic_op.v}]
WARNING: [filemgmt 56-99] Vivado Synthesis ignores library specification for Verilog or SystemVerilog files. [/home/camilo/Programas/Litex/litex/litex/soc/cores/cpu/lm32/verilog/submodule/rtl/lm32_logic_op.v:]
# add_files {/home/camilo/Programas/Litex/litex/litex/soc/cores/cpu/lm32/verilog/submodule/rtl/lm32_cpu.v}
# set_property library work [get_files {/home/camilo/Programas/Litex/litex/litex/soc/cores/cpu/lm32/verilog/submodule/rtl/lm32_cpu.v}]
WARNING: [filemgmt 56-99] Vivado Synthesis ignores library specification for Verilog or SystemVerilog files. [/home/camilo/Programas/Litex/litex/litex/soc/cores/cpu/lm32/verilog/submodule/rtl/lm32_cpu.v:]
# add_files {/home/camilo/MEGA/Universidad/2018-2/Digital2/Proyecto/SoC/Hardware/Peripheral_AudVid/ColorDecoder.v}
# set_property library work [get_files {/home/camilo/MEGA/Universidad/2018-2/Digital2/Proyecto/SoC/Hardware/Peripheral_AudVid/ColorDecoder.v}]
WARNING: [filemgmt 56-99] Vivado Synthesis ignores library specification for Verilog or SystemVerilog files. [/home/camilo/MEGA/Universidad/2018-2/Digital2/Proyecto/SoC/Hardware/Peripheral_AudVid/ColorDecoder.v:]
# add_files {/home/camilo/MEGA/Universidad/2018-2/Digital2/Proyecto/SoC/Hardware/Peripheral_AudVid/SubPeripheral_SD_SPI/SD_SPI.v}
# set_property library work [get_files {/home/camilo/MEGA/Universidad/2018-2/Digital2/Proyecto/SoC/Hardware/Peripheral_AudVid/SubPeripheral_SD_SPI/SD_SPI.v}]
WARNING: [filemgmt 56-99] Vivado Synthesis ignores library specification for Verilog or SystemVerilog files. [/home/camilo/MEGA/Universidad/2018-2/Digital2/Proyecto/SoC/Hardware/Peripheral_AudVid/SubPeripheral_SD_SPI/SD_SPI.v:]
# add_files {/home/camilo/MEGA/Universidad/2018-2/Digital2/Proyecto/SoC/Hardware/utilities/StereoSignedAdder.v}
# set_property library work [get_files {/home/camilo/MEGA/Universidad/2018-2/Digital2/Proyecto/SoC/Hardware/utilities/StereoSignedAdder.v}]
WARNING: [filemgmt 56-99] Vivado Synthesis ignores library specification for Verilog or SystemVerilog files. [/home/camilo/MEGA/Universidad/2018-2/Digital2/Proyecto/SoC/Hardware/utilities/StereoSignedAdder.v:]
# add_files {/home/camilo/Programas/Litex/litex/litex/soc/cores/cpu/lm32/verilog/submodule/rtl/lm32_load_store_unit.v}
# set_property library work [get_files {/home/camilo/Programas/Litex/litex/litex/soc/cores/cpu/lm32/verilog/submodule/rtl/lm32_load_store_unit.v}]
WARNING: [filemgmt 56-99] Vivado Synthesis ignores library specification for Verilog or SystemVerilog files. [/home/camilo/Programas/Litex/litex/litex/soc/cores/cpu/lm32/verilog/submodule/rtl/lm32_load_store_unit.v:]
# add_files {/home/camilo/Programas/Litex/litex/litex/soc/cores/cpu/lm32/verilog/submodule/rtl/lm32_instruction_unit.v}
# set_property library work [get_files {/home/camilo/Programas/Litex/litex/litex/soc/cores/cpu/lm32/verilog/submodule/rtl/lm32_instruction_unit.v}]
WARNING: [filemgmt 56-99] Vivado Synthesis ignores library specification for Verilog or SystemVerilog files. [/home/camilo/Programas/Litex/litex/litex/soc/cores/cpu/lm32/verilog/submodule/rtl/lm32_instruction_unit.v:]
# add_files {/home/camilo/MEGA/Universidad/2018-2/Digital2/Proyecto/SoC/Hardware/Peripheral_AudVid/SubPeripheral_TFT_SPI/TFT_SPI.v}
# set_property library work [get_files {/home/camilo/MEGA/Universidad/2018-2/Digital2/Proyecto/SoC/Hardware/Peripheral_AudVid/SubPeripheral_TFT_SPI/TFT_SPI.v}]
WARNING: [filemgmt 56-99] Vivado Synthesis ignores library specification for Verilog or SystemVerilog files. [/home/camilo/MEGA/Universidad/2018-2/Digital2/Proyecto/SoC/Hardware/Peripheral_AudVid/SubPeripheral_TFT_SPI/TFT_SPI.v:]
# add_files {/home/camilo/MEGA/Universidad/2018-2/Digital2/Proyecto/SoC/Hardware/Peripheral_AudVid/SubPeripheral_I2S/I2S.v}
# set_property library work [get_files {/home/camilo/MEGA/Universidad/2018-2/Digital2/Proyecto/SoC/Hardware/Peripheral_AudVid/SubPeripheral_I2S/I2S.v}]
WARNING: [filemgmt 56-99] Vivado Synthesis ignores library specification for Verilog or SystemVerilog files. [/home/camilo/MEGA/Universidad/2018-2/Digital2/Proyecto/SoC/Hardware/Peripheral_AudVid/SubPeripheral_I2S/I2S.v:]
# add_files {/home/camilo/Programas/Litex/litex/litex/soc/cores/cpu/lm32/verilog/submodule/rtl/lm32_shifter.v}
# set_property library work [get_files {/home/camilo/Programas/Litex/litex/litex/soc/cores/cpu/lm32/verilog/submodule/rtl/lm32_shifter.v}]
WARNING: [filemgmt 56-99] Vivado Synthesis ignores library specification for Verilog or SystemVerilog files. [/home/camilo/Programas/Litex/litex/litex/soc/cores/cpu/lm32/verilog/submodule/rtl/lm32_shifter.v:]
# add_files {/home/camilo/MEGA/Universidad/2018-2/Digital2/Proyecto/SoC/Hardware/utilities/ButtonDebouncerTester.v}
# set_property library work [get_files {/home/camilo/MEGA/Universidad/2018-2/Digital2/Proyecto/SoC/Hardware/utilities/ButtonDebouncerTester.v}]
WARNING: [filemgmt 56-99] Vivado Synthesis ignores library specification for Verilog or SystemVerilog files. [/home/camilo/MEGA/Universidad/2018-2/Digital2/Proyecto/SoC/Hardware/utilities/ButtonDebouncerTester.v:]
# read_xdc top.xdc
# synth_design -top top -part xc7a35tcpg236-1 -include_dirs {/home/camilo/Programas/Litex/litex/litex/soc/cores/cpu/lm32/verilog/config /home/camilo/Programas/Litex/litex/litex/soc/cores/cpu/lm32/verilog/submodule/rtl}
Command: synth_design -top top -part xc7a35tcpg236-1 -include_dirs {/home/camilo/Programas/Litex/litex/litex/soc/cores/cpu/lm32/verilog/config /home/camilo/Programas/Litex/litex/litex/soc/cores/cpu/lm32/verilog/submodule/rtl}
Starting synth_design
Attempting to get a license for feature 'Synthesis' and/or device 'xc7a35t'
INFO: [Common 17-349] Got license for feature 'Synthesis' and/or device 'xc7a35t'
INFO: Launching helper process for spawning children vivado processes
INFO: Helper process launched with PID 19531 
WARNING: [Synth 8-2644] root scope declaration is not allowed in verilog 95/2K mode [/home/camilo/Programas/Litex/litex/litex/soc/cores/cpu/lm32/verilog/config/lm32_config.v:193]
WARNING: [Synth 8-2507] parameter declaration becomes local in FrequencyGenerator with formal parameter declaration list [/home/camilo/MEGA/Universidad/2018-2/Digital2/Proyecto/SoC/Hardware/utilities/FrequencyGenerator.v:11]
WARNING: [Synth 8-2611] redeclaration of ansi port I2SCLK is not allowed [/home/camilo/MEGA/Universidad/2018-2/Digital2/Proyecto/SoC/Hardware/Peripheral_AudVid/AudVid_ClockManager.v:327]
WARNING: [Synth 8-992] I2S_CLK is already implicitly declared earlier [/home/camilo/MEGA/Universidad/2018-2/Digital2/Proyecto/SoC/Hardware/Peripheral_AudVid/AudVid_ClockManager.v:355]
ERROR: [Synth 8-1031] clk100 is not declared [/home/camilo/MEGA/Universidad/2018-2/Digital2/Proyecto/SoC/Hardware/Peripheral_AudVid/AudVid_ClockManager.v:351]
INFO: [Synth 8-2350] module AudVid_ClockManager ignored due to previous errors [/home/camilo/MEGA/Universidad/2018-2/Digital2/Proyecto/SoC/Hardware/Peripheral_AudVid/AudVid_ClockManager.v:318]
Failed to read verilog '/home/camilo/MEGA/Universidad/2018-2/Digital2/Proyecto/SoC/Hardware/Peripheral_AudVid/AudVid_ClockManager.v'
INFO: [Common 17-83] Releasing license: Synthesis
3 Infos, 4 Warnings, 0 Critical Warnings and 2 Errors encountered.
synth_design failed
ERROR: [Common 17-69] Command failed: Synthesis failed - please see the console or run log file for details
INFO: [Common 17-206] Exiting Vivado at Thu Feb 28 18:04:08 2019...
